2021-11-21 15:01:38.957 [main] INFO  c.q.tessera.enclave.EnclaveFactory - Creating enclave
2021-11-21 15:01:38.961 [main] INFO  c.q.tessera.enclave.EnclaveFactory - Creating enclave server
2021-11-21 15:01:42.013 [main] INFO  c.q.t.t.TesseraScheduledExecutor - Starting PartyInfoBroadcaster
2021-11-21 15:01:42.016 [main] INFO  c.q.t.t.TesseraScheduledExecutor - Started PartyInfoBroadcaster
2021-11-21 15:01:42.020 [main] INFO  c.q.t.t.TesseraScheduledExecutor - Starting EnclaveKeySynchroniserFactory
2021-11-21 15:01:42.031 [main] INFO  c.q.t.t.TesseraScheduledExecutor - Started EnclaveKeySynchroniserFactory
2021-11-21 15:01:42.082 [main] INFO  c.q.t.config.apps.TesseraAppFactory - Loaded app com.quorum.tessera.p2p.P2PRestApp@21a46ff1
2021-11-21 15:01:42.083 [main] INFO  c.q.t.config.apps.TesseraAppFactory - Loaded app com.quorum.tessera.q2t.Q2TRestApp@27a6fef2
2021-11-21 15:01:42.131 [main] WARN  c.q.t.c.util.EncryptedStringResolver - Some sensitive values are being given as unencrypted plain text in config. Please note this is NOT recommended for production environment.
2021-11-21 15:01:42.137 [main] INFO  com.zaxxer.hikari.HikariDataSource - HikariPool-1 - Starting...
2021-11-21 15:01:42.688 [main] INFO  com.zaxxer.hikari.HikariDataSource - HikariPool-1 - Start completed.
2021-11-21 15:01:43.018 [main] ERROR eclipselink.logging.metadata - java.lang.IllegalArgumentException: Unsupported class file major version 61
2021-11-21 15:01:43.019 [main] ERROR eclipselink.logging.metadata - java.lang.ArrayIndexOutOfBoundsException: Index 8 out of bounds for length 0
2021-11-21 15:01:43.059 [main] ERROR eclipselink.logging.metadata - java.lang.IllegalArgumentException: Unsupported class file major version 61
2021-11-21 15:01:43.059 [main] ERROR eclipselink.logging.metadata - java.lang.ArrayIndexOutOfBoundsException: Index 8 out of bounds for length 0
2021-11-21 15:01:43.370 [main] INFO  eclipselink.logging.all - EclipseLink, version: Eclipse Persistence Services - 2.7.7.v20200504-69f2c2b80d
2021-11-21 15:01:43.860 [main] WARN  eclipselink.logging.ddl - Removing UNIQUE constraint definition from [ENCRYPTED_TRANSACTION.HASH] because it is also a primary key.
2021-11-21 15:01:43.903 [main] WARN  eclipselink.logging.ddl - Removing UNIQUE constraint definition from [ENCRYPTED_RAW_TRANSACTION.HASH] because it is also a primary key.
2021-11-21 15:01:43.949 [main] ERROR eclipselink.logging.metadata - java.lang.IllegalArgumentException: Unsupported class file major version 61
2021-11-21 15:01:43.949 [main] ERROR eclipselink.logging.metadata - java.lang.ArrayIndexOutOfBoundsException: Index 8 out of bounds for length 0
2021-11-21 15:01:43.953 [main] ERROR eclipselink.logging.metadata - java.lang.IllegalArgumentException: Unsupported class file major version 61
2021-11-21 15:01:43.953 [main] ERROR eclipselink.logging.metadata - java.lang.ArrayIndexOutOfBoundsException: Index 8 out of bounds for length 0
2021-11-21 15:01:43.954 [main] ERROR eclipselink.logging.metadata - java.lang.IllegalArgumentException: Unsupported class file major version 61
2021-11-21 15:01:43.954 [main] ERROR eclipselink.logging.metadata - java.lang.ArrayIndexOutOfBoundsException: Index 8 out of bounds for length 0
2021-11-21 15:01:43.992 [main] ERROR eclipselink.logging.metadata - java.lang.IllegalArgumentException: Unsupported class file major version 61
2021-11-21 15:01:43.992 [main] ERROR eclipselink.logging.metadata - java.lang.ArrayIndexOutOfBoundsException: Index 8 out of bounds for length 0
2021-11-21 15:01:43.997 [main] ERROR eclipselink.logging.metadata - java.lang.IllegalArgumentException: Unsupported class file major version 61
2021-11-21 15:01:43.998 [main] ERROR eclipselink.logging.metadata - java.lang.ArrayIndexOutOfBoundsException: Index 8 out of bounds for length 0
2021-11-21 15:01:43.998 [main] ERROR eclipselink.logging.metadata - java.lang.IllegalArgumentException: Unsupported class file major version 61
2021-11-21 15:01:43.998 [main] ERROR eclipselink.logging.metadata - java.lang.ArrayIndexOutOfBoundsException: Index 8 out of bounds for length 0
2021-11-21 15:01:44.004 [main] ERROR eclipselink.logging.metadata - java.lang.IllegalArgumentException: Unsupported class file major version 61
2021-11-21 15:01:44.004 [main] ERROR eclipselink.logging.metadata - java.lang.ArrayIndexOutOfBoundsException: Index 8 out of bounds for length 0
2021-11-21 15:01:44.005 [main] ERROR eclipselink.logging.metadata - java.lang.IllegalArgumentException: Unsupported class file major version 61
2021-11-21 15:01:44.007 [main] ERROR eclipselink.logging.metadata - java.lang.ArrayIndexOutOfBoundsException: Index 8 out of bounds for length 0
2021-11-21 15:01:44.008 [main] ERROR eclipselink.logging.metadata - java.lang.IllegalArgumentException: Unsupported class file major version 61
2021-11-21 15:01:44.020 [main] ERROR eclipselink.logging.metadata - java.lang.ArrayIndexOutOfBoundsException
2021-11-21 15:01:44.021 [main] ERROR eclipselink.logging.metadata - java.lang.IllegalArgumentException: Unsupported class file major version 61
2021-11-21 15:01:44.021 [main] ERROR eclipselink.logging.metadata - java.lang.ArrayIndexOutOfBoundsException
2021-11-21 15:01:44.021 [main] ERROR eclipselink.logging.metadata - java.lang.IllegalArgumentException: Unsupported class file major version 61
2021-11-21 15:01:44.021 [main] ERROR eclipselink.logging.metadata - java.lang.ArrayIndexOutOfBoundsException
2021-11-21 15:01:44.096 [main] INFO  eclipselink.logging.all - EclipseLink, version: Eclipse Persistence Services - 2.7.7.v20200504-69f2c2b80d
2021-11-21 15:01:44.135 [main] WARN  eclipselink.logging.all - Exception [EclipseLink-4002] (Eclipse Persistence Services - 2.7.7.v20200504-69f2c2b80d): org.eclipse.persistence.exceptions.DatabaseExceptionInternal Exception: org.h2.jdbc.JdbcSQLSyntaxErrorException: Table "ST_AFFECTED_TRANSACTION" not found; SQL statement:ALTER TABLE ST_AFFECTED_TRANSACTION DROP CONSTRAINT FK_ST_AFFECTED_TRANSACTION_TXN_ID [42102-200]Error Code: 42102Call: ALTER TABLE ST_AFFECTED_TRANSACTION DROP CONSTRAINT FK_ST_AFFECTED_TRANSACTION_TXN_IDQuery: DataModifyQuery(sql="ALTER TABLE ST_AFFECTED_TRANSACTION DROP CONSTRAINT FK_ST_AFFECTED_TRANSACTION_TXN_ID")
2021-11-21 15:01:44.179 [main] WARN  eclipselink.logging.all - Exception [EclipseLink-4002] (Eclipse Persistence Services - 2.7.7.v20200504-69f2c2b80d): org.eclipse.persistence.exceptions.DatabaseExceptionInternal Exception: org.h2.jdbc.JdbcSQLSyntaxErrorException: Index "ST_TRANSACTION_VALSTG" not found; SQL statement:DROP INDEX ST_TRANSACTION_VALSTG [42112-200]Error Code: 42112Call: DROP INDEX ST_TRANSACTION_VALSTGQuery: DataModifyQuery(sql="DROP INDEX ST_TRANSACTION_VALSTG")
2021-11-21 15:01:44.183 [main] WARN  eclipselink.logging.all - Exception [EclipseLink-4002] (Eclipse Persistence Services - 2.7.7.v20200504-69f2c2b80d): org.eclipse.persistence.exceptions.DatabaseExceptionInternal Exception: org.h2.jdbc.JdbcSQLSyntaxErrorException: Index "ST_TRANSACTION_HASH" not found; SQL statement:DROP INDEX ST_TRANSACTION_HASH [42112-200]Error Code: 42112Call: DROP INDEX ST_TRANSACTION_HASHQuery: DataModifyQuery(sql="DROP INDEX ST_TRANSACTION_HASH")
2021-11-21 15:01:44.201 [main] WARN  eclipselink.logging.all - Exception [EclipseLink-4002] (Eclipse Persistence Services - 2.7.7.v20200504-69f2c2b80d): org.eclipse.persistence.exceptions.DatabaseExceptionInternal Exception: org.h2.jdbc.JdbcSQLSyntaxErrorException: Table "ST_TRANSACTION" not found; SQL statement:DROP TABLE ST_TRANSACTION [42102-200]Error Code: 42102Call: DROP TABLE ST_TRANSACTIONQuery: DataModifyQuery(sql="DROP TABLE ST_TRANSACTION")
2021-11-21 15:01:44.203 [main] WARN  eclipselink.logging.all - Exception [EclipseLink-4002] (Eclipse Persistence Services - 2.7.7.v20200504-69f2c2b80d): org.eclipse.persistence.exceptions.DatabaseExceptionInternal Exception: org.h2.jdbc.JdbcSQLSyntaxErrorException: Table "ST_AFFECTED_TRANSACTION" not found; SQL statement:DROP TABLE ST_AFFECTED_TRANSACTION [42102-200]Error Code: 42102Call: DROP TABLE ST_AFFECTED_TRANSACTIONQuery: DataModifyQuery(sql="DROP TABLE ST_AFFECTED_TRANSACTION")
2021-11-21 15:01:44.210 [main] WARN  eclipselink.logging.all - Exception [EclipseLink-4002] (Eclipse Persistence Services - 2.7.7.v20200504-69f2c2b80d): org.eclipse.persistence.exceptions.DatabaseExceptionInternal Exception: org.h2.jdbc.JdbcSQLSyntaxErrorException: Index "ST_TRANSACTION_VALSTG" not found; SQL statement:DROP INDEX ST_TRANSACTION_VALSTG [42112-200]Error Code: 42112Call: DROP INDEX ST_TRANSACTION_VALSTGQuery: DataModifyQuery(sql="DROP INDEX ST_TRANSACTION_VALSTG")
2021-11-21 15:01:44.221 [main] WARN  eclipselink.logging.all - Exception [EclipseLink-4002] (Eclipse Persistence Services - 2.7.7.v20200504-69f2c2b80d): org.eclipse.persistence.exceptions.DatabaseExceptionInternal Exception: org.h2.jdbc.JdbcSQLSyntaxErrorException: Index "ST_TRANSACTION_HASH" not found; SQL statement:DROP INDEX ST_TRANSACTION_HASH [42112-200]Error Code: 42112Call: DROP INDEX ST_TRANSACTION_HASHQuery: DataModifyQuery(sql="DROP INDEX ST_TRANSACTION_HASH")
2021-11-21 15:01:44.223 [main] WARN  eclipselink.logging.all - Exception [EclipseLink-4002] (Eclipse Persistence Services - 2.7.7.v20200504-69f2c2b80d): org.eclipse.persistence.exceptions.DatabaseExceptionInternal Exception: org.h2.jdbc.JdbcSQLSyntaxErrorException: Table "ST_TRANSACTION" not found; SQL statement:DROP TABLE ST_TRANSACTION [42102-200]Error Code: 42102Call: DROP TABLE ST_TRANSACTIONQuery: DataModifyQuery(sql="DROP TABLE ST_TRANSACTION")
2021-11-21 15:01:44.224 [main] WARN  eclipselink.logging.all - Exception [EclipseLink-4002] (Eclipse Persistence Services - 2.7.7.v20200504-69f2c2b80d): org.eclipse.persistence.exceptions.DatabaseExceptionInternal Exception: org.h2.jdbc.JdbcSQLSyntaxErrorException: Table "ST_AFFECTED_TRANSACTION" not found; SQL statement:DROP TABLE ST_AFFECTED_TRANSACTION [42102-200]Error Code: 42102Call: DROP TABLE ST_AFFECTED_TRANSACTIONQuery: DataModifyQuery(sql="DROP TABLE ST_AFFECTED_TRANSACTION")
2021-11-21 15:01:44.227 [main] WARN  eclipselink.logging.all - Exception [EclipseLink-4002] (Eclipse Persistence Services - 2.7.7.v20200504-69f2c2b80d): org.eclipse.persistence.exceptions.DatabaseExceptionInternal Exception: org.h2.jdbc.JdbcSQLSyntaxErrorException: Index "ST_TRANSACTION_VALSTG" not found; SQL statement:DROP INDEX ST_TRANSACTION_VALSTG [42112-200]Error Code: 42112Call: DROP INDEX ST_TRANSACTION_VALSTGQuery: DataModifyQuery(sql="DROP INDEX ST_TRANSACTION_VALSTG")
2021-11-21 15:01:44.236 [main] WARN  eclipselink.logging.all - Exception [EclipseLink-4002] (Eclipse Persistence Services - 2.7.7.v20200504-69f2c2b80d): org.eclipse.persistence.exceptions.DatabaseExceptionInternal Exception: org.h2.jdbc.JdbcSQLSyntaxErrorException: Index "ST_TRANSACTION_HASH" not found; SQL statement:DROP INDEX ST_TRANSACTION_HASH [42112-200]Error Code: 42112Call: DROP INDEX ST_TRANSACTION_HASHQuery: DataModifyQuery(sql="DROP INDEX ST_TRANSACTION_HASH")
2021-11-21 15:01:44.237 [main] WARN  eclipselink.logging.all - Exception [EclipseLink-4002] (Eclipse Persistence Services - 2.7.7.v20200504-69f2c2b80d): org.eclipse.persistence.exceptions.DatabaseExceptionInternal Exception: org.h2.jdbc.JdbcSQLSyntaxErrorException: Table "ST_TRANSACTION" not found; SQL statement:DROP TABLE ST_TRANSACTION [42102-200]Error Code: 42102Call: DROP TABLE ST_TRANSACTIONQuery: DataModifyQuery(sql="DROP TABLE ST_TRANSACTION")
2021-11-21 15:01:44.238 [main] WARN  eclipselink.logging.all - Exception [EclipseLink-4002] (Eclipse Persistence Services - 2.7.7.v20200504-69f2c2b80d): org.eclipse.persistence.exceptions.DatabaseExceptionInternal Exception: org.h2.jdbc.JdbcSQLSyntaxErrorException: Table "ST_AFFECTED_TRANSACTION" not found; SQL statement:DROP TABLE ST_AFFECTED_TRANSACTION [42102-200]Error Code: 42102Call: DROP TABLE ST_AFFECTED_TRANSACTIONQuery: DataModifyQuery(sql="DROP TABLE ST_AFFECTED_TRANSACTION")
2021-11-21 15:01:44.242 [main] WARN  eclipselink.logging.all - Exception [EclipseLink-4002] (Eclipse Persistence Services - 2.7.7.v20200504-69f2c2b80d): org.eclipse.persistence.exceptions.DatabaseExceptionInternal Exception: org.h2.jdbc.JdbcSQLSyntaxErrorException: Index "ST_TRANSACTION_VALSTG" not found; SQL statement:DROP INDEX ST_TRANSACTION_VALSTG [42112-200]Error Code: 42112Call: DROP INDEX ST_TRANSACTION_VALSTGQuery: DataModifyQuery(sql="DROP INDEX ST_TRANSACTION_VALSTG")
2021-11-21 15:01:44.244 [main] WARN  eclipselink.logging.all - Exception [EclipseLink-4002] (Eclipse Persistence Services - 2.7.7.v20200504-69f2c2b80d): org.eclipse.persistence.exceptions.DatabaseExceptionInternal Exception: org.h2.jdbc.JdbcSQLSyntaxErrorException: Index "ST_TRANSACTION_HASH" not found; SQL statement:DROP INDEX ST_TRANSACTION_HASH [42112-200]Error Code: 42112Call: DROP INDEX ST_TRANSACTION_HASHQuery: DataModifyQuery(sql="DROP INDEX ST_TRANSACTION_HASH")
2021-11-21 15:01:44.245 [main] WARN  eclipselink.logging.all - Exception [EclipseLink-4002] (Eclipse Persistence Services - 2.7.7.v20200504-69f2c2b80d): org.eclipse.persistence.exceptions.DatabaseExceptionInternal Exception: org.h2.jdbc.JdbcSQLSyntaxErrorException: Table "ST_TRANSACTION" not found; SQL statement:DROP TABLE ST_TRANSACTION [42102-200]Error Code: 42102Call: DROP TABLE ST_TRANSACTIONQuery: DataModifyQuery(sql="DROP TABLE ST_TRANSACTION")
2021-11-21 15:01:44.258 [main] WARN  eclipselink.logging.all - Exception [EclipseLink-4002] (Eclipse Persistence Services - 2.7.7.v20200504-69f2c2b80d): org.eclipse.persistence.exceptions.DatabaseExceptionInternal Exception: org.h2.jdbc.JdbcSQLSyntaxErrorException: Table "ST_AFFECTED_TRANSACTION" not found; SQL statement:DROP TABLE ST_AFFECTED_TRANSACTION [42102-200]Error Code: 42102Call: DROP TABLE ST_AFFECTED_TRANSACTIONQuery: DataModifyQuery(sql="DROP TABLE ST_AFFECTED_TRANSACTION")
2021-11-21 15:01:44.260 [main] WARN  eclipselink.logging.all - Exception [EclipseLink-4002] (Eclipse Persistence Services - 2.7.7.v20200504-69f2c2b80d): org.eclipse.persistence.exceptions.DatabaseExceptionInternal Exception: org.h2.jdbc.JdbcSQLSyntaxErrorException: Index "ST_TRANSACTION_VALSTG" not found; SQL statement:DROP INDEX ST_TRANSACTION_VALSTG [42112-200]Error Code: 42112Call: DROP INDEX ST_TRANSACTION_VALSTGQuery: DataModifyQuery(sql="DROP INDEX ST_TRANSACTION_VALSTG")
2021-11-21 15:01:44.279 [main] WARN  eclipselink.logging.all - Exception [EclipseLink-4002] (Eclipse Persistence Services - 2.7.7.v20200504-69f2c2b80d): org.eclipse.persistence.exceptions.DatabaseExceptionInternal Exception: org.h2.jdbc.JdbcSQLSyntaxErrorException: Index "ST_TRANSACTION_HASH" not found; SQL statement:DROP INDEX ST_TRANSACTION_HASH [42112-200]Error Code: 42112Call: DROP INDEX ST_TRANSACTION_HASHQuery: DataModifyQuery(sql="DROP INDEX ST_TRANSACTION_HASH")
2021-11-21 15:01:44.281 [main] WARN  eclipselink.logging.all - Exception [EclipseLink-4002] (Eclipse Persistence Services - 2.7.7.v20200504-69f2c2b80d): org.eclipse.persistence.exceptions.DatabaseExceptionInternal Exception: org.h2.jdbc.JdbcSQLSyntaxErrorException: Table "ST_TRANSACTION" not found; SQL statement:DROP TABLE ST_TRANSACTION [42102-200]Error Code: 42102Call: DROP TABLE ST_TRANSACTIONQuery: DataModifyQuery(sql="DROP TABLE ST_TRANSACTION")
2021-11-21 15:01:44.291 [main] WARN  eclipselink.logging.all - Exception [EclipseLink-4002] (Eclipse Persistence Services - 2.7.7.v20200504-69f2c2b80d): org.eclipse.persistence.exceptions.DatabaseExceptionInternal Exception: org.h2.jdbc.JdbcSQLSyntaxErrorException: Table "ST_AFFECTED_TRANSACTION" not found; SQL statement:DROP TABLE ST_AFFECTED_TRANSACTION [42102-200]Error Code: 42102Call: DROP TABLE ST_AFFECTED_TRANSACTIONQuery: DataModifyQuery(sql="DROP TABLE ST_AFFECTED_TRANSACTION")
2021-11-21 15:01:44.378 [main] INFO  c.q.t.config.apps.TesseraAppFactory - Loaded app com.quorum.tessera.thirdparty.ThirdPartyRestApp@7d7b4e04
2021-11-21 15:01:44.379 [main] INFO  c.q.t.config.apps.TesseraAppFactory - Create from REST THIRD_PARTY
2021-11-21 15:01:44.379 [main] INFO  c.q.t.config.apps.TesseraAppFactory - Creating application type THIRD_PARTY for REST
2021-11-21 15:01:44.421 [main] INFO  c.q.t.config.apps.TesseraAppFactory - Create from REST Q2T
2021-11-21 15:01:44.426 [main] INFO  c.q.t.config.apps.TesseraAppFactory - Creating application type Q2T for REST
2021-11-21 15:01:44.443 [main] INFO  c.q.t.config.apps.TesseraAppFactory - Create from REST P2P
2021-11-21 15:01:44.443 [main] INFO  c.q.t.config.apps.TesseraAppFactory - Creating application type P2P for REST
2021-11-21 15:01:44.512 [main] INFO  org.eclipse.jetty.util.log - Logging initialized @10363ms to org.eclipse.jetty.util.log.Slf4jLog
2021-11-21 15:01:44.857 [main] INFO  c.quorum.tessera.server.JerseyServer - Starting http://127.0.0.1:9082
2021-11-21 15:01:44.862 [main] INFO  org.eclipse.jetty.server.Server - jetty-9.4.39.v20210325; built: 2021-03-25T14:42:11.471Z; git: 9fc7ca5a922f2a37b84ec9dbc26a5168cee7e667; jvm 17+35-Ubuntu-120.04
2021-11-21 15:01:46.253 [main] WARN  o.g.jersey.internal.inject.Providers - A provider com.quorum.tessera.thirdparty.PartyInfoResource registered in SERVER runtime does not implement any provider interfaces applicable in the SERVER runtime. Due to constraint configuration problems the provider com.quorum.tessera.thirdparty.PartyInfoResource will be ignored. 
2021-11-21 15:01:46.257 [main] WARN  o.g.jersey.internal.inject.Providers - A provider com.quorum.tessera.thirdparty.KeyResource registered in SERVER runtime does not implement any provider interfaces applicable in the SERVER runtime. Due to constraint configuration problems the provider com.quorum.tessera.thirdparty.KeyResource will be ignored. 
2021-11-21 15:01:46.259 [main] WARN  o.g.jersey.internal.inject.Providers - A provider com.quorum.tessera.api.common.UpCheckResource registered in SERVER runtime does not implement any provider interfaces applicable in the SERVER runtime. Due to constraint configuration problems the provider com.quorum.tessera.api.common.UpCheckResource will be ignored. 
2021-11-21 15:01:46.259 [main] WARN  o.g.jersey.internal.inject.Providers - A provider com.quorum.tessera.api.common.RawTransactionResource registered in SERVER runtime does not implement any provider interfaces applicable in the SERVER runtime. Due to constraint configuration problems the provider com.quorum.tessera.api.common.RawTransactionResource will be ignored. 
2021-11-21 15:01:47.015 [pool-2-thread-1] INFO  c.q.t.p.p.PartyInfoBroadcaster - Started PartyInfo polling round
2021-11-21 15:01:47.080 [pool-2-thread-1] INFO  c.q.t.p.p.PartyInfoBroadcaster - Finished PartyInfo polling round
2021-11-21 15:01:47.286 [main] INFO  o.e.j.server.handler.ContextHandler - Started o.e.j.s.ServletContextHandler@4205d5d0{/,null,AVAILABLE}
2021-11-21 15:01:47.325 [pool-3-thread-2] WARN  c.q.t.p.p.PartyInfoBroadcaster - Failed to connect to node http://127.0.0.1:9001/, due to java.net.ConnectException: Connection refused
2021-11-21 15:01:47.326 [pool-3-thread-4] WARN  c.q.t.p.p.PartyInfoBroadcaster - Failed to connect to node http://127.0.0.1:9005/, due to java.net.ConnectException: Connection refused
2021-11-21 15:01:47.325 [pool-3-thread-1] WARN  c.q.t.p.p.PartyInfoBroadcaster - Failed to connect to node http://127.0.0.1:9004/, due to java.net.ConnectException: Connection refused
2021-11-21 15:01:47.325 [pool-3-thread-3] WARN  c.q.t.p.p.PartyInfoBroadcaster - Failed to connect to node http://127.0.0.1:9003/, due to java.net.ConnectException: Connection refused
2021-11-21 15:01:47.341 [main] INFO  o.e.jetty.server.AbstractConnector - Started ServerConnector@4d065e1a{HTTP/1.1, (http/1.1)}{0.0.0.0:9082}
2021-11-21 15:01:47.341 [main] INFO  org.eclipse.jetty.server.Server - Started @13192ms
2021-11-21 15:01:47.341 [main] INFO  c.quorum.tessera.server.JerseyServer - Started http://127.0.0.1:9082
2021-11-21 15:01:47.341 [main] INFO  c.quorum.tessera.server.JerseyServer - WADL http://127.0.0.1:9082/application.wadl
2021-11-21 15:01:47.367 [main] INFO  c.quorum.tessera.server.JerseyServer - Starting unix:/home/swcyb/Ticket4U/network/Ticket4U-net/qdata/c2/tm.ipc
2021-11-21 15:01:47.368 [main] INFO  org.eclipse.jetty.server.Server - jetty-9.4.39.v20210325; built: 2021-03-25T14:42:11.471Z; git: 9fc7ca5a922f2a37b84ec9dbc26a5168cee7e667; jvm 17+35-Ubuntu-120.04
2021-11-21 15:01:47.515 [main] WARN  c.q.t.c.util.EncryptedStringResolver - Some sensitive values are being given as unencrypted plain text in config. Please note this is NOT recommended for production environment.
2021-11-21 15:01:47.515 [main] INFO  com.zaxxer.hikari.HikariDataSource - HikariPool-2 - Starting...
2021-11-21 15:01:47.526 [main] INFO  com.zaxxer.hikari.HikariDataSource - HikariPool-2 - Start completed.
2021-11-21 15:01:47.533 [main] ERROR eclipselink.logging.metadata - java.lang.IllegalArgumentException: Unsupported class file major version 61
2021-11-21 15:01:47.533 [main] ERROR eclipselink.logging.metadata - java.lang.ArrayIndexOutOfBoundsException
2021-11-21 15:01:47.548 [main] ERROR eclipselink.logging.metadata - java.lang.IllegalArgumentException: Unsupported class file major version 61
2021-11-21 15:01:47.548 [main] ERROR eclipselink.logging.metadata - java.lang.ArrayIndexOutOfBoundsException
2021-11-21 15:01:47.574 [main] INFO  eclipselink.logging.all - EclipseLink, version: Eclipse Persistence Services - 2.7.7.v20200504-69f2c2b80d
2021-11-21 15:01:47.626 [main] ERROR eclipselink.logging.metadata - java.lang.IllegalArgumentException: Unsupported class file major version 61
2021-11-21 15:01:47.626 [main] ERROR eclipselink.logging.metadata - java.lang.ArrayIndexOutOfBoundsException
2021-11-21 15:01:47.630 [main] ERROR eclipselink.logging.metadata - java.lang.IllegalArgumentException: Unsupported class file major version 61
2021-11-21 15:01:47.630 [main] ERROR eclipselink.logging.metadata - java.lang.ArrayIndexOutOfBoundsException
2021-11-21 15:01:47.631 [main] ERROR eclipselink.logging.metadata - java.lang.IllegalArgumentException: Unsupported class file major version 61
2021-11-21 15:01:47.631 [main] ERROR eclipselink.logging.metadata - java.lang.ArrayIndexOutOfBoundsException
2021-11-21 15:01:47.632 [main] ERROR eclipselink.logging.metadata - java.lang.IllegalArgumentException: Unsupported class file major version 61
2021-11-21 15:01:47.633 [main] ERROR eclipselink.logging.metadata - java.lang.ArrayIndexOutOfBoundsException
2021-11-21 15:01:47.634 [main] ERROR eclipselink.logging.metadata - java.lang.IllegalArgumentException: Unsupported class file major version 61
2021-11-21 15:01:47.634 [main] ERROR eclipselink.logging.metadata - java.lang.ArrayIndexOutOfBoundsException
2021-11-21 15:01:47.634 [main] ERROR eclipselink.logging.metadata - java.lang.IllegalArgumentException: Unsupported class file major version 61
2021-11-21 15:01:47.634 [main] ERROR eclipselink.logging.metadata - java.lang.ArrayIndexOutOfBoundsException
2021-11-21 15:01:47.636 [main] ERROR eclipselink.logging.metadata - java.lang.IllegalArgumentException: Unsupported class file major version 61
2021-11-21 15:01:47.637 [main] ERROR eclipselink.logging.metadata - java.lang.ArrayIndexOutOfBoundsException
2021-11-21 15:01:47.637 [main] ERROR eclipselink.logging.metadata - java.lang.IllegalArgumentException: Unsupported class file major version 61
2021-11-21 15:01:47.638 [main] ERROR eclipselink.logging.metadata - java.lang.ArrayIndexOutOfBoundsException
2021-11-21 15:01:47.638 [main] ERROR eclipselink.logging.metadata - java.lang.IllegalArgumentException: Unsupported class file major version 61
2021-11-21 15:01:47.638 [main] ERROR eclipselink.logging.metadata - java.lang.ArrayIndexOutOfBoundsException
2021-11-21 15:01:47.638 [main] ERROR eclipselink.logging.metadata - java.lang.IllegalArgumentException: Unsupported class file major version 61
2021-11-21 15:01:47.638 [main] ERROR eclipselink.logging.metadata - java.lang.ArrayIndexOutOfBoundsException
2021-11-21 15:01:47.639 [main] ERROR eclipselink.logging.metadata - java.lang.IllegalArgumentException: Unsupported class file major version 61
2021-11-21 15:01:47.639 [main] ERROR eclipselink.logging.metadata - java.lang.ArrayIndexOutOfBoundsException
2021-11-21 15:01:47.662 [main] INFO  eclipselink.logging.all - EclipseLink, version: Eclipse Persistence Services - 2.7.7.v20200504-69f2c2b80d
2021-11-21 15:01:47.886 [main] WARN  c.q.t.c.util.EncryptedStringResolver - Some sensitive values are being given as unencrypted plain text in config. Please note this is NOT recommended for production environment.
2021-11-21 15:01:47.886 [main] INFO  com.zaxxer.hikari.HikariDataSource - HikariPool-3 - Starting...
2021-11-21 15:01:47.903 [main] INFO  com.zaxxer.hikari.HikariDataSource - HikariPool-3 - Start completed.
2021-11-21 15:01:47.906 [main] ERROR eclipselink.logging.metadata - java.lang.IllegalArgumentException: Unsupported class file major version 61
2021-11-21 15:01:47.907 [main] ERROR eclipselink.logging.metadata - java.lang.ArrayIndexOutOfBoundsException
2021-11-21 15:01:47.913 [main] ERROR eclipselink.logging.metadata - java.lang.IllegalArgumentException: Unsupported class file major version 61
2021-11-21 15:01:47.913 [main] ERROR eclipselink.logging.metadata - java.lang.ArrayIndexOutOfBoundsException
2021-11-21 15:01:47.958 [main] INFO  eclipselink.logging.all - EclipseLink, version: Eclipse Persistence Services - 2.7.7.v20200504-69f2c2b80d
2021-11-21 15:01:48.013 [main] ERROR eclipselink.logging.metadata - java.lang.IllegalArgumentException: Unsupported class file major version 61
2021-11-21 15:01:48.013 [main] ERROR eclipselink.logging.metadata - java.lang.ArrayIndexOutOfBoundsException
2021-11-21 15:01:48.019 [main] ERROR eclipselink.logging.metadata - java.lang.IllegalArgumentException: Unsupported class file major version 61
2021-11-21 15:01:48.019 [main] ERROR eclipselink.logging.metadata - java.lang.ArrayIndexOutOfBoundsException
2021-11-21 15:01:48.020 [main] ERROR eclipselink.logging.metadata - java.lang.IllegalArgumentException: Unsupported class file major version 61
2021-11-21 15:01:48.020 [main] ERROR eclipselink.logging.metadata - java.lang.ArrayIndexOutOfBoundsException
2021-11-21 15:01:48.021 [main] ERROR eclipselink.logging.metadata - java.lang.IllegalArgumentException: Unsupported class file major version 61
2021-11-21 15:01:48.021 [main] ERROR eclipselink.logging.metadata - java.lang.ArrayIndexOutOfBoundsException
2021-11-21 15:01:48.021 [main] ERROR eclipselink.logging.metadata - java.lang.IllegalArgumentException: Unsupported class file major version 61
2021-11-21 15:01:48.021 [main] ERROR eclipselink.logging.metadata - java.lang.ArrayIndexOutOfBoundsException
2021-11-21 15:01:48.028 [main] ERROR eclipselink.logging.metadata - java.lang.IllegalArgumentException: Unsupported class file major version 61
2021-11-21 15:01:48.029 [main] ERROR eclipselink.logging.metadata - java.lang.ArrayIndexOutOfBoundsException
2021-11-21 15:01:48.035 [main] ERROR eclipselink.logging.metadata - java.lang.IllegalArgumentException: Unsupported class file major version 61
2021-11-21 15:01:48.035 [main] ERROR eclipselink.logging.metadata - java.lang.ArrayIndexOutOfBoundsException
2021-11-21 15:01:48.037 [main] ERROR eclipselink.logging.metadata - java.lang.IllegalArgumentException: Unsupported class file major version 61
2021-11-21 15:01:48.038 [main] ERROR eclipselink.logging.metadata - java.lang.ArrayIndexOutOfBoundsException
2021-11-21 15:01:48.041 [main] ERROR eclipselink.logging.metadata - java.lang.IllegalArgumentException: Unsupported class file major version 61
2021-11-21 15:01:48.041 [main] ERROR eclipselink.logging.metadata - java.lang.ArrayIndexOutOfBoundsException
2021-11-21 15:01:48.042 [main] ERROR eclipselink.logging.metadata - java.lang.IllegalArgumentException: Unsupported class file major version 61
2021-11-21 15:01:48.042 [main] ERROR eclipselink.logging.metadata - java.lang.ArrayIndexOutOfBoundsException
2021-11-21 15:01:48.042 [main] ERROR eclipselink.logging.metadata - java.lang.IllegalArgumentException: Unsupported class file major version 61
2021-11-21 15:01:48.042 [main] ERROR eclipselink.logging.metadata - java.lang.ArrayIndexOutOfBoundsException
2021-11-21 15:01:48.047 [main] INFO  eclipselink.logging.all - EclipseLink, version: Eclipse Persistence Services - 2.7.7.v20200504-69f2c2b80d
2021-11-21 15:01:48.229 [main] WARN  c.q.t.c.util.EncryptedStringResolver - Some sensitive values are being given as unencrypted plain text in config. Please note this is NOT recommended for production environment.
2021-11-21 15:01:48.230 [main] INFO  com.zaxxer.hikari.HikariDataSource - HikariPool-4 - Starting...
2021-11-21 15:01:48.246 [main] INFO  com.zaxxer.hikari.HikariDataSource - HikariPool-4 - Start completed.
2021-11-21 15:01:48.249 [main] ERROR eclipselink.logging.metadata - java.lang.IllegalArgumentException: Unsupported class file major version 61
2021-11-21 15:01:48.250 [main] ERROR eclipselink.logging.metadata - java.lang.ArrayIndexOutOfBoundsException
2021-11-21 15:01:48.258 [main] ERROR eclipselink.logging.metadata - java.lang.IllegalArgumentException: Unsupported class file major version 61
2021-11-21 15:01:48.258 [main] ERROR eclipselink.logging.metadata - java.lang.ArrayIndexOutOfBoundsException
2021-11-21 15:01:48.269 [main] INFO  eclipselink.logging.all - EclipseLink, version: Eclipse Persistence Services - 2.7.7.v20200504-69f2c2b80d
2021-11-21 15:01:48.300 [main] ERROR eclipselink.logging.metadata - java.lang.IllegalArgumentException: Unsupported class file major version 61
2021-11-21 15:01:48.301 [main] ERROR eclipselink.logging.metadata - java.lang.ArrayIndexOutOfBoundsException
2021-11-21 15:01:48.322 [main] ERROR eclipselink.logging.metadata - java.lang.IllegalArgumentException: Unsupported class file major version 61
2021-11-21 15:01:48.323 [main] ERROR eclipselink.logging.metadata - java.lang.ArrayIndexOutOfBoundsException
2021-11-21 15:01:48.327 [main] ERROR eclipselink.logging.metadata - java.lang.IllegalArgumentException: Unsupported class file major version 61
2021-11-21 15:01:48.328 [main] ERROR eclipselink.logging.metadata - java.lang.ArrayIndexOutOfBoundsException
2021-11-21 15:01:48.329 [main] ERROR eclipselink.logging.metadata - java.lang.IllegalArgumentException: Unsupported class file major version 61
2021-11-21 15:01:48.329 [main] ERROR eclipselink.logging.metadata - java.lang.ArrayIndexOutOfBoundsException
2021-11-21 15:01:48.329 [main] ERROR eclipselink.logging.metadata - java.lang.IllegalArgumentException: Unsupported class file major version 61
2021-11-21 15:01:48.329 [main] ERROR eclipselink.logging.metadata - java.lang.ArrayIndexOutOfBoundsException
2021-11-21 15:01:48.330 [main] ERROR eclipselink.logging.metadata - java.lang.IllegalArgumentException: Unsupported class file major version 61
2021-11-21 15:01:48.330 [main] ERROR eclipselink.logging.metadata - java.lang.ArrayIndexOutOfBoundsException
2021-11-21 15:01:48.330 [main] ERROR eclipselink.logging.metadata - java.lang.IllegalArgumentException: Unsupported class file major version 61
2021-11-21 15:01:48.330 [main] ERROR eclipselink.logging.metadata - java.lang.ArrayIndexOutOfBoundsException
2021-11-21 15:01:48.331 [main] ERROR eclipselink.logging.metadata - java.lang.IllegalArgumentException: Unsupported class file major version 61
2021-11-21 15:01:48.331 [main] ERROR eclipselink.logging.metadata - java.lang.ArrayIndexOutOfBoundsException
2021-11-21 15:01:48.363 [main] ERROR eclipselink.logging.metadata - java.lang.IllegalArgumentException: Unsupported class file major version 61
2021-11-21 15:01:48.364 [main] ERROR eclipselink.logging.metadata - java.lang.ArrayIndexOutOfBoundsException
2021-11-21 15:01:48.364 [main] ERROR eclipselink.logging.metadata - java.lang.IllegalArgumentException: Unsupported class file major version 61
2021-11-21 15:01:48.364 [main] ERROR eclipselink.logging.metadata - java.lang.ArrayIndexOutOfBoundsException
2021-11-21 15:01:48.364 [main] ERROR eclipselink.logging.metadata - java.lang.IllegalArgumentException: Unsupported class file major version 61
2021-11-21 15:01:48.364 [main] ERROR eclipselink.logging.metadata - java.lang.ArrayIndexOutOfBoundsException
2021-11-21 15:01:48.376 [main] INFO  eclipselink.logging.all - EclipseLink, version: Eclipse Persistence Services - 2.7.7.v20200504-69f2c2b80d
2021-11-21 15:01:48.432 [main] WARN  c.q.t.c.util.EncryptedStringResolver - Some sensitive values are being given as unencrypted plain text in config. Please note this is NOT recommended for production environment.
2021-11-21 15:01:48.434 [main] INFO  com.zaxxer.hikari.HikariDataSource - HikariPool-5 - Starting...
2021-11-21 15:01:48.469 [main] INFO  com.zaxxer.hikari.HikariDataSource - HikariPool-5 - Start completed.
2021-11-21 15:01:48.472 [main] ERROR eclipselink.logging.metadata - java.lang.IllegalArgumentException: Unsupported class file major version 61
2021-11-21 15:01:48.472 [main] ERROR eclipselink.logging.metadata - java.lang.ArrayIndexOutOfBoundsException
2021-11-21 15:01:48.474 [main] ERROR eclipselink.logging.metadata - java.lang.IllegalArgumentException: Unsupported class file major version 61
2021-11-21 15:01:48.475 [main] ERROR eclipselink.logging.metadata - java.lang.ArrayIndexOutOfBoundsException
2021-11-21 15:01:48.481 [main] INFO  eclipselink.logging.all - EclipseLink, version: Eclipse Persistence Services - 2.7.7.v20200504-69f2c2b80d
2021-11-21 15:01:48.520 [main] ERROR eclipselink.logging.metadata - java.lang.IllegalArgumentException: Unsupported class file major version 61
2021-11-21 15:01:48.520 [main] ERROR eclipselink.logging.metadata - java.lang.ArrayIndexOutOfBoundsException
2021-11-21 15:01:48.521 [main] ERROR eclipselink.logging.metadata - java.lang.IllegalArgumentException: Unsupported class file major version 61
2021-11-21 15:01:48.521 [main] ERROR eclipselink.logging.metadata - java.lang.ArrayIndexOutOfBoundsException
2021-11-21 15:01:48.522 [main] ERROR eclipselink.logging.metadata - java.lang.IllegalArgumentException: Unsupported class file major version 61
2021-11-21 15:01:48.522 [main] ERROR eclipselink.logging.metadata - java.lang.ArrayIndexOutOfBoundsException
2021-11-21 15:01:48.522 [main] ERROR eclipselink.logging.metadata - java.lang.IllegalArgumentException: Unsupported class file major version 61
2021-11-21 15:01:48.522 [main] ERROR eclipselink.logging.metadata - java.lang.ArrayIndexOutOfBoundsException
2021-11-21 15:01:48.523 [main] ERROR eclipselink.logging.metadata - java.lang.IllegalArgumentException: Unsupported class file major version 61
2021-11-21 15:01:48.523 [main] ERROR eclipselink.logging.metadata - java.lang.ArrayIndexOutOfBoundsException
2021-11-21 15:01:48.523 [main] ERROR eclipselink.logging.metadata - java.lang.IllegalArgumentException: Unsupported class file major version 61
2021-11-21 15:01:48.523 [main] ERROR eclipselink.logging.metadata - java.lang.ArrayIndexOutOfBoundsException
2021-11-21 15:01:48.523 [main] ERROR eclipselink.logging.metadata - java.lang.IllegalArgumentException: Unsupported class file major version 61
2021-11-21 15:01:48.523 [main] ERROR eclipselink.logging.metadata - java.lang.ArrayIndexOutOfBoundsException
2021-11-21 15:01:48.524 [main] ERROR eclipselink.logging.metadata - java.lang.IllegalArgumentException: Unsupported class file major version 61
2021-11-21 15:01:48.524 [main] ERROR eclipselink.logging.metadata - java.lang.ArrayIndexOutOfBoundsException
2021-11-21 15:01:48.524 [main] ERROR eclipselink.logging.metadata - java.lang.IllegalArgumentException: Unsupported class file major version 61
2021-11-21 15:01:48.524 [main] ERROR eclipselink.logging.metadata - java.lang.ArrayIndexOutOfBoundsException
2021-11-21 15:01:48.524 [main] ERROR eclipselink.logging.metadata - java.lang.IllegalArgumentException: Unsupported class file major version 61
2021-11-21 15:01:48.524 [main] ERROR eclipselink.logging.metadata - java.lang.ArrayIndexOutOfBoundsException
2021-11-21 15:01:48.525 [main] ERROR eclipselink.logging.metadata - java.lang.IllegalArgumentException: Unsupported class file major version 61
2021-11-21 15:01:48.525 [main] ERROR eclipselink.logging.metadata - java.lang.ArrayIndexOutOfBoundsException
2021-11-21 15:01:48.530 [main] INFO  eclipselink.logging.all - EclipseLink, version: Eclipse Persistence Services - 2.7.7.v20200504-69f2c2b80d
2021-11-21 15:01:48.685 [main] WARN  o.g.jersey.internal.inject.Providers - A provider com.quorum.tessera.q2t.EncodedPayloadResource registered in SERVER runtime does not implement any provider interfaces applicable in the SERVER runtime. Due to constraint configuration problems the provider com.quorum.tessera.q2t.EncodedPayloadResource will be ignored. 
2021-11-21 15:01:48.685 [main] WARN  o.g.jersey.internal.inject.Providers - A provider com.quorum.tessera.q2t.TransactionResource3 registered in SERVER runtime does not implement any provider interfaces applicable in the SERVER runtime. Due to constraint configuration problems the provider com.quorum.tessera.q2t.TransactionResource3 will be ignored. 
2021-11-21 15:01:48.685 [main] WARN  o.g.jersey.internal.inject.Providers - A provider com.quorum.tessera.api.common.UpCheckResource registered in SERVER runtime does not implement any provider interfaces applicable in the SERVER runtime. Due to constraint configuration problems the provider com.quorum.tessera.api.common.UpCheckResource will be ignored. 
2021-11-21 15:01:48.685 [main] WARN  o.g.jersey.internal.inject.Providers - A provider com.quorum.tessera.api.common.RawTransactionResource registered in SERVER runtime does not implement any provider interfaces applicable in the SERVER runtime. Due to constraint configuration problems the provider com.quorum.tessera.api.common.RawTransactionResource will be ignored. 
2021-11-21 15:01:48.685 [main] WARN  o.g.jersey.internal.inject.Providers - A provider com.quorum.tessera.q2t.TransactionResource registered in SERVER runtime does not implement any provider interfaces applicable in the SERVER runtime. Due to constraint configuration problems the provider com.quorum.tessera.q2t.TransactionResource will be ignored. 
2021-11-21 15:01:48.685 [main] WARN  o.g.jersey.internal.inject.Providers - A provider com.quorum.tessera.q2t.PrivacyGroupResource registered in SERVER runtime does not implement any provider interfaces applicable in the SERVER runtime. Due to constraint configuration problems the provider com.quorum.tessera.q2t.PrivacyGroupResource will be ignored. 
2021-11-21 15:01:48.992 [main] INFO  o.e.j.server.handler.ContextHandler - Started o.e.j.s.ServletContextHandler@7792e14f{/,null,AVAILABLE}
2021-11-21 15:01:49.539 [main] INFO  o.e.jetty.server.AbstractConnector - Started UnixSocketConnector@2314cd97{HTTP/1.1, (http/1.1)}{/home/swcyb/Ticket4U/network/Ticket4U-net/qdata/c2/tm.ipc}
2021-11-21 15:01:49.540 [main] INFO  org.eclipse.jetty.server.Server - Started @15392ms
2021-11-21 15:01:49.542 [main] INFO  c.quorum.tessera.server.JerseyServer - Started unix:/home/swcyb/Ticket4U/network/Ticket4U-net/qdata/c2/tm.ipc
2021-11-21 15:01:49.542 [main] INFO  c.quorum.tessera.server.JerseyServer - WADL unix:/home/swcyb/Ticket4U/network/Ticket4U-net/qdata/c2/tm.ipc/application.wadl
2021-11-21 15:01:49.543 [main] INFO  c.quorum.tessera.server.JerseyServer - Starting http://127.0.0.1:9002
2021-11-21 15:01:49.544 [main] INFO  org.eclipse.jetty.server.Server - jetty-9.4.39.v20210325; built: 2021-03-25T14:42:11.471Z; git: 9fc7ca5a922f2a37b84ec9dbc26a5168cee7e667; jvm 17+35-Ubuntu-120.04
2021-11-21 15:01:49.593 [main] WARN  c.q.t.c.util.EncryptedStringResolver - Some sensitive values are being given as unencrypted plain text in config. Please note this is NOT recommended for production environment.
2021-11-21 15:01:49.594 [main] INFO  com.zaxxer.hikari.HikariDataSource - HikariPool-6 - Starting...
2021-11-21 15:01:49.596 [main] INFO  com.zaxxer.hikari.HikariDataSource - HikariPool-6 - Start completed.
2021-11-21 15:01:49.601 [main] ERROR eclipselink.logging.metadata - java.lang.IllegalArgumentException: Unsupported class file major version 61
2021-11-21 15:01:49.603 [main] ERROR eclipselink.logging.metadata - java.lang.ArrayIndexOutOfBoundsException
2021-11-21 15:01:49.608 [main] ERROR eclipselink.logging.metadata - java.lang.IllegalArgumentException: Unsupported class file major version 61
2021-11-21 15:01:49.608 [main] ERROR eclipselink.logging.metadata - java.lang.ArrayIndexOutOfBoundsException
2021-11-21 15:01:49.621 [main] INFO  eclipselink.logging.all - EclipseLink, version: Eclipse Persistence Services - 2.7.7.v20200504-69f2c2b80d
2021-11-21 15:01:49.653 [main] ERROR eclipselink.logging.metadata - java.lang.IllegalArgumentException: Unsupported class file major version 61
2021-11-21 15:01:49.653 [main] ERROR eclipselink.logging.metadata - java.lang.ArrayIndexOutOfBoundsException
2021-11-21 15:01:49.663 [main] ERROR eclipselink.logging.metadata - java.lang.IllegalArgumentException: Unsupported class file major version 61
2021-11-21 15:01:49.663 [main] ERROR eclipselink.logging.metadata - java.lang.ArrayIndexOutOfBoundsException
2021-11-21 15:01:49.664 [main] ERROR eclipselink.logging.metadata - java.lang.IllegalArgumentException: Unsupported class file major version 61
2021-11-21 15:01:49.664 [main] ERROR eclipselink.logging.metadata - java.lang.ArrayIndexOutOfBoundsException
2021-11-21 15:01:49.665 [main] ERROR eclipselink.logging.metadata - java.lang.IllegalArgumentException: Unsupported class file major version 61
2021-11-21 15:01:49.665 [main] ERROR eclipselink.logging.metadata - java.lang.ArrayIndexOutOfBoundsException
2021-11-21 15:01:49.668 [main] ERROR eclipselink.logging.metadata - java.lang.IllegalArgumentException: Unsupported class file major version 61
2021-11-21 15:01:49.668 [main] ERROR eclipselink.logging.metadata - java.lang.ArrayIndexOutOfBoundsException
2021-11-21 15:01:49.668 [main] ERROR eclipselink.logging.metadata - java.lang.IllegalArgumentException: Unsupported class file major version 61
2021-11-21 15:01:49.668 [main] ERROR eclipselink.logging.metadata - java.lang.ArrayIndexOutOfBoundsException
2021-11-21 15:01:49.669 [main] ERROR eclipselink.logging.metadata - java.lang.IllegalArgumentException: Unsupported class file major version 61
2021-11-21 15:01:49.669 [main] ERROR eclipselink.logging.metadata - java.lang.ArrayIndexOutOfBoundsException
2021-11-21 15:01:49.670 [main] ERROR eclipselink.logging.metadata - java.lang.IllegalArgumentException: Unsupported class file major version 61
2021-11-21 15:01:49.670 [main] ERROR eclipselink.logging.metadata - java.lang.ArrayIndexOutOfBoundsException
2021-11-21 15:01:49.670 [main] ERROR eclipselink.logging.metadata - java.lang.IllegalArgumentException: Unsupported class file major version 61
2021-11-21 15:01:49.670 [main] ERROR eclipselink.logging.metadata - java.lang.ArrayIndexOutOfBoundsException
2021-11-21 15:01:49.670 [main] ERROR eclipselink.logging.metadata - java.lang.IllegalArgumentException: Unsupported class file major version 61
2021-11-21 15:01:49.670 [main] ERROR eclipselink.logging.metadata - java.lang.ArrayIndexOutOfBoundsException
2021-11-21 15:01:49.670 [main] ERROR eclipselink.logging.metadata - java.lang.IllegalArgumentException: Unsupported class file major version 61
2021-11-21 15:01:49.670 [main] ERROR eclipselink.logging.metadata - java.lang.ArrayIndexOutOfBoundsException
2021-11-21 15:01:49.694 [main] INFO  eclipselink.logging.all - EclipseLink, version: Eclipse Persistence Services - 2.7.7.v20200504-69f2c2b80d
2021-11-21 15:01:49.764 [main] INFO  c.q.t.r.r.ResendBatchPublisherFactory - Loaded factory com.quorum.tessera.p2p.recovery.RestResendBatchPublisherFactory@1a45e29f
2021-11-21 15:01:49.776 [main] WARN  c.q.t.c.util.EncryptedStringResolver - Some sensitive values are being given as unencrypted plain text in config. Please note this is NOT recommended for production environment.
2021-11-21 15:01:49.776 [main] INFO  com.zaxxer.hikari.HikariDataSource - HikariPool-7 - Starting...
2021-11-21 15:01:49.780 [main] INFO  com.zaxxer.hikari.HikariDataSource - HikariPool-7 - Start completed.
2021-11-21 15:01:49.789 [main] ERROR eclipselink.logging.metadata - java.lang.IllegalArgumentException: Unsupported class file major version 61
2021-11-21 15:01:49.789 [main] ERROR eclipselink.logging.metadata - java.lang.ArrayIndexOutOfBoundsException
2021-11-21 15:01:49.814 [main] ERROR eclipselink.logging.metadata - java.lang.IllegalArgumentException: Unsupported class file major version 61
2021-11-21 15:01:49.814 [main] ERROR eclipselink.logging.metadata - java.lang.ArrayIndexOutOfBoundsException
2021-11-21 15:01:49.822 [main] INFO  eclipselink.logging.all - EclipseLink, version: Eclipse Persistence Services - 2.7.7.v20200504-69f2c2b80d
2021-11-21 15:01:49.844 [main] ERROR eclipselink.logging.metadata - java.lang.IllegalArgumentException: Unsupported class file major version 61
2021-11-21 15:01:49.844 [main] ERROR eclipselink.logging.metadata - java.lang.ArrayIndexOutOfBoundsException
2021-11-21 15:01:49.853 [main] ERROR eclipselink.logging.metadata - java.lang.IllegalArgumentException: Unsupported class file major version 61
2021-11-21 15:01:49.854 [main] ERROR eclipselink.logging.metadata - java.lang.ArrayIndexOutOfBoundsException
2021-11-21 15:01:49.854 [main] ERROR eclipselink.logging.metadata - java.lang.IllegalArgumentException: Unsupported class file major version 61
2021-11-21 15:01:49.854 [main] ERROR eclipselink.logging.metadata - java.lang.ArrayIndexOutOfBoundsException
2021-11-21 15:01:49.856 [main] ERROR eclipselink.logging.metadata - java.lang.IllegalArgumentException: Unsupported class file major version 61
2021-11-21 15:01:49.856 [main] ERROR eclipselink.logging.metadata - java.lang.ArrayIndexOutOfBoundsException
2021-11-21 15:01:49.857 [main] ERROR eclipselink.logging.metadata - java.lang.IllegalArgumentException: Unsupported class file major version 61
2021-11-21 15:01:49.859 [main] ERROR eclipselink.logging.metadata - java.lang.ArrayIndexOutOfBoundsException
2021-11-21 15:01:49.859 [main] ERROR eclipselink.logging.metadata - java.lang.IllegalArgumentException: Unsupported class file major version 61
2021-11-21 15:01:49.859 [main] ERROR eclipselink.logging.metadata - java.lang.ArrayIndexOutOfBoundsException
2021-11-21 15:01:49.862 [main] ERROR eclipselink.logging.metadata - java.lang.IllegalArgumentException: Unsupported class file major version 61
2021-11-21 15:01:49.862 [main] ERROR eclipselink.logging.metadata - java.lang.ArrayIndexOutOfBoundsException
2021-11-21 15:01:49.863 [main] ERROR eclipselink.logging.metadata - java.lang.IllegalArgumentException: Unsupported class file major version 61
2021-11-21 15:01:49.863 [main] ERROR eclipselink.logging.metadata - java.lang.ArrayIndexOutOfBoundsException
2021-11-21 15:01:49.868 [main] ERROR eclipselink.logging.metadata - java.lang.IllegalArgumentException: Unsupported class file major version 61
2021-11-21 15:01:49.868 [main] ERROR eclipselink.logging.metadata - java.lang.ArrayIndexOutOfBoundsException
2021-11-21 15:01:49.868 [main] ERROR eclipselink.logging.metadata - java.lang.IllegalArgumentException: Unsupported class file major version 61
2021-11-21 15:01:49.868 [main] ERROR eclipselink.logging.metadata - java.lang.ArrayIndexOutOfBoundsException
2021-11-21 15:01:49.868 [main] ERROR eclipselink.logging.metadata - java.lang.IllegalArgumentException: Unsupported class file major version 61
2021-11-21 15:01:49.868 [main] ERROR eclipselink.logging.metadata - java.lang.ArrayIndexOutOfBoundsException
2021-11-21 15:01:49.891 [main] INFO  eclipselink.logging.all - EclipseLink, version: Eclipse Persistence Services - 2.7.7.v20200504-69f2c2b80d
2021-11-21 15:01:49.941 [main] WARN  c.q.t.c.util.EncryptedStringResolver - Some sensitive values are being given as unencrypted plain text in config. Please note this is NOT recommended for production environment.
2021-11-21 15:01:49.942 [main] INFO  com.zaxxer.hikari.HikariDataSource - HikariPool-8 - Starting...
2021-11-21 15:01:49.954 [main] INFO  com.zaxxer.hikari.HikariDataSource - HikariPool-8 - Start completed.
2021-11-21 15:01:49.958 [main] ERROR eclipselink.logging.metadata - java.lang.IllegalArgumentException: Unsupported class file major version 61
2021-11-21 15:01:49.959 [main] ERROR eclipselink.logging.metadata - java.lang.ArrayIndexOutOfBoundsException
2021-11-21 15:01:49.960 [main] ERROR eclipselink.logging.metadata - java.lang.IllegalArgumentException: Unsupported class file major version 61
2021-11-21 15:01:49.960 [main] ERROR eclipselink.logging.metadata - java.lang.ArrayIndexOutOfBoundsException
2021-11-21 15:01:49.991 [main] INFO  eclipselink.logging.all - EclipseLink, version: Eclipse Persistence Services - 2.7.7.v20200504-69f2c2b80d
2021-11-21 15:01:50.009 [main] ERROR eclipselink.logging.metadata - java.lang.IllegalArgumentException: Unsupported class file major version 61
2021-11-21 15:01:50.009 [main] ERROR eclipselink.logging.metadata - java.lang.ArrayIndexOutOfBoundsException
2021-11-21 15:01:50.010 [main] ERROR eclipselink.logging.metadata - java.lang.IllegalArgumentException: Unsupported class file major version 61
2021-11-21 15:01:50.010 [main] ERROR eclipselink.logging.metadata - java.lang.ArrayIndexOutOfBoundsException
2021-11-21 15:01:50.010 [main] ERROR eclipselink.logging.metadata - java.lang.IllegalArgumentException: Unsupported class file major version 61
2021-11-21 15:01:50.010 [main] ERROR eclipselink.logging.metadata - java.lang.ArrayIndexOutOfBoundsException
2021-11-21 15:01:50.011 [main] ERROR eclipselink.logging.metadata - java.lang.IllegalArgumentException: Unsupported class file major version 61
2021-11-21 15:01:50.011 [main] ERROR eclipselink.logging.metadata - java.lang.ArrayIndexOutOfBoundsException
2021-11-21 15:01:50.011 [main] ERROR eclipselink.logging.metadata - java.lang.IllegalArgumentException: Unsupported class file major version 61
2021-11-21 15:01:50.011 [main] ERROR eclipselink.logging.metadata - java.lang.ArrayIndexOutOfBoundsException
2021-11-21 15:01:50.011 [main] ERROR eclipselink.logging.metadata - java.lang.IllegalArgumentException: Unsupported class file major version 61
2021-11-21 15:01:50.012 [main] ERROR eclipselink.logging.metadata - java.lang.ArrayIndexOutOfBoundsException
2021-11-21 15:01:50.012 [main] ERROR eclipselink.logging.metadata - java.lang.IllegalArgumentException: Unsupported class file major version 61
2021-11-21 15:01:50.012 [main] ERROR eclipselink.logging.metadata - java.lang.ArrayIndexOutOfBoundsException
2021-11-21 15:01:50.013 [main] ERROR eclipselink.logging.metadata - java.lang.IllegalArgumentException: Unsupported class file major version 61
2021-11-21 15:01:50.040 [main] ERROR eclipselink.logging.metadata - java.lang.ArrayIndexOutOfBoundsException
2021-11-21 15:01:50.041 [main] ERROR eclipselink.logging.metadata - java.lang.IllegalArgumentException: Unsupported class file major version 61
2021-11-21 15:01:50.042 [main] ERROR eclipselink.logging.metadata - java.lang.ArrayIndexOutOfBoundsException
2021-11-21 15:01:50.042 [main] ERROR eclipselink.logging.metadata - java.lang.IllegalArgumentException: Unsupported class file major version 61
2021-11-21 15:01:50.042 [main] ERROR eclipselink.logging.metadata - java.lang.ArrayIndexOutOfBoundsException
2021-11-21 15:01:50.042 [main] ERROR eclipselink.logging.metadata - java.lang.IllegalArgumentException: Unsupported class file major version 61
2021-11-21 15:01:50.042 [main] ERROR eclipselink.logging.metadata - java.lang.ArrayIndexOutOfBoundsException
2021-11-21 15:01:50.047 [main] INFO  eclipselink.logging.all - EclipseLink, version: Eclipse Persistence Services - 2.7.7.v20200504-69f2c2b80d
2021-11-21 15:01:50.134 [main] WARN  c.q.t.c.util.EncryptedStringResolver - Some sensitive values are being given as unencrypted plain text in config. Please note this is NOT recommended for production environment.
2021-11-21 15:01:50.136 [main] INFO  com.zaxxer.hikari.HikariDataSource - HikariPool-9 - Starting...
2021-11-21 15:01:50.161 [main] INFO  com.zaxxer.hikari.HikariDataSource - HikariPool-9 - Start completed.
2021-11-21 15:01:50.163 [main] ERROR eclipselink.logging.metadata - java.lang.IllegalArgumentException: Unsupported class file major version 61
2021-11-21 15:01:50.164 [main] ERROR eclipselink.logging.metadata - java.lang.ArrayIndexOutOfBoundsException
2021-11-21 15:01:50.165 [main] ERROR eclipselink.logging.metadata - java.lang.IllegalArgumentException: Unsupported class file major version 61
2021-11-21 15:01:50.165 [main] ERROR eclipselink.logging.metadata - java.lang.ArrayIndexOutOfBoundsException
2021-11-21 15:01:50.175 [main] INFO  eclipselink.logging.all - EclipseLink, version: Eclipse Persistence Services - 2.7.7.v20200504-69f2c2b80d
2021-11-21 15:01:50.220 [main] ERROR eclipselink.logging.metadata - java.lang.IllegalArgumentException: Unsupported class file major version 61
2021-11-21 15:01:50.232 [main] ERROR eclipselink.logging.metadata - java.lang.ArrayIndexOutOfBoundsException
2021-11-21 15:01:50.248 [main] ERROR eclipselink.logging.metadata - java.lang.IllegalArgumentException: Unsupported class file major version 61
2021-11-21 15:01:50.249 [main] ERROR eclipselink.logging.metadata - java.lang.ArrayIndexOutOfBoundsException
2021-11-21 15:01:50.257 [main] ERROR eclipselink.logging.metadata - java.lang.IllegalArgumentException: Unsupported class file major version 61
2021-11-21 15:01:50.258 [main] ERROR eclipselink.logging.metadata - java.lang.ArrayIndexOutOfBoundsException
2021-11-21 15:01:50.259 [main] ERROR eclipselink.logging.metadata - java.lang.IllegalArgumentException: Unsupported class file major version 61
2021-11-21 15:01:50.260 [main] ERROR eclipselink.logging.metadata - java.lang.ArrayIndexOutOfBoundsException
2021-11-21 15:01:50.260 [main] ERROR eclipselink.logging.metadata - java.lang.IllegalArgumentException: Unsupported class file major version 61
2021-11-21 15:01:50.261 [main] ERROR eclipselink.logging.metadata - java.lang.ArrayIndexOutOfBoundsException
2021-11-21 15:01:50.261 [main] ERROR eclipselink.logging.metadata - java.lang.IllegalArgumentException: Unsupported class file major version 61
2021-11-21 15:01:50.261 [main] ERROR eclipselink.logging.metadata - java.lang.ArrayIndexOutOfBoundsException
2021-11-21 15:01:50.263 [main] ERROR eclipselink.logging.metadata - java.lang.IllegalArgumentException: Unsupported class file major version 61
2021-11-21 15:01:50.263 [main] ERROR eclipselink.logging.metadata - java.lang.ArrayIndexOutOfBoundsException
2021-11-21 15:01:50.263 [main] ERROR eclipselink.logging.metadata - java.lang.IllegalArgumentException: Unsupported class file major version 61
2021-11-21 15:01:50.263 [main] ERROR eclipselink.logging.metadata - java.lang.ArrayIndexOutOfBoundsException
2021-11-21 15:01:50.264 [main] ERROR eclipselink.logging.metadata - java.lang.IllegalArgumentException: Unsupported class file major version 61
2021-11-21 15:01:50.264 [main] ERROR eclipselink.logging.metadata - java.lang.ArrayIndexOutOfBoundsException
2021-11-21 15:01:50.264 [main] ERROR eclipselink.logging.metadata - java.lang.IllegalArgumentException: Unsupported class file major version 61
2021-11-21 15:01:50.264 [main] ERROR eclipselink.logging.metadata - java.lang.ArrayIndexOutOfBoundsException
2021-11-21 15:01:50.265 [main] ERROR eclipselink.logging.metadata - java.lang.IllegalArgumentException: Unsupported class file major version 61
2021-11-21 15:01:50.265 [main] ERROR eclipselink.logging.metadata - java.lang.ArrayIndexOutOfBoundsException
2021-11-21 15:01:50.280 [main] INFO  eclipselink.logging.all - EclipseLink, version: Eclipse Persistence Services - 2.7.7.v20200504-69f2c2b80d
2021-11-21 15:01:50.359 [main] INFO  c.q.t.r.r.ResendBatchPublisherFactory - Loaded factory com.quorum.tessera.p2p.recovery.RestResendBatchPublisherFactory@c931728
2021-11-21 15:01:50.369 [main] WARN  c.q.t.c.util.EncryptedStringResolver - Some sensitive values are being given as unencrypted plain text in config. Please note this is NOT recommended for production environment.
2021-11-21 15:01:50.370 [main] INFO  com.zaxxer.hikari.HikariDataSource - HikariPool-10 - Starting...
2021-11-21 15:01:50.387 [main] INFO  com.zaxxer.hikari.HikariDataSource - HikariPool-10 - Start completed.
2021-11-21 15:01:50.391 [main] ERROR eclipselink.logging.metadata - java.lang.IllegalArgumentException: Unsupported class file major version 61
2021-11-21 15:01:50.392 [main] ERROR eclipselink.logging.metadata - java.lang.ArrayIndexOutOfBoundsException
2021-11-21 15:01:50.393 [main] ERROR eclipselink.logging.metadata - java.lang.IllegalArgumentException: Unsupported class file major version 61
2021-11-21 15:01:50.393 [main] ERROR eclipselink.logging.metadata - java.lang.ArrayIndexOutOfBoundsException
2021-11-21 15:01:50.416 [main] INFO  eclipselink.logging.all - EclipseLink, version: Eclipse Persistence Services - 2.7.7.v20200504-69f2c2b80d
2021-11-21 15:01:50.431 [main] ERROR eclipselink.logging.metadata - java.lang.IllegalArgumentException: Unsupported class file major version 61
2021-11-21 15:01:50.431 [main] ERROR eclipselink.logging.metadata - java.lang.ArrayIndexOutOfBoundsException
2021-11-21 15:01:50.432 [main] ERROR eclipselink.logging.metadata - java.lang.IllegalArgumentException: Unsupported class file major version 61
2021-11-21 15:01:50.432 [main] ERROR eclipselink.logging.metadata - java.lang.ArrayIndexOutOfBoundsException
2021-11-21 15:01:50.432 [main] ERROR eclipselink.logging.metadata - java.lang.IllegalArgumentException: Unsupported class file major version 61
2021-11-21 15:01:50.433 [main] ERROR eclipselink.logging.metadata - java.lang.ArrayIndexOutOfBoundsException
2021-11-21 15:01:50.433 [main] ERROR eclipselink.logging.metadata - java.lang.IllegalArgumentException: Unsupported class file major version 61
2021-11-21 15:01:50.433 [main] ERROR eclipselink.logging.metadata - java.lang.ArrayIndexOutOfBoundsException
2021-11-21 15:01:50.434 [main] ERROR eclipselink.logging.metadata - java.lang.IllegalArgumentException: Unsupported class file major version 61
2021-11-21 15:01:50.434 [main] ERROR eclipselink.logging.metadata - java.lang.ArrayIndexOutOfBoundsException
2021-11-21 15:01:50.434 [main] ERROR eclipselink.logging.metadata - java.lang.IllegalArgumentException: Unsupported class file major version 61
2021-11-21 15:01:50.434 [main] ERROR eclipselink.logging.metadata - java.lang.ArrayIndexOutOfBoundsException
2021-11-21 15:01:50.434 [main] ERROR eclipselink.logging.metadata - java.lang.IllegalArgumentException: Unsupported class file major version 61
2021-11-21 15:01:50.434 [main] ERROR eclipselink.logging.metadata - java.lang.ArrayIndexOutOfBoundsException
2021-11-21 15:01:50.435 [main] ERROR eclipselink.logging.metadata - java.lang.IllegalArgumentException: Unsupported class file major version 61
2021-11-21 15:01:50.435 [main] ERROR eclipselink.logging.metadata - java.lang.ArrayIndexOutOfBoundsException
2021-11-21 15:01:50.435 [main] ERROR eclipselink.logging.metadata - java.lang.IllegalArgumentException: Unsupported class file major version 61
2021-11-21 15:01:50.435 [main] ERROR eclipselink.logging.metadata - java.lang.ArrayIndexOutOfBoundsException
2021-11-21 15:01:50.435 [main] ERROR eclipselink.logging.metadata - java.lang.IllegalArgumentException: Unsupported class file major version 61
2021-11-21 15:01:50.435 [main] ERROR eclipselink.logging.metadata - java.lang.ArrayIndexOutOfBoundsException
2021-11-21 15:01:50.435 [main] ERROR eclipselink.logging.metadata - java.lang.IllegalArgumentException: Unsupported class file major version 61
2021-11-21 15:01:50.435 [main] ERROR eclipselink.logging.metadata - java.lang.ArrayIndexOutOfBoundsException
2021-11-21 15:01:50.439 [main] INFO  eclipselink.logging.all - EclipseLink, version: Eclipse Persistence Services - 2.7.7.v20200504-69f2c2b80d
2021-11-21 15:01:50.484 [main] WARN  c.q.t.c.util.EncryptedStringResolver - Some sensitive values are being given as unencrypted plain text in config. Please note this is NOT recommended for production environment.
2021-11-21 15:01:50.484 [main] INFO  com.zaxxer.hikari.HikariDataSource - HikariPool-11 - Starting...
2021-11-21 15:01:50.505 [main] INFO  com.zaxxer.hikari.HikariDataSource - HikariPool-11 - Start completed.
2021-11-21 15:01:50.518 [main] ERROR eclipselink.logging.metadata - java.lang.IllegalArgumentException: Unsupported class file major version 61
2021-11-21 15:01:50.518 [main] ERROR eclipselink.logging.metadata - java.lang.ArrayIndexOutOfBoundsException
2021-11-21 15:01:50.520 [main] ERROR eclipselink.logging.metadata - java.lang.IllegalArgumentException: Unsupported class file major version 61
2021-11-21 15:01:50.520 [main] ERROR eclipselink.logging.metadata - java.lang.ArrayIndexOutOfBoundsException
2021-11-21 15:01:50.542 [main] INFO  eclipselink.logging.all - EclipseLink, version: Eclipse Persistence Services - 2.7.7.v20200504-69f2c2b80d
2021-11-21 15:01:50.564 [main] ERROR eclipselink.logging.metadata - java.lang.IllegalArgumentException: Unsupported class file major version 61
2021-11-21 15:01:50.564 [main] ERROR eclipselink.logging.metadata - java.lang.ArrayIndexOutOfBoundsException
2021-11-21 15:01:50.565 [main] ERROR eclipselink.logging.metadata - java.lang.IllegalArgumentException: Unsupported class file major version 61
2021-11-21 15:01:50.565 [main] ERROR eclipselink.logging.metadata - java.lang.ArrayIndexOutOfBoundsException
2021-11-21 15:01:50.565 [main] ERROR eclipselink.logging.metadata - java.lang.IllegalArgumentException: Unsupported class file major version 61
2021-11-21 15:01:50.565 [main] ERROR eclipselink.logging.metadata - java.lang.ArrayIndexOutOfBoundsException
2021-11-21 15:01:50.566 [main] ERROR eclipselink.logging.metadata - java.lang.IllegalArgumentException: Unsupported class file major version 61
2021-11-21 15:01:50.566 [main] ERROR eclipselink.logging.metadata - java.lang.ArrayIndexOutOfBoundsException
2021-11-21 15:01:50.566 [main] ERROR eclipselink.logging.metadata - java.lang.IllegalArgumentException: Unsupported class file major version 61
2021-11-21 15:01:50.566 [main] ERROR eclipselink.logging.metadata - java.lang.ArrayIndexOutOfBoundsException
2021-11-21 15:01:50.566 [main] ERROR eclipselink.logging.metadata - java.lang.IllegalArgumentException: Unsupported class file major version 61
2021-11-21 15:01:50.566 [main] ERROR eclipselink.logging.metadata - java.lang.ArrayIndexOutOfBoundsException
2021-11-21 15:01:50.567 [main] ERROR eclipselink.logging.metadata - java.lang.IllegalArgumentException: Unsupported class file major version 61
2021-11-21 15:01:50.567 [main] ERROR eclipselink.logging.metadata - java.lang.ArrayIndexOutOfBoundsException
2021-11-21 15:01:50.567 [main] ERROR eclipselink.logging.metadata - java.lang.IllegalArgumentException: Unsupported class file major version 61
2021-11-21 15:01:50.567 [main] ERROR eclipselink.logging.metadata - java.lang.ArrayIndexOutOfBoundsException
2021-11-21 15:01:50.567 [main] ERROR eclipselink.logging.metadata - java.lang.IllegalArgumentException: Unsupported class file major version 61
2021-11-21 15:01:50.567 [main] ERROR eclipselink.logging.metadata - java.lang.ArrayIndexOutOfBoundsException
2021-11-21 15:01:50.568 [main] ERROR eclipselink.logging.metadata - java.lang.IllegalArgumentException: Unsupported class file major version 61
2021-11-21 15:01:50.568 [main] ERROR eclipselink.logging.metadata - java.lang.ArrayIndexOutOfBoundsException
2021-11-21 15:01:50.597 [main] ERROR eclipselink.logging.metadata - java.lang.IllegalArgumentException: Unsupported class file major version 61
2021-11-21 15:01:50.597 [main] ERROR eclipselink.logging.metadata - java.lang.ArrayIndexOutOfBoundsException
2021-11-21 15:01:50.602 [main] INFO  eclipselink.logging.all - EclipseLink, version: Eclipse Persistence Services - 2.7.7.v20200504-69f2c2b80d
2021-11-21 15:01:50.727 [main] WARN  o.g.jersey.internal.inject.Providers - A provider com.quorum.tessera.api.common.UpCheckResource registered in SERVER runtime does not implement any provider interfaces applicable in the SERVER runtime. Due to constraint configuration problems the provider com.quorum.tessera.api.common.UpCheckResource will be ignored. 
2021-11-21 15:01:50.727 [main] WARN  o.g.jersey.internal.inject.Providers - A provider com.quorum.tessera.p2p.PrivacyGroupResource registered in SERVER runtime does not implement any provider interfaces applicable in the SERVER runtime. Due to constraint configuration problems the provider com.quorum.tessera.p2p.PrivacyGroupResource will be ignored. 
2021-11-21 15:01:50.727 [main] WARN  o.g.jersey.internal.inject.Providers - A provider com.quorum.tessera.p2p.PartyInfoResource registered in SERVER runtime does not implement any provider interfaces applicable in the SERVER runtime. Due to constraint configuration problems the provider com.quorum.tessera.p2p.PartyInfoResource will be ignored. 
2021-11-21 15:01:50.727 [main] WARN  o.g.jersey.internal.inject.Providers - A provider com.quorum.tessera.p2p.TransactionResource registered in SERVER runtime does not implement any provider interfaces applicable in the SERVER runtime. Due to constraint configuration problems the provider com.quorum.tessera.p2p.TransactionResource will be ignored. 
2021-11-21 15:01:50.900 [main] INFO  o.e.j.server.handler.ContextHandler - Started o.e.j.s.ServletContextHandler@2178d296{/,null,AVAILABLE}
2021-11-21 15:01:50.905 [main] INFO  o.e.jetty.server.AbstractConnector - Started ServerConnector@1018f702{HTTP/1.1, (http/1.1)}{0.0.0.0:9002}
2021-11-21 15:01:50.905 [main] INFO  org.eclipse.jetty.server.Server - Started @16756ms
2021-11-21 15:01:50.905 [main] INFO  c.quorum.tessera.server.JerseyServer - Started http://127.0.0.1:9002
2021-11-21 15:01:50.905 [main] INFO  c.quorum.tessera.server.JerseyServer - WADL http://127.0.0.1:9002/application.wadl
2021-11-21 15:01:52.080 [pool-2-thread-1] INFO  c.q.t.p.p.PartyInfoBroadcaster - Started PartyInfo polling round
2021-11-21 15:01:52.082 [pool-2-thread-1] INFO  c.q.t.p.p.PartyInfoBroadcaster - Finished PartyInfo polling round
2021-11-21 15:01:53.878 [qtp354230638-52] INFO  c.q.t.api.common.UpCheckResource - Enter Request : GET : /upcheck
2021-11-21 15:01:53.879 [qtp354230638-52] INFO  c.q.t.api.common.UpCheckResource - GET upcheck
2021-11-21 15:01:53.899 [qtp354230638-52] INFO  c.q.t.api.common.UpCheckResource - Exit Request : GET : /upcheck
2021-11-21 15:01:53.899 [qtp354230638-52] INFO  c.q.t.api.common.UpCheckResource - Response for upcheck : 200 OK
2021-11-21 15:01:57.083 [pool-2-thread-1] INFO  c.q.t.p.p.PartyInfoBroadcaster - Started PartyInfo polling round
2021-11-21 15:01:57.085 [pool-2-thread-1] INFO  c.q.t.p.p.PartyInfoBroadcaster - Finished PartyInfo polling round
2021-11-21 15:01:59.181 [qtp41644548-38] INFO  c.q.t.api.common.UpCheckResource - Enter Request : GET : /upcheck
2021-11-21 15:01:59.182 [qtp41644548-38] INFO  c.q.t.api.common.UpCheckResource - GET upcheck
2021-11-21 15:01:59.183 [qtp41644548-38] INFO  c.q.t.api.common.UpCheckResource - Exit Request : GET : /upcheck
2021-11-21 15:01:59.183 [qtp41644548-38] INFO  c.q.t.api.common.UpCheckResource - Response for upcheck : 200 OK
2021-11-21 15:01:59.196 [qtp41644548-35] INFO  c.q.t.api.common.VersionResource - Enter Request : GET : /version
2021-11-21 15:01:59.198 [qtp41644548-35] INFO  c.q.t.api.common.VersionResource - Exit Request : GET : /version
2021-11-21 15:01:59.198 [qtp41644548-35] INFO  c.q.t.api.common.VersionResource - Response for version : 200 OK
2021-11-21 15:01:59.208 [qtp41644548-35] INFO  c.q.t.api.common.VersionResource - Enter Request : GET : /version/api
2021-11-21 15:01:59.215 [qtp41644548-35] INFO  c.q.t.api.common.VersionResource - Exit Request : GET : /version/api
2021-11-21 15:01:59.215 [qtp41644548-35] INFO  c.q.t.api.common.VersionResource - Response for version/api : 200 OK
2021-11-21 15:02:02.085 [pool-2-thread-1] INFO  c.q.t.p.p.PartyInfoBroadcaster - Started PartyInfo polling round
2021-11-21 15:02:02.087 [pool-2-thread-1] INFO  c.q.t.p.p.PartyInfoBroadcaster - Finished PartyInfo polling round
2021-11-21 15:02:07.087 [pool-2-thread-1] INFO  c.q.t.p.p.PartyInfoBroadcaster - Started PartyInfo polling round
2021-11-21 15:02:07.089 [pool-2-thread-1] INFO  c.q.t.p.p.PartyInfoBroadcaster - Finished PartyInfo polling round
2021-11-21 15:02:12.089 [pool-2-thread-1] INFO  c.q.t.p.p.PartyInfoBroadcaster - Started PartyInfo polling round
2021-11-21 15:02:12.091 [pool-2-thread-1] INFO  c.q.t.p.p.PartyInfoBroadcaster - Finished PartyInfo polling round
2021-11-21 15:02:17.091 [pool-2-thread-1] INFO  c.q.t.p.p.PartyInfoBroadcaster - Started PartyInfo polling round
2021-11-21 15:02:17.094 [pool-2-thread-1] INFO  c.q.t.p.p.PartyInfoBroadcaster - Finished PartyInfo polling round
2021-11-21 15:02:22.094 [pool-2-thread-1] INFO  c.q.t.p.p.PartyInfoBroadcaster - Started PartyInfo polling round
2021-11-21 15:02:22.095 [pool-2-thread-1] INFO  c.q.t.p.p.PartyInfoBroadcaster - Finished PartyInfo polling round
2021-11-21 15:02:27.096 [pool-2-thread-1] INFO  c.q.t.p.p.PartyInfoBroadcaster - Started PartyInfo polling round
2021-11-21 15:02:27.098 [pool-2-thread-1] INFO  c.q.t.p.p.PartyInfoBroadcaster - Finished PartyInfo polling round
2021-11-21 15:02:32.098 [pool-2-thread-1] INFO  c.q.t.p.p.PartyInfoBroadcaster - Started PartyInfo polling round
2021-11-21 15:02:32.100 [pool-2-thread-1] INFO  c.q.t.p.p.PartyInfoBroadcaster - Finished PartyInfo polling round
2021-11-21 15:02:37.101 [pool-2-thread-1] INFO  c.q.t.p.p.PartyInfoBroadcaster - Started PartyInfo polling round
2021-11-21 15:02:37.102 [pool-2-thread-1] INFO  c.q.t.p.p.PartyInfoBroadcaster - Finished PartyInfo polling round
2021-11-21 15:02:42.102 [pool-2-thread-1] INFO  c.q.t.p.p.PartyInfoBroadcaster - Started PartyInfo polling round
2021-11-21 15:02:42.104 [pool-2-thread-1] INFO  c.q.t.p.p.PartyInfoBroadcaster - Finished PartyInfo polling round
2021-11-21 15:02:47.104 [pool-2-thread-1] INFO  c.q.t.p.p.PartyInfoBroadcaster - Started PartyInfo polling round
2021-11-21 15:02:47.106 [pool-2-thread-1] INFO  c.q.t.p.p.PartyInfoBroadcaster - Finished PartyInfo polling round
2021-11-21 15:02:52.106 [pool-2-thread-1] INFO  c.q.t.p.p.PartyInfoBroadcaster - Started PartyInfo polling round
2021-11-21 15:02:52.108 [pool-2-thread-1] INFO  c.q.t.p.p.PartyInfoBroadcaster - Finished PartyInfo polling round
2021-11-21 15:02:57.108 [pool-2-thread-1] INFO  c.q.t.p.p.PartyInfoBroadcaster - Started PartyInfo polling round
2021-11-21 15:02:57.109 [pool-2-thread-1] INFO  c.q.t.p.p.PartyInfoBroadcaster - Finished PartyInfo polling round
2021-11-21 15:03:02.110 [pool-2-thread-1] INFO  c.q.t.p.p.PartyInfoBroadcaster - Started PartyInfo polling round
2021-11-21 15:03:02.112 [pool-2-thread-1] INFO  c.q.t.p.p.PartyInfoBroadcaster - Finished PartyInfo polling round
2021-11-21 15:03:07.113 [pool-2-thread-1] INFO  c.q.t.p.p.PartyInfoBroadcaster - Started PartyInfo polling round
2021-11-21 15:03:07.119 [pool-2-thread-1] INFO  c.q.t.p.p.PartyInfoBroadcaster - Finished PartyInfo polling round
2021-11-21 15:03:12.125 [pool-2-thread-1] INFO  c.q.t.p.p.PartyInfoBroadcaster - Started PartyInfo polling round
2021-11-21 15:03:12.127 [pool-2-thread-1] INFO  c.q.t.p.p.PartyInfoBroadcaster - Finished PartyInfo polling round
2021-11-21 15:03:17.128 [pool-2-thread-1] INFO  c.q.t.p.p.PartyInfoBroadcaster - Started PartyInfo polling round
2021-11-21 15:03:17.129 [pool-2-thread-1] INFO  c.q.t.p.p.PartyInfoBroadcaster - Finished PartyInfo polling round
2021-11-21 15:03:22.129 [pool-2-thread-1] INFO  c.q.t.p.p.PartyInfoBroadcaster - Started PartyInfo polling round
2021-11-21 15:03:22.131 [pool-2-thread-1] INFO  c.q.t.p.p.PartyInfoBroadcaster - Finished PartyInfo polling round
2021-11-21 15:03:27.132 [pool-2-thread-1] INFO  c.q.t.p.p.PartyInfoBroadcaster - Started PartyInfo polling round
2021-11-21 15:03:27.133 [pool-2-thread-1] INFO  c.q.t.p.p.PartyInfoBroadcaster - Finished PartyInfo polling round
2021-11-21 15:03:32.133 [pool-2-thread-1] INFO  c.q.t.p.p.PartyInfoBroadcaster - Started PartyInfo polling round
2021-11-21 15:03:32.135 [pool-2-thread-1] INFO  c.q.t.p.p.PartyInfoBroadcaster - Finished PartyInfo polling round
2021-11-21 15:03:37.136 [pool-2-thread-1] INFO  c.q.t.p.p.PartyInfoBroadcaster - Started PartyInfo polling round
2021-11-21 15:03:37.137 [pool-2-thread-1] INFO  c.q.t.p.p.PartyInfoBroadcaster - Finished PartyInfo polling round
2021-11-21 15:03:42.138 [pool-2-thread-1] INFO  c.q.t.p.p.PartyInfoBroadcaster - Started PartyInfo polling round
2021-11-21 15:03:42.140 [pool-2-thread-1] INFO  c.q.t.p.p.PartyInfoBroadcaster - Finished PartyInfo polling round
2021-11-21 15:03:47.140 [pool-2-thread-1] INFO  c.q.t.p.p.PartyInfoBroadcaster - Started PartyInfo polling round
2021-11-21 15:03:47.141 [pool-2-thread-1] INFO  c.q.t.p.p.PartyInfoBroadcaster - Finished PartyInfo polling round
2021-11-21 15:03:52.147 [pool-2-thread-1] INFO  c.q.t.p.p.PartyInfoBroadcaster - Started PartyInfo polling round
2021-11-21 15:03:52.149 [pool-2-thread-1] INFO  c.q.t.p.p.PartyInfoBroadcaster - Finished PartyInfo polling round
2021-11-21 15:03:57.149 [pool-2-thread-1] INFO  c.q.t.p.p.PartyInfoBroadcaster - Started PartyInfo polling round
2021-11-21 15:03:57.150 [pool-2-thread-1] INFO  c.q.t.p.p.PartyInfoBroadcaster - Finished PartyInfo polling round
2021-11-21 15:04:02.150 [pool-2-thread-1] INFO  c.q.t.p.p.PartyInfoBroadcaster - Started PartyInfo polling round
2021-11-21 15:04:02.152 [pool-2-thread-1] INFO  c.q.t.p.p.PartyInfoBroadcaster - Finished PartyInfo polling round
2021-11-21 15:04:07.153 [pool-2-thread-1] INFO  c.q.t.p.p.PartyInfoBroadcaster - Started PartyInfo polling round
2021-11-21 15:04:07.155 [pool-2-thread-1] INFO  c.q.t.p.p.PartyInfoBroadcaster - Finished PartyInfo polling round
2021-11-21 15:04:12.157 [pool-2-thread-1] INFO  c.q.t.p.p.PartyInfoBroadcaster - Started PartyInfo polling round
2021-11-21 15:04:12.158 [pool-2-thread-1] INFO  c.q.t.p.p.PartyInfoBroadcaster - Finished PartyInfo polling round
2021-11-21 15:04:17.159 [pool-2-thread-1] INFO  c.q.t.p.p.PartyInfoBroadcaster - Started PartyInfo polling round
2021-11-21 15:04:17.160 [pool-2-thread-1] INFO  c.q.t.p.p.PartyInfoBroadcaster - Finished PartyInfo polling round
2021-11-21 15:04:22.160 [pool-2-thread-1] INFO  c.q.t.p.p.PartyInfoBroadcaster - Started PartyInfo polling round
2021-11-21 15:04:22.172 [pool-2-thread-1] INFO  c.q.t.p.p.PartyInfoBroadcaster - Finished PartyInfo polling round
2021-11-21 15:04:27.173 [pool-2-thread-1] INFO  c.q.t.p.p.PartyInfoBroadcaster - Started PartyInfo polling round
2021-11-21 15:04:27.174 [pool-2-thread-1] INFO  c.q.t.p.p.PartyInfoBroadcaster - Finished PartyInfo polling round
2021-11-21 15:04:32.174 [pool-2-thread-1] INFO  c.q.t.p.p.PartyInfoBroadcaster - Started PartyInfo polling round
2021-11-21 15:04:32.176 [pool-2-thread-1] INFO  c.q.t.p.p.PartyInfoBroadcaster - Finished PartyInfo polling round
2021-11-21 15:04:37.176 [pool-2-thread-1] INFO  c.q.t.p.p.PartyInfoBroadcaster - Started PartyInfo polling round
2021-11-21 15:04:37.178 [pool-2-thread-1] INFO  c.q.t.p.p.PartyInfoBroadcaster - Finished PartyInfo polling round
2021-11-21 15:04:42.190 [pool-2-thread-1] INFO  c.q.t.p.p.PartyInfoBroadcaster - Started PartyInfo polling round
2021-11-21 15:04:42.191 [pool-2-thread-1] INFO  c.q.t.p.p.PartyInfoBroadcaster - Finished PartyInfo polling round
2021-11-21 15:04:47.192 [pool-2-thread-1] INFO  c.q.t.p.p.PartyInfoBroadcaster - Started PartyInfo polling round
2021-11-21 15:04:47.194 [pool-2-thread-1] INFO  c.q.t.p.p.PartyInfoBroadcaster - Finished PartyInfo polling round
2021-11-21 15:04:52.194 [pool-2-thread-1] INFO  c.q.t.p.p.PartyInfoBroadcaster - Started PartyInfo polling round
2021-11-21 15:04:52.196 [pool-2-thread-1] INFO  c.q.t.p.p.PartyInfoBroadcaster - Finished PartyInfo polling round
2021-11-21 15:04:57.197 [pool-2-thread-1] INFO  c.q.t.p.p.PartyInfoBroadcaster - Started PartyInfo polling round
2021-11-21 15:04:57.199 [pool-2-thread-1] INFO  c.q.t.p.p.PartyInfoBroadcaster - Finished PartyInfo polling round
2021-11-21 15:05:02.200 [pool-2-thread-1] INFO  c.q.t.p.p.PartyInfoBroadcaster - Started PartyInfo polling round
2021-11-21 15:05:02.206 [pool-2-thread-1] INFO  c.q.t.p.p.PartyInfoBroadcaster - Finished PartyInfo polling round
2021-11-21 15:05:07.208 [pool-2-thread-1] INFO  c.q.t.p.p.PartyInfoBroadcaster - Started PartyInfo polling round
2021-11-21 15:05:07.209 [pool-2-thread-1] INFO  c.q.t.p.p.PartyInfoBroadcaster - Finished PartyInfo polling round
2021-11-21 15:05:12.212 [pool-2-thread-1] INFO  c.q.t.p.p.PartyInfoBroadcaster - Started PartyInfo polling round
2021-11-21 15:05:12.213 [pool-2-thread-1] INFO  c.q.t.p.p.PartyInfoBroadcaster - Finished PartyInfo polling round
2021-11-21 15:05:17.213 [pool-2-thread-1] INFO  c.q.t.p.p.PartyInfoBroadcaster - Started PartyInfo polling round
2021-11-21 15:05:17.215 [pool-2-thread-1] INFO  c.q.t.p.p.PartyInfoBroadcaster - Finished PartyInfo polling round
2021-11-21 15:05:22.215 [pool-2-thread-1] INFO  c.q.t.p.p.PartyInfoBroadcaster - Started PartyInfo polling round
2021-11-21 15:05:22.222 [pool-2-thread-1] INFO  c.q.t.p.p.PartyInfoBroadcaster - Finished PartyInfo polling round
2021-11-21 15:05:27.225 [pool-2-thread-1] INFO  c.q.t.p.p.PartyInfoBroadcaster - Started PartyInfo polling round
2021-11-21 15:05:27.227 [pool-2-thread-1] INFO  c.q.t.p.p.PartyInfoBroadcaster - Finished PartyInfo polling round
2021-11-21 15:05:32.227 [pool-2-thread-1] INFO  c.q.t.p.p.PartyInfoBroadcaster - Started PartyInfo polling round
2021-11-21 15:05:32.234 [pool-2-thread-1] INFO  c.q.t.p.p.PartyInfoBroadcaster - Finished PartyInfo polling round
2021-11-21 15:05:37.234 [pool-2-thread-1] INFO  c.q.t.p.p.PartyInfoBroadcaster - Started PartyInfo polling round
2021-11-21 15:05:37.236 [pool-2-thread-1] INFO  c.q.t.p.p.PartyInfoBroadcaster - Finished PartyInfo polling round
2021-11-21 15:05:42.237 [pool-2-thread-1] INFO  c.q.t.p.p.PartyInfoBroadcaster - Started PartyInfo polling round
2021-11-21 15:05:42.239 [pool-2-thread-1] INFO  c.q.t.p.p.PartyInfoBroadcaster - Finished PartyInfo polling round
2021-11-21 15:05:47.240 [pool-2-thread-1] INFO  c.q.t.p.p.PartyInfoBroadcaster - Started PartyInfo polling round
2021-11-21 15:05:47.248 [pool-2-thread-1] INFO  c.q.t.p.p.PartyInfoBroadcaster - Finished PartyInfo polling round
2021-11-21 15:05:52.248 [pool-2-thread-1] INFO  c.q.t.p.p.PartyInfoBroadcaster - Started PartyInfo polling round
2021-11-21 15:05:52.255 [pool-2-thread-1] INFO  c.q.t.p.p.PartyInfoBroadcaster - Finished PartyInfo polling round
2021-11-21 15:05:57.255 [pool-2-thread-1] INFO  c.q.t.p.p.PartyInfoBroadcaster - Started PartyInfo polling round
2021-11-21 15:05:57.258 [pool-2-thread-1] INFO  c.q.t.p.p.PartyInfoBroadcaster - Finished PartyInfo polling round
2021-11-21 15:06:02.259 [pool-2-thread-1] INFO  c.q.t.p.p.PartyInfoBroadcaster - Started PartyInfo polling round
2021-11-21 15:06:02.261 [pool-2-thread-1] INFO  c.q.t.p.p.PartyInfoBroadcaster - Finished PartyInfo polling round
2021-11-21 15:06:07.263 [pool-2-thread-1] INFO  c.q.t.p.p.PartyInfoBroadcaster - Started PartyInfo polling round
2021-11-21 15:06:07.265 [pool-2-thread-1] INFO  c.q.t.p.p.PartyInfoBroadcaster - Finished PartyInfo polling round
2021-11-21 15:06:12.265 [pool-2-thread-1] INFO  c.q.t.p.p.PartyInfoBroadcaster - Started PartyInfo polling round
2021-11-21 15:06:12.267 [pool-2-thread-1] INFO  c.q.t.p.p.PartyInfoBroadcaster - Finished PartyInfo polling round
2021-11-21 15:06:17.268 [pool-2-thread-1] INFO  c.q.t.p.p.PartyInfoBroadcaster - Started PartyInfo polling round
2021-11-21 15:06:17.269 [pool-2-thread-1] INFO  c.q.t.p.p.PartyInfoBroadcaster - Finished PartyInfo polling round
2021-11-21 15:06:22.269 [pool-2-thread-1] INFO  c.q.t.p.p.PartyInfoBroadcaster - Started PartyInfo polling round
2021-11-21 15:06:22.271 [pool-2-thread-1] INFO  c.q.t.p.p.PartyInfoBroadcaster - Finished PartyInfo polling round
2021-11-21 15:06:27.272 [pool-2-thread-1] INFO  c.q.t.p.p.PartyInfoBroadcaster - Started PartyInfo polling round
2021-11-21 15:06:27.274 [pool-2-thread-1] INFO  c.q.t.p.p.PartyInfoBroadcaster - Finished PartyInfo polling round
2021-11-21 15:06:32.275 [pool-2-thread-1] INFO  c.q.t.p.p.PartyInfoBroadcaster - Started PartyInfo polling round
2021-11-21 15:06:32.276 [pool-2-thread-1] INFO  c.q.t.p.p.PartyInfoBroadcaster - Finished PartyInfo polling round
2021-11-21 15:06:37.277 [pool-2-thread-1] INFO  c.q.t.p.p.PartyInfoBroadcaster - Started PartyInfo polling round
2021-11-21 15:06:37.278 [pool-2-thread-1] INFO  c.q.t.p.p.PartyInfoBroadcaster - Finished PartyInfo polling round
2021-11-21 15:06:42.278 [pool-2-thread-1] INFO  c.q.t.p.p.PartyInfoBroadcaster - Started PartyInfo polling round
2021-11-21 15:06:42.279 [pool-2-thread-1] INFO  c.q.t.p.p.PartyInfoBroadcaster - Finished PartyInfo polling round
2021-11-21 15:06:47.280 [pool-2-thread-1] INFO  c.q.t.p.p.PartyInfoBroadcaster - Started PartyInfo polling round
2021-11-21 15:06:47.282 [pool-2-thread-1] INFO  c.q.t.p.p.PartyInfoBroadcaster - Finished PartyInfo polling round
2021-11-21 15:06:52.282 [pool-2-thread-1] INFO  c.q.t.p.p.PartyInfoBroadcaster - Started PartyInfo polling round
2021-11-21 15:06:52.283 [pool-2-thread-1] INFO  c.q.t.p.p.PartyInfoBroadcaster - Finished PartyInfo polling round
2021-11-21 15:06:57.285 [pool-2-thread-1] INFO  c.q.t.p.p.PartyInfoBroadcaster - Started PartyInfo polling round
2021-11-21 15:06:57.289 [pool-2-thread-1] INFO  c.q.t.p.p.PartyInfoBroadcaster - Finished PartyInfo polling round
2021-11-21 15:07:02.290 [pool-2-thread-1] INFO  c.q.t.p.p.PartyInfoBroadcaster - Started PartyInfo polling round
2021-11-21 15:07:02.292 [pool-2-thread-1] INFO  c.q.t.p.p.PartyInfoBroadcaster - Finished PartyInfo polling round
2021-11-21 15:07:07.293 [pool-2-thread-1] INFO  c.q.t.p.p.PartyInfoBroadcaster - Started PartyInfo polling round
2021-11-21 15:07:07.296 [pool-2-thread-1] INFO  c.q.t.p.p.PartyInfoBroadcaster - Finished PartyInfo polling round
2021-11-21 15:07:12.296 [pool-2-thread-1] INFO  c.q.t.p.p.PartyInfoBroadcaster - Started PartyInfo polling round
2021-11-21 15:07:12.298 [pool-2-thread-1] INFO  c.q.t.p.p.PartyInfoBroadcaster - Finished PartyInfo polling round
2021-11-21 15:07:17.299 [pool-2-thread-1] INFO  c.q.t.p.p.PartyInfoBroadcaster - Started PartyInfo polling round
2021-11-21 15:07:17.300 [pool-2-thread-1] INFO  c.q.t.p.p.PartyInfoBroadcaster - Finished PartyInfo polling round
2021-11-21 15:07:22.300 [pool-2-thread-1] INFO  c.q.t.p.p.PartyInfoBroadcaster - Started PartyInfo polling round
2021-11-21 15:07:22.302 [pool-2-thread-1] INFO  c.q.t.p.p.PartyInfoBroadcaster - Finished PartyInfo polling round
2021-11-21 15:07:27.302 [pool-2-thread-1] INFO  c.q.t.p.p.PartyInfoBroadcaster - Started PartyInfo polling round
2021-11-21 15:07:27.304 [pool-2-thread-1] INFO  c.q.t.p.p.PartyInfoBroadcaster - Finished PartyInfo polling round
2021-11-21 15:07:32.305 [pool-2-thread-1] INFO  c.q.t.p.p.PartyInfoBroadcaster - Started PartyInfo polling round
2021-11-21 15:07:32.306 [pool-2-thread-1] INFO  c.q.t.p.p.PartyInfoBroadcaster - Finished PartyInfo polling round
2021-11-21 15:07:37.306 [pool-2-thread-1] INFO  c.q.t.p.p.PartyInfoBroadcaster - Started PartyInfo polling round
2021-11-21 15:07:37.314 [pool-2-thread-1] INFO  c.q.t.p.p.PartyInfoBroadcaster - Finished PartyInfo polling round
2021-11-21 15:07:42.314 [pool-2-thread-1] INFO  c.q.t.p.p.PartyInfoBroadcaster - Started PartyInfo polling round
2021-11-21 15:07:42.315 [pool-2-thread-1] INFO  c.q.t.p.p.PartyInfoBroadcaster - Finished PartyInfo polling round
2021-11-21 15:07:47.317 [pool-2-thread-1] INFO  c.q.t.p.p.PartyInfoBroadcaster - Started PartyInfo polling round
2021-11-21 15:07:47.319 [pool-2-thread-1] INFO  c.q.t.p.p.PartyInfoBroadcaster - Finished PartyInfo polling round
2021-11-21 15:07:52.320 [pool-2-thread-1] INFO  c.q.t.p.p.PartyInfoBroadcaster - Started PartyInfo polling round
2021-11-21 15:07:52.322 [pool-2-thread-1] INFO  c.q.t.p.p.PartyInfoBroadcaster - Finished PartyInfo polling round
2021-11-21 15:07:57.325 [pool-2-thread-1] INFO  c.q.t.p.p.PartyInfoBroadcaster - Started PartyInfo polling round
2021-11-21 15:07:57.327 [pool-2-thread-1] INFO  c.q.t.p.p.PartyInfoBroadcaster - Finished PartyInfo polling round
2021-11-21 15:08:02.328 [pool-2-thread-1] INFO  c.q.t.p.p.PartyInfoBroadcaster - Started PartyInfo polling round
2021-11-21 15:08:02.329 [pool-2-thread-1] INFO  c.q.t.p.p.PartyInfoBroadcaster - Finished PartyInfo polling round
2021-11-21 15:08:07.330 [pool-2-thread-1] INFO  c.q.t.p.p.PartyInfoBroadcaster - Started PartyInfo polling round
2021-11-21 15:08:07.330 [pool-2-thread-1] INFO  c.q.t.p.p.PartyInfoBroadcaster - Finished PartyInfo polling round
2021-11-21 15:08:12.334 [pool-2-thread-1] INFO  c.q.t.p.p.PartyInfoBroadcaster - Started PartyInfo polling round
2021-11-21 15:08:12.336 [pool-2-thread-1] INFO  c.q.t.p.p.PartyInfoBroadcaster - Finished PartyInfo polling round
2021-11-21 15:08:17.336 [pool-2-thread-1] INFO  c.q.t.p.p.PartyInfoBroadcaster - Started PartyInfo polling round
2021-11-21 15:08:17.338 [pool-2-thread-1] INFO  c.q.t.p.p.PartyInfoBroadcaster - Finished PartyInfo polling round
2021-11-21 15:08:22.338 [pool-2-thread-1] INFO  c.q.t.p.p.PartyInfoBroadcaster - Started PartyInfo polling round
2021-11-21 15:08:22.339 [pool-2-thread-1] INFO  c.q.t.p.p.PartyInfoBroadcaster - Finished PartyInfo polling round
2021-11-21 15:08:27.342 [pool-2-thread-1] INFO  c.q.t.p.p.PartyInfoBroadcaster - Started PartyInfo polling round
2021-11-21 15:08:27.344 [pool-2-thread-1] INFO  c.q.t.p.p.PartyInfoBroadcaster - Finished PartyInfo polling round
2021-11-21 15:08:32.345 [pool-2-thread-1] INFO  c.q.t.p.p.PartyInfoBroadcaster - Started PartyInfo polling round
2021-11-21 15:08:32.347 [pool-2-thread-1] INFO  c.q.t.p.p.PartyInfoBroadcaster - Finished PartyInfo polling round
2021-11-21 15:08:37.347 [pool-2-thread-1] INFO  c.q.t.p.p.PartyInfoBroadcaster - Started PartyInfo polling round
2021-11-21 15:08:37.349 [pool-2-thread-1] INFO  c.q.t.p.p.PartyInfoBroadcaster - Finished PartyInfo polling round
2021-11-21 15:08:42.350 [pool-2-thread-1] INFO  c.q.t.p.p.PartyInfoBroadcaster - Started PartyInfo polling round
2021-11-21 15:08:42.352 [pool-2-thread-1] INFO  c.q.t.p.p.PartyInfoBroadcaster - Finished PartyInfo polling round
2021-11-21 15:08:47.352 [pool-2-thread-1] INFO  c.q.t.p.p.PartyInfoBroadcaster - Started PartyInfo polling round
2021-11-21 15:08:47.353 [pool-2-thread-1] INFO  c.q.t.p.p.PartyInfoBroadcaster - Finished PartyInfo polling round
2021-11-21 15:08:52.353 [pool-2-thread-1] INFO  c.q.t.p.p.PartyInfoBroadcaster - Started PartyInfo polling round
2021-11-21 15:08:52.354 [pool-2-thread-1] INFO  c.q.t.p.p.PartyInfoBroadcaster - Finished PartyInfo polling round
2021-11-21 15:08:57.354 [pool-2-thread-1] INFO  c.q.t.p.p.PartyInfoBroadcaster - Started PartyInfo polling round
2021-11-21 15:08:57.355 [pool-2-thread-1] INFO  c.q.t.p.p.PartyInfoBroadcaster - Finished PartyInfo polling round
2021-11-21 15:09:02.357 [pool-2-thread-1] INFO  c.q.t.p.p.PartyInfoBroadcaster - Started PartyInfo polling round
2021-11-21 15:09:02.358 [pool-2-thread-1] INFO  c.q.t.p.p.PartyInfoBroadcaster - Finished PartyInfo polling round
2021-11-21 15:09:07.359 [pool-2-thread-1] INFO  c.q.t.p.p.PartyInfoBroadcaster - Started PartyInfo polling round
2021-11-21 15:09:07.360 [pool-2-thread-1] INFO  c.q.t.p.p.PartyInfoBroadcaster - Finished PartyInfo polling round
2021-11-21 15:09:12.360 [pool-2-thread-1] INFO  c.q.t.p.p.PartyInfoBroadcaster - Started PartyInfo polling round
2021-11-21 15:09:12.361 [pool-2-thread-1] INFO  c.q.t.p.p.PartyInfoBroadcaster - Finished PartyInfo polling round
2021-11-21 15:09:17.363 [pool-2-thread-1] INFO  c.q.t.p.p.PartyInfoBroadcaster - Started PartyInfo polling round
2021-11-21 15:09:17.365 [pool-2-thread-1] INFO  c.q.t.p.p.PartyInfoBroadcaster - Finished PartyInfo polling round
2021-11-21 15:09:22.367 [pool-2-thread-1] INFO  c.q.t.p.p.PartyInfoBroadcaster - Started PartyInfo polling round
2021-11-21 15:09:22.368 [pool-2-thread-1] INFO  c.q.t.p.p.PartyInfoBroadcaster - Finished PartyInfo polling round
2021-11-21 15:09:27.369 [pool-2-thread-1] INFO  c.q.t.p.p.PartyInfoBroadcaster - Started PartyInfo polling round
2021-11-21 15:09:27.370 [pool-2-thread-1] INFO  c.q.t.p.p.PartyInfoBroadcaster - Finished PartyInfo polling round
2021-11-21 15:09:32.370 [pool-2-thread-1] INFO  c.q.t.p.p.PartyInfoBroadcaster - Started PartyInfo polling round
2021-11-21 15:09:32.371 [pool-2-thread-1] INFO  c.q.t.p.p.PartyInfoBroadcaster - Finished PartyInfo polling round
2021-11-21 15:09:37.372 [pool-2-thread-1] INFO  c.q.t.p.p.PartyInfoBroadcaster - Started PartyInfo polling round
2021-11-21 15:09:37.374 [pool-2-thread-1] INFO  c.q.t.p.p.PartyInfoBroadcaster - Finished PartyInfo polling round
2021-11-21 15:09:42.375 [pool-2-thread-1] INFO  c.q.t.p.p.PartyInfoBroadcaster - Started PartyInfo polling round
2021-11-21 15:09:42.376 [pool-2-thread-1] INFO  c.q.t.p.p.PartyInfoBroadcaster - Finished PartyInfo polling round
2021-11-21 15:09:47.378 [pool-2-thread-1] INFO  c.q.t.p.p.PartyInfoBroadcaster - Started PartyInfo polling round
2021-11-21 15:09:47.378 [pool-2-thread-1] INFO  c.q.t.p.p.PartyInfoBroadcaster - Finished PartyInfo polling round
2021-11-21 15:09:52.379 [pool-2-thread-1] INFO  c.q.t.p.p.PartyInfoBroadcaster - Started PartyInfo polling round
2021-11-21 15:09:52.382 [pool-2-thread-1] INFO  c.q.t.p.p.PartyInfoBroadcaster - Finished PartyInfo polling round
2021-11-21 15:09:57.383 [pool-2-thread-1] INFO  c.q.t.p.p.PartyInfoBroadcaster - Started PartyInfo polling round
2021-11-21 15:09:57.387 [pool-2-thread-1] INFO  c.q.t.p.p.PartyInfoBroadcaster - Finished PartyInfo polling round
2021-11-21 15:10:02.388 [pool-2-thread-1] INFO  c.q.t.p.p.PartyInfoBroadcaster - Started PartyInfo polling round
2021-11-21 15:10:02.391 [pool-2-thread-1] INFO  c.q.t.p.p.PartyInfoBroadcaster - Finished PartyInfo polling round
2021-11-21 15:10:07.393 [pool-2-thread-1] INFO  c.q.t.p.p.PartyInfoBroadcaster - Started PartyInfo polling round
2021-11-21 15:10:07.394 [pool-2-thread-1] INFO  c.q.t.p.p.PartyInfoBroadcaster - Finished PartyInfo polling round
2021-11-21 15:10:12.395 [pool-2-thread-1] INFO  c.q.t.p.p.PartyInfoBroadcaster - Started PartyInfo polling round
2021-11-21 15:10:12.396 [pool-2-thread-1] INFO  c.q.t.p.p.PartyInfoBroadcaster - Finished PartyInfo polling round
2021-11-21 15:10:17.397 [pool-2-thread-1] INFO  c.q.t.p.p.PartyInfoBroadcaster - Started PartyInfo polling round
2021-11-21 15:10:17.399 [pool-2-thread-1] INFO  c.q.t.p.p.PartyInfoBroadcaster - Finished PartyInfo polling round
2021-11-21 15:10:22.399 [pool-2-thread-1] INFO  c.q.t.p.p.PartyInfoBroadcaster - Started PartyInfo polling round
2021-11-21 15:10:22.401 [pool-2-thread-1] INFO  c.q.t.p.p.PartyInfoBroadcaster - Finished PartyInfo polling round
2021-11-21 15:10:27.403 [pool-2-thread-1] INFO  c.q.t.p.p.PartyInfoBroadcaster - Started PartyInfo polling round
2021-11-21 15:10:27.404 [pool-2-thread-1] INFO  c.q.t.p.p.PartyInfoBroadcaster - Finished PartyInfo polling round
2021-11-21 15:10:32.404 [pool-2-thread-1] INFO  c.q.t.p.p.PartyInfoBroadcaster - Started PartyInfo polling round
2021-11-21 15:10:32.408 [pool-2-thread-1] INFO  c.q.t.p.p.PartyInfoBroadcaster - Finished PartyInfo polling round
2021-11-21 15:10:37.410 [pool-2-thread-1] INFO  c.q.t.p.p.PartyInfoBroadcaster - Started PartyInfo polling round
2021-11-21 15:10:37.412 [pool-2-thread-1] INFO  c.q.t.p.p.PartyInfoBroadcaster - Finished PartyInfo polling round
2021-11-21 15:10:42.412 [pool-2-thread-1] INFO  c.q.t.p.p.PartyInfoBroadcaster - Started PartyInfo polling round
2021-11-21 15:10:42.414 [pool-2-thread-1] INFO  c.q.t.p.p.PartyInfoBroadcaster - Finished PartyInfo polling round
2021-11-21 15:10:47.414 [pool-2-thread-1] INFO  c.q.t.p.p.PartyInfoBroadcaster - Started PartyInfo polling round
2021-11-21 15:10:47.415 [pool-2-thread-1] INFO  c.q.t.p.p.PartyInfoBroadcaster - Finished PartyInfo polling round
2021-11-21 15:10:52.416 [pool-2-thread-1] INFO  c.q.t.p.p.PartyInfoBroadcaster - Started PartyInfo polling round
2021-11-21 15:10:52.417 [pool-2-thread-1] INFO  c.q.t.p.p.PartyInfoBroadcaster - Finished PartyInfo polling round
2021-11-21 15:10:57.417 [pool-2-thread-1] INFO  c.q.t.p.p.PartyInfoBroadcaster - Started PartyInfo polling round
2021-11-21 15:10:57.418 [pool-2-thread-1] INFO  c.q.t.p.p.PartyInfoBroadcaster - Finished PartyInfo polling round
2021-11-21 15:11:02.419 [pool-2-thread-1] INFO  c.q.t.p.p.PartyInfoBroadcaster - Started PartyInfo polling round
2021-11-21 15:11:02.420 [pool-2-thread-1] INFO  c.q.t.p.p.PartyInfoBroadcaster - Finished PartyInfo polling round
2021-11-21 15:11:07.421 [pool-2-thread-1] INFO  c.q.t.p.p.PartyInfoBroadcaster - Started PartyInfo polling round
2021-11-21 15:11:07.422 [pool-2-thread-1] INFO  c.q.t.p.p.PartyInfoBroadcaster - Finished PartyInfo polling round
2021-11-21 15:11:12.422 [pool-2-thread-1] INFO  c.q.t.p.p.PartyInfoBroadcaster - Started PartyInfo polling round
2021-11-21 15:11:12.424 [pool-2-thread-1] INFO  c.q.t.p.p.PartyInfoBroadcaster - Finished PartyInfo polling round
2021-11-21 15:11:17.427 [pool-2-thread-1] INFO  c.q.t.p.p.PartyInfoBroadcaster - Started PartyInfo polling round
2021-11-21 15:11:17.428 [pool-2-thread-1] INFO  c.q.t.p.p.PartyInfoBroadcaster - Finished PartyInfo polling round
2021-11-21 15:11:22.429 [pool-2-thread-1] INFO  c.q.t.p.p.PartyInfoBroadcaster - Started PartyInfo polling round
2021-11-21 15:11:22.430 [pool-2-thread-1] INFO  c.q.t.p.p.PartyInfoBroadcaster - Finished PartyInfo polling round
2021-11-21 15:11:27.431 [pool-2-thread-1] INFO  c.q.t.p.p.PartyInfoBroadcaster - Started PartyInfo polling round
2021-11-21 15:11:27.431 [pool-2-thread-1] INFO  c.q.t.p.p.PartyInfoBroadcaster - Finished PartyInfo polling round
2021-11-21 15:11:32.432 [pool-2-thread-1] INFO  c.q.t.p.p.PartyInfoBroadcaster - Started PartyInfo polling round
2021-11-21 15:11:32.433 [pool-2-thread-1] INFO  c.q.t.p.p.PartyInfoBroadcaster - Finished PartyInfo polling round
2021-11-21 15:11:37.435 [pool-2-thread-1] INFO  c.q.t.p.p.PartyInfoBroadcaster - Started PartyInfo polling round
2021-11-21 15:11:37.437 [pool-2-thread-1] INFO  c.q.t.p.p.PartyInfoBroadcaster - Finished PartyInfo polling round
2021-11-21 15:11:42.437 [pool-2-thread-1] INFO  c.q.t.p.p.PartyInfoBroadcaster - Started PartyInfo polling round
2021-11-21 15:11:42.439 [pool-2-thread-1] INFO  c.q.t.p.p.PartyInfoBroadcaster - Finished PartyInfo polling round
2021-11-21 15:11:46.341 [Thread-1] INFO  c.quorum.tessera.server.JerseyServer - Stopping Jersey server at http://127.0.0.1:9082
2021-11-21 15:11:46.356 [Thread-1] INFO  o.e.jetty.server.AbstractConnector - Stopped ServerConnector@4d065e1a{HTTP/1.1, (http/1.1)}{0.0.0.0:9082}
2021-11-21 15:11:46.409 [Thread-1] INFO  o.e.j.server.handler.ContextHandler - Stopped o.e.j.s.ServletContextHandler@4205d5d0{/,null,STOPPED}
2021-11-21 15:11:46.416 [Thread-1] INFO  c.quorum.tessera.server.JerseyServer - Stopped Jersey server at http://127.0.0.1:9082
2021-11-21 15:11:46.417 [Thread-1] INFO  c.quorum.tessera.server.JerseyServer - Stopping Jersey server at unix:/home/swcyb/Ticket4U/network/Ticket4U-net/qdata/c2/tm.ipc
2021-11-21 15:11:46.419 [Thread-1] INFO  o.e.jetty.server.AbstractConnector - Stopped UnixSocketConnector@2314cd97{HTTP/1.1, (http/1.1)}{/home/swcyb/Ticket4U/network/Ticket4U-net/qdata/c2/tm.ipc}
2021-11-21 15:11:46.457 [Thread-1] INFO  o.e.j.server.handler.ContextHandler - Stopped o.e.j.s.ServletContextHandler@7792e14f{/,null,STOPPED}
2021-11-21 15:11:46.467 [Thread-1] INFO  c.quorum.tessera.server.JerseyServer - Stopped Jersey server at unix:/home/swcyb/Ticket4U/network/Ticket4U-net/qdata/c2/tm.ipc
2021-11-21 15:11:46.467 [Thread-1] INFO  c.quorum.tessera.server.JerseyServer - Stopping Jersey server at http://127.0.0.1:9002
2021-11-21 15:11:46.469 [Thread-1] INFO  o.e.jetty.server.AbstractConnector - Stopped ServerConnector@1018f702{HTTP/1.1, (http/1.1)}{0.0.0.0:9002}
2021-11-21 15:11:46.474 [Thread-1] INFO  o.e.j.server.handler.ContextHandler - Stopped o.e.j.s.ServletContextHandler@2178d296{/,null,STOPPED}
2021-11-21 15:11:46.484 [Thread-1] INFO  c.quorum.tessera.server.JerseyServer - Stopped Jersey server at http://127.0.0.1:9002
