2021-11-21 15:01:37.822 [main] INFO  c.q.tessera.enclave.EnclaveFactory - Creating enclave
2021-11-21 15:01:37.824 [main] INFO  c.q.tessera.enclave.EnclaveFactory - Creating enclave server
2021-11-21 15:01:39.973 [main] INFO  c.q.t.t.TesseraScheduledExecutor - Starting PartyInfoBroadcaster
2021-11-21 15:01:39.975 [main] INFO  c.q.t.t.TesseraScheduledExecutor - Started PartyInfoBroadcaster
2021-11-21 15:01:39.979 [main] INFO  c.q.t.t.TesseraScheduledExecutor - Starting EnclaveKeySynchroniserFactory
2021-11-21 15:01:39.993 [main] INFO  c.q.t.t.TesseraScheduledExecutor - Started EnclaveKeySynchroniserFactory
2021-11-21 15:01:40.086 [main] INFO  c.q.t.config.apps.TesseraAppFactory - Loaded app com.quorum.tessera.p2p.P2PRestApp@21a46ff1
2021-11-21 15:01:40.087 [main] INFO  c.q.t.config.apps.TesseraAppFactory - Loaded app com.quorum.tessera.q2t.Q2TRestApp@27a6fef2
2021-11-21 15:01:40.153 [main] WARN  c.q.t.c.util.EncryptedStringResolver - Some sensitive values are being given as unencrypted plain text in config. Please note this is NOT recommended for production environment.
2021-11-21 15:01:40.162 [main] INFO  com.zaxxer.hikari.HikariDataSource - HikariPool-1 - Starting...
2021-11-21 15:01:40.501 [main] INFO  com.zaxxer.hikari.HikariDataSource - HikariPool-1 - Start completed.
2021-11-21 15:01:40.619 [main] ERROR eclipselink.logging.metadata - java.lang.IllegalArgumentException: Unsupported class file major version 61
2021-11-21 15:01:40.619 [main] ERROR eclipselink.logging.metadata - java.lang.ArrayIndexOutOfBoundsException: Index 8 out of bounds for length 0
2021-11-21 15:01:40.643 [main] ERROR eclipselink.logging.metadata - java.lang.IllegalArgumentException: Unsupported class file major version 61
2021-11-21 15:01:40.643 [main] ERROR eclipselink.logging.metadata - java.lang.ArrayIndexOutOfBoundsException: Index 8 out of bounds for length 0
2021-11-21 15:01:40.851 [main] INFO  eclipselink.logging.all - EclipseLink, version: Eclipse Persistence Services - 2.7.7.v20200504-69f2c2b80d
2021-11-21 15:01:41.013 [main] WARN  eclipselink.logging.ddl - Removing UNIQUE constraint definition from [ENCRYPTED_TRANSACTION.HASH] because it is also a primary key.
2021-11-21 15:01:41.024 [main] WARN  eclipselink.logging.ddl - Removing UNIQUE constraint definition from [ENCRYPTED_RAW_TRANSACTION.HASH] because it is also a primary key.
2021-11-21 15:01:41.037 [main] ERROR eclipselink.logging.metadata - java.lang.IllegalArgumentException: Unsupported class file major version 61
2021-11-21 15:01:41.037 [main] ERROR eclipselink.logging.metadata - java.lang.ArrayIndexOutOfBoundsException: Index 8 out of bounds for length 0
2021-11-21 15:01:41.042 [main] ERROR eclipselink.logging.metadata - java.lang.IllegalArgumentException: Unsupported class file major version 61
2021-11-21 15:01:41.043 [main] ERROR eclipselink.logging.metadata - java.lang.ArrayIndexOutOfBoundsException: Index 8 out of bounds for length 0
2021-11-21 15:01:41.043 [main] ERROR eclipselink.logging.metadata - java.lang.IllegalArgumentException: Unsupported class file major version 61
2021-11-21 15:01:41.043 [main] ERROR eclipselink.logging.metadata - java.lang.ArrayIndexOutOfBoundsException: Index 8 out of bounds for length 0
2021-11-21 15:01:41.044 [main] ERROR eclipselink.logging.metadata - java.lang.IllegalArgumentException: Unsupported class file major version 61
2021-11-21 15:01:41.045 [main] ERROR eclipselink.logging.metadata - java.lang.ArrayIndexOutOfBoundsException: Index 8 out of bounds for length 0
2021-11-21 15:01:41.048 [main] ERROR eclipselink.logging.metadata - java.lang.IllegalArgumentException: Unsupported class file major version 61
2021-11-21 15:01:41.049 [main] ERROR eclipselink.logging.metadata - java.lang.ArrayIndexOutOfBoundsException
2021-11-21 15:01:41.049 [main] ERROR eclipselink.logging.metadata - java.lang.IllegalArgumentException: Unsupported class file major version 61
2021-11-21 15:01:41.050 [main] ERROR eclipselink.logging.metadata - java.lang.ArrayIndexOutOfBoundsException
2021-11-21 15:01:41.050 [main] ERROR eclipselink.logging.metadata - java.lang.IllegalArgumentException: Unsupported class file major version 61
2021-11-21 15:01:41.050 [main] ERROR eclipselink.logging.metadata - java.lang.ArrayIndexOutOfBoundsException
2021-11-21 15:01:41.051 [main] ERROR eclipselink.logging.metadata - java.lang.IllegalArgumentException: Unsupported class file major version 61
2021-11-21 15:01:41.051 [main] ERROR eclipselink.logging.metadata - java.lang.ArrayIndexOutOfBoundsException
2021-11-21 15:01:41.052 [main] ERROR eclipselink.logging.metadata - java.lang.IllegalArgumentException: Unsupported class file major version 61
2021-11-21 15:01:41.052 [main] ERROR eclipselink.logging.metadata - java.lang.ArrayIndexOutOfBoundsException
2021-11-21 15:01:41.052 [main] ERROR eclipselink.logging.metadata - java.lang.IllegalArgumentException: Unsupported class file major version 61
2021-11-21 15:01:41.052 [main] ERROR eclipselink.logging.metadata - java.lang.ArrayIndexOutOfBoundsException
2021-11-21 15:01:41.052 [main] ERROR eclipselink.logging.metadata - java.lang.IllegalArgumentException: Unsupported class file major version 61
2021-11-21 15:01:41.052 [main] ERROR eclipselink.logging.metadata - java.lang.ArrayIndexOutOfBoundsException
2021-11-21 15:01:41.078 [main] INFO  eclipselink.logging.all - EclipseLink, version: Eclipse Persistence Services - 2.7.7.v20200504-69f2c2b80d
2021-11-21 15:01:41.095 [main] WARN  eclipselink.logging.all - Exception [EclipseLink-4002] (Eclipse Persistence Services - 2.7.7.v20200504-69f2c2b80d): org.eclipse.persistence.exceptions.DatabaseExceptionInternal Exception: org.h2.jdbc.JdbcSQLSyntaxErrorException: Table "ST_AFFECTED_TRANSACTION" not found; SQL statement:ALTER TABLE ST_AFFECTED_TRANSACTION DROP CONSTRAINT FK_ST_AFFECTED_TRANSACTION_TXN_ID [42102-200]Error Code: 42102Call: ALTER TABLE ST_AFFECTED_TRANSACTION DROP CONSTRAINT FK_ST_AFFECTED_TRANSACTION_TXN_IDQuery: DataModifyQuery(sql="ALTER TABLE ST_AFFECTED_TRANSACTION DROP CONSTRAINT FK_ST_AFFECTED_TRANSACTION_TXN_ID")
2021-11-21 15:01:41.101 [main] WARN  eclipselink.logging.all - Exception [EclipseLink-4002] (Eclipse Persistence Services - 2.7.7.v20200504-69f2c2b80d): org.eclipse.persistence.exceptions.DatabaseExceptionInternal Exception: org.h2.jdbc.JdbcSQLSyntaxErrorException: Index "ST_TRANSACTION_VALSTG" not found; SQL statement:DROP INDEX ST_TRANSACTION_VALSTG [42112-200]Error Code: 42112Call: DROP INDEX ST_TRANSACTION_VALSTGQuery: DataModifyQuery(sql="DROP INDEX ST_TRANSACTION_VALSTG")
2021-11-21 15:01:41.105 [main] WARN  eclipselink.logging.all - Exception [EclipseLink-4002] (Eclipse Persistence Services - 2.7.7.v20200504-69f2c2b80d): org.eclipse.persistence.exceptions.DatabaseExceptionInternal Exception: org.h2.jdbc.JdbcSQLSyntaxErrorException: Index "ST_TRANSACTION_HASH" not found; SQL statement:DROP INDEX ST_TRANSACTION_HASH [42112-200]Error Code: 42112Call: DROP INDEX ST_TRANSACTION_HASHQuery: DataModifyQuery(sql="DROP INDEX ST_TRANSACTION_HASH")
2021-11-21 15:01:41.107 [main] WARN  eclipselink.logging.all - Exception [EclipseLink-4002] (Eclipse Persistence Services - 2.7.7.v20200504-69f2c2b80d): org.eclipse.persistence.exceptions.DatabaseExceptionInternal Exception: org.h2.jdbc.JdbcSQLSyntaxErrorException: Table "ST_TRANSACTION" not found; SQL statement:DROP TABLE ST_TRANSACTION [42102-200]Error Code: 42102Call: DROP TABLE ST_TRANSACTIONQuery: DataModifyQuery(sql="DROP TABLE ST_TRANSACTION")
2021-11-21 15:01:41.108 [main] WARN  eclipselink.logging.all - Exception [EclipseLink-4002] (Eclipse Persistence Services - 2.7.7.v20200504-69f2c2b80d): org.eclipse.persistence.exceptions.DatabaseExceptionInternal Exception: org.h2.jdbc.JdbcSQLSyntaxErrorException: Table "ST_AFFECTED_TRANSACTION" not found; SQL statement:DROP TABLE ST_AFFECTED_TRANSACTION [42102-200]Error Code: 42102Call: DROP TABLE ST_AFFECTED_TRANSACTIONQuery: DataModifyQuery(sql="DROP TABLE ST_AFFECTED_TRANSACTION")
2021-11-21 15:01:41.111 [main] WARN  eclipselink.logging.all - Exception [EclipseLink-4002] (Eclipse Persistence Services - 2.7.7.v20200504-69f2c2b80d): org.eclipse.persistence.exceptions.DatabaseExceptionInternal Exception: org.h2.jdbc.JdbcSQLSyntaxErrorException: Index "ST_TRANSACTION_VALSTG" not found; SQL statement:DROP INDEX ST_TRANSACTION_VALSTG [42112-200]Error Code: 42112Call: DROP INDEX ST_TRANSACTION_VALSTGQuery: DataModifyQuery(sql="DROP INDEX ST_TRANSACTION_VALSTG")
2021-11-21 15:01:41.114 [main] WARN  eclipselink.logging.all - Exception [EclipseLink-4002] (Eclipse Persistence Services - 2.7.7.v20200504-69f2c2b80d): org.eclipse.persistence.exceptions.DatabaseExceptionInternal Exception: org.h2.jdbc.JdbcSQLSyntaxErrorException: Index "ST_TRANSACTION_HASH" not found; SQL statement:DROP INDEX ST_TRANSACTION_HASH [42112-200]Error Code: 42112Call: DROP INDEX ST_TRANSACTION_HASHQuery: DataModifyQuery(sql="DROP INDEX ST_TRANSACTION_HASH")
2021-11-21 15:01:41.115 [main] WARN  eclipselink.logging.all - Exception [EclipseLink-4002] (Eclipse Persistence Services - 2.7.7.v20200504-69f2c2b80d): org.eclipse.persistence.exceptions.DatabaseExceptionInternal Exception: org.h2.jdbc.JdbcSQLSyntaxErrorException: Table "ST_TRANSACTION" not found; SQL statement:DROP TABLE ST_TRANSACTION [42102-200]Error Code: 42102Call: DROP TABLE ST_TRANSACTIONQuery: DataModifyQuery(sql="DROP TABLE ST_TRANSACTION")
2021-11-21 15:01:41.116 [main] WARN  eclipselink.logging.all - Exception [EclipseLink-4002] (Eclipse Persistence Services - 2.7.7.v20200504-69f2c2b80d): org.eclipse.persistence.exceptions.DatabaseExceptionInternal Exception: org.h2.jdbc.JdbcSQLSyntaxErrorException: Table "ST_AFFECTED_TRANSACTION" not found; SQL statement:DROP TABLE ST_AFFECTED_TRANSACTION [42102-200]Error Code: 42102Call: DROP TABLE ST_AFFECTED_TRANSACTIONQuery: DataModifyQuery(sql="DROP TABLE ST_AFFECTED_TRANSACTION")
2021-11-21 15:01:41.119 [main] WARN  eclipselink.logging.all - Exception [EclipseLink-4002] (Eclipse Persistence Services - 2.7.7.v20200504-69f2c2b80d): org.eclipse.persistence.exceptions.DatabaseExceptionInternal Exception: org.h2.jdbc.JdbcSQLSyntaxErrorException: Index "ST_TRANSACTION_VALSTG" not found; SQL statement:DROP INDEX ST_TRANSACTION_VALSTG [42112-200]Error Code: 42112Call: DROP INDEX ST_TRANSACTION_VALSTGQuery: DataModifyQuery(sql="DROP INDEX ST_TRANSACTION_VALSTG")
2021-11-21 15:01:41.122 [main] WARN  eclipselink.logging.all - Exception [EclipseLink-4002] (Eclipse Persistence Services - 2.7.7.v20200504-69f2c2b80d): org.eclipse.persistence.exceptions.DatabaseExceptionInternal Exception: org.h2.jdbc.JdbcSQLSyntaxErrorException: Index "ST_TRANSACTION_HASH" not found; SQL statement:DROP INDEX ST_TRANSACTION_HASH [42112-200]Error Code: 42112Call: DROP INDEX ST_TRANSACTION_HASHQuery: DataModifyQuery(sql="DROP INDEX ST_TRANSACTION_HASH")
2021-11-21 15:01:41.124 [main] WARN  eclipselink.logging.all - Exception [EclipseLink-4002] (Eclipse Persistence Services - 2.7.7.v20200504-69f2c2b80d): org.eclipse.persistence.exceptions.DatabaseExceptionInternal Exception: org.h2.jdbc.JdbcSQLSyntaxErrorException: Table "ST_TRANSACTION" not found; SQL statement:DROP TABLE ST_TRANSACTION [42102-200]Error Code: 42102Call: DROP TABLE ST_TRANSACTIONQuery: DataModifyQuery(sql="DROP TABLE ST_TRANSACTION")
2021-11-21 15:01:41.125 [main] WARN  eclipselink.logging.all - Exception [EclipseLink-4002] (Eclipse Persistence Services - 2.7.7.v20200504-69f2c2b80d): org.eclipse.persistence.exceptions.DatabaseExceptionInternal Exception: org.h2.jdbc.JdbcSQLSyntaxErrorException: Table "ST_AFFECTED_TRANSACTION" not found; SQL statement:DROP TABLE ST_AFFECTED_TRANSACTION [42102-200]Error Code: 42102Call: DROP TABLE ST_AFFECTED_TRANSACTIONQuery: DataModifyQuery(sql="DROP TABLE ST_AFFECTED_TRANSACTION")
2021-11-21 15:01:41.128 [main] WARN  eclipselink.logging.all - Exception [EclipseLink-4002] (Eclipse Persistence Services - 2.7.7.v20200504-69f2c2b80d): org.eclipse.persistence.exceptions.DatabaseExceptionInternal Exception: org.h2.jdbc.JdbcSQLSyntaxErrorException: Index "ST_TRANSACTION_VALSTG" not found; SQL statement:DROP INDEX ST_TRANSACTION_VALSTG [42112-200]Error Code: 42112Call: DROP INDEX ST_TRANSACTION_VALSTGQuery: DataModifyQuery(sql="DROP INDEX ST_TRANSACTION_VALSTG")
2021-11-21 15:01:41.131 [main] WARN  eclipselink.logging.all - Exception [EclipseLink-4002] (Eclipse Persistence Services - 2.7.7.v20200504-69f2c2b80d): org.eclipse.persistence.exceptions.DatabaseExceptionInternal Exception: org.h2.jdbc.JdbcSQLSyntaxErrorException: Index "ST_TRANSACTION_HASH" not found; SQL statement:DROP INDEX ST_TRANSACTION_HASH [42112-200]Error Code: 42112Call: DROP INDEX ST_TRANSACTION_HASHQuery: DataModifyQuery(sql="DROP INDEX ST_TRANSACTION_HASH")
2021-11-21 15:01:41.132 [main] WARN  eclipselink.logging.all - Exception [EclipseLink-4002] (Eclipse Persistence Services - 2.7.7.v20200504-69f2c2b80d): org.eclipse.persistence.exceptions.DatabaseExceptionInternal Exception: org.h2.jdbc.JdbcSQLSyntaxErrorException: Table "ST_TRANSACTION" not found; SQL statement:DROP TABLE ST_TRANSACTION [42102-200]Error Code: 42102Call: DROP TABLE ST_TRANSACTIONQuery: DataModifyQuery(sql="DROP TABLE ST_TRANSACTION")
2021-11-21 15:01:41.133 [main] WARN  eclipselink.logging.all - Exception [EclipseLink-4002] (Eclipse Persistence Services - 2.7.7.v20200504-69f2c2b80d): org.eclipse.persistence.exceptions.DatabaseExceptionInternal Exception: org.h2.jdbc.JdbcSQLSyntaxErrorException: Table "ST_AFFECTED_TRANSACTION" not found; SQL statement:DROP TABLE ST_AFFECTED_TRANSACTION [42102-200]Error Code: 42102Call: DROP TABLE ST_AFFECTED_TRANSACTIONQuery: DataModifyQuery(sql="DROP TABLE ST_AFFECTED_TRANSACTION")
2021-11-21 15:01:41.136 [main] WARN  eclipselink.logging.all - Exception [EclipseLink-4002] (Eclipse Persistence Services - 2.7.7.v20200504-69f2c2b80d): org.eclipse.persistence.exceptions.DatabaseExceptionInternal Exception: org.h2.jdbc.JdbcSQLSyntaxErrorException: Index "ST_TRANSACTION_VALSTG" not found; SQL statement:DROP INDEX ST_TRANSACTION_VALSTG [42112-200]Error Code: 42112Call: DROP INDEX ST_TRANSACTION_VALSTGQuery: DataModifyQuery(sql="DROP INDEX ST_TRANSACTION_VALSTG")
2021-11-21 15:01:41.138 [main] WARN  eclipselink.logging.all - Exception [EclipseLink-4002] (Eclipse Persistence Services - 2.7.7.v20200504-69f2c2b80d): org.eclipse.persistence.exceptions.DatabaseExceptionInternal Exception: org.h2.jdbc.JdbcSQLSyntaxErrorException: Index "ST_TRANSACTION_HASH" not found; SQL statement:DROP INDEX ST_TRANSACTION_HASH [42112-200]Error Code: 42112Call: DROP INDEX ST_TRANSACTION_HASHQuery: DataModifyQuery(sql="DROP INDEX ST_TRANSACTION_HASH")
2021-11-21 15:01:41.139 [main] WARN  eclipselink.logging.all - Exception [EclipseLink-4002] (Eclipse Persistence Services - 2.7.7.v20200504-69f2c2b80d): org.eclipse.persistence.exceptions.DatabaseExceptionInternal Exception: org.h2.jdbc.JdbcSQLSyntaxErrorException: Table "ST_TRANSACTION" not found; SQL statement:DROP TABLE ST_TRANSACTION [42102-200]Error Code: 42102Call: DROP TABLE ST_TRANSACTIONQuery: DataModifyQuery(sql="DROP TABLE ST_TRANSACTION")
2021-11-21 15:01:41.140 [main] WARN  eclipselink.logging.all - Exception [EclipseLink-4002] (Eclipse Persistence Services - 2.7.7.v20200504-69f2c2b80d): org.eclipse.persistence.exceptions.DatabaseExceptionInternal Exception: org.h2.jdbc.JdbcSQLSyntaxErrorException: Table "ST_AFFECTED_TRANSACTION" not found; SQL statement:DROP TABLE ST_AFFECTED_TRANSACTION [42102-200]Error Code: 42102Call: DROP TABLE ST_AFFECTED_TRANSACTIONQuery: DataModifyQuery(sql="DROP TABLE ST_AFFECTED_TRANSACTION")
2021-11-21 15:01:41.160 [main] INFO  c.q.t.config.apps.TesseraAppFactory - Loaded app com.quorum.tessera.thirdparty.ThirdPartyRestApp@6dc2279c
2021-11-21 15:01:41.161 [main] INFO  c.q.t.config.apps.TesseraAppFactory - Create from REST THIRD_PARTY
2021-11-21 15:01:41.161 [main] INFO  c.q.t.config.apps.TesseraAppFactory - Creating application type THIRD_PARTY for REST
2021-11-21 15:01:41.166 [main] INFO  c.q.t.config.apps.TesseraAppFactory - Create from REST Q2T
2021-11-21 15:01:41.166 [main] INFO  c.q.t.config.apps.TesseraAppFactory - Creating application type Q2T for REST
2021-11-21 15:01:41.167 [main] INFO  c.q.t.config.apps.TesseraAppFactory - Create from REST P2P
2021-11-21 15:01:41.167 [main] INFO  c.q.t.config.apps.TesseraAppFactory - Creating application type P2P for REST
2021-11-21 15:01:41.239 [main] INFO  org.eclipse.jetty.util.log - Logging initialized @7093ms to org.eclipse.jetty.util.log.Slf4jLog
2021-11-21 15:01:41.419 [main] INFO  c.quorum.tessera.server.JerseyServer - Starting http://127.0.0.1:9083
2021-11-21 15:01:41.422 [main] INFO  org.eclipse.jetty.server.Server - jetty-9.4.39.v20210325; built: 2021-03-25T14:42:11.471Z; git: 9fc7ca5a922f2a37b84ec9dbc26a5168cee7e667; jvm 17+35-Ubuntu-120.04
2021-11-21 15:01:42.531 [main] WARN  o.g.jersey.internal.inject.Providers - A provider com.quorum.tessera.thirdparty.KeyResource registered in SERVER runtime does not implement any provider interfaces applicable in the SERVER runtime. Due to constraint configuration problems the provider com.quorum.tessera.thirdparty.KeyResource will be ignored. 
2021-11-21 15:01:42.531 [main] WARN  o.g.jersey.internal.inject.Providers - A provider com.quorum.tessera.api.common.UpCheckResource registered in SERVER runtime does not implement any provider interfaces applicable in the SERVER runtime. Due to constraint configuration problems the provider com.quorum.tessera.api.common.UpCheckResource will be ignored. 
2021-11-21 15:01:42.531 [main] WARN  o.g.jersey.internal.inject.Providers - A provider com.quorum.tessera.api.common.RawTransactionResource registered in SERVER runtime does not implement any provider interfaces applicable in the SERVER runtime. Due to constraint configuration problems the provider com.quorum.tessera.api.common.RawTransactionResource will be ignored. 
2021-11-21 15:01:42.531 [main] WARN  o.g.jersey.internal.inject.Providers - A provider com.quorum.tessera.thirdparty.PartyInfoResource registered in SERVER runtime does not implement any provider interfaces applicable in the SERVER runtime. Due to constraint configuration problems the provider com.quorum.tessera.thirdparty.PartyInfoResource will be ignored. 
2021-11-21 15:01:43.309 [main] INFO  o.e.j.server.handler.ContextHandler - Started o.e.j.s.ServletContextHandler@29dfc68f{/,null,AVAILABLE}
2021-11-21 15:01:43.382 [main] INFO  o.e.jetty.server.AbstractConnector - Started ServerConnector@7aa15a80{HTTP/1.1, (http/1.1)}{0.0.0.0:9083}
2021-11-21 15:01:43.383 [main] INFO  org.eclipse.jetty.server.Server - Started @9237ms
2021-11-21 15:01:43.383 [main] INFO  c.quorum.tessera.server.JerseyServer - Started http://127.0.0.1:9083
2021-11-21 15:01:43.383 [main] INFO  c.quorum.tessera.server.JerseyServer - WADL http://127.0.0.1:9083/application.wadl
2021-11-21 15:01:43.418 [main] INFO  c.quorum.tessera.server.JerseyServer - Starting unix:/home/swcyb/Ticket4U/network/Ticket4U-net/qdata/c3/tm.ipc
2021-11-21 15:01:43.418 [main] INFO  org.eclipse.jetty.server.Server - jetty-9.4.39.v20210325; built: 2021-03-25T14:42:11.471Z; git: 9fc7ca5a922f2a37b84ec9dbc26a5168cee7e667; jvm 17+35-Ubuntu-120.04
2021-11-21 15:01:43.574 [main] WARN  c.q.t.c.util.EncryptedStringResolver - Some sensitive values are being given as unencrypted plain text in config. Please note this is NOT recommended for production environment.
2021-11-21 15:01:43.575 [main] INFO  com.zaxxer.hikari.HikariDataSource - HikariPool-2 - Starting...
2021-11-21 15:01:43.584 [main] INFO  com.zaxxer.hikari.HikariDataSource - HikariPool-2 - Start completed.
2021-11-21 15:01:43.594 [main] ERROR eclipselink.logging.metadata - java.lang.IllegalArgumentException: Unsupported class file major version 61
2021-11-21 15:01:43.594 [main] ERROR eclipselink.logging.metadata - java.lang.ArrayIndexOutOfBoundsException
2021-11-21 15:01:43.596 [main] ERROR eclipselink.logging.metadata - java.lang.IllegalArgumentException: Unsupported class file major version 61
2021-11-21 15:01:43.607 [main] ERROR eclipselink.logging.metadata - java.lang.ArrayIndexOutOfBoundsException
2021-11-21 15:01:43.634 [main] INFO  eclipselink.logging.all - EclipseLink, version: Eclipse Persistence Services - 2.7.7.v20200504-69f2c2b80d
2021-11-21 15:01:43.663 [main] ERROR eclipselink.logging.metadata - java.lang.IllegalArgumentException: Unsupported class file major version 61
2021-11-21 15:01:43.663 [main] ERROR eclipselink.logging.metadata - java.lang.ArrayIndexOutOfBoundsException
2021-11-21 15:01:43.664 [main] ERROR eclipselink.logging.metadata - java.lang.IllegalArgumentException: Unsupported class file major version 61
2021-11-21 15:01:43.664 [main] ERROR eclipselink.logging.metadata - java.lang.ArrayIndexOutOfBoundsException
2021-11-21 15:01:43.664 [main] ERROR eclipselink.logging.metadata - java.lang.IllegalArgumentException: Unsupported class file major version 61
2021-11-21 15:01:43.664 [main] ERROR eclipselink.logging.metadata - java.lang.ArrayIndexOutOfBoundsException
2021-11-21 15:01:43.701 [main] ERROR eclipselink.logging.metadata - java.lang.IllegalArgumentException: Unsupported class file major version 61
2021-11-21 15:01:43.701 [main] ERROR eclipselink.logging.metadata - java.lang.ArrayIndexOutOfBoundsException
2021-11-21 15:01:43.702 [main] ERROR eclipselink.logging.metadata - java.lang.IllegalArgumentException: Unsupported class file major version 61
2021-11-21 15:01:43.702 [main] ERROR eclipselink.logging.metadata - java.lang.ArrayIndexOutOfBoundsException
2021-11-21 15:01:43.702 [main] ERROR eclipselink.logging.metadata - java.lang.IllegalArgumentException: Unsupported class file major version 61
2021-11-21 15:01:43.702 [main] ERROR eclipselink.logging.metadata - java.lang.ArrayIndexOutOfBoundsException
2021-11-21 15:01:43.702 [main] ERROR eclipselink.logging.metadata - java.lang.IllegalArgumentException: Unsupported class file major version 61
2021-11-21 15:01:43.703 [main] ERROR eclipselink.logging.metadata - java.lang.ArrayIndexOutOfBoundsException
2021-11-21 15:01:43.703 [main] ERROR eclipselink.logging.metadata - java.lang.IllegalArgumentException: Unsupported class file major version 61
2021-11-21 15:01:43.703 [main] ERROR eclipselink.logging.metadata - java.lang.ArrayIndexOutOfBoundsException
2021-11-21 15:01:43.703 [main] ERROR eclipselink.logging.metadata - java.lang.IllegalArgumentException: Unsupported class file major version 61
2021-11-21 15:01:43.703 [main] ERROR eclipselink.logging.metadata - java.lang.ArrayIndexOutOfBoundsException
2021-11-21 15:01:43.704 [main] ERROR eclipselink.logging.metadata - java.lang.IllegalArgumentException: Unsupported class file major version 61
2021-11-21 15:01:43.704 [main] ERROR eclipselink.logging.metadata - java.lang.ArrayIndexOutOfBoundsException
2021-11-21 15:01:43.704 [main] ERROR eclipselink.logging.metadata - java.lang.IllegalArgumentException: Unsupported class file major version 61
2021-11-21 15:01:43.704 [main] ERROR eclipselink.logging.metadata - java.lang.ArrayIndexOutOfBoundsException
2021-11-21 15:01:43.730 [main] INFO  eclipselink.logging.all - EclipseLink, version: Eclipse Persistence Services - 2.7.7.v20200504-69f2c2b80d
2021-11-21 15:01:43.819 [main] WARN  c.q.t.c.util.EncryptedStringResolver - Some sensitive values are being given as unencrypted plain text in config. Please note this is NOT recommended for production environment.
2021-11-21 15:01:43.825 [main] INFO  com.zaxxer.hikari.HikariDataSource - HikariPool-3 - Starting...
2021-11-21 15:01:43.842 [main] INFO  com.zaxxer.hikari.HikariDataSource - HikariPool-3 - Start completed.
2021-11-21 15:01:43.846 [main] ERROR eclipselink.logging.metadata - java.lang.IllegalArgumentException: Unsupported class file major version 61
2021-11-21 15:01:43.846 [main] ERROR eclipselink.logging.metadata - java.lang.ArrayIndexOutOfBoundsException
2021-11-21 15:01:43.848 [main] ERROR eclipselink.logging.metadata - java.lang.IllegalArgumentException: Unsupported class file major version 61
2021-11-21 15:01:43.848 [main] ERROR eclipselink.logging.metadata - java.lang.ArrayIndexOutOfBoundsException
2021-11-21 15:01:43.879 [main] INFO  eclipselink.logging.all - EclipseLink, version: Eclipse Persistence Services - 2.7.7.v20200504-69f2c2b80d
2021-11-21 15:01:43.942 [main] ERROR eclipselink.logging.metadata - java.lang.IllegalArgumentException: Unsupported class file major version 61
2021-11-21 15:01:43.943 [main] ERROR eclipselink.logging.metadata - java.lang.ArrayIndexOutOfBoundsException
2021-11-21 15:01:43.945 [main] ERROR eclipselink.logging.metadata - java.lang.IllegalArgumentException: Unsupported class file major version 61
2021-11-21 15:01:43.946 [main] ERROR eclipselink.logging.metadata - java.lang.ArrayIndexOutOfBoundsException
2021-11-21 15:01:43.961 [main] ERROR eclipselink.logging.metadata - java.lang.IllegalArgumentException: Unsupported class file major version 61
2021-11-21 15:01:43.970 [main] ERROR eclipselink.logging.metadata - java.lang.ArrayIndexOutOfBoundsException
2021-11-21 15:01:43.975 [main] ERROR eclipselink.logging.metadata - java.lang.IllegalArgumentException: Unsupported class file major version 61
2021-11-21 15:01:43.975 [main] ERROR eclipselink.logging.metadata - java.lang.ArrayIndexOutOfBoundsException
2021-11-21 15:01:43.981 [main] ERROR eclipselink.logging.metadata - java.lang.IllegalArgumentException: Unsupported class file major version 61
2021-11-21 15:01:43.981 [main] ERROR eclipselink.logging.metadata - java.lang.ArrayIndexOutOfBoundsException
2021-11-21 15:01:43.981 [main] ERROR eclipselink.logging.metadata - java.lang.IllegalArgumentException: Unsupported class file major version 61
2021-11-21 15:01:43.981 [main] ERROR eclipselink.logging.metadata - java.lang.ArrayIndexOutOfBoundsException
2021-11-21 15:01:43.982 [main] ERROR eclipselink.logging.metadata - java.lang.IllegalArgumentException: Unsupported class file major version 61
2021-11-21 15:01:43.982 [main] ERROR eclipselink.logging.metadata - java.lang.ArrayIndexOutOfBoundsException
2021-11-21 15:01:43.982 [main] ERROR eclipselink.logging.metadata - java.lang.IllegalArgumentException: Unsupported class file major version 61
2021-11-21 15:01:43.982 [main] ERROR eclipselink.logging.metadata - java.lang.ArrayIndexOutOfBoundsException
2021-11-21 15:01:43.983 [main] ERROR eclipselink.logging.metadata - java.lang.IllegalArgumentException: Unsupported class file major version 61
2021-11-21 15:01:43.983 [main] ERROR eclipselink.logging.metadata - java.lang.ArrayIndexOutOfBoundsException
2021-11-21 15:01:43.983 [main] ERROR eclipselink.logging.metadata - java.lang.IllegalArgumentException: Unsupported class file major version 61
2021-11-21 15:01:43.983 [main] ERROR eclipselink.logging.metadata - java.lang.ArrayIndexOutOfBoundsException
2021-11-21 15:01:43.983 [main] ERROR eclipselink.logging.metadata - java.lang.IllegalArgumentException: Unsupported class file major version 61
2021-11-21 15:01:43.983 [main] ERROR eclipselink.logging.metadata - java.lang.ArrayIndexOutOfBoundsException
2021-11-21 15:01:43.988 [main] INFO  eclipselink.logging.all - EclipseLink, version: Eclipse Persistence Services - 2.7.7.v20200504-69f2c2b80d
2021-11-21 15:01:44.143 [main] WARN  c.q.t.c.util.EncryptedStringResolver - Some sensitive values are being given as unencrypted plain text in config. Please note this is NOT recommended for production environment.
2021-11-21 15:01:44.144 [main] INFO  com.zaxxer.hikari.HikariDataSource - HikariPool-4 - Starting...
2021-11-21 15:01:44.145 [main] INFO  com.zaxxer.hikari.HikariDataSource - HikariPool-4 - Start completed.
2021-11-21 15:01:44.150 [main] ERROR eclipselink.logging.metadata - java.lang.IllegalArgumentException: Unsupported class file major version 61
2021-11-21 15:01:44.151 [main] ERROR eclipselink.logging.metadata - java.lang.ArrayIndexOutOfBoundsException
2021-11-21 15:01:44.160 [main] ERROR eclipselink.logging.metadata - java.lang.IllegalArgumentException: Unsupported class file major version 61
2021-11-21 15:01:44.160 [main] ERROR eclipselink.logging.metadata - java.lang.ArrayIndexOutOfBoundsException
2021-11-21 15:01:44.192 [main] INFO  eclipselink.logging.all - EclipseLink, version: Eclipse Persistence Services - 2.7.7.v20200504-69f2c2b80d
2021-11-21 15:01:44.214 [main] ERROR eclipselink.logging.metadata - java.lang.IllegalArgumentException: Unsupported class file major version 61
2021-11-21 15:01:44.214 [main] ERROR eclipselink.logging.metadata - java.lang.ArrayIndexOutOfBoundsException
2021-11-21 15:01:44.215 [main] ERROR eclipselink.logging.metadata - java.lang.IllegalArgumentException: Unsupported class file major version 61
2021-11-21 15:01:44.215 [main] ERROR eclipselink.logging.metadata - java.lang.ArrayIndexOutOfBoundsException
2021-11-21 15:01:44.215 [main] ERROR eclipselink.logging.metadata - java.lang.IllegalArgumentException: Unsupported class file major version 61
2021-11-21 15:01:44.215 [main] ERROR eclipselink.logging.metadata - java.lang.ArrayIndexOutOfBoundsException
2021-11-21 15:01:44.216 [main] ERROR eclipselink.logging.metadata - java.lang.IllegalArgumentException: Unsupported class file major version 61
2021-11-21 15:01:44.216 [main] ERROR eclipselink.logging.metadata - java.lang.ArrayIndexOutOfBoundsException
2021-11-21 15:01:44.217 [main] ERROR eclipselink.logging.metadata - java.lang.IllegalArgumentException: Unsupported class file major version 61
2021-11-21 15:01:44.217 [main] ERROR eclipselink.logging.metadata - java.lang.ArrayIndexOutOfBoundsException
2021-11-21 15:01:44.217 [main] ERROR eclipselink.logging.metadata - java.lang.IllegalArgumentException: Unsupported class file major version 61
2021-11-21 15:01:44.217 [main] ERROR eclipselink.logging.metadata - java.lang.ArrayIndexOutOfBoundsException
2021-11-21 15:01:44.217 [main] ERROR eclipselink.logging.metadata - java.lang.IllegalArgumentException: Unsupported class file major version 61
2021-11-21 15:01:44.218 [main] ERROR eclipselink.logging.metadata - java.lang.ArrayIndexOutOfBoundsException
2021-11-21 15:01:44.218 [main] ERROR eclipselink.logging.metadata - java.lang.IllegalArgumentException: Unsupported class file major version 61
2021-11-21 15:01:44.218 [main] ERROR eclipselink.logging.metadata - java.lang.ArrayIndexOutOfBoundsException
2021-11-21 15:01:44.218 [main] ERROR eclipselink.logging.metadata - java.lang.IllegalArgumentException: Unsupported class file major version 61
2021-11-21 15:01:44.218 [main] ERROR eclipselink.logging.metadata - java.lang.ArrayIndexOutOfBoundsException
2021-11-21 15:01:44.219 [main] ERROR eclipselink.logging.metadata - java.lang.IllegalArgumentException: Unsupported class file major version 61
2021-11-21 15:01:44.219 [main] ERROR eclipselink.logging.metadata - java.lang.ArrayIndexOutOfBoundsException
2021-11-21 15:01:44.219 [main] ERROR eclipselink.logging.metadata - java.lang.IllegalArgumentException: Unsupported class file major version 61
2021-11-21 15:01:44.219 [main] ERROR eclipselink.logging.metadata - java.lang.ArrayIndexOutOfBoundsException
2021-11-21 15:01:44.234 [main] INFO  eclipselink.logging.all - EclipseLink, version: Eclipse Persistence Services - 2.7.7.v20200504-69f2c2b80d
2021-11-21 15:01:44.300 [main] WARN  c.q.t.c.util.EncryptedStringResolver - Some sensitive values are being given as unencrypted plain text in config. Please note this is NOT recommended for production environment.
2021-11-21 15:01:44.300 [main] INFO  com.zaxxer.hikari.HikariDataSource - HikariPool-5 - Starting...
2021-11-21 15:01:44.307 [main] INFO  com.zaxxer.hikari.HikariDataSource - HikariPool-5 - Start completed.
2021-11-21 15:01:44.310 [main] ERROR eclipselink.logging.metadata - java.lang.IllegalArgumentException: Unsupported class file major version 61
2021-11-21 15:01:44.310 [main] ERROR eclipselink.logging.metadata - java.lang.ArrayIndexOutOfBoundsException
2021-11-21 15:01:44.313 [main] ERROR eclipselink.logging.metadata - java.lang.IllegalArgumentException: Unsupported class file major version 61
2021-11-21 15:01:44.314 [main] ERROR eclipselink.logging.metadata - java.lang.ArrayIndexOutOfBoundsException
2021-11-21 15:01:44.337 [main] INFO  eclipselink.logging.all - EclipseLink, version: Eclipse Persistence Services - 2.7.7.v20200504-69f2c2b80d
2021-11-21 15:01:44.405 [main] ERROR eclipselink.logging.metadata - java.lang.IllegalArgumentException: Unsupported class file major version 61
2021-11-21 15:01:44.407 [main] ERROR eclipselink.logging.metadata - java.lang.ArrayIndexOutOfBoundsException
2021-11-21 15:01:44.408 [main] ERROR eclipselink.logging.metadata - java.lang.IllegalArgumentException: Unsupported class file major version 61
2021-11-21 15:01:44.409 [main] ERROR eclipselink.logging.metadata - java.lang.ArrayIndexOutOfBoundsException
2021-11-21 15:01:44.409 [main] ERROR eclipselink.logging.metadata - java.lang.IllegalArgumentException: Unsupported class file major version 61
2021-11-21 15:01:44.409 [main] ERROR eclipselink.logging.metadata - java.lang.ArrayIndexOutOfBoundsException
2021-11-21 15:01:44.410 [main] ERROR eclipselink.logging.metadata - java.lang.IllegalArgumentException: Unsupported class file major version 61
2021-11-21 15:01:44.410 [main] ERROR eclipselink.logging.metadata - java.lang.ArrayIndexOutOfBoundsException
2021-11-21 15:01:44.410 [main] ERROR eclipselink.logging.metadata - java.lang.IllegalArgumentException: Unsupported class file major version 61
2021-11-21 15:01:44.411 [main] ERROR eclipselink.logging.metadata - java.lang.ArrayIndexOutOfBoundsException
2021-11-21 15:01:44.411 [main] ERROR eclipselink.logging.metadata - java.lang.IllegalArgumentException: Unsupported class file major version 61
2021-11-21 15:01:44.411 [main] ERROR eclipselink.logging.metadata - java.lang.ArrayIndexOutOfBoundsException
2021-11-21 15:01:44.411 [main] ERROR eclipselink.logging.metadata - java.lang.IllegalArgumentException: Unsupported class file major version 61
2021-11-21 15:01:44.411 [main] ERROR eclipselink.logging.metadata - java.lang.ArrayIndexOutOfBoundsException
2021-11-21 15:01:44.428 [main] ERROR eclipselink.logging.metadata - java.lang.IllegalArgumentException: Unsupported class file major version 61
2021-11-21 15:01:44.429 [main] ERROR eclipselink.logging.metadata - java.lang.ArrayIndexOutOfBoundsException
2021-11-21 15:01:44.430 [main] ERROR eclipselink.logging.metadata - java.lang.IllegalArgumentException: Unsupported class file major version 61
2021-11-21 15:01:44.430 [main] ERROR eclipselink.logging.metadata - java.lang.ArrayIndexOutOfBoundsException
2021-11-21 15:01:44.431 [main] ERROR eclipselink.logging.metadata - java.lang.IllegalArgumentException: Unsupported class file major version 61
2021-11-21 15:01:44.431 [main] ERROR eclipselink.logging.metadata - java.lang.ArrayIndexOutOfBoundsException
2021-11-21 15:01:44.431 [main] ERROR eclipselink.logging.metadata - java.lang.IllegalArgumentException: Unsupported class file major version 61
2021-11-21 15:01:44.431 [main] ERROR eclipselink.logging.metadata - java.lang.ArrayIndexOutOfBoundsException
2021-11-21 15:01:44.496 [main] INFO  eclipselink.logging.all - EclipseLink, version: Eclipse Persistence Services - 2.7.7.v20200504-69f2c2b80d
2021-11-21 15:01:44.872 [main] WARN  o.g.jersey.internal.inject.Providers - A provider com.quorum.tessera.q2t.TransactionResource registered in SERVER runtime does not implement any provider interfaces applicable in the SERVER runtime. Due to constraint configuration problems the provider com.quorum.tessera.q2t.TransactionResource will be ignored. 
2021-11-21 15:01:44.872 [main] WARN  o.g.jersey.internal.inject.Providers - A provider com.quorum.tessera.q2t.TransactionResource3 registered in SERVER runtime does not implement any provider interfaces applicable in the SERVER runtime. Due to constraint configuration problems the provider com.quorum.tessera.q2t.TransactionResource3 will be ignored. 
2021-11-21 15:01:44.872 [main] WARN  o.g.jersey.internal.inject.Providers - A provider com.quorum.tessera.api.common.UpCheckResource registered in SERVER runtime does not implement any provider interfaces applicable in the SERVER runtime. Due to constraint configuration problems the provider com.quorum.tessera.api.common.UpCheckResource will be ignored. 
2021-11-21 15:01:44.872 [main] WARN  o.g.jersey.internal.inject.Providers - A provider com.quorum.tessera.api.common.RawTransactionResource registered in SERVER runtime does not implement any provider interfaces applicable in the SERVER runtime. Due to constraint configuration problems the provider com.quorum.tessera.api.common.RawTransactionResource will be ignored. 
2021-11-21 15:01:44.872 [main] WARN  o.g.jersey.internal.inject.Providers - A provider com.quorum.tessera.q2t.PrivacyGroupResource registered in SERVER runtime does not implement any provider interfaces applicable in the SERVER runtime. Due to constraint configuration problems the provider com.quorum.tessera.q2t.PrivacyGroupResource will be ignored. 
2021-11-21 15:01:44.872 [main] WARN  o.g.jersey.internal.inject.Providers - A provider com.quorum.tessera.q2t.EncodedPayloadResource registered in SERVER runtime does not implement any provider interfaces applicable in the SERVER runtime. Due to constraint configuration problems the provider com.quorum.tessera.q2t.EncodedPayloadResource will be ignored. 
2021-11-21 15:01:44.979 [pool-2-thread-1] INFO  c.q.t.p.p.PartyInfoBroadcaster - Started PartyInfo polling round
2021-11-21 15:01:45.048 [main] INFO  o.e.j.server.handler.ContextHandler - Started o.e.j.s.ServletContextHandler@2c451c4a{/,null,AVAILABLE}
2021-11-21 15:01:45.117 [pool-2-thread-1] INFO  c.q.t.p.p.PartyInfoBroadcaster - Finished PartyInfo polling round
2021-11-21 15:01:45.335 [pool-3-thread-1] WARN  c.q.t.p.p.PartyInfoBroadcaster - Failed to connect to node http://127.0.0.1:9004/, due to java.net.ConnectException: Connection refused
2021-11-21 15:01:45.335 [pool-3-thread-2] WARN  c.q.t.p.p.PartyInfoBroadcaster - Failed to connect to node http://127.0.0.1:9002/, due to java.net.ConnectException: Connection refused
2021-11-21 15:01:45.335 [pool-3-thread-3] WARN  c.q.t.p.p.PartyInfoBroadcaster - Failed to connect to node http://127.0.0.1:9005/, due to java.net.ConnectException: Connection refused
2021-11-21 15:01:45.337 [pool-3-thread-4] WARN  c.q.t.p.p.PartyInfoBroadcaster - Failed to connect to node http://127.0.0.1:9001/, due to java.net.ConnectException: Connection refused
2021-11-21 15:01:45.869 [main] INFO  o.e.jetty.server.AbstractConnector - Started UnixSocketConnector@5342032a{HTTP/1.1, (http/1.1)}{/home/swcyb/Ticket4U/network/Ticket4U-net/qdata/c3/tm.ipc}
2021-11-21 15:01:45.870 [main] INFO  org.eclipse.jetty.server.Server - Started @11724ms
2021-11-21 15:01:45.870 [main] INFO  c.quorum.tessera.server.JerseyServer - Started unix:/home/swcyb/Ticket4U/network/Ticket4U-net/qdata/c3/tm.ipc
2021-11-21 15:01:45.870 [main] INFO  c.quorum.tessera.server.JerseyServer - WADL unix:/home/swcyb/Ticket4U/network/Ticket4U-net/qdata/c3/tm.ipc/application.wadl
2021-11-21 15:01:45.871 [main] INFO  c.quorum.tessera.server.JerseyServer - Starting http://127.0.0.1:9003
2021-11-21 15:01:45.871 [main] INFO  org.eclipse.jetty.server.Server - jetty-9.4.39.v20210325; built: 2021-03-25T14:42:11.471Z; git: 9fc7ca5a922f2a37b84ec9dbc26a5168cee7e667; jvm 17+35-Ubuntu-120.04
2021-11-21 15:01:45.984 [main] WARN  c.q.t.c.util.EncryptedStringResolver - Some sensitive values are being given as unencrypted plain text in config. Please note this is NOT recommended for production environment.
2021-11-21 15:01:45.984 [main] INFO  com.zaxxer.hikari.HikariDataSource - HikariPool-6 - Starting...
2021-11-21 15:01:46.018 [main] INFO  com.zaxxer.hikari.HikariDataSource - HikariPool-6 - Start completed.
2021-11-21 15:01:46.021 [main] ERROR eclipselink.logging.metadata - java.lang.IllegalArgumentException: Unsupported class file major version 61
2021-11-21 15:01:46.022 [main] ERROR eclipselink.logging.metadata - java.lang.ArrayIndexOutOfBoundsException
2021-11-21 15:01:46.023 [main] ERROR eclipselink.logging.metadata - java.lang.IllegalArgumentException: Unsupported class file major version 61
2021-11-21 15:01:46.024 [main] ERROR eclipselink.logging.metadata - java.lang.ArrayIndexOutOfBoundsException
2021-11-21 15:01:46.086 [main] INFO  eclipselink.logging.all - EclipseLink, version: Eclipse Persistence Services - 2.7.7.v20200504-69f2c2b80d
2021-11-21 15:01:46.160 [main] ERROR eclipselink.logging.metadata - java.lang.IllegalArgumentException: Unsupported class file major version 61
2021-11-21 15:01:46.160 [main] ERROR eclipselink.logging.metadata - java.lang.ArrayIndexOutOfBoundsException
2021-11-21 15:01:46.162 [main] ERROR eclipselink.logging.metadata - java.lang.IllegalArgumentException: Unsupported class file major version 61
2021-11-21 15:01:46.162 [main] ERROR eclipselink.logging.metadata - java.lang.ArrayIndexOutOfBoundsException
2021-11-21 15:01:46.163 [main] ERROR eclipselink.logging.metadata - java.lang.IllegalArgumentException: Unsupported class file major version 61
2021-11-21 15:01:46.163 [main] ERROR eclipselink.logging.metadata - java.lang.ArrayIndexOutOfBoundsException
2021-11-21 15:01:46.165 [main] ERROR eclipselink.logging.metadata - java.lang.IllegalArgumentException: Unsupported class file major version 61
2021-11-21 15:01:46.165 [main] ERROR eclipselink.logging.metadata - java.lang.ArrayIndexOutOfBoundsException
2021-11-21 15:01:46.169 [main] ERROR eclipselink.logging.metadata - java.lang.IllegalArgumentException: Unsupported class file major version 61
2021-11-21 15:01:46.170 [main] ERROR eclipselink.logging.metadata - java.lang.ArrayIndexOutOfBoundsException
2021-11-21 15:01:46.170 [main] ERROR eclipselink.logging.metadata - java.lang.IllegalArgumentException: Unsupported class file major version 61
2021-11-21 15:01:46.170 [main] ERROR eclipselink.logging.metadata - java.lang.ArrayIndexOutOfBoundsException
2021-11-21 15:01:46.171 [main] ERROR eclipselink.logging.metadata - java.lang.IllegalArgumentException: Unsupported class file major version 61
2021-11-21 15:01:46.171 [main] ERROR eclipselink.logging.metadata - java.lang.ArrayIndexOutOfBoundsException
2021-11-21 15:01:46.181 [main] ERROR eclipselink.logging.metadata - java.lang.IllegalArgumentException: Unsupported class file major version 61
2021-11-21 15:01:46.182 [main] ERROR eclipselink.logging.metadata - java.lang.ArrayIndexOutOfBoundsException
2021-11-21 15:01:46.184 [main] ERROR eclipselink.logging.metadata - java.lang.IllegalArgumentException: Unsupported class file major version 61
2021-11-21 15:01:46.184 [main] ERROR eclipselink.logging.metadata - java.lang.ArrayIndexOutOfBoundsException
2021-11-21 15:01:46.184 [main] ERROR eclipselink.logging.metadata - java.lang.IllegalArgumentException: Unsupported class file major version 61
2021-11-21 15:01:46.184 [main] ERROR eclipselink.logging.metadata - java.lang.ArrayIndexOutOfBoundsException
2021-11-21 15:01:46.184 [main] ERROR eclipselink.logging.metadata - java.lang.IllegalArgumentException: Unsupported class file major version 61
2021-11-21 15:01:46.187 [main] ERROR eclipselink.logging.metadata - java.lang.ArrayIndexOutOfBoundsException
2021-11-21 15:01:46.196 [main] INFO  eclipselink.logging.all - EclipseLink, version: Eclipse Persistence Services - 2.7.7.v20200504-69f2c2b80d
2021-11-21 15:01:46.300 [main] INFO  c.q.t.r.r.ResendBatchPublisherFactory - Loaded factory com.quorum.tessera.p2p.recovery.RestResendBatchPublisherFactory@c67a89
2021-11-21 15:01:46.344 [main] WARN  c.q.t.c.util.EncryptedStringResolver - Some sensitive values are being given as unencrypted plain text in config. Please note this is NOT recommended for production environment.
2021-11-21 15:01:46.346 [main] INFO  com.zaxxer.hikari.HikariDataSource - HikariPool-7 - Starting...
2021-11-21 15:01:46.367 [main] INFO  com.zaxxer.hikari.HikariDataSource - HikariPool-7 - Start completed.
2021-11-21 15:01:46.374 [main] ERROR eclipselink.logging.metadata - java.lang.IllegalArgumentException: Unsupported class file major version 61
2021-11-21 15:01:46.374 [main] ERROR eclipselink.logging.metadata - java.lang.ArrayIndexOutOfBoundsException
2021-11-21 15:01:46.385 [main] ERROR eclipselink.logging.metadata - java.lang.IllegalArgumentException: Unsupported class file major version 61
2021-11-21 15:01:46.390 [main] ERROR eclipselink.logging.metadata - java.lang.ArrayIndexOutOfBoundsException
2021-11-21 15:01:46.461 [main] INFO  eclipselink.logging.all - EclipseLink, version: Eclipse Persistence Services - 2.7.7.v20200504-69f2c2b80d
2021-11-21 15:01:46.556 [main] ERROR eclipselink.logging.metadata - java.lang.IllegalArgumentException: Unsupported class file major version 61
2021-11-21 15:01:46.556 [main] ERROR eclipselink.logging.metadata - java.lang.ArrayIndexOutOfBoundsException
2021-11-21 15:01:46.574 [main] ERROR eclipselink.logging.metadata - java.lang.IllegalArgumentException: Unsupported class file major version 61
2021-11-21 15:01:46.574 [main] ERROR eclipselink.logging.metadata - java.lang.ArrayIndexOutOfBoundsException
2021-11-21 15:01:46.575 [main] ERROR eclipselink.logging.metadata - java.lang.IllegalArgumentException: Unsupported class file major version 61
2021-11-21 15:01:46.575 [main] ERROR eclipselink.logging.metadata - java.lang.ArrayIndexOutOfBoundsException
2021-11-21 15:01:46.576 [main] ERROR eclipselink.logging.metadata - java.lang.IllegalArgumentException: Unsupported class file major version 61
2021-11-21 15:01:46.576 [main] ERROR eclipselink.logging.metadata - java.lang.ArrayIndexOutOfBoundsException
2021-11-21 15:01:46.576 [main] ERROR eclipselink.logging.metadata - java.lang.IllegalArgumentException: Unsupported class file major version 61
2021-11-21 15:01:46.576 [main] ERROR eclipselink.logging.metadata - java.lang.ArrayIndexOutOfBoundsException
2021-11-21 15:01:46.576 [main] ERROR eclipselink.logging.metadata - java.lang.IllegalArgumentException: Unsupported class file major version 61
2021-11-21 15:01:46.576 [main] ERROR eclipselink.logging.metadata - java.lang.ArrayIndexOutOfBoundsException
2021-11-21 15:01:46.599 [main] ERROR eclipselink.logging.metadata - java.lang.IllegalArgumentException: Unsupported class file major version 61
2021-11-21 15:01:46.601 [main] ERROR eclipselink.logging.metadata - java.lang.ArrayIndexOutOfBoundsException
2021-11-21 15:01:46.603 [main] ERROR eclipselink.logging.metadata - java.lang.IllegalArgumentException: Unsupported class file major version 61
2021-11-21 15:01:46.603 [main] ERROR eclipselink.logging.metadata - java.lang.ArrayIndexOutOfBoundsException
2021-11-21 15:01:46.604 [main] ERROR eclipselink.logging.metadata - java.lang.IllegalArgumentException: Unsupported class file major version 61
2021-11-21 15:01:46.604 [main] ERROR eclipselink.logging.metadata - java.lang.ArrayIndexOutOfBoundsException
2021-11-21 15:01:46.604 [main] ERROR eclipselink.logging.metadata - java.lang.IllegalArgumentException: Unsupported class file major version 61
2021-11-21 15:01:46.604 [main] ERROR eclipselink.logging.metadata - java.lang.ArrayIndexOutOfBoundsException
2021-11-21 15:01:46.604 [main] ERROR eclipselink.logging.metadata - java.lang.IllegalArgumentException: Unsupported class file major version 61
2021-11-21 15:01:46.605 [main] ERROR eclipselink.logging.metadata - java.lang.ArrayIndexOutOfBoundsException
2021-11-21 15:01:46.655 [main] INFO  eclipselink.logging.all - EclipseLink, version: Eclipse Persistence Services - 2.7.7.v20200504-69f2c2b80d
2021-11-21 15:01:46.744 [main] WARN  c.q.t.c.util.EncryptedStringResolver - Some sensitive values are being given as unencrypted plain text in config. Please note this is NOT recommended for production environment.
2021-11-21 15:01:46.745 [main] INFO  com.zaxxer.hikari.HikariDataSource - HikariPool-8 - Starting...
2021-11-21 15:01:46.758 [main] INFO  com.zaxxer.hikari.HikariDataSource - HikariPool-8 - Start completed.
2021-11-21 15:01:46.762 [main] ERROR eclipselink.logging.metadata - java.lang.IllegalArgumentException: Unsupported class file major version 61
2021-11-21 15:01:46.763 [main] ERROR eclipselink.logging.metadata - java.lang.ArrayIndexOutOfBoundsException
2021-11-21 15:01:46.771 [main] ERROR eclipselink.logging.metadata - java.lang.IllegalArgumentException: Unsupported class file major version 61
2021-11-21 15:01:46.771 [main] ERROR eclipselink.logging.metadata - java.lang.ArrayIndexOutOfBoundsException
2021-11-21 15:01:46.818 [main] INFO  eclipselink.logging.all - EclipseLink, version: Eclipse Persistence Services - 2.7.7.v20200504-69f2c2b80d
2021-11-21 15:01:46.828 [main] ERROR eclipselink.logging.metadata - java.lang.IllegalArgumentException: Unsupported class file major version 61
2021-11-21 15:01:46.828 [main] ERROR eclipselink.logging.metadata - java.lang.ArrayIndexOutOfBoundsException
2021-11-21 15:01:46.829 [main] ERROR eclipselink.logging.metadata - java.lang.IllegalArgumentException: Unsupported class file major version 61
2021-11-21 15:01:46.829 [main] ERROR eclipselink.logging.metadata - java.lang.ArrayIndexOutOfBoundsException
2021-11-21 15:01:46.829 [main] ERROR eclipselink.logging.metadata - java.lang.IllegalArgumentException: Unsupported class file major version 61
2021-11-21 15:01:46.829 [main] ERROR eclipselink.logging.metadata - java.lang.ArrayIndexOutOfBoundsException
2021-11-21 15:01:46.830 [main] ERROR eclipselink.logging.metadata - java.lang.IllegalArgumentException: Unsupported class file major version 61
2021-11-21 15:01:46.830 [main] ERROR eclipselink.logging.metadata - java.lang.ArrayIndexOutOfBoundsException
2021-11-21 15:01:46.830 [main] ERROR eclipselink.logging.metadata - java.lang.IllegalArgumentException: Unsupported class file major version 61
2021-11-21 15:01:46.830 [main] ERROR eclipselink.logging.metadata - java.lang.ArrayIndexOutOfBoundsException
2021-11-21 15:01:46.830 [main] ERROR eclipselink.logging.metadata - java.lang.IllegalArgumentException: Unsupported class file major version 61
2021-11-21 15:01:46.830 [main] ERROR eclipselink.logging.metadata - java.lang.ArrayIndexOutOfBoundsException
2021-11-21 15:01:46.831 [main] ERROR eclipselink.logging.metadata - java.lang.IllegalArgumentException: Unsupported class file major version 61
2021-11-21 15:01:46.831 [main] ERROR eclipselink.logging.metadata - java.lang.ArrayIndexOutOfBoundsException
2021-11-21 15:01:46.832 [main] ERROR eclipselink.logging.metadata - java.lang.IllegalArgumentException: Unsupported class file major version 61
2021-11-21 15:01:46.832 [main] ERROR eclipselink.logging.metadata - java.lang.ArrayIndexOutOfBoundsException
2021-11-21 15:01:46.832 [main] ERROR eclipselink.logging.metadata - java.lang.IllegalArgumentException: Unsupported class file major version 61
2021-11-21 15:01:46.832 [main] ERROR eclipselink.logging.metadata - java.lang.ArrayIndexOutOfBoundsException
2021-11-21 15:01:46.832 [main] ERROR eclipselink.logging.metadata - java.lang.IllegalArgumentException: Unsupported class file major version 61
2021-11-21 15:01:46.832 [main] ERROR eclipselink.logging.metadata - java.lang.ArrayIndexOutOfBoundsException
2021-11-21 15:01:46.832 [main] ERROR eclipselink.logging.metadata - java.lang.IllegalArgumentException: Unsupported class file major version 61
2021-11-21 15:01:46.833 [main] ERROR eclipselink.logging.metadata - java.lang.ArrayIndexOutOfBoundsException
2021-11-21 15:01:46.855 [main] INFO  eclipselink.logging.all - EclipseLink, version: Eclipse Persistence Services - 2.7.7.v20200504-69f2c2b80d
2021-11-21 15:01:46.883 [main] WARN  c.q.t.c.util.EncryptedStringResolver - Some sensitive values are being given as unencrypted plain text in config. Please note this is NOT recommended for production environment.
2021-11-21 15:01:46.883 [main] INFO  com.zaxxer.hikari.HikariDataSource - HikariPool-9 - Starting...
2021-11-21 15:01:46.904 [main] INFO  com.zaxxer.hikari.HikariDataSource - HikariPool-9 - Start completed.
2021-11-21 15:01:46.907 [main] ERROR eclipselink.logging.metadata - java.lang.IllegalArgumentException: Unsupported class file major version 61
2021-11-21 15:01:46.907 [main] ERROR eclipselink.logging.metadata - java.lang.ArrayIndexOutOfBoundsException
2021-11-21 15:01:46.909 [main] ERROR eclipselink.logging.metadata - java.lang.IllegalArgumentException: Unsupported class file major version 61
2021-11-21 15:01:46.909 [main] ERROR eclipselink.logging.metadata - java.lang.ArrayIndexOutOfBoundsException
2021-11-21 15:01:46.914 [main] INFO  eclipselink.logging.all - EclipseLink, version: Eclipse Persistence Services - 2.7.7.v20200504-69f2c2b80d
2021-11-21 15:01:46.946 [main] ERROR eclipselink.logging.metadata - java.lang.IllegalArgumentException: Unsupported class file major version 61
2021-11-21 15:01:46.952 [main] ERROR eclipselink.logging.metadata - java.lang.ArrayIndexOutOfBoundsException
2021-11-21 15:01:46.953 [main] ERROR eclipselink.logging.metadata - java.lang.IllegalArgumentException: Unsupported class file major version 61
2021-11-21 15:01:46.953 [main] ERROR eclipselink.logging.metadata - java.lang.ArrayIndexOutOfBoundsException
2021-11-21 15:01:46.953 [main] ERROR eclipselink.logging.metadata - java.lang.IllegalArgumentException: Unsupported class file major version 61
2021-11-21 15:01:46.953 [main] ERROR eclipselink.logging.metadata - java.lang.ArrayIndexOutOfBoundsException
2021-11-21 15:01:46.954 [main] ERROR eclipselink.logging.metadata - java.lang.IllegalArgumentException: Unsupported class file major version 61
2021-11-21 15:01:46.954 [main] ERROR eclipselink.logging.metadata - java.lang.ArrayIndexOutOfBoundsException
2021-11-21 15:01:46.954 [main] ERROR eclipselink.logging.metadata - java.lang.IllegalArgumentException: Unsupported class file major version 61
2021-11-21 15:01:46.954 [main] ERROR eclipselink.logging.metadata - java.lang.ArrayIndexOutOfBoundsException
2021-11-21 15:01:46.955 [main] ERROR eclipselink.logging.metadata - java.lang.IllegalArgumentException: Unsupported class file major version 61
2021-11-21 15:01:46.955 [main] ERROR eclipselink.logging.metadata - java.lang.ArrayIndexOutOfBoundsException
2021-11-21 15:01:46.955 [main] ERROR eclipselink.logging.metadata - java.lang.IllegalArgumentException: Unsupported class file major version 61
2021-11-21 15:01:46.955 [main] ERROR eclipselink.logging.metadata - java.lang.ArrayIndexOutOfBoundsException
2021-11-21 15:01:46.955 [main] ERROR eclipselink.logging.metadata - java.lang.IllegalArgumentException: Unsupported class file major version 61
2021-11-21 15:01:46.955 [main] ERROR eclipselink.logging.metadata - java.lang.ArrayIndexOutOfBoundsException
2021-11-21 15:01:46.956 [main] ERROR eclipselink.logging.metadata - java.lang.IllegalArgumentException: Unsupported class file major version 61
2021-11-21 15:01:46.956 [main] ERROR eclipselink.logging.metadata - java.lang.ArrayIndexOutOfBoundsException
2021-11-21 15:01:46.962 [main] ERROR eclipselink.logging.metadata - java.lang.IllegalArgumentException: Unsupported class file major version 61
2021-11-21 15:01:46.962 [main] ERROR eclipselink.logging.metadata - java.lang.ArrayIndexOutOfBoundsException
2021-11-21 15:01:46.962 [main] ERROR eclipselink.logging.metadata - java.lang.IllegalArgumentException: Unsupported class file major version 61
2021-11-21 15:01:46.962 [main] ERROR eclipselink.logging.metadata - java.lang.ArrayIndexOutOfBoundsException
2021-11-21 15:01:46.967 [main] INFO  eclipselink.logging.all - EclipseLink, version: Eclipse Persistence Services - 2.7.7.v20200504-69f2c2b80d
2021-11-21 15:01:46.992 [main] INFO  c.q.t.r.r.ResendBatchPublisherFactory - Loaded factory com.quorum.tessera.p2p.recovery.RestResendBatchPublisherFactory@16b2d182
2021-11-21 15:01:46.994 [main] WARN  c.q.t.c.util.EncryptedStringResolver - Some sensitive values are being given as unencrypted plain text in config. Please note this is NOT recommended for production environment.
2021-11-21 15:01:46.994 [main] INFO  com.zaxxer.hikari.HikariDataSource - HikariPool-10 - Starting...
2021-11-21 15:01:47.022 [main] INFO  com.zaxxer.hikari.HikariDataSource - HikariPool-10 - Start completed.
2021-11-21 15:01:47.026 [main] ERROR eclipselink.logging.metadata - java.lang.IllegalArgumentException: Unsupported class file major version 61
2021-11-21 15:01:47.026 [main] ERROR eclipselink.logging.metadata - java.lang.ArrayIndexOutOfBoundsException
2021-11-21 15:01:47.028 [main] ERROR eclipselink.logging.metadata - java.lang.IllegalArgumentException: Unsupported class file major version 61
2021-11-21 15:01:47.028 [main] ERROR eclipselink.logging.metadata - java.lang.ArrayIndexOutOfBoundsException
2021-11-21 15:01:47.032 [main] INFO  eclipselink.logging.all - EclipseLink, version: Eclipse Persistence Services - 2.7.7.v20200504-69f2c2b80d
2021-11-21 15:01:47.062 [main] ERROR eclipselink.logging.metadata - java.lang.IllegalArgumentException: Unsupported class file major version 61
2021-11-21 15:01:47.062 [main] ERROR eclipselink.logging.metadata - java.lang.ArrayIndexOutOfBoundsException
2021-11-21 15:01:47.066 [main] ERROR eclipselink.logging.metadata - java.lang.IllegalArgumentException: Unsupported class file major version 61
2021-11-21 15:01:47.067 [main] ERROR eclipselink.logging.metadata - java.lang.ArrayIndexOutOfBoundsException
2021-11-21 15:01:47.067 [main] ERROR eclipselink.logging.metadata - java.lang.IllegalArgumentException: Unsupported class file major version 61
2021-11-21 15:01:47.067 [main] ERROR eclipselink.logging.metadata - java.lang.ArrayIndexOutOfBoundsException
2021-11-21 15:01:47.078 [main] ERROR eclipselink.logging.metadata - java.lang.IllegalArgumentException: Unsupported class file major version 61
2021-11-21 15:01:47.078 [main] ERROR eclipselink.logging.metadata - java.lang.ArrayIndexOutOfBoundsException
2021-11-21 15:01:47.078 [main] ERROR eclipselink.logging.metadata - java.lang.IllegalArgumentException: Unsupported class file major version 61
2021-11-21 15:01:47.078 [main] ERROR eclipselink.logging.metadata - java.lang.ArrayIndexOutOfBoundsException
2021-11-21 15:01:47.078 [main] ERROR eclipselink.logging.metadata - java.lang.IllegalArgumentException: Unsupported class file major version 61
2021-11-21 15:01:47.078 [main] ERROR eclipselink.logging.metadata - java.lang.ArrayIndexOutOfBoundsException
2021-11-21 15:01:47.079 [main] ERROR eclipselink.logging.metadata - java.lang.IllegalArgumentException: Unsupported class file major version 61
2021-11-21 15:01:47.079 [main] ERROR eclipselink.logging.metadata - java.lang.ArrayIndexOutOfBoundsException
2021-11-21 15:01:47.080 [main] ERROR eclipselink.logging.metadata - java.lang.IllegalArgumentException: Unsupported class file major version 61
2021-11-21 15:01:47.080 [main] ERROR eclipselink.logging.metadata - java.lang.ArrayIndexOutOfBoundsException
2021-11-21 15:01:47.080 [main] ERROR eclipselink.logging.metadata - java.lang.IllegalArgumentException: Unsupported class file major version 61
2021-11-21 15:01:47.080 [main] ERROR eclipselink.logging.metadata - java.lang.ArrayIndexOutOfBoundsException
2021-11-21 15:01:47.080 [main] ERROR eclipselink.logging.metadata - java.lang.IllegalArgumentException: Unsupported class file major version 61
2021-11-21 15:01:47.081 [main] ERROR eclipselink.logging.metadata - java.lang.ArrayIndexOutOfBoundsException
2021-11-21 15:01:47.081 [main] ERROR eclipselink.logging.metadata - java.lang.IllegalArgumentException: Unsupported class file major version 61
2021-11-21 15:01:47.081 [main] ERROR eclipselink.logging.metadata - java.lang.ArrayIndexOutOfBoundsException
2021-11-21 15:01:47.086 [main] INFO  eclipselink.logging.all - EclipseLink, version: Eclipse Persistence Services - 2.7.7.v20200504-69f2c2b80d
2021-11-21 15:01:47.139 [main] WARN  c.q.t.c.util.EncryptedStringResolver - Some sensitive values are being given as unencrypted plain text in config. Please note this is NOT recommended for production environment.
2021-11-21 15:01:47.140 [main] INFO  com.zaxxer.hikari.HikariDataSource - HikariPool-11 - Starting...
2021-11-21 15:01:47.169 [main] INFO  com.zaxxer.hikari.HikariDataSource - HikariPool-11 - Start completed.
2021-11-21 15:01:47.172 [main] ERROR eclipselink.logging.metadata - java.lang.IllegalArgumentException: Unsupported class file major version 61
2021-11-21 15:01:47.173 [main] ERROR eclipselink.logging.metadata - java.lang.ArrayIndexOutOfBoundsException
2021-11-21 15:01:47.174 [main] ERROR eclipselink.logging.metadata - java.lang.IllegalArgumentException: Unsupported class file major version 61
2021-11-21 15:01:47.174 [main] ERROR eclipselink.logging.metadata - java.lang.ArrayIndexOutOfBoundsException
2021-11-21 15:01:47.180 [main] INFO  eclipselink.logging.all - EclipseLink, version: Eclipse Persistence Services - 2.7.7.v20200504-69f2c2b80d
2021-11-21 15:01:47.200 [main] ERROR eclipselink.logging.metadata - java.lang.IllegalArgumentException: Unsupported class file major version 61
2021-11-21 15:01:47.200 [main] ERROR eclipselink.logging.metadata - java.lang.ArrayIndexOutOfBoundsException
2021-11-21 15:01:47.228 [main] ERROR eclipselink.logging.metadata - java.lang.IllegalArgumentException: Unsupported class file major version 61
2021-11-21 15:01:47.234 [main] ERROR eclipselink.logging.metadata - java.lang.ArrayIndexOutOfBoundsException
2021-11-21 15:01:47.234 [main] ERROR eclipselink.logging.metadata - java.lang.IllegalArgumentException: Unsupported class file major version 61
2021-11-21 15:01:47.234 [main] ERROR eclipselink.logging.metadata - java.lang.ArrayIndexOutOfBoundsException
2021-11-21 15:01:47.235 [main] ERROR eclipselink.logging.metadata - java.lang.IllegalArgumentException: Unsupported class file major version 61
2021-11-21 15:01:47.235 [main] ERROR eclipselink.logging.metadata - java.lang.ArrayIndexOutOfBoundsException
2021-11-21 15:01:47.236 [main] ERROR eclipselink.logging.metadata - java.lang.IllegalArgumentException: Unsupported class file major version 61
2021-11-21 15:01:47.236 [main] ERROR eclipselink.logging.metadata - java.lang.ArrayIndexOutOfBoundsException
2021-11-21 15:01:47.236 [main] ERROR eclipselink.logging.metadata - java.lang.IllegalArgumentException: Unsupported class file major version 61
2021-11-21 15:01:47.236 [main] ERROR eclipselink.logging.metadata - java.lang.ArrayIndexOutOfBoundsException
2021-11-21 15:01:47.236 [main] ERROR eclipselink.logging.metadata - java.lang.IllegalArgumentException: Unsupported class file major version 61
2021-11-21 15:01:47.236 [main] ERROR eclipselink.logging.metadata - java.lang.ArrayIndexOutOfBoundsException
2021-11-21 15:01:47.240 [main] ERROR eclipselink.logging.metadata - java.lang.IllegalArgumentException: Unsupported class file major version 61
2021-11-21 15:01:47.240 [main] ERROR eclipselink.logging.metadata - java.lang.ArrayIndexOutOfBoundsException
2021-11-21 15:01:47.240 [main] ERROR eclipselink.logging.metadata - java.lang.IllegalArgumentException: Unsupported class file major version 61
2021-11-21 15:01:47.240 [main] ERROR eclipselink.logging.metadata - java.lang.ArrayIndexOutOfBoundsException
2021-11-21 15:01:47.241 [main] ERROR eclipselink.logging.metadata - java.lang.IllegalArgumentException: Unsupported class file major version 61
2021-11-21 15:01:47.241 [main] ERROR eclipselink.logging.metadata - java.lang.ArrayIndexOutOfBoundsException
2021-11-21 15:01:47.241 [main] ERROR eclipselink.logging.metadata - java.lang.IllegalArgumentException: Unsupported class file major version 61
2021-11-21 15:01:47.241 [main] ERROR eclipselink.logging.metadata - java.lang.ArrayIndexOutOfBoundsException
2021-11-21 15:01:47.285 [main] INFO  eclipselink.logging.all - EclipseLink, version: Eclipse Persistence Services - 2.7.7.v20200504-69f2c2b80d
2021-11-21 15:01:47.529 [main] WARN  o.g.jersey.internal.inject.Providers - A provider com.quorum.tessera.p2p.TransactionResource registered in SERVER runtime does not implement any provider interfaces applicable in the SERVER runtime. Due to constraint configuration problems the provider com.quorum.tessera.p2p.TransactionResource will be ignored. 
2021-11-21 15:01:47.529 [main] WARN  o.g.jersey.internal.inject.Providers - A provider com.quorum.tessera.p2p.PrivacyGroupResource registered in SERVER runtime does not implement any provider interfaces applicable in the SERVER runtime. Due to constraint configuration problems the provider com.quorum.tessera.p2p.PrivacyGroupResource will be ignored. 
2021-11-21 15:01:47.529 [main] WARN  o.g.jersey.internal.inject.Providers - A provider com.quorum.tessera.p2p.PartyInfoResource registered in SERVER runtime does not implement any provider interfaces applicable in the SERVER runtime. Due to constraint configuration problems the provider com.quorum.tessera.p2p.PartyInfoResource will be ignored. 
2021-11-21 15:01:47.529 [main] WARN  o.g.jersey.internal.inject.Providers - A provider com.quorum.tessera.api.common.UpCheckResource registered in SERVER runtime does not implement any provider interfaces applicable in the SERVER runtime. Due to constraint configuration problems the provider com.quorum.tessera.api.common.UpCheckResource will be ignored. 
2021-11-21 15:01:47.980 [main] INFO  o.e.j.server.handler.ContextHandler - Started o.e.j.s.ServletContextHandler@2b5ca574{/,null,AVAILABLE}
2021-11-21 15:01:47.981 [main] INFO  o.e.jetty.server.AbstractConnector - Started ServerConnector@40d04cf8{HTTP/1.1, (http/1.1)}{0.0.0.0:9003}
2021-11-21 15:01:47.981 [main] INFO  org.eclipse.jetty.server.Server - Started @13835ms
2021-11-21 15:01:47.981 [main] INFO  c.quorum.tessera.server.JerseyServer - Started http://127.0.0.1:9003
2021-11-21 15:01:47.981 [main] INFO  c.quorum.tessera.server.JerseyServer - WADL http://127.0.0.1:9003/application.wadl
2021-11-21 15:01:50.118 [pool-2-thread-1] INFO  c.q.t.p.p.PartyInfoBroadcaster - Started PartyInfo polling round
2021-11-21 15:01:50.123 [pool-2-thread-1] INFO  c.q.t.p.p.PartyInfoBroadcaster - Finished PartyInfo polling round
2021-11-21 15:01:50.124 [pool-3-thread-1] WARN  c.q.t.p.p.PartyInfoBroadcaster - Failed to connect to node http://127.0.0.1:9004/, due to java.net.ConnectException: Connection refused
2021-11-21 15:01:50.124 [pool-3-thread-2] WARN  c.q.t.p.p.PartyInfoBroadcaster - Failed to connect to node http://127.0.0.1:9005/, due to java.net.ConnectException: Connection refused
2021-11-21 15:01:50.129 [pool-3-thread-3] WARN  c.q.t.p.p.PartyInfoBroadcaster - Failed to connect to node http://127.0.0.1:9002/, due to java.net.ConnectException: Connection refused
2021-11-21 15:01:53.909 [qtp836665497-57] INFO  c.q.t.api.common.UpCheckResource - Enter Request : GET : /upcheck
2021-11-21 15:01:53.910 [qtp836665497-57] INFO  c.q.t.api.common.UpCheckResource - GET upcheck
2021-11-21 15:01:53.933 [qtp836665497-57] INFO  c.q.t.api.common.UpCheckResource - Exit Request : GET : /upcheck
2021-11-21 15:01:53.933 [qtp836665497-57] INFO  c.q.t.api.common.UpCheckResource - Response for upcheck : 200 OK
2021-11-21 15:01:55.123 [pool-2-thread-1] INFO  c.q.t.p.p.PartyInfoBroadcaster - Started PartyInfo polling round
2021-11-21 15:01:55.129 [pool-2-thread-1] INFO  c.q.t.p.p.PartyInfoBroadcaster - Finished PartyInfo polling round
2021-11-21 15:01:59.187 [qtp1449065853-34] INFO  c.q.t.api.common.UpCheckResource - Enter Request : GET : /upcheck
2021-11-21 15:01:59.188 [qtp1449065853-34] INFO  c.q.t.api.common.UpCheckResource - GET upcheck
2021-11-21 15:01:59.189 [qtp1449065853-34] INFO  c.q.t.api.common.UpCheckResource - Exit Request : GET : /upcheck
2021-11-21 15:01:59.189 [qtp1449065853-34] INFO  c.q.t.api.common.UpCheckResource - Response for upcheck : 200 OK
2021-11-21 15:01:59.202 [qtp1449065853-31] INFO  c.q.t.api.common.VersionResource - Enter Request : GET : /version
2021-11-21 15:01:59.204 [qtp1449065853-31] INFO  c.q.t.api.common.VersionResource - Exit Request : GET : /version
2021-11-21 15:01:59.204 [qtp1449065853-31] INFO  c.q.t.api.common.VersionResource - Response for version : 200 OK
2021-11-21 15:01:59.214 [qtp1449065853-31] INFO  c.q.t.api.common.VersionResource - Enter Request : GET : /version/api
2021-11-21 15:01:59.225 [qtp1449065853-31] INFO  c.q.t.api.common.VersionResource - Exit Request : GET : /version/api
2021-11-21 15:01:59.227 [qtp1449065853-31] INFO  c.q.t.api.common.VersionResource - Response for version/api : 200 OK
2021-11-21 15:02:00.129 [pool-2-thread-1] INFO  c.q.t.p.p.PartyInfoBroadcaster - Started PartyInfo polling round
2021-11-21 15:02:00.131 [pool-2-thread-1] INFO  c.q.t.p.p.PartyInfoBroadcaster - Finished PartyInfo polling round
2021-11-21 15:02:05.131 [pool-2-thread-1] INFO  c.q.t.p.p.PartyInfoBroadcaster - Started PartyInfo polling round
2021-11-21 15:02:05.135 [pool-2-thread-1] INFO  c.q.t.p.p.PartyInfoBroadcaster - Finished PartyInfo polling round
2021-11-21 15:02:10.137 [pool-2-thread-1] INFO  c.q.t.p.p.PartyInfoBroadcaster - Started PartyInfo polling round
2021-11-21 15:02:10.139 [pool-2-thread-1] INFO  c.q.t.p.p.PartyInfoBroadcaster - Finished PartyInfo polling round
2021-11-21 15:02:15.139 [pool-2-thread-1] INFO  c.q.t.p.p.PartyInfoBroadcaster - Started PartyInfo polling round
2021-11-21 15:02:15.141 [pool-2-thread-1] INFO  c.q.t.p.p.PartyInfoBroadcaster - Finished PartyInfo polling round
2021-11-21 15:02:20.141 [pool-2-thread-1] INFO  c.q.t.p.p.PartyInfoBroadcaster - Started PartyInfo polling round
2021-11-21 15:02:20.144 [pool-2-thread-1] INFO  c.q.t.p.p.PartyInfoBroadcaster - Finished PartyInfo polling round
2021-11-21 15:02:25.145 [pool-2-thread-1] INFO  c.q.t.p.p.PartyInfoBroadcaster - Started PartyInfo polling round
2021-11-21 15:02:25.146 [pool-2-thread-1] INFO  c.q.t.p.p.PartyInfoBroadcaster - Finished PartyInfo polling round
2021-11-21 15:02:30.146 [pool-2-thread-1] INFO  c.q.t.p.p.PartyInfoBroadcaster - Started PartyInfo polling round
2021-11-21 15:02:30.148 [pool-2-thread-1] INFO  c.q.t.p.p.PartyInfoBroadcaster - Finished PartyInfo polling round
2021-11-21 15:02:35.148 [pool-2-thread-1] INFO  c.q.t.p.p.PartyInfoBroadcaster - Started PartyInfo polling round
2021-11-21 15:02:35.152 [pool-2-thread-1] INFO  c.q.t.p.p.PartyInfoBroadcaster - Finished PartyInfo polling round
2021-11-21 15:02:40.152 [pool-2-thread-1] INFO  c.q.t.p.p.PartyInfoBroadcaster - Started PartyInfo polling round
2021-11-21 15:02:40.167 [pool-2-thread-1] INFO  c.q.t.p.p.PartyInfoBroadcaster - Finished PartyInfo polling round
2021-11-21 15:02:45.167 [pool-2-thread-1] INFO  c.q.t.p.p.PartyInfoBroadcaster - Started PartyInfo polling round
2021-11-21 15:02:45.170 [pool-2-thread-1] INFO  c.q.t.p.p.PartyInfoBroadcaster - Finished PartyInfo polling round
2021-11-21 15:02:50.175 [pool-2-thread-1] INFO  c.q.t.p.p.PartyInfoBroadcaster - Started PartyInfo polling round
2021-11-21 15:02:50.177 [pool-2-thread-1] INFO  c.q.t.p.p.PartyInfoBroadcaster - Finished PartyInfo polling round
2021-11-21 15:02:55.177 [pool-2-thread-1] INFO  c.q.t.p.p.PartyInfoBroadcaster - Started PartyInfo polling round
2021-11-21 15:02:55.180 [pool-2-thread-1] INFO  c.q.t.p.p.PartyInfoBroadcaster - Finished PartyInfo polling round
2021-11-21 15:03:00.181 [pool-2-thread-1] INFO  c.q.t.p.p.PartyInfoBroadcaster - Started PartyInfo polling round
2021-11-21 15:03:00.182 [pool-2-thread-1] INFO  c.q.t.p.p.PartyInfoBroadcaster - Finished PartyInfo polling round
2021-11-21 15:03:05.183 [pool-2-thread-1] INFO  c.q.t.p.p.PartyInfoBroadcaster - Started PartyInfo polling round
2021-11-21 15:03:05.184 [pool-2-thread-1] INFO  c.q.t.p.p.PartyInfoBroadcaster - Finished PartyInfo polling round
2021-11-21 15:03:10.190 [pool-2-thread-1] INFO  c.q.t.p.p.PartyInfoBroadcaster - Started PartyInfo polling round
2021-11-21 15:03:10.192 [pool-2-thread-1] INFO  c.q.t.p.p.PartyInfoBroadcaster - Finished PartyInfo polling round
2021-11-21 15:03:15.192 [pool-2-thread-1] INFO  c.q.t.p.p.PartyInfoBroadcaster - Started PartyInfo polling round
2021-11-21 15:03:15.195 [pool-2-thread-1] INFO  c.q.t.p.p.PartyInfoBroadcaster - Finished PartyInfo polling round
2021-11-21 15:03:20.195 [pool-2-thread-1] INFO  c.q.t.p.p.PartyInfoBroadcaster - Started PartyInfo polling round
2021-11-21 15:03:20.198 [pool-2-thread-1] INFO  c.q.t.p.p.PartyInfoBroadcaster - Finished PartyInfo polling round
2021-11-21 15:03:25.198 [pool-2-thread-1] INFO  c.q.t.p.p.PartyInfoBroadcaster - Started PartyInfo polling round
2021-11-21 15:03:25.202 [pool-2-thread-1] INFO  c.q.t.p.p.PartyInfoBroadcaster - Finished PartyInfo polling round
2021-11-21 15:03:30.202 [pool-2-thread-1] INFO  c.q.t.p.p.PartyInfoBroadcaster - Started PartyInfo polling round
2021-11-21 15:03:30.208 [pool-2-thread-1] INFO  c.q.t.p.p.PartyInfoBroadcaster - Finished PartyInfo polling round
2021-11-21 15:03:35.209 [pool-2-thread-1] INFO  c.q.t.p.p.PartyInfoBroadcaster - Started PartyInfo polling round
2021-11-21 15:03:35.211 [pool-2-thread-1] INFO  c.q.t.p.p.PartyInfoBroadcaster - Finished PartyInfo polling round
2021-11-21 15:03:40.212 [pool-2-thread-1] INFO  c.q.t.p.p.PartyInfoBroadcaster - Started PartyInfo polling round
2021-11-21 15:03:40.214 [pool-2-thread-1] INFO  c.q.t.p.p.PartyInfoBroadcaster - Finished PartyInfo polling round
2021-11-21 15:03:45.214 [pool-2-thread-1] INFO  c.q.t.p.p.PartyInfoBroadcaster - Started PartyInfo polling round
2021-11-21 15:03:45.216 [pool-2-thread-1] INFO  c.q.t.p.p.PartyInfoBroadcaster - Finished PartyInfo polling round
2021-11-21 15:03:50.216 [pool-2-thread-1] INFO  c.q.t.p.p.PartyInfoBroadcaster - Started PartyInfo polling round
2021-11-21 15:03:50.218 [pool-2-thread-1] INFO  c.q.t.p.p.PartyInfoBroadcaster - Finished PartyInfo polling round
2021-11-21 15:03:55.218 [pool-2-thread-1] INFO  c.q.t.p.p.PartyInfoBroadcaster - Started PartyInfo polling round
2021-11-21 15:03:55.220 [pool-2-thread-1] INFO  c.q.t.p.p.PartyInfoBroadcaster - Finished PartyInfo polling round
2021-11-21 15:04:00.222 [pool-2-thread-1] INFO  c.q.t.p.p.PartyInfoBroadcaster - Started PartyInfo polling round
2021-11-21 15:04:00.225 [pool-2-thread-1] INFO  c.q.t.p.p.PartyInfoBroadcaster - Finished PartyInfo polling round
2021-11-21 15:04:05.226 [pool-2-thread-1] INFO  c.q.t.p.p.PartyInfoBroadcaster - Started PartyInfo polling round
2021-11-21 15:04:05.227 [pool-2-thread-1] INFO  c.q.t.p.p.PartyInfoBroadcaster - Finished PartyInfo polling round
2021-11-21 15:04:10.227 [pool-2-thread-1] INFO  c.q.t.p.p.PartyInfoBroadcaster - Started PartyInfo polling round
2021-11-21 15:04:10.230 [pool-2-thread-1] INFO  c.q.t.p.p.PartyInfoBroadcaster - Finished PartyInfo polling round
2021-11-21 15:04:15.231 [pool-2-thread-1] INFO  c.q.t.p.p.PartyInfoBroadcaster - Started PartyInfo polling round
2021-11-21 15:04:15.234 [pool-2-thread-1] INFO  c.q.t.p.p.PartyInfoBroadcaster - Finished PartyInfo polling round
2021-11-21 15:04:20.236 [pool-2-thread-1] INFO  c.q.t.p.p.PartyInfoBroadcaster - Started PartyInfo polling round
2021-11-21 15:04:20.238 [pool-2-thread-1] INFO  c.q.t.p.p.PartyInfoBroadcaster - Finished PartyInfo polling round
2021-11-21 15:04:25.239 [pool-2-thread-1] INFO  c.q.t.p.p.PartyInfoBroadcaster - Started PartyInfo polling round
2021-11-21 15:04:25.240 [pool-2-thread-1] INFO  c.q.t.p.p.PartyInfoBroadcaster - Finished PartyInfo polling round
2021-11-21 15:04:30.241 [pool-2-thread-1] INFO  c.q.t.p.p.PartyInfoBroadcaster - Started PartyInfo polling round
2021-11-21 15:04:30.243 [pool-2-thread-1] INFO  c.q.t.p.p.PartyInfoBroadcaster - Finished PartyInfo polling round
2021-11-21 15:04:35.246 [pool-2-thread-1] INFO  c.q.t.p.p.PartyInfoBroadcaster - Started PartyInfo polling round
2021-11-21 15:04:35.247 [pool-2-thread-1] INFO  c.q.t.p.p.PartyInfoBroadcaster - Finished PartyInfo polling round
2021-11-21 15:04:40.247 [pool-2-thread-1] INFO  c.q.t.p.p.PartyInfoBroadcaster - Started PartyInfo polling round
2021-11-21 15:04:40.248 [pool-2-thread-1] INFO  c.q.t.p.p.PartyInfoBroadcaster - Finished PartyInfo polling round
2021-11-21 15:04:45.248 [pool-2-thread-1] INFO  c.q.t.p.p.PartyInfoBroadcaster - Started PartyInfo polling round
2021-11-21 15:04:45.250 [pool-2-thread-1] INFO  c.q.t.p.p.PartyInfoBroadcaster - Finished PartyInfo polling round
2021-11-21 15:04:50.257 [pool-2-thread-1] INFO  c.q.t.p.p.PartyInfoBroadcaster - Started PartyInfo polling round
2021-11-21 15:04:50.258 [pool-2-thread-1] INFO  c.q.t.p.p.PartyInfoBroadcaster - Finished PartyInfo polling round
2021-11-21 15:04:55.258 [pool-2-thread-1] INFO  c.q.t.p.p.PartyInfoBroadcaster - Started PartyInfo polling round
2021-11-21 15:04:55.259 [pool-2-thread-1] INFO  c.q.t.p.p.PartyInfoBroadcaster - Finished PartyInfo polling round
2021-11-21 15:05:00.260 [pool-2-thread-1] INFO  c.q.t.p.p.PartyInfoBroadcaster - Started PartyInfo polling round
2021-11-21 15:05:00.261 [pool-2-thread-1] INFO  c.q.t.p.p.PartyInfoBroadcaster - Finished PartyInfo polling round
2021-11-21 15:05:05.262 [pool-2-thread-1] INFO  c.q.t.p.p.PartyInfoBroadcaster - Started PartyInfo polling round
2021-11-21 15:05:05.272 [pool-2-thread-1] INFO  c.q.t.p.p.PartyInfoBroadcaster - Finished PartyInfo polling round
2021-11-21 15:05:10.273 [pool-2-thread-1] INFO  c.q.t.p.p.PartyInfoBroadcaster - Started PartyInfo polling round
2021-11-21 15:05:10.277 [pool-2-thread-1] INFO  c.q.t.p.p.PartyInfoBroadcaster - Finished PartyInfo polling round
2021-11-21 15:05:15.278 [pool-2-thread-1] INFO  c.q.t.p.p.PartyInfoBroadcaster - Started PartyInfo polling round
2021-11-21 15:05:15.280 [pool-2-thread-1] INFO  c.q.t.p.p.PartyInfoBroadcaster - Finished PartyInfo polling round
2021-11-21 15:05:20.281 [pool-2-thread-1] INFO  c.q.t.p.p.PartyInfoBroadcaster - Started PartyInfo polling round
2021-11-21 15:05:20.288 [pool-2-thread-1] INFO  c.q.t.p.p.PartyInfoBroadcaster - Finished PartyInfo polling round
2021-11-21 15:05:25.288 [pool-2-thread-1] INFO  c.q.t.p.p.PartyInfoBroadcaster - Started PartyInfo polling round
2021-11-21 15:05:25.290 [pool-2-thread-1] INFO  c.q.t.p.p.PartyInfoBroadcaster - Finished PartyInfo polling round
2021-11-21 15:05:30.290 [pool-2-thread-1] INFO  c.q.t.p.p.PartyInfoBroadcaster - Started PartyInfo polling round
2021-11-21 15:05:30.291 [pool-2-thread-1] INFO  c.q.t.p.p.PartyInfoBroadcaster - Finished PartyInfo polling round
2021-11-21 15:05:35.292 [pool-2-thread-1] INFO  c.q.t.p.p.PartyInfoBroadcaster - Started PartyInfo polling round
2021-11-21 15:05:35.295 [pool-2-thread-1] INFO  c.q.t.p.p.PartyInfoBroadcaster - Finished PartyInfo polling round
2021-11-21 15:05:40.296 [pool-2-thread-1] INFO  c.q.t.p.p.PartyInfoBroadcaster - Started PartyInfo polling round
2021-11-21 15:05:40.297 [pool-2-thread-1] INFO  c.q.t.p.p.PartyInfoBroadcaster - Finished PartyInfo polling round
2021-11-21 15:05:45.298 [pool-2-thread-1] INFO  c.q.t.p.p.PartyInfoBroadcaster - Started PartyInfo polling round
2021-11-21 15:05:45.300 [pool-2-thread-1] INFO  c.q.t.p.p.PartyInfoBroadcaster - Finished PartyInfo polling round
2021-11-21 15:05:50.300 [pool-2-thread-1] INFO  c.q.t.p.p.PartyInfoBroadcaster - Started PartyInfo polling round
2021-11-21 15:05:50.302 [pool-2-thread-1] INFO  c.q.t.p.p.PartyInfoBroadcaster - Finished PartyInfo polling round
2021-11-21 15:05:55.303 [pool-2-thread-1] INFO  c.q.t.p.p.PartyInfoBroadcaster - Started PartyInfo polling round
2021-11-21 15:05:55.307 [pool-2-thread-1] INFO  c.q.t.p.p.PartyInfoBroadcaster - Finished PartyInfo polling round
2021-11-21 15:06:00.308 [pool-2-thread-1] INFO  c.q.t.p.p.PartyInfoBroadcaster - Started PartyInfo polling round
2021-11-21 15:06:00.310 [pool-2-thread-1] INFO  c.q.t.p.p.PartyInfoBroadcaster - Finished PartyInfo polling round
2021-11-21 15:06:05.310 [pool-2-thread-1] INFO  c.q.t.p.p.PartyInfoBroadcaster - Started PartyInfo polling round
2021-11-21 15:06:05.312 [pool-2-thread-1] INFO  c.q.t.p.p.PartyInfoBroadcaster - Finished PartyInfo polling round
2021-11-21 15:06:10.312 [pool-2-thread-1] INFO  c.q.t.p.p.PartyInfoBroadcaster - Started PartyInfo polling round
2021-11-21 15:06:10.313 [pool-2-thread-1] INFO  c.q.t.p.p.PartyInfoBroadcaster - Finished PartyInfo polling round
2021-11-21 15:06:15.314 [pool-2-thread-1] INFO  c.q.t.p.p.PartyInfoBroadcaster - Started PartyInfo polling round
2021-11-21 15:06:15.317 [pool-2-thread-1] INFO  c.q.t.p.p.PartyInfoBroadcaster - Finished PartyInfo polling round
2021-11-21 15:06:20.317 [pool-2-thread-1] INFO  c.q.t.p.p.PartyInfoBroadcaster - Started PartyInfo polling round
2021-11-21 15:06:20.322 [pool-2-thread-1] INFO  c.q.t.p.p.PartyInfoBroadcaster - Finished PartyInfo polling round
2021-11-21 15:06:25.322 [pool-2-thread-1] INFO  c.q.t.p.p.PartyInfoBroadcaster - Started PartyInfo polling round
2021-11-21 15:06:25.324 [pool-2-thread-1] INFO  c.q.t.p.p.PartyInfoBroadcaster - Finished PartyInfo polling round
2021-11-21 15:06:30.326 [pool-2-thread-1] INFO  c.q.t.p.p.PartyInfoBroadcaster - Started PartyInfo polling round
2021-11-21 15:06:30.327 [pool-2-thread-1] INFO  c.q.t.p.p.PartyInfoBroadcaster - Finished PartyInfo polling round
2021-11-21 15:06:35.328 [pool-2-thread-1] INFO  c.q.t.p.p.PartyInfoBroadcaster - Started PartyInfo polling round
2021-11-21 15:06:35.329 [pool-2-thread-1] INFO  c.q.t.p.p.PartyInfoBroadcaster - Finished PartyInfo polling round
2021-11-21 15:06:40.330 [pool-2-thread-1] INFO  c.q.t.p.p.PartyInfoBroadcaster - Started PartyInfo polling round
2021-11-21 15:06:40.332 [pool-2-thread-1] INFO  c.q.t.p.p.PartyInfoBroadcaster - Finished PartyInfo polling round
2021-11-21 15:06:45.333 [pool-2-thread-1] INFO  c.q.t.p.p.PartyInfoBroadcaster - Started PartyInfo polling round
2021-11-21 15:06:45.335 [pool-2-thread-1] INFO  c.q.t.p.p.PartyInfoBroadcaster - Finished PartyInfo polling round
2021-11-21 15:06:50.337 [pool-2-thread-1] INFO  c.q.t.p.p.PartyInfoBroadcaster - Started PartyInfo polling round
2021-11-21 15:06:50.341 [pool-2-thread-1] INFO  c.q.t.p.p.PartyInfoBroadcaster - Finished PartyInfo polling round
2021-11-21 15:06:55.341 [pool-2-thread-1] INFO  c.q.t.p.p.PartyInfoBroadcaster - Started PartyInfo polling round
2021-11-21 15:06:55.343 [pool-2-thread-1] INFO  c.q.t.p.p.PartyInfoBroadcaster - Finished PartyInfo polling round
2021-11-21 15:07:00.343 [pool-2-thread-1] INFO  c.q.t.p.p.PartyInfoBroadcaster - Started PartyInfo polling round
2021-11-21 15:07:00.344 [pool-2-thread-1] INFO  c.q.t.p.p.PartyInfoBroadcaster - Finished PartyInfo polling round
2021-11-21 15:07:05.344 [pool-2-thread-1] INFO  c.q.t.p.p.PartyInfoBroadcaster - Started PartyInfo polling round
2021-11-21 15:07:05.346 [pool-2-thread-1] INFO  c.q.t.p.p.PartyInfoBroadcaster - Finished PartyInfo polling round
2021-11-21 15:07:10.346 [pool-2-thread-1] INFO  c.q.t.p.p.PartyInfoBroadcaster - Started PartyInfo polling round
2021-11-21 15:07:10.347 [pool-2-thread-1] INFO  c.q.t.p.p.PartyInfoBroadcaster - Finished PartyInfo polling round
2021-11-21 15:07:15.347 [pool-2-thread-1] INFO  c.q.t.p.p.PartyInfoBroadcaster - Started PartyInfo polling round
2021-11-21 15:07:15.348 [pool-2-thread-1] INFO  c.q.t.p.p.PartyInfoBroadcaster - Finished PartyInfo polling round
2021-11-21 15:07:20.350 [pool-2-thread-1] INFO  c.q.t.p.p.PartyInfoBroadcaster - Started PartyInfo polling round
2021-11-21 15:07:20.351 [pool-2-thread-1] INFO  c.q.t.p.p.PartyInfoBroadcaster - Finished PartyInfo polling round
2021-11-21 15:07:25.352 [pool-2-thread-1] INFO  c.q.t.p.p.PartyInfoBroadcaster - Started PartyInfo polling round
2021-11-21 15:07:25.356 [pool-2-thread-1] INFO  c.q.t.p.p.PartyInfoBroadcaster - Finished PartyInfo polling round
2021-11-21 15:07:30.357 [pool-2-thread-1] INFO  c.q.t.p.p.PartyInfoBroadcaster - Started PartyInfo polling round
2021-11-21 15:07:30.358 [pool-2-thread-1] INFO  c.q.t.p.p.PartyInfoBroadcaster - Finished PartyInfo polling round
2021-11-21 15:07:35.358 [pool-2-thread-1] INFO  c.q.t.p.p.PartyInfoBroadcaster - Started PartyInfo polling round
2021-11-21 15:07:35.361 [pool-2-thread-1] INFO  c.q.t.p.p.PartyInfoBroadcaster - Finished PartyInfo polling round
2021-11-21 15:07:40.361 [pool-2-thread-1] INFO  c.q.t.p.p.PartyInfoBroadcaster - Started PartyInfo polling round
2021-11-21 15:07:40.362 [pool-2-thread-1] INFO  c.q.t.p.p.PartyInfoBroadcaster - Finished PartyInfo polling round
2021-11-21 15:07:45.371 [pool-2-thread-1] INFO  c.q.t.p.p.PartyInfoBroadcaster - Started PartyInfo polling round
2021-11-21 15:07:45.377 [pool-2-thread-1] INFO  c.q.t.p.p.PartyInfoBroadcaster - Finished PartyInfo polling round
2021-11-21 15:07:50.379 [pool-2-thread-1] INFO  c.q.t.p.p.PartyInfoBroadcaster - Started PartyInfo polling round
2021-11-21 15:07:50.380 [pool-2-thread-1] INFO  c.q.t.p.p.PartyInfoBroadcaster - Finished PartyInfo polling round
2021-11-21 15:07:55.381 [pool-2-thread-1] INFO  c.q.t.p.p.PartyInfoBroadcaster - Started PartyInfo polling round
2021-11-21 15:07:55.382 [pool-2-thread-1] INFO  c.q.t.p.p.PartyInfoBroadcaster - Finished PartyInfo polling round
2021-11-21 15:08:00.384 [pool-2-thread-1] INFO  c.q.t.p.p.PartyInfoBroadcaster - Started PartyInfo polling round
2021-11-21 15:08:00.387 [pool-2-thread-1] INFO  c.q.t.p.p.PartyInfoBroadcaster - Finished PartyInfo polling round
2021-11-21 15:08:05.388 [pool-2-thread-1] INFO  c.q.t.p.p.PartyInfoBroadcaster - Started PartyInfo polling round
2021-11-21 15:08:05.390 [pool-2-thread-1] INFO  c.q.t.p.p.PartyInfoBroadcaster - Finished PartyInfo polling round
2021-11-21 15:08:10.390 [pool-2-thread-1] INFO  c.q.t.p.p.PartyInfoBroadcaster - Started PartyInfo polling round
2021-11-21 15:08:10.391 [pool-2-thread-1] INFO  c.q.t.p.p.PartyInfoBroadcaster - Finished PartyInfo polling round
2021-11-21 15:08:15.392 [pool-2-thread-1] INFO  c.q.t.p.p.PartyInfoBroadcaster - Started PartyInfo polling round
2021-11-21 15:08:15.394 [pool-2-thread-1] INFO  c.q.t.p.p.PartyInfoBroadcaster - Finished PartyInfo polling round
2021-11-21 15:08:20.395 [pool-2-thread-1] INFO  c.q.t.p.p.PartyInfoBroadcaster - Started PartyInfo polling round
2021-11-21 15:08:20.398 [pool-2-thread-1] INFO  c.q.t.p.p.PartyInfoBroadcaster - Finished PartyInfo polling round
2021-11-21 15:08:25.398 [pool-2-thread-1] INFO  c.q.t.p.p.PartyInfoBroadcaster - Started PartyInfo polling round
2021-11-21 15:08:25.399 [pool-2-thread-1] INFO  c.q.t.p.p.PartyInfoBroadcaster - Finished PartyInfo polling round
2021-11-21 15:08:30.400 [pool-2-thread-1] INFO  c.q.t.p.p.PartyInfoBroadcaster - Started PartyInfo polling round
2021-11-21 15:08:30.401 [pool-2-thread-1] INFO  c.q.t.p.p.PartyInfoBroadcaster - Finished PartyInfo polling round
2021-11-21 15:08:35.402 [pool-2-thread-1] INFO  c.q.t.p.p.PartyInfoBroadcaster - Started PartyInfo polling round
2021-11-21 15:08:35.403 [pool-2-thread-1] INFO  c.q.t.p.p.PartyInfoBroadcaster - Finished PartyInfo polling round
2021-11-21 15:08:40.404 [pool-2-thread-1] INFO  c.q.t.p.p.PartyInfoBroadcaster - Started PartyInfo polling round
2021-11-21 15:08:40.405 [pool-2-thread-1] INFO  c.q.t.p.p.PartyInfoBroadcaster - Finished PartyInfo polling round
2021-11-21 15:08:45.406 [pool-2-thread-1] INFO  c.q.t.p.p.PartyInfoBroadcaster - Started PartyInfo polling round
2021-11-21 15:08:45.407 [pool-2-thread-1] INFO  c.q.t.p.p.PartyInfoBroadcaster - Finished PartyInfo polling round
2021-11-21 15:08:50.408 [pool-2-thread-1] INFO  c.q.t.p.p.PartyInfoBroadcaster - Started PartyInfo polling round
2021-11-21 15:08:50.409 [pool-2-thread-1] INFO  c.q.t.p.p.PartyInfoBroadcaster - Finished PartyInfo polling round
2021-11-21 15:08:55.410 [pool-2-thread-1] INFO  c.q.t.p.p.PartyInfoBroadcaster - Started PartyInfo polling round
2021-11-21 15:08:55.411 [pool-2-thread-1] INFO  c.q.t.p.p.PartyInfoBroadcaster - Finished PartyInfo polling round
2021-11-21 15:09:00.412 [pool-2-thread-1] INFO  c.q.t.p.p.PartyInfoBroadcaster - Started PartyInfo polling round
2021-11-21 15:09:00.413 [pool-2-thread-1] INFO  c.q.t.p.p.PartyInfoBroadcaster - Finished PartyInfo polling round
2021-11-21 15:09:05.414 [pool-2-thread-1] INFO  c.q.t.p.p.PartyInfoBroadcaster - Started PartyInfo polling round
2021-11-21 15:09:05.415 [pool-2-thread-1] INFO  c.q.t.p.p.PartyInfoBroadcaster - Finished PartyInfo polling round
2021-11-21 15:09:10.417 [pool-2-thread-1] INFO  c.q.t.p.p.PartyInfoBroadcaster - Started PartyInfo polling round
2021-11-21 15:09:10.422 [pool-2-thread-1] INFO  c.q.t.p.p.PartyInfoBroadcaster - Finished PartyInfo polling round
2021-11-21 15:09:15.423 [pool-2-thread-1] INFO  c.q.t.p.p.PartyInfoBroadcaster - Started PartyInfo polling round
2021-11-21 15:09:15.430 [pool-2-thread-1] INFO  c.q.t.p.p.PartyInfoBroadcaster - Finished PartyInfo polling round
2021-11-21 15:09:20.432 [pool-2-thread-1] INFO  c.q.t.p.p.PartyInfoBroadcaster - Started PartyInfo polling round
2021-11-21 15:09:20.433 [pool-2-thread-1] INFO  c.q.t.p.p.PartyInfoBroadcaster - Finished PartyInfo polling round
2021-11-21 15:09:25.435 [pool-2-thread-1] INFO  c.q.t.p.p.PartyInfoBroadcaster - Started PartyInfo polling round
2021-11-21 15:09:25.436 [pool-2-thread-1] INFO  c.q.t.p.p.PartyInfoBroadcaster - Finished PartyInfo polling round
2021-11-21 15:09:30.437 [pool-2-thread-1] INFO  c.q.t.p.p.PartyInfoBroadcaster - Started PartyInfo polling round
2021-11-21 15:09:30.439 [pool-2-thread-1] INFO  c.q.t.p.p.PartyInfoBroadcaster - Finished PartyInfo polling round
2021-11-21 15:09:35.440 [pool-2-thread-1] INFO  c.q.t.p.p.PartyInfoBroadcaster - Started PartyInfo polling round
2021-11-21 15:09:35.441 [pool-2-thread-1] INFO  c.q.t.p.p.PartyInfoBroadcaster - Finished PartyInfo polling round
2021-11-21 15:09:40.441 [pool-2-thread-1] INFO  c.q.t.p.p.PartyInfoBroadcaster - Started PartyInfo polling round
2021-11-21 15:09:40.443 [pool-2-thread-1] INFO  c.q.t.p.p.PartyInfoBroadcaster - Finished PartyInfo polling round
2021-11-21 15:09:45.444 [pool-2-thread-1] INFO  c.q.t.p.p.PartyInfoBroadcaster - Started PartyInfo polling round
2021-11-21 15:09:45.445 [pool-2-thread-1] INFO  c.q.t.p.p.PartyInfoBroadcaster - Finished PartyInfo polling round
2021-11-21 15:09:50.446 [pool-2-thread-1] INFO  c.q.t.p.p.PartyInfoBroadcaster - Started PartyInfo polling round
2021-11-21 15:09:50.447 [pool-2-thread-1] INFO  c.q.t.p.p.PartyInfoBroadcaster - Finished PartyInfo polling round
2021-11-21 15:09:55.448 [pool-2-thread-1] INFO  c.q.t.p.p.PartyInfoBroadcaster - Started PartyInfo polling round
2021-11-21 15:09:55.449 [pool-2-thread-1] INFO  c.q.t.p.p.PartyInfoBroadcaster - Finished PartyInfo polling round
2021-11-21 15:10:00.449 [pool-2-thread-1] INFO  c.q.t.p.p.PartyInfoBroadcaster - Started PartyInfo polling round
2021-11-21 15:10:00.450 [pool-2-thread-1] INFO  c.q.t.p.p.PartyInfoBroadcaster - Finished PartyInfo polling round
2021-11-21 15:10:05.450 [pool-2-thread-1] INFO  c.q.t.p.p.PartyInfoBroadcaster - Started PartyInfo polling round
2021-11-21 15:10:05.453 [pool-2-thread-1] INFO  c.q.t.p.p.PartyInfoBroadcaster - Finished PartyInfo polling round
2021-11-21 15:10:10.457 [pool-2-thread-1] INFO  c.q.t.p.p.PartyInfoBroadcaster - Started PartyInfo polling round
2021-11-21 15:10:10.458 [pool-2-thread-1] INFO  c.q.t.p.p.PartyInfoBroadcaster - Finished PartyInfo polling round
2021-11-21 15:10:15.460 [pool-2-thread-1] INFO  c.q.t.p.p.PartyInfoBroadcaster - Started PartyInfo polling round
2021-11-21 15:10:15.462 [pool-2-thread-1] INFO  c.q.t.p.p.PartyInfoBroadcaster - Finished PartyInfo polling round
2021-11-21 15:10:20.462 [pool-2-thread-1] INFO  c.q.t.p.p.PartyInfoBroadcaster - Started PartyInfo polling round
2021-11-21 15:10:20.463 [pool-2-thread-1] INFO  c.q.t.p.p.PartyInfoBroadcaster - Finished PartyInfo polling round
2021-11-21 15:10:25.463 [pool-2-thread-1] INFO  c.q.t.p.p.PartyInfoBroadcaster - Started PartyInfo polling round
2021-11-21 15:10:25.465 [pool-2-thread-1] INFO  c.q.t.p.p.PartyInfoBroadcaster - Finished PartyInfo polling round
2021-11-21 15:10:30.466 [pool-2-thread-1] INFO  c.q.t.p.p.PartyInfoBroadcaster - Started PartyInfo polling round
2021-11-21 15:10:30.467 [pool-2-thread-1] INFO  c.q.t.p.p.PartyInfoBroadcaster - Finished PartyInfo polling round
2021-11-21 15:10:35.468 [pool-2-thread-1] INFO  c.q.t.p.p.PartyInfoBroadcaster - Started PartyInfo polling round
2021-11-21 15:10:35.469 [pool-2-thread-1] INFO  c.q.t.p.p.PartyInfoBroadcaster - Finished PartyInfo polling round
2021-11-21 15:10:40.470 [pool-2-thread-1] INFO  c.q.t.p.p.PartyInfoBroadcaster - Started PartyInfo polling round
2021-11-21 15:10:40.471 [pool-2-thread-1] INFO  c.q.t.p.p.PartyInfoBroadcaster - Finished PartyInfo polling round
2021-11-21 15:10:45.472 [pool-2-thread-1] INFO  c.q.t.p.p.PartyInfoBroadcaster - Started PartyInfo polling round
2021-11-21 15:10:45.473 [pool-2-thread-1] INFO  c.q.t.p.p.PartyInfoBroadcaster - Finished PartyInfo polling round
2021-11-21 15:10:50.473 [pool-2-thread-1] INFO  c.q.t.p.p.PartyInfoBroadcaster - Started PartyInfo polling round
2021-11-21 15:10:50.474 [pool-2-thread-1] INFO  c.q.t.p.p.PartyInfoBroadcaster - Finished PartyInfo polling round
2021-11-21 15:10:55.475 [pool-2-thread-1] INFO  c.q.t.p.p.PartyInfoBroadcaster - Started PartyInfo polling round
2021-11-21 15:10:55.476 [pool-2-thread-1] INFO  c.q.t.p.p.PartyInfoBroadcaster - Finished PartyInfo polling round
2021-11-21 15:11:00.477 [pool-2-thread-1] INFO  c.q.t.p.p.PartyInfoBroadcaster - Started PartyInfo polling round
2021-11-21 15:11:00.479 [pool-2-thread-1] INFO  c.q.t.p.p.PartyInfoBroadcaster - Finished PartyInfo polling round
2021-11-21 15:11:05.479 [pool-2-thread-1] INFO  c.q.t.p.p.PartyInfoBroadcaster - Started PartyInfo polling round
2021-11-21 15:11:05.480 [pool-2-thread-1] INFO  c.q.t.p.p.PartyInfoBroadcaster - Finished PartyInfo polling round
2021-11-21 15:11:10.480 [pool-2-thread-1] INFO  c.q.t.p.p.PartyInfoBroadcaster - Started PartyInfo polling round
2021-11-21 15:11:10.482 [pool-2-thread-1] INFO  c.q.t.p.p.PartyInfoBroadcaster - Finished PartyInfo polling round
2021-11-21 15:11:15.483 [pool-2-thread-1] INFO  c.q.t.p.p.PartyInfoBroadcaster - Started PartyInfo polling round
2021-11-21 15:11:15.484 [pool-2-thread-1] INFO  c.q.t.p.p.PartyInfoBroadcaster - Finished PartyInfo polling round
2021-11-21 15:11:20.485 [pool-2-thread-1] INFO  c.q.t.p.p.PartyInfoBroadcaster - Started PartyInfo polling round
2021-11-21 15:11:20.486 [pool-2-thread-1] INFO  c.q.t.p.p.PartyInfoBroadcaster - Finished PartyInfo polling round
2021-11-21 15:11:25.487 [pool-2-thread-1] INFO  c.q.t.p.p.PartyInfoBroadcaster - Started PartyInfo polling round
2021-11-21 15:11:25.488 [pool-2-thread-1] INFO  c.q.t.p.p.PartyInfoBroadcaster - Finished PartyInfo polling round
2021-11-21 15:11:30.489 [pool-2-thread-1] INFO  c.q.t.p.p.PartyInfoBroadcaster - Started PartyInfo polling round
2021-11-21 15:11:30.490 [pool-2-thread-1] INFO  c.q.t.p.p.PartyInfoBroadcaster - Finished PartyInfo polling round
2021-11-21 15:11:35.490 [pool-2-thread-1] INFO  c.q.t.p.p.PartyInfoBroadcaster - Started PartyInfo polling round
2021-11-21 15:11:35.491 [pool-2-thread-1] INFO  c.q.t.p.p.PartyInfoBroadcaster - Finished PartyInfo polling round
2021-11-21 15:11:40.492 [pool-2-thread-1] INFO  c.q.t.p.p.PartyInfoBroadcaster - Started PartyInfo polling round
2021-11-21 15:11:40.493 [pool-2-thread-1] INFO  c.q.t.p.p.PartyInfoBroadcaster - Finished PartyInfo polling round
2021-11-21 15:11:45.494 [pool-2-thread-1] INFO  c.q.t.p.p.PartyInfoBroadcaster - Started PartyInfo polling round
2021-11-21 15:11:45.501 [pool-2-thread-1] INFO  c.q.t.p.p.PartyInfoBroadcaster - Finished PartyInfo polling round
2021-11-21 15:11:46.342 [Thread-1] INFO  c.quorum.tessera.server.JerseyServer - Stopping Jersey server at http://127.0.0.1:9083
2021-11-21 15:11:46.351 [Thread-1] INFO  o.e.jetty.server.AbstractConnector - Stopped ServerConnector@7aa15a80{HTTP/1.1, (http/1.1)}{0.0.0.0:9083}
2021-11-21 15:11:46.364 [Thread-1] INFO  o.e.j.server.handler.ContextHandler - Stopped o.e.j.s.ServletContextHandler@29dfc68f{/,null,STOPPED}
2021-11-21 15:11:46.365 [Thread-1] INFO  c.quorum.tessera.server.JerseyServer - Stopped Jersey server at http://127.0.0.1:9083
2021-11-21 15:11:46.365 [Thread-1] INFO  c.quorum.tessera.server.JerseyServer - Stopping Jersey server at unix:/home/swcyb/Ticket4U/network/Ticket4U-net/qdata/c3/tm.ipc
2021-11-21 15:11:46.367 [Thread-1] INFO  o.e.jetty.server.AbstractConnector - Stopped UnixSocketConnector@5342032a{HTTP/1.1, (http/1.1)}{/home/swcyb/Ticket4U/network/Ticket4U-net/qdata/c3/tm.ipc}
2021-11-21 15:11:46.385 [Thread-1] INFO  o.e.j.server.handler.ContextHandler - Stopped o.e.j.s.ServletContextHandler@2c451c4a{/,null,STOPPED}
2021-11-21 15:11:46.388 [Thread-1] INFO  c.quorum.tessera.server.JerseyServer - Stopped Jersey server at unix:/home/swcyb/Ticket4U/network/Ticket4U-net/qdata/c3/tm.ipc
2021-11-21 15:11:46.388 [Thread-1] INFO  c.quorum.tessera.server.JerseyServer - Stopping Jersey server at http://127.0.0.1:9003
2021-11-21 15:11:46.391 [Thread-1] INFO  o.e.jetty.server.AbstractConnector - Stopped ServerConnector@40d04cf8{HTTP/1.1, (http/1.1)}{0.0.0.0:9003}
2021-11-21 15:11:46.400 [Thread-1] INFO  o.e.j.server.handler.ContextHandler - Stopped o.e.j.s.ServletContextHandler@2b5ca574{/,null,STOPPED}
2021-11-21 15:11:46.401 [Thread-1] INFO  c.quorum.tessera.server.JerseyServer - Stopped Jersey server at http://127.0.0.1:9003
