2021-11-21 15:01:38.313 [main] INFO  c.q.tessera.enclave.EnclaveFactory - Creating enclave
2021-11-21 15:01:38.315 [main] INFO  c.q.tessera.enclave.EnclaveFactory - Creating enclave server
2021-11-21 15:01:41.265 [main] INFO  c.q.t.t.TesseraScheduledExecutor - Starting PartyInfoBroadcaster
2021-11-21 15:01:41.286 [main] INFO  c.q.t.t.TesseraScheduledExecutor - Started PartyInfoBroadcaster
2021-11-21 15:01:41.289 [main] INFO  c.q.t.t.TesseraScheduledExecutor - Starting EnclaveKeySynchroniserFactory
2021-11-21 15:01:41.295 [main] INFO  c.q.t.t.TesseraScheduledExecutor - Started EnclaveKeySynchroniserFactory
2021-11-21 15:01:41.404 [main] INFO  c.q.t.config.apps.TesseraAppFactory - Loaded app com.quorum.tessera.p2p.P2PRestApp@21a46ff1
2021-11-21 15:01:41.406 [main] INFO  c.q.t.config.apps.TesseraAppFactory - Loaded app com.quorum.tessera.q2t.Q2TRestApp@27a6fef2
2021-11-21 15:01:41.455 [main] WARN  c.q.t.c.util.EncryptedStringResolver - Some sensitive values are being given as unencrypted plain text in config. Please note this is NOT recommended for production environment.
2021-11-21 15:01:41.464 [main] INFO  com.zaxxer.hikari.HikariDataSource - HikariPool-1 - Starting...
2021-11-21 15:01:41.832 [main] INFO  com.zaxxer.hikari.HikariDataSource - HikariPool-1 - Start completed.
2021-11-21 15:01:42.062 [main] ERROR eclipselink.logging.metadata - java.lang.IllegalArgumentException: Unsupported class file major version 61
2021-11-21 15:01:42.064 [main] ERROR eclipselink.logging.metadata - java.lang.ArrayIndexOutOfBoundsException: Index 8 out of bounds for length 0
2021-11-21 15:01:42.094 [main] ERROR eclipselink.logging.metadata - java.lang.IllegalArgumentException: Unsupported class file major version 61
2021-11-21 15:01:42.095 [main] ERROR eclipselink.logging.metadata - java.lang.ArrayIndexOutOfBoundsException: Index 8 out of bounds for length 0
2021-11-21 15:01:42.359 [main] INFO  eclipselink.logging.all - EclipseLink, version: Eclipse Persistence Services - 2.7.7.v20200504-69f2c2b80d
2021-11-21 15:01:42.745 [main] WARN  eclipselink.logging.ddl - Removing UNIQUE constraint definition from [ENCRYPTED_TRANSACTION.HASH] because it is also a primary key.
2021-11-21 15:01:42.762 [main] WARN  eclipselink.logging.ddl - Removing UNIQUE constraint definition from [ENCRYPTED_RAW_TRANSACTION.HASH] because it is also a primary key.
2021-11-21 15:01:42.808 [main] ERROR eclipselink.logging.metadata - java.lang.IllegalArgumentException: Unsupported class file major version 61
2021-11-21 15:01:42.809 [main] ERROR eclipselink.logging.metadata - java.lang.ArrayIndexOutOfBoundsException: Index 8 out of bounds for length 0
2021-11-21 15:01:42.813 [main] ERROR eclipselink.logging.metadata - java.lang.IllegalArgumentException: Unsupported class file major version 61
2021-11-21 15:01:42.813 [main] ERROR eclipselink.logging.metadata - java.lang.ArrayIndexOutOfBoundsException: Index 8 out of bounds for length 0
2021-11-21 15:01:42.814 [main] ERROR eclipselink.logging.metadata - java.lang.IllegalArgumentException: Unsupported class file major version 61
2021-11-21 15:01:42.814 [main] ERROR eclipselink.logging.metadata - java.lang.ArrayIndexOutOfBoundsException: Index 8 out of bounds for length 0
2021-11-21 15:01:42.833 [main] ERROR eclipselink.logging.metadata - java.lang.IllegalArgumentException: Unsupported class file major version 61
2021-11-21 15:01:42.834 [main] ERROR eclipselink.logging.metadata - java.lang.ArrayIndexOutOfBoundsException: Index 8 out of bounds for length 0
2021-11-21 15:01:42.854 [main] ERROR eclipselink.logging.metadata - java.lang.IllegalArgumentException: Unsupported class file major version 61
2021-11-21 15:01:42.854 [main] ERROR eclipselink.logging.metadata - java.lang.ArrayIndexOutOfBoundsException: Index 8 out of bounds for length 0
2021-11-21 15:01:42.854 [main] ERROR eclipselink.logging.metadata - java.lang.IllegalArgumentException: Unsupported class file major version 61
2021-11-21 15:01:42.855 [main] ERROR eclipselink.logging.metadata - java.lang.ArrayIndexOutOfBoundsException: Index 8 out of bounds for length 0
2021-11-21 15:01:42.855 [main] ERROR eclipselink.logging.metadata - java.lang.IllegalArgumentException: Unsupported class file major version 61
2021-11-21 15:01:42.855 [main] ERROR eclipselink.logging.metadata - java.lang.ArrayIndexOutOfBoundsException: Index 8 out of bounds for length 0
2021-11-21 15:01:42.856 [main] ERROR eclipselink.logging.metadata - java.lang.IllegalArgumentException: Unsupported class file major version 61
2021-11-21 15:01:42.856 [main] ERROR eclipselink.logging.metadata - java.lang.ArrayIndexOutOfBoundsException: Index 8 out of bounds for length 0
2021-11-21 15:01:42.856 [main] ERROR eclipselink.logging.metadata - java.lang.IllegalArgumentException: Unsupported class file major version 61
2021-11-21 15:01:42.856 [main] ERROR eclipselink.logging.metadata - java.lang.ArrayIndexOutOfBoundsException: Index 8 out of bounds for length 0
2021-11-21 15:01:42.857 [main] ERROR eclipselink.logging.metadata - java.lang.IllegalArgumentException: Unsupported class file major version 61
2021-11-21 15:01:42.857 [main] ERROR eclipselink.logging.metadata - java.lang.ArrayIndexOutOfBoundsException: Index 8 out of bounds for length 0
2021-11-21 15:01:42.857 [main] ERROR eclipselink.logging.metadata - java.lang.IllegalArgumentException: Unsupported class file major version 61
2021-11-21 15:01:42.857 [main] ERROR eclipselink.logging.metadata - java.lang.ArrayIndexOutOfBoundsException: Index 8 out of bounds for length 0
2021-11-21 15:01:42.924 [main] INFO  eclipselink.logging.all - EclipseLink, version: Eclipse Persistence Services - 2.7.7.v20200504-69f2c2b80d
2021-11-21 15:01:42.965 [main] WARN  eclipselink.logging.all - Exception [EclipseLink-4002] (Eclipse Persistence Services - 2.7.7.v20200504-69f2c2b80d): org.eclipse.persistence.exceptions.DatabaseExceptionInternal Exception: org.h2.jdbc.JdbcSQLSyntaxErrorException: Table "ST_AFFECTED_TRANSACTION" not found; SQL statement:ALTER TABLE ST_AFFECTED_TRANSACTION DROP CONSTRAINT FK_ST_AFFECTED_TRANSACTION_TXN_ID [42102-200]Error Code: 42102Call: ALTER TABLE ST_AFFECTED_TRANSACTION DROP CONSTRAINT FK_ST_AFFECTED_TRANSACTION_TXN_IDQuery: DataModifyQuery(sql="ALTER TABLE ST_AFFECTED_TRANSACTION DROP CONSTRAINT FK_ST_AFFECTED_TRANSACTION_TXN_ID")
2021-11-21 15:01:42.993 [main] WARN  eclipselink.logging.all - Exception [EclipseLink-4002] (Eclipse Persistence Services - 2.7.7.v20200504-69f2c2b80d): org.eclipse.persistence.exceptions.DatabaseExceptionInternal Exception: org.h2.jdbc.JdbcSQLSyntaxErrorException: Index "ST_TRANSACTION_VALSTG" not found; SQL statement:DROP INDEX ST_TRANSACTION_VALSTG [42112-200]Error Code: 42112Call: DROP INDEX ST_TRANSACTION_VALSTGQuery: DataModifyQuery(sql="DROP INDEX ST_TRANSACTION_VALSTG")
2021-11-21 15:01:42.998 [main] WARN  eclipselink.logging.all - Exception [EclipseLink-4002] (Eclipse Persistence Services - 2.7.7.v20200504-69f2c2b80d): org.eclipse.persistence.exceptions.DatabaseExceptionInternal Exception: org.h2.jdbc.JdbcSQLSyntaxErrorException: Index "ST_TRANSACTION_HASH" not found; SQL statement:DROP INDEX ST_TRANSACTION_HASH [42112-200]Error Code: 42112Call: DROP INDEX ST_TRANSACTION_HASHQuery: DataModifyQuery(sql="DROP INDEX ST_TRANSACTION_HASH")
2021-11-21 15:01:43.003 [main] WARN  eclipselink.logging.all - Exception [EclipseLink-4002] (Eclipse Persistence Services - 2.7.7.v20200504-69f2c2b80d): org.eclipse.persistence.exceptions.DatabaseExceptionInternal Exception: org.h2.jdbc.JdbcSQLSyntaxErrorException: Table "ST_TRANSACTION" not found; SQL statement:DROP TABLE ST_TRANSACTION [42102-200]Error Code: 42102Call: DROP TABLE ST_TRANSACTIONQuery: DataModifyQuery(sql="DROP TABLE ST_TRANSACTION")
2021-11-21 15:01:43.005 [main] WARN  eclipselink.logging.all - Exception [EclipseLink-4002] (Eclipse Persistence Services - 2.7.7.v20200504-69f2c2b80d): org.eclipse.persistence.exceptions.DatabaseExceptionInternal Exception: org.h2.jdbc.JdbcSQLSyntaxErrorException: Table "ST_AFFECTED_TRANSACTION" not found; SQL statement:DROP TABLE ST_AFFECTED_TRANSACTION [42102-200]Error Code: 42102Call: DROP TABLE ST_AFFECTED_TRANSACTIONQuery: DataModifyQuery(sql="DROP TABLE ST_AFFECTED_TRANSACTION")
2021-11-21 15:01:43.014 [main] WARN  eclipselink.logging.all - Exception [EclipseLink-4002] (Eclipse Persistence Services - 2.7.7.v20200504-69f2c2b80d): org.eclipse.persistence.exceptions.DatabaseExceptionInternal Exception: org.h2.jdbc.JdbcSQLSyntaxErrorException: Index "ST_TRANSACTION_VALSTG" not found; SQL statement:DROP INDEX ST_TRANSACTION_VALSTG [42112-200]Error Code: 42112Call: DROP INDEX ST_TRANSACTION_VALSTGQuery: DataModifyQuery(sql="DROP INDEX ST_TRANSACTION_VALSTG")
2021-11-21 15:01:43.025 [main] WARN  eclipselink.logging.all - Exception [EclipseLink-4002] (Eclipse Persistence Services - 2.7.7.v20200504-69f2c2b80d): org.eclipse.persistence.exceptions.DatabaseExceptionInternal Exception: org.h2.jdbc.JdbcSQLSyntaxErrorException: Index "ST_TRANSACTION_HASH" not found; SQL statement:DROP INDEX ST_TRANSACTION_HASH [42112-200]Error Code: 42112Call: DROP INDEX ST_TRANSACTION_HASHQuery: DataModifyQuery(sql="DROP INDEX ST_TRANSACTION_HASH")
2021-11-21 15:01:43.027 [main] WARN  eclipselink.logging.all - Exception [EclipseLink-4002] (Eclipse Persistence Services - 2.7.7.v20200504-69f2c2b80d): org.eclipse.persistence.exceptions.DatabaseExceptionInternal Exception: org.h2.jdbc.JdbcSQLSyntaxErrorException: Table "ST_TRANSACTION" not found; SQL statement:DROP TABLE ST_TRANSACTION [42102-200]Error Code: 42102Call: DROP TABLE ST_TRANSACTIONQuery: DataModifyQuery(sql="DROP TABLE ST_TRANSACTION")
2021-11-21 15:01:43.028 [main] WARN  eclipselink.logging.all - Exception [EclipseLink-4002] (Eclipse Persistence Services - 2.7.7.v20200504-69f2c2b80d): org.eclipse.persistence.exceptions.DatabaseExceptionInternal Exception: org.h2.jdbc.JdbcSQLSyntaxErrorException: Table "ST_AFFECTED_TRANSACTION" not found; SQL statement:DROP TABLE ST_AFFECTED_TRANSACTION [42102-200]Error Code: 42102Call: DROP TABLE ST_AFFECTED_TRANSACTIONQuery: DataModifyQuery(sql="DROP TABLE ST_AFFECTED_TRANSACTION")
2021-11-21 15:01:43.037 [main] WARN  eclipselink.logging.all - Exception [EclipseLink-4002] (Eclipse Persistence Services - 2.7.7.v20200504-69f2c2b80d): org.eclipse.persistence.exceptions.DatabaseExceptionInternal Exception: org.h2.jdbc.JdbcSQLSyntaxErrorException: Index "ST_TRANSACTION_VALSTG" not found; SQL statement:DROP INDEX ST_TRANSACTION_VALSTG [42112-200]Error Code: 42112Call: DROP INDEX ST_TRANSACTION_VALSTGQuery: DataModifyQuery(sql="DROP INDEX ST_TRANSACTION_VALSTG")
2021-11-21 15:01:43.040 [main] WARN  eclipselink.logging.all - Exception [EclipseLink-4002] (Eclipse Persistence Services - 2.7.7.v20200504-69f2c2b80d): org.eclipse.persistence.exceptions.DatabaseExceptionInternal Exception: org.h2.jdbc.JdbcSQLSyntaxErrorException: Index "ST_TRANSACTION_HASH" not found; SQL statement:DROP INDEX ST_TRANSACTION_HASH [42112-200]Error Code: 42112Call: DROP INDEX ST_TRANSACTION_HASHQuery: DataModifyQuery(sql="DROP INDEX ST_TRANSACTION_HASH")
2021-11-21 15:01:43.042 [main] WARN  eclipselink.logging.all - Exception [EclipseLink-4002] (Eclipse Persistence Services - 2.7.7.v20200504-69f2c2b80d): org.eclipse.persistence.exceptions.DatabaseExceptionInternal Exception: org.h2.jdbc.JdbcSQLSyntaxErrorException: Table "ST_TRANSACTION" not found; SQL statement:DROP TABLE ST_TRANSACTION [42102-200]Error Code: 42102Call: DROP TABLE ST_TRANSACTIONQuery: DataModifyQuery(sql="DROP TABLE ST_TRANSACTION")
2021-11-21 15:01:43.050 [main] WARN  eclipselink.logging.all - Exception [EclipseLink-4002] (Eclipse Persistence Services - 2.7.7.v20200504-69f2c2b80d): org.eclipse.persistence.exceptions.DatabaseExceptionInternal Exception: org.h2.jdbc.JdbcSQLSyntaxErrorException: Table "ST_AFFECTED_TRANSACTION" not found; SQL statement:DROP TABLE ST_AFFECTED_TRANSACTION [42102-200]Error Code: 42102Call: DROP TABLE ST_AFFECTED_TRANSACTIONQuery: DataModifyQuery(sql="DROP TABLE ST_AFFECTED_TRANSACTION")
2021-11-21 15:01:43.065 [main] WARN  eclipselink.logging.all - Exception [EclipseLink-4002] (Eclipse Persistence Services - 2.7.7.v20200504-69f2c2b80d): org.eclipse.persistence.exceptions.DatabaseExceptionInternal Exception: org.h2.jdbc.JdbcSQLSyntaxErrorException: Index "ST_TRANSACTION_VALSTG" not found; SQL statement:DROP INDEX ST_TRANSACTION_VALSTG [42112-200]Error Code: 42112Call: DROP INDEX ST_TRANSACTION_VALSTGQuery: DataModifyQuery(sql="DROP INDEX ST_TRANSACTION_VALSTG")
2021-11-21 15:01:43.067 [main] WARN  eclipselink.logging.all - Exception [EclipseLink-4002] (Eclipse Persistence Services - 2.7.7.v20200504-69f2c2b80d): org.eclipse.persistence.exceptions.DatabaseExceptionInternal Exception: org.h2.jdbc.JdbcSQLSyntaxErrorException: Index "ST_TRANSACTION_HASH" not found; SQL statement:DROP INDEX ST_TRANSACTION_HASH [42112-200]Error Code: 42112Call: DROP INDEX ST_TRANSACTION_HASHQuery: DataModifyQuery(sql="DROP INDEX ST_TRANSACTION_HASH")
2021-11-21 15:01:43.070 [main] WARN  eclipselink.logging.all - Exception [EclipseLink-4002] (Eclipse Persistence Services - 2.7.7.v20200504-69f2c2b80d): org.eclipse.persistence.exceptions.DatabaseExceptionInternal Exception: org.h2.jdbc.JdbcSQLSyntaxErrorException: Table "ST_TRANSACTION" not found; SQL statement:DROP TABLE ST_TRANSACTION [42102-200]Error Code: 42102Call: DROP TABLE ST_TRANSACTIONQuery: DataModifyQuery(sql="DROP TABLE ST_TRANSACTION")
2021-11-21 15:01:43.071 [main] WARN  eclipselink.logging.all - Exception [EclipseLink-4002] (Eclipse Persistence Services - 2.7.7.v20200504-69f2c2b80d): org.eclipse.persistence.exceptions.DatabaseExceptionInternal Exception: org.h2.jdbc.JdbcSQLSyntaxErrorException: Table "ST_AFFECTED_TRANSACTION" not found; SQL statement:DROP TABLE ST_AFFECTED_TRANSACTION [42102-200]Error Code: 42102Call: DROP TABLE ST_AFFECTED_TRANSACTIONQuery: DataModifyQuery(sql="DROP TABLE ST_AFFECTED_TRANSACTION")
2021-11-21 15:01:43.074 [main] WARN  eclipselink.logging.all - Exception [EclipseLink-4002] (Eclipse Persistence Services - 2.7.7.v20200504-69f2c2b80d): org.eclipse.persistence.exceptions.DatabaseExceptionInternal Exception: org.h2.jdbc.JdbcSQLSyntaxErrorException: Index "ST_TRANSACTION_VALSTG" not found; SQL statement:DROP INDEX ST_TRANSACTION_VALSTG [42112-200]Error Code: 42112Call: DROP INDEX ST_TRANSACTION_VALSTGQuery: DataModifyQuery(sql="DROP INDEX ST_TRANSACTION_VALSTG")
2021-11-21 15:01:43.077 [main] WARN  eclipselink.logging.all - Exception [EclipseLink-4002] (Eclipse Persistence Services - 2.7.7.v20200504-69f2c2b80d): org.eclipse.persistence.exceptions.DatabaseExceptionInternal Exception: org.h2.jdbc.JdbcSQLSyntaxErrorException: Index "ST_TRANSACTION_HASH" not found; SQL statement:DROP INDEX ST_TRANSACTION_HASH [42112-200]Error Code: 42112Call: DROP INDEX ST_TRANSACTION_HASHQuery: DataModifyQuery(sql="DROP INDEX ST_TRANSACTION_HASH")
2021-11-21 15:01:43.079 [main] WARN  eclipselink.logging.all - Exception [EclipseLink-4002] (Eclipse Persistence Services - 2.7.7.v20200504-69f2c2b80d): org.eclipse.persistence.exceptions.DatabaseExceptionInternal Exception: org.h2.jdbc.JdbcSQLSyntaxErrorException: Table "ST_TRANSACTION" not found; SQL statement:DROP TABLE ST_TRANSACTION [42102-200]Error Code: 42102Call: DROP TABLE ST_TRANSACTIONQuery: DataModifyQuery(sql="DROP TABLE ST_TRANSACTION")
2021-11-21 15:01:43.080 [main] WARN  eclipselink.logging.all - Exception [EclipseLink-4002] (Eclipse Persistence Services - 2.7.7.v20200504-69f2c2b80d): org.eclipse.persistence.exceptions.DatabaseExceptionInternal Exception: org.h2.jdbc.JdbcSQLSyntaxErrorException: Table "ST_AFFECTED_TRANSACTION" not found; SQL statement:DROP TABLE ST_AFFECTED_TRANSACTION [42102-200]Error Code: 42102Call: DROP TABLE ST_AFFECTED_TRANSACTIONQuery: DataModifyQuery(sql="DROP TABLE ST_AFFECTED_TRANSACTION")
2021-11-21 15:01:43.140 [main] INFO  c.q.t.config.apps.TesseraAppFactory - Loaded app com.quorum.tessera.thirdparty.ThirdPartyRestApp@7d7b4e04
2021-11-21 15:01:43.140 [main] INFO  c.q.t.config.apps.TesseraAppFactory - Create from REST THIRD_PARTY
2021-11-21 15:01:43.141 [main] INFO  c.q.t.config.apps.TesseraAppFactory - Creating application type THIRD_PARTY for REST
2021-11-21 15:01:43.154 [main] INFO  c.q.t.config.apps.TesseraAppFactory - Create from REST Q2T
2021-11-21 15:01:43.154 [main] INFO  c.q.t.config.apps.TesseraAppFactory - Creating application type Q2T for REST
2021-11-21 15:01:43.161 [main] INFO  c.q.t.config.apps.TesseraAppFactory - Create from REST P2P
2021-11-21 15:01:43.162 [main] INFO  c.q.t.config.apps.TesseraAppFactory - Creating application type P2P for REST
2021-11-21 15:01:43.231 [main] INFO  org.eclipse.jetty.util.log - Logging initialized @9079ms to org.eclipse.jetty.util.log.Slf4jLog
2021-11-21 15:01:43.376 [main] INFO  c.quorum.tessera.server.JerseyServer - Starting http://127.0.0.1:9084
2021-11-21 15:01:43.378 [main] INFO  org.eclipse.jetty.server.Server - jetty-9.4.39.v20210325; built: 2021-03-25T14:42:11.471Z; git: 9fc7ca5a922f2a37b84ec9dbc26a5168cee7e667; jvm 17+35-Ubuntu-120.04
2021-11-21 15:01:44.488 [main] WARN  o.g.jersey.internal.inject.Providers - A provider com.quorum.tessera.thirdparty.PartyInfoResource registered in SERVER runtime does not implement any provider interfaces applicable in the SERVER runtime. Due to constraint configuration problems the provider com.quorum.tessera.thirdparty.PartyInfoResource will be ignored. 
2021-11-21 15:01:44.490 [main] WARN  o.g.jersey.internal.inject.Providers - A provider com.quorum.tessera.thirdparty.KeyResource registered in SERVER runtime does not implement any provider interfaces applicable in the SERVER runtime. Due to constraint configuration problems the provider com.quorum.tessera.thirdparty.KeyResource will be ignored. 
2021-11-21 15:01:44.495 [main] WARN  o.g.jersey.internal.inject.Providers - A provider com.quorum.tessera.api.common.UpCheckResource registered in SERVER runtime does not implement any provider interfaces applicable in the SERVER runtime. Due to constraint configuration problems the provider com.quorum.tessera.api.common.UpCheckResource will be ignored. 
2021-11-21 15:01:44.505 [main] WARN  o.g.jersey.internal.inject.Providers - A provider com.quorum.tessera.api.common.RawTransactionResource registered in SERVER runtime does not implement any provider interfaces applicable in the SERVER runtime. Due to constraint configuration problems the provider com.quorum.tessera.api.common.RawTransactionResource will be ignored. 
2021-11-21 15:01:45.390 [main] INFO  o.e.j.server.handler.ContextHandler - Started o.e.j.s.ServletContextHandler@333a2df2{/,null,AVAILABLE}
2021-11-21 15:01:45.442 [main] INFO  o.e.jetty.server.AbstractConnector - Started ServerConnector@4d065e1a{HTTP/1.1, (http/1.1)}{0.0.0.0:9084}
2021-11-21 15:01:45.442 [main] INFO  org.eclipse.jetty.server.Server - Started @11290ms
2021-11-21 15:01:45.442 [main] INFO  c.quorum.tessera.server.JerseyServer - Started http://127.0.0.1:9084
2021-11-21 15:01:45.443 [main] INFO  c.quorum.tessera.server.JerseyServer - WADL http://127.0.0.1:9084/application.wadl
2021-11-21 15:01:45.472 [main] INFO  c.quorum.tessera.server.JerseyServer - Starting unix:/home/swcyb/Ticket4U/network/Ticket4U-net/qdata/c4/tm.ipc
2021-11-21 15:01:45.472 [main] INFO  org.eclipse.jetty.server.Server - jetty-9.4.39.v20210325; built: 2021-03-25T14:42:11.471Z; git: 9fc7ca5a922f2a37b84ec9dbc26a5168cee7e667; jvm 17+35-Ubuntu-120.04
2021-11-21 15:01:45.658 [main] WARN  c.q.t.c.util.EncryptedStringResolver - Some sensitive values are being given as unencrypted plain text in config. Please note this is NOT recommended for production environment.
2021-11-21 15:01:45.659 [main] INFO  com.zaxxer.hikari.HikariDataSource - HikariPool-2 - Starting...
2021-11-21 15:01:45.679 [main] INFO  com.zaxxer.hikari.HikariDataSource - HikariPool-2 - Start completed.
2021-11-21 15:01:45.684 [main] ERROR eclipselink.logging.metadata - java.lang.IllegalArgumentException: Unsupported class file major version 61
2021-11-21 15:01:45.690 [main] ERROR eclipselink.logging.metadata - java.lang.ArrayIndexOutOfBoundsException: Index 8 out of bounds for length 0
2021-11-21 15:01:45.694 [main] ERROR eclipselink.logging.metadata - java.lang.IllegalArgumentException: Unsupported class file major version 61
2021-11-21 15:01:45.695 [main] ERROR eclipselink.logging.metadata - java.lang.ArrayIndexOutOfBoundsException: Index 8 out of bounds for length 0
2021-11-21 15:01:45.738 [main] INFO  eclipselink.logging.all - EclipseLink, version: Eclipse Persistence Services - 2.7.7.v20200504-69f2c2b80d
2021-11-21 15:01:45.796 [main] ERROR eclipselink.logging.metadata - java.lang.IllegalArgumentException: Unsupported class file major version 61
2021-11-21 15:01:45.796 [main] ERROR eclipselink.logging.metadata - java.lang.ArrayIndexOutOfBoundsException: Index 8 out of bounds for length 0
2021-11-21 15:01:45.797 [main] ERROR eclipselink.logging.metadata - java.lang.IllegalArgumentException: Unsupported class file major version 61
2021-11-21 15:01:45.797 [main] ERROR eclipselink.logging.metadata - java.lang.ArrayIndexOutOfBoundsException: Index 8 out of bounds for length 0
2021-11-21 15:01:45.798 [main] ERROR eclipselink.logging.metadata - java.lang.IllegalArgumentException: Unsupported class file major version 61
2021-11-21 15:01:45.798 [main] ERROR eclipselink.logging.metadata - java.lang.ArrayIndexOutOfBoundsException: Index 8 out of bounds for length 0
2021-11-21 15:01:45.799 [main] ERROR eclipselink.logging.metadata - java.lang.IllegalArgumentException: Unsupported class file major version 61
2021-11-21 15:01:45.799 [main] ERROR eclipselink.logging.metadata - java.lang.ArrayIndexOutOfBoundsException: Index 8 out of bounds for length 0
2021-11-21 15:01:45.799 [main] ERROR eclipselink.logging.metadata - java.lang.IllegalArgumentException: Unsupported class file major version 61
2021-11-21 15:01:45.799 [main] ERROR eclipselink.logging.metadata - java.lang.ArrayIndexOutOfBoundsException: Index 8 out of bounds for length 0
2021-11-21 15:01:45.799 [main] ERROR eclipselink.logging.metadata - java.lang.IllegalArgumentException: Unsupported class file major version 61
2021-11-21 15:01:45.799 [main] ERROR eclipselink.logging.metadata - java.lang.ArrayIndexOutOfBoundsException: Index 8 out of bounds for length 0
2021-11-21 15:01:45.819 [main] ERROR eclipselink.logging.metadata - java.lang.IllegalArgumentException: Unsupported class file major version 61
2021-11-21 15:01:45.819 [main] ERROR eclipselink.logging.metadata - java.lang.ArrayIndexOutOfBoundsException: Index 8 out of bounds for length 0
2021-11-21 15:01:45.820 [main] ERROR eclipselink.logging.metadata - java.lang.IllegalArgumentException: Unsupported class file major version 61
2021-11-21 15:01:45.820 [main] ERROR eclipselink.logging.metadata - java.lang.ArrayIndexOutOfBoundsException: Index 8 out of bounds for length 0
2021-11-21 15:01:45.821 [main] ERROR eclipselink.logging.metadata - java.lang.IllegalArgumentException: Unsupported class file major version 61
2021-11-21 15:01:45.821 [main] ERROR eclipselink.logging.metadata - java.lang.ArrayIndexOutOfBoundsException: Index 8 out of bounds for length 0
2021-11-21 15:01:45.821 [main] ERROR eclipselink.logging.metadata - java.lang.IllegalArgumentException: Unsupported class file major version 61
2021-11-21 15:01:45.821 [main] ERROR eclipselink.logging.metadata - java.lang.ArrayIndexOutOfBoundsException: Index 8 out of bounds for length 0
2021-11-21 15:01:45.822 [main] ERROR eclipselink.logging.metadata - java.lang.IllegalArgumentException: Unsupported class file major version 61
2021-11-21 15:01:45.822 [main] ERROR eclipselink.logging.metadata - java.lang.ArrayIndexOutOfBoundsException: Index 8 out of bounds for length 0
2021-11-21 15:01:45.833 [main] INFO  eclipselink.logging.all - EclipseLink, version: Eclipse Persistence Services - 2.7.7.v20200504-69f2c2b80d
2021-11-21 15:01:45.929 [main] WARN  c.q.t.c.util.EncryptedStringResolver - Some sensitive values are being given as unencrypted plain text in config. Please note this is NOT recommended for production environment.
2021-11-21 15:01:45.929 [main] INFO  com.zaxxer.hikari.HikariDataSource - HikariPool-3 - Starting...
2021-11-21 15:01:45.954 [main] INFO  com.zaxxer.hikari.HikariDataSource - HikariPool-3 - Start completed.
2021-11-21 15:01:45.958 [main] ERROR eclipselink.logging.metadata - java.lang.IllegalArgumentException: Unsupported class file major version 61
2021-11-21 15:01:45.958 [main] ERROR eclipselink.logging.metadata - java.lang.ArrayIndexOutOfBoundsException: Index 8 out of bounds for length 0
2021-11-21 15:01:45.963 [main] ERROR eclipselink.logging.metadata - java.lang.IllegalArgumentException: Unsupported class file major version 61
2021-11-21 15:01:45.963 [main] ERROR eclipselink.logging.metadata - java.lang.ArrayIndexOutOfBoundsException: Index 8 out of bounds for length 0
2021-11-21 15:01:45.989 [main] INFO  eclipselink.logging.all - EclipseLink, version: Eclipse Persistence Services - 2.7.7.v20200504-69f2c2b80d
2021-11-21 15:01:46.016 [main] ERROR eclipselink.logging.metadata - java.lang.IllegalArgumentException: Unsupported class file major version 61
2021-11-21 15:01:46.016 [main] ERROR eclipselink.logging.metadata - java.lang.ArrayIndexOutOfBoundsException: Index 8 out of bounds for length 0
2021-11-21 15:01:46.017 [main] ERROR eclipselink.logging.metadata - java.lang.IllegalArgumentException: Unsupported class file major version 61
2021-11-21 15:01:46.017 [main] ERROR eclipselink.logging.metadata - java.lang.ArrayIndexOutOfBoundsException: Index 8 out of bounds for length 0
2021-11-21 15:01:46.017 [main] ERROR eclipselink.logging.metadata - java.lang.IllegalArgumentException: Unsupported class file major version 61
2021-11-21 15:01:46.017 [main] ERROR eclipselink.logging.metadata - java.lang.ArrayIndexOutOfBoundsException: Index 8 out of bounds for length 0
2021-11-21 15:01:46.046 [main] ERROR eclipselink.logging.metadata - java.lang.IllegalArgumentException: Unsupported class file major version 61
2021-11-21 15:01:46.046 [main] ERROR eclipselink.logging.metadata - java.lang.ArrayIndexOutOfBoundsException: Index 8 out of bounds for length 0
2021-11-21 15:01:46.046 [main] ERROR eclipselink.logging.metadata - java.lang.IllegalArgumentException: Unsupported class file major version 61
2021-11-21 15:01:46.046 [main] ERROR eclipselink.logging.metadata - java.lang.ArrayIndexOutOfBoundsException: Index 8 out of bounds for length 0
2021-11-21 15:01:46.047 [main] ERROR eclipselink.logging.metadata - java.lang.IllegalArgumentException: Unsupported class file major version 61
2021-11-21 15:01:46.053 [main] ERROR eclipselink.logging.metadata - java.lang.ArrayIndexOutOfBoundsException: Index 8 out of bounds for length 0
2021-11-21 15:01:46.054 [main] ERROR eclipselink.logging.metadata - java.lang.IllegalArgumentException: Unsupported class file major version 61
2021-11-21 15:01:46.054 [main] ERROR eclipselink.logging.metadata - java.lang.ArrayIndexOutOfBoundsException: Index 8 out of bounds for length 0
2021-11-21 15:01:46.054 [main] ERROR eclipselink.logging.metadata - java.lang.IllegalArgumentException: Unsupported class file major version 61
2021-11-21 15:01:46.054 [main] ERROR eclipselink.logging.metadata - java.lang.ArrayIndexOutOfBoundsException: Index 8 out of bounds for length 0
2021-11-21 15:01:46.055 [main] ERROR eclipselink.logging.metadata - java.lang.IllegalArgumentException: Unsupported class file major version 61
2021-11-21 15:01:46.059 [main] ERROR eclipselink.logging.metadata - java.lang.ArrayIndexOutOfBoundsException: Index 8 out of bounds for length 0
2021-11-21 15:01:46.059 [main] ERROR eclipselink.logging.metadata - java.lang.IllegalArgumentException: Unsupported class file major version 61
2021-11-21 15:01:46.059 [main] ERROR eclipselink.logging.metadata - java.lang.ArrayIndexOutOfBoundsException: Index 8 out of bounds for length 0
2021-11-21 15:01:46.060 [main] ERROR eclipselink.logging.metadata - java.lang.IllegalArgumentException: Unsupported class file major version 61
2021-11-21 15:01:46.060 [main] ERROR eclipselink.logging.metadata - java.lang.ArrayIndexOutOfBoundsException: Index 8 out of bounds for length 0
2021-11-21 15:01:46.068 [main] INFO  eclipselink.logging.all - EclipseLink, version: Eclipse Persistence Services - 2.7.7.v20200504-69f2c2b80d
2021-11-21 15:01:46.171 [main] WARN  c.q.t.c.util.EncryptedStringResolver - Some sensitive values are being given as unencrypted plain text in config. Please note this is NOT recommended for production environment.
2021-11-21 15:01:46.171 [main] INFO  com.zaxxer.hikari.HikariDataSource - HikariPool-4 - Starting...
2021-11-21 15:01:46.185 [main] INFO  com.zaxxer.hikari.HikariDataSource - HikariPool-4 - Start completed.
2021-11-21 15:01:46.193 [main] ERROR eclipselink.logging.metadata - java.lang.IllegalArgumentException: Unsupported class file major version 61
2021-11-21 15:01:46.194 [main] ERROR eclipselink.logging.metadata - java.lang.ArrayIndexOutOfBoundsException: Index 8 out of bounds for length 0
2021-11-21 15:01:46.200 [main] ERROR eclipselink.logging.metadata - java.lang.IllegalArgumentException: Unsupported class file major version 61
2021-11-21 15:01:46.200 [main] ERROR eclipselink.logging.metadata - java.lang.ArrayIndexOutOfBoundsException: Index 8 out of bounds for length 0
2021-11-21 15:01:46.226 [main] INFO  eclipselink.logging.all - EclipseLink, version: Eclipse Persistence Services - 2.7.7.v20200504-69f2c2b80d
2021-11-21 15:01:46.270 [main] ERROR eclipselink.logging.metadata - java.lang.IllegalArgumentException: Unsupported class file major version 61
2021-11-21 15:01:46.270 [main] ERROR eclipselink.logging.metadata - java.lang.ArrayIndexOutOfBoundsException
2021-11-21 15:01:46.271 [main] ERROR eclipselink.logging.metadata - java.lang.IllegalArgumentException: Unsupported class file major version 61
2021-11-21 15:01:46.271 [main] ERROR eclipselink.logging.metadata - java.lang.ArrayIndexOutOfBoundsException
2021-11-21 15:01:46.271 [main] ERROR eclipselink.logging.metadata - java.lang.IllegalArgumentException: Unsupported class file major version 61
2021-11-21 15:01:46.271 [main] ERROR eclipselink.logging.metadata - java.lang.ArrayIndexOutOfBoundsException
2021-11-21 15:01:46.272 [pool-2-thread-1] INFO  c.q.t.p.p.PartyInfoBroadcaster - Started PartyInfo polling round
2021-11-21 15:01:46.272 [main] ERROR eclipselink.logging.metadata - java.lang.IllegalArgumentException: Unsupported class file major version 61
2021-11-21 15:01:46.272 [main] ERROR eclipselink.logging.metadata - java.lang.ArrayIndexOutOfBoundsException
2021-11-21 15:01:46.272 [main] ERROR eclipselink.logging.metadata - java.lang.IllegalArgumentException: Unsupported class file major version 61
2021-11-21 15:01:46.272 [main] ERROR eclipselink.logging.metadata - java.lang.ArrayIndexOutOfBoundsException
2021-11-21 15:01:46.272 [main] ERROR eclipselink.logging.metadata - java.lang.IllegalArgumentException: Unsupported class file major version 61
2021-11-21 15:01:46.272 [main] ERROR eclipselink.logging.metadata - java.lang.ArrayIndexOutOfBoundsException
2021-11-21 15:01:46.273 [main] ERROR eclipselink.logging.metadata - java.lang.IllegalArgumentException: Unsupported class file major version 61
2021-11-21 15:01:46.273 [main] ERROR eclipselink.logging.metadata - java.lang.ArrayIndexOutOfBoundsException
2021-11-21 15:01:46.273 [main] ERROR eclipselink.logging.metadata - java.lang.IllegalArgumentException: Unsupported class file major version 61
2021-11-21 15:01:46.274 [main] ERROR eclipselink.logging.metadata - java.lang.ArrayIndexOutOfBoundsException
2021-11-21 15:01:46.285 [main] ERROR eclipselink.logging.metadata - java.lang.IllegalArgumentException: Unsupported class file major version 61
2021-11-21 15:01:46.286 [main] ERROR eclipselink.logging.metadata - java.lang.ArrayIndexOutOfBoundsException
2021-11-21 15:01:46.286 [main] ERROR eclipselink.logging.metadata - java.lang.IllegalArgumentException: Unsupported class file major version 61
2021-11-21 15:01:46.286 [main] ERROR eclipselink.logging.metadata - java.lang.ArrayIndexOutOfBoundsException
2021-11-21 15:01:46.286 [main] ERROR eclipselink.logging.metadata - java.lang.IllegalArgumentException: Unsupported class file major version 61
2021-11-21 15:01:46.286 [main] ERROR eclipselink.logging.metadata - java.lang.ArrayIndexOutOfBoundsException
2021-11-21 15:01:46.303 [main] INFO  eclipselink.logging.all - EclipseLink, version: Eclipse Persistence Services - 2.7.7.v20200504-69f2c2b80d
2021-11-21 15:01:46.422 [pool-2-thread-1] INFO  c.q.t.p.p.PartyInfoBroadcaster - Finished PartyInfo polling round
2021-11-21 15:01:46.425 [main] WARN  c.q.t.c.util.EncryptedStringResolver - Some sensitive values are being given as unencrypted plain text in config. Please note this is NOT recommended for production environment.
2021-11-21 15:01:46.430 [main] INFO  com.zaxxer.hikari.HikariDataSource - HikariPool-5 - Starting...
2021-11-21 15:01:46.453 [main] INFO  com.zaxxer.hikari.HikariDataSource - HikariPool-5 - Start completed.
2021-11-21 15:01:46.457 [main] ERROR eclipselink.logging.metadata - java.lang.IllegalArgumentException: Unsupported class file major version 61
2021-11-21 15:01:46.457 [main] ERROR eclipselink.logging.metadata - java.lang.ArrayIndexOutOfBoundsException
2021-11-21 15:01:46.462 [main] ERROR eclipselink.logging.metadata - java.lang.IllegalArgumentException: Unsupported class file major version 61
2021-11-21 15:01:46.462 [main] ERROR eclipselink.logging.metadata - java.lang.ArrayIndexOutOfBoundsException
2021-11-21 15:01:46.480 [main] INFO  eclipselink.logging.all - EclipseLink, version: Eclipse Persistence Services - 2.7.7.v20200504-69f2c2b80d
2021-11-21 15:01:46.538 [main] ERROR eclipselink.logging.metadata - java.lang.IllegalArgumentException: Unsupported class file major version 61
2021-11-21 15:01:46.544 [main] ERROR eclipselink.logging.metadata - java.lang.ArrayIndexOutOfBoundsException
2021-11-21 15:01:46.545 [main] ERROR eclipselink.logging.metadata - java.lang.IllegalArgumentException: Unsupported class file major version 61
2021-11-21 15:01:46.550 [main] ERROR eclipselink.logging.metadata - java.lang.ArrayIndexOutOfBoundsException
2021-11-21 15:01:46.552 [main] ERROR eclipselink.logging.metadata - java.lang.IllegalArgumentException: Unsupported class file major version 61
2021-11-21 15:01:46.553 [main] ERROR eclipselink.logging.metadata - java.lang.ArrayIndexOutOfBoundsException
2021-11-21 15:01:46.554 [main] ERROR eclipselink.logging.metadata - java.lang.IllegalArgumentException: Unsupported class file major version 61
2021-11-21 15:01:46.554 [main] ERROR eclipselink.logging.metadata - java.lang.ArrayIndexOutOfBoundsException
2021-11-21 15:01:46.557 [main] ERROR eclipselink.logging.metadata - java.lang.IllegalArgumentException: Unsupported class file major version 61
2021-11-21 15:01:46.560 [main] ERROR eclipselink.logging.metadata - java.lang.ArrayIndexOutOfBoundsException
2021-11-21 15:01:46.561 [main] ERROR eclipselink.logging.metadata - java.lang.IllegalArgumentException: Unsupported class file major version 61
2021-11-21 15:01:46.561 [main] ERROR eclipselink.logging.metadata - java.lang.ArrayIndexOutOfBoundsException
2021-11-21 15:01:46.562 [main] ERROR eclipselink.logging.metadata - java.lang.IllegalArgumentException: Unsupported class file major version 61
2021-11-21 15:01:46.562 [main] ERROR eclipselink.logging.metadata - java.lang.ArrayIndexOutOfBoundsException
2021-11-21 15:01:46.563 [main] ERROR eclipselink.logging.metadata - java.lang.IllegalArgumentException: Unsupported class file major version 61
2021-11-21 15:01:46.566 [main] ERROR eclipselink.logging.metadata - java.lang.ArrayIndexOutOfBoundsException
2021-11-21 15:01:46.567 [main] ERROR eclipselink.logging.metadata - java.lang.IllegalArgumentException: Unsupported class file major version 61
2021-11-21 15:01:46.567 [main] ERROR eclipselink.logging.metadata - java.lang.ArrayIndexOutOfBoundsException
2021-11-21 15:01:46.576 [main] ERROR eclipselink.logging.metadata - java.lang.IllegalArgumentException: Unsupported class file major version 61
2021-11-21 15:01:46.576 [main] ERROR eclipselink.logging.metadata - java.lang.ArrayIndexOutOfBoundsException
2021-11-21 15:01:46.577 [main] ERROR eclipselink.logging.metadata - java.lang.IllegalArgumentException: Unsupported class file major version 61
2021-11-21 15:01:46.577 [main] ERROR eclipselink.logging.metadata - java.lang.ArrayIndexOutOfBoundsException
2021-11-21 15:01:46.615 [main] INFO  eclipselink.logging.all - EclipseLink, version: Eclipse Persistence Services - 2.7.7.v20200504-69f2c2b80d
2021-11-21 15:01:46.693 [pool-3-thread-3] WARN  c.q.t.p.p.PartyInfoBroadcaster - Failed to connect to node http://127.0.0.1:9005/, due to java.net.ConnectException: Connection refused
2021-11-21 15:01:46.693 [pool-3-thread-4] WARN  c.q.t.p.p.PartyInfoBroadcaster - Failed to connect to node http://127.0.0.1:9003/, due to java.net.ConnectException: Connection refused
2021-11-21 15:01:46.693 [pool-3-thread-1] WARN  c.q.t.p.p.PartyInfoBroadcaster - Failed to connect to node http://127.0.0.1:9001/, due to java.net.ConnectException: Connection refused
2021-11-21 15:01:46.693 [pool-3-thread-2] WARN  c.q.t.p.p.PartyInfoBroadcaster - Failed to connect to node http://127.0.0.1:9002/, due to java.net.ConnectException: Connection refused
2021-11-21 15:01:46.963 [main] WARN  o.g.jersey.internal.inject.Providers - A provider com.quorum.tessera.api.common.UpCheckResource registered in SERVER runtime does not implement any provider interfaces applicable in the SERVER runtime. Due to constraint configuration problems the provider com.quorum.tessera.api.common.UpCheckResource will be ignored. 
2021-11-21 15:01:46.963 [main] WARN  o.g.jersey.internal.inject.Providers - A provider com.quorum.tessera.q2t.TransactionResource3 registered in SERVER runtime does not implement any provider interfaces applicable in the SERVER runtime. Due to constraint configuration problems the provider com.quorum.tessera.q2t.TransactionResource3 will be ignored. 
2021-11-21 15:01:46.963 [main] WARN  o.g.jersey.internal.inject.Providers - A provider com.quorum.tessera.q2t.PrivacyGroupResource registered in SERVER runtime does not implement any provider interfaces applicable in the SERVER runtime. Due to constraint configuration problems the provider com.quorum.tessera.q2t.PrivacyGroupResource will be ignored. 
2021-11-21 15:01:46.964 [main] WARN  o.g.jersey.internal.inject.Providers - A provider com.quorum.tessera.q2t.TransactionResource registered in SERVER runtime does not implement any provider interfaces applicable in the SERVER runtime. Due to constraint configuration problems the provider com.quorum.tessera.q2t.TransactionResource will be ignored. 
2021-11-21 15:01:46.964 [main] WARN  o.g.jersey.internal.inject.Providers - A provider com.quorum.tessera.q2t.EncodedPayloadResource registered in SERVER runtime does not implement any provider interfaces applicable in the SERVER runtime. Due to constraint configuration problems the provider com.quorum.tessera.q2t.EncodedPayloadResource will be ignored. 
2021-11-21 15:01:46.964 [main] WARN  o.g.jersey.internal.inject.Providers - A provider com.quorum.tessera.api.common.RawTransactionResource registered in SERVER runtime does not implement any provider interfaces applicable in the SERVER runtime. Due to constraint configuration problems the provider com.quorum.tessera.api.common.RawTransactionResource will be ignored. 
2021-11-21 15:01:47.611 [main] INFO  o.e.j.server.handler.ContextHandler - Started o.e.j.s.ServletContextHandler@73ff7a54{/,null,AVAILABLE}
2021-11-21 15:01:48.640 [main] INFO  o.e.jetty.server.AbstractConnector - Started UnixSocketConnector@239d9cb7{HTTP/1.1, (http/1.1)}{/home/swcyb/Ticket4U/network/Ticket4U-net/qdata/c4/tm.ipc}
2021-11-21 15:01:48.641 [main] INFO  org.eclipse.jetty.server.Server - Started @14489ms
2021-11-21 15:01:48.641 [main] INFO  c.quorum.tessera.server.JerseyServer - Started unix:/home/swcyb/Ticket4U/network/Ticket4U-net/qdata/c4/tm.ipc
2021-11-21 15:01:48.641 [main] INFO  c.quorum.tessera.server.JerseyServer - WADL unix:/home/swcyb/Ticket4U/network/Ticket4U-net/qdata/c4/tm.ipc/application.wadl
2021-11-21 15:01:48.648 [main] INFO  c.quorum.tessera.server.JerseyServer - Starting http://127.0.0.1:9004
2021-11-21 15:01:48.648 [main] INFO  org.eclipse.jetty.server.Server - jetty-9.4.39.v20210325; built: 2021-03-25T14:42:11.471Z; git: 9fc7ca5a922f2a37b84ec9dbc26a5168cee7e667; jvm 17+35-Ubuntu-120.04
2021-11-21 15:01:48.760 [main] WARN  c.q.t.c.util.EncryptedStringResolver - Some sensitive values are being given as unencrypted plain text in config. Please note this is NOT recommended for production environment.
2021-11-21 15:01:48.761 [main] INFO  com.zaxxer.hikari.HikariDataSource - HikariPool-6 - Starting...
2021-11-21 15:01:48.795 [main] INFO  com.zaxxer.hikari.HikariDataSource - HikariPool-6 - Start completed.
2021-11-21 15:01:48.798 [main] ERROR eclipselink.logging.metadata - java.lang.IllegalArgumentException: Unsupported class file major version 61
2021-11-21 15:01:48.798 [main] ERROR eclipselink.logging.metadata - java.lang.ArrayIndexOutOfBoundsException
2021-11-21 15:01:48.807 [main] ERROR eclipselink.logging.metadata - java.lang.IllegalArgumentException: Unsupported class file major version 61
2021-11-21 15:01:48.807 [main] ERROR eclipselink.logging.metadata - java.lang.ArrayIndexOutOfBoundsException
2021-11-21 15:01:48.824 [main] INFO  eclipselink.logging.all - EclipseLink, version: Eclipse Persistence Services - 2.7.7.v20200504-69f2c2b80d
2021-11-21 15:01:48.854 [main] ERROR eclipselink.logging.metadata - java.lang.IllegalArgumentException: Unsupported class file major version 61
2021-11-21 15:01:48.854 [main] ERROR eclipselink.logging.metadata - java.lang.ArrayIndexOutOfBoundsException
2021-11-21 15:01:48.855 [main] ERROR eclipselink.logging.metadata - java.lang.IllegalArgumentException: Unsupported class file major version 61
2021-11-21 15:01:48.855 [main] ERROR eclipselink.logging.metadata - java.lang.ArrayIndexOutOfBoundsException
2021-11-21 15:01:48.855 [main] ERROR eclipselink.logging.metadata - java.lang.IllegalArgumentException: Unsupported class file major version 61
2021-11-21 15:01:48.855 [main] ERROR eclipselink.logging.metadata - java.lang.ArrayIndexOutOfBoundsException
2021-11-21 15:01:48.866 [main] ERROR eclipselink.logging.metadata - java.lang.IllegalArgumentException: Unsupported class file major version 61
2021-11-21 15:01:48.866 [main] ERROR eclipselink.logging.metadata - java.lang.ArrayIndexOutOfBoundsException
2021-11-21 15:01:48.867 [main] ERROR eclipselink.logging.metadata - java.lang.IllegalArgumentException: Unsupported class file major version 61
2021-11-21 15:01:48.867 [main] ERROR eclipselink.logging.metadata - java.lang.ArrayIndexOutOfBoundsException
2021-11-21 15:01:48.867 [main] ERROR eclipselink.logging.metadata - java.lang.IllegalArgumentException: Unsupported class file major version 61
2021-11-21 15:01:48.867 [main] ERROR eclipselink.logging.metadata - java.lang.ArrayIndexOutOfBoundsException
2021-11-21 15:01:48.868 [main] ERROR eclipselink.logging.metadata - java.lang.IllegalArgumentException: Unsupported class file major version 61
2021-11-21 15:01:48.868 [main] ERROR eclipselink.logging.metadata - java.lang.ArrayIndexOutOfBoundsException
2021-11-21 15:01:48.868 [main] ERROR eclipselink.logging.metadata - java.lang.IllegalArgumentException: Unsupported class file major version 61
2021-11-21 15:01:48.868 [main] ERROR eclipselink.logging.metadata - java.lang.ArrayIndexOutOfBoundsException
2021-11-21 15:01:48.869 [main] ERROR eclipselink.logging.metadata - java.lang.IllegalArgumentException: Unsupported class file major version 61
2021-11-21 15:01:48.869 [main] ERROR eclipselink.logging.metadata - java.lang.ArrayIndexOutOfBoundsException
2021-11-21 15:01:48.869 [main] ERROR eclipselink.logging.metadata - java.lang.IllegalArgumentException: Unsupported class file major version 61
2021-11-21 15:01:48.869 [main] ERROR eclipselink.logging.metadata - java.lang.ArrayIndexOutOfBoundsException
2021-11-21 15:01:48.870 [main] ERROR eclipselink.logging.metadata - java.lang.IllegalArgumentException: Unsupported class file major version 61
2021-11-21 15:01:48.870 [main] ERROR eclipselink.logging.metadata - java.lang.ArrayIndexOutOfBoundsException
2021-11-21 15:01:48.891 [main] INFO  eclipselink.logging.all - EclipseLink, version: Eclipse Persistence Services - 2.7.7.v20200504-69f2c2b80d
2021-11-21 15:01:48.956 [main] INFO  c.q.t.r.r.ResendBatchPublisherFactory - Loaded factory com.quorum.tessera.p2p.recovery.RestResendBatchPublisherFactory@58720eb9
2021-11-21 15:01:48.962 [main] WARN  c.q.t.c.util.EncryptedStringResolver - Some sensitive values are being given as unencrypted plain text in config. Please note this is NOT recommended for production environment.
2021-11-21 15:01:48.962 [main] INFO  com.zaxxer.hikari.HikariDataSource - HikariPool-7 - Starting...
2021-11-21 15:01:48.975 [main] INFO  com.zaxxer.hikari.HikariDataSource - HikariPool-7 - Start completed.
2021-11-21 15:01:48.978 [main] ERROR eclipselink.logging.metadata - java.lang.IllegalArgumentException: Unsupported class file major version 61
2021-11-21 15:01:48.979 [main] ERROR eclipselink.logging.metadata - java.lang.ArrayIndexOutOfBoundsException
2021-11-21 15:01:48.983 [main] ERROR eclipselink.logging.metadata - java.lang.IllegalArgumentException: Unsupported class file major version 61
2021-11-21 15:01:48.983 [main] ERROR eclipselink.logging.metadata - java.lang.ArrayIndexOutOfBoundsException
2021-11-21 15:01:48.999 [main] INFO  eclipselink.logging.all - EclipseLink, version: Eclipse Persistence Services - 2.7.7.v20200504-69f2c2b80d
2021-11-21 15:01:49.012 [main] ERROR eclipselink.logging.metadata - java.lang.IllegalArgumentException: Unsupported class file major version 61
2021-11-21 15:01:49.012 [main] ERROR eclipselink.logging.metadata - java.lang.ArrayIndexOutOfBoundsException
2021-11-21 15:01:49.012 [main] ERROR eclipselink.logging.metadata - java.lang.IllegalArgumentException: Unsupported class file major version 61
2021-11-21 15:01:49.013 [main] ERROR eclipselink.logging.metadata - java.lang.ArrayIndexOutOfBoundsException
2021-11-21 15:01:49.013 [main] ERROR eclipselink.logging.metadata - java.lang.IllegalArgumentException: Unsupported class file major version 61
2021-11-21 15:01:49.013 [main] ERROR eclipselink.logging.metadata - java.lang.ArrayIndexOutOfBoundsException
2021-11-21 15:01:49.014 [main] ERROR eclipselink.logging.metadata - java.lang.IllegalArgumentException: Unsupported class file major version 61
2021-11-21 15:01:49.014 [main] ERROR eclipselink.logging.metadata - java.lang.ArrayIndexOutOfBoundsException
2021-11-21 15:01:49.014 [main] ERROR eclipselink.logging.metadata - java.lang.IllegalArgumentException: Unsupported class file major version 61
2021-11-21 15:01:49.014 [main] ERROR eclipselink.logging.metadata - java.lang.ArrayIndexOutOfBoundsException
2021-11-21 15:01:49.014 [main] ERROR eclipselink.logging.metadata - java.lang.IllegalArgumentException: Unsupported class file major version 61
2021-11-21 15:01:49.014 [main] ERROR eclipselink.logging.metadata - java.lang.ArrayIndexOutOfBoundsException
2021-11-21 15:01:49.015 [main] ERROR eclipselink.logging.metadata - java.lang.IllegalArgumentException: Unsupported class file major version 61
2021-11-21 15:01:49.015 [main] ERROR eclipselink.logging.metadata - java.lang.ArrayIndexOutOfBoundsException
2021-11-21 15:01:49.015 [main] ERROR eclipselink.logging.metadata - java.lang.IllegalArgumentException: Unsupported class file major version 61
2021-11-21 15:01:49.015 [main] ERROR eclipselink.logging.metadata - java.lang.ArrayIndexOutOfBoundsException
2021-11-21 15:01:49.015 [main] ERROR eclipselink.logging.metadata - java.lang.IllegalArgumentException: Unsupported class file major version 61
2021-11-21 15:01:49.015 [main] ERROR eclipselink.logging.metadata - java.lang.ArrayIndexOutOfBoundsException
2021-11-21 15:01:49.015 [main] ERROR eclipselink.logging.metadata - java.lang.IllegalArgumentException: Unsupported class file major version 61
2021-11-21 15:01:49.016 [main] ERROR eclipselink.logging.metadata - java.lang.ArrayIndexOutOfBoundsException
2021-11-21 15:01:49.016 [main] ERROR eclipselink.logging.metadata - java.lang.IllegalArgumentException: Unsupported class file major version 61
2021-11-21 15:01:49.016 [main] ERROR eclipselink.logging.metadata - java.lang.ArrayIndexOutOfBoundsException
2021-11-21 15:01:49.040 [main] INFO  eclipselink.logging.all - EclipseLink, version: Eclipse Persistence Services - 2.7.7.v20200504-69f2c2b80d
2021-11-21 15:01:49.092 [main] WARN  c.q.t.c.util.EncryptedStringResolver - Some sensitive values are being given as unencrypted plain text in config. Please note this is NOT recommended for production environment.
2021-11-21 15:01:49.092 [main] INFO  com.zaxxer.hikari.HikariDataSource - HikariPool-8 - Starting...
2021-11-21 15:01:49.108 [main] INFO  com.zaxxer.hikari.HikariDataSource - HikariPool-8 - Start completed.
2021-11-21 15:01:49.111 [main] ERROR eclipselink.logging.metadata - java.lang.IllegalArgumentException: Unsupported class file major version 61
2021-11-21 15:01:49.111 [main] ERROR eclipselink.logging.metadata - java.lang.ArrayIndexOutOfBoundsException
2021-11-21 15:01:49.113 [main] ERROR eclipselink.logging.metadata - java.lang.IllegalArgumentException: Unsupported class file major version 61
2021-11-21 15:01:49.113 [main] ERROR eclipselink.logging.metadata - java.lang.ArrayIndexOutOfBoundsException
2021-11-21 15:01:49.142 [main] INFO  eclipselink.logging.all - EclipseLink, version: Eclipse Persistence Services - 2.7.7.v20200504-69f2c2b80d
2021-11-21 15:01:49.175 [main] ERROR eclipselink.logging.metadata - java.lang.IllegalArgumentException: Unsupported class file major version 61
2021-11-21 15:01:49.175 [main] ERROR eclipselink.logging.metadata - java.lang.ArrayIndexOutOfBoundsException
2021-11-21 15:01:49.176 [main] ERROR eclipselink.logging.metadata - java.lang.IllegalArgumentException: Unsupported class file major version 61
2021-11-21 15:01:49.176 [main] ERROR eclipselink.logging.metadata - java.lang.ArrayIndexOutOfBoundsException
2021-11-21 15:01:49.176 [main] ERROR eclipselink.logging.metadata - java.lang.IllegalArgumentException: Unsupported class file major version 61
2021-11-21 15:01:49.176 [main] ERROR eclipselink.logging.metadata - java.lang.ArrayIndexOutOfBoundsException
2021-11-21 15:01:49.177 [main] ERROR eclipselink.logging.metadata - java.lang.IllegalArgumentException: Unsupported class file major version 61
2021-11-21 15:01:49.177 [main] ERROR eclipselink.logging.metadata - java.lang.ArrayIndexOutOfBoundsException
2021-11-21 15:01:49.177 [main] ERROR eclipselink.logging.metadata - java.lang.IllegalArgumentException: Unsupported class file major version 61
2021-11-21 15:01:49.177 [main] ERROR eclipselink.logging.metadata - java.lang.ArrayIndexOutOfBoundsException
2021-11-21 15:01:49.177 [main] ERROR eclipselink.logging.metadata - java.lang.IllegalArgumentException: Unsupported class file major version 61
2021-11-21 15:01:49.177 [main] ERROR eclipselink.logging.metadata - java.lang.ArrayIndexOutOfBoundsException
2021-11-21 15:01:49.178 [main] ERROR eclipselink.logging.metadata - java.lang.IllegalArgumentException: Unsupported class file major version 61
2021-11-21 15:01:49.178 [main] ERROR eclipselink.logging.metadata - java.lang.ArrayIndexOutOfBoundsException
2021-11-21 15:01:49.178 [main] ERROR eclipselink.logging.metadata - java.lang.IllegalArgumentException: Unsupported class file major version 61
2021-11-21 15:01:49.178 [main] ERROR eclipselink.logging.metadata - java.lang.ArrayIndexOutOfBoundsException
2021-11-21 15:01:49.179 [main] ERROR eclipselink.logging.metadata - java.lang.IllegalArgumentException: Unsupported class file major version 61
2021-11-21 15:01:49.179 [main] ERROR eclipselink.logging.metadata - java.lang.ArrayIndexOutOfBoundsException
2021-11-21 15:01:49.179 [main] ERROR eclipselink.logging.metadata - java.lang.IllegalArgumentException: Unsupported class file major version 61
2021-11-21 15:01:49.179 [main] ERROR eclipselink.logging.metadata - java.lang.ArrayIndexOutOfBoundsException
2021-11-21 15:01:49.179 [main] ERROR eclipselink.logging.metadata - java.lang.IllegalArgumentException: Unsupported class file major version 61
2021-11-21 15:01:49.179 [main] ERROR eclipselink.logging.metadata - java.lang.ArrayIndexOutOfBoundsException
2021-11-21 15:01:49.244 [main] INFO  eclipselink.logging.all - EclipseLink, version: Eclipse Persistence Services - 2.7.7.v20200504-69f2c2b80d
2021-11-21 15:01:49.308 [main] WARN  c.q.t.c.util.EncryptedStringResolver - Some sensitive values are being given as unencrypted plain text in config. Please note this is NOT recommended for production environment.
2021-11-21 15:01:49.308 [main] INFO  com.zaxxer.hikari.HikariDataSource - HikariPool-9 - Starting...
2021-11-21 15:01:49.341 [main] INFO  com.zaxxer.hikari.HikariDataSource - HikariPool-9 - Start completed.
2021-11-21 15:01:49.350 [main] ERROR eclipselink.logging.metadata - java.lang.IllegalArgumentException: Unsupported class file major version 61
2021-11-21 15:01:49.350 [main] ERROR eclipselink.logging.metadata - java.lang.ArrayIndexOutOfBoundsException
2021-11-21 15:01:49.353 [main] ERROR eclipselink.logging.metadata - java.lang.IllegalArgumentException: Unsupported class file major version 61
2021-11-21 15:01:49.353 [main] ERROR eclipselink.logging.metadata - java.lang.ArrayIndexOutOfBoundsException
2021-11-21 15:01:49.403 [main] INFO  eclipselink.logging.all - EclipseLink, version: Eclipse Persistence Services - 2.7.7.v20200504-69f2c2b80d
2021-11-21 15:01:49.481 [main] ERROR eclipselink.logging.metadata - java.lang.IllegalArgumentException: Unsupported class file major version 61
2021-11-21 15:01:49.482 [main] ERROR eclipselink.logging.metadata - java.lang.ArrayIndexOutOfBoundsException
2021-11-21 15:01:49.482 [main] ERROR eclipselink.logging.metadata - java.lang.IllegalArgumentException: Unsupported class file major version 61
2021-11-21 15:01:49.482 [main] ERROR eclipselink.logging.metadata - java.lang.ArrayIndexOutOfBoundsException
2021-11-21 15:01:49.483 [main] ERROR eclipselink.logging.metadata - java.lang.IllegalArgumentException: Unsupported class file major version 61
2021-11-21 15:01:49.483 [main] ERROR eclipselink.logging.metadata - java.lang.ArrayIndexOutOfBoundsException
2021-11-21 15:01:49.483 [main] ERROR eclipselink.logging.metadata - java.lang.IllegalArgumentException: Unsupported class file major version 61
2021-11-21 15:01:49.483 [main] ERROR eclipselink.logging.metadata - java.lang.ArrayIndexOutOfBoundsException
2021-11-21 15:01:49.484 [main] ERROR eclipselink.logging.metadata - java.lang.IllegalArgumentException: Unsupported class file major version 61
2021-11-21 15:01:49.484 [main] ERROR eclipselink.logging.metadata - java.lang.ArrayIndexOutOfBoundsException
2021-11-21 15:01:49.484 [main] ERROR eclipselink.logging.metadata - java.lang.IllegalArgumentException: Unsupported class file major version 61
2021-11-21 15:01:49.484 [main] ERROR eclipselink.logging.metadata - java.lang.ArrayIndexOutOfBoundsException
2021-11-21 15:01:49.484 [main] ERROR eclipselink.logging.metadata - java.lang.IllegalArgumentException: Unsupported class file major version 61
2021-11-21 15:01:49.484 [main] ERROR eclipselink.logging.metadata - java.lang.ArrayIndexOutOfBoundsException
2021-11-21 15:01:49.495 [main] ERROR eclipselink.logging.metadata - java.lang.IllegalArgumentException: Unsupported class file major version 61
2021-11-21 15:01:49.496 [main] ERROR eclipselink.logging.metadata - java.lang.ArrayIndexOutOfBoundsException
2021-11-21 15:01:49.496 [main] ERROR eclipselink.logging.metadata - java.lang.IllegalArgumentException: Unsupported class file major version 61
2021-11-21 15:01:49.497 [main] ERROR eclipselink.logging.metadata - java.lang.ArrayIndexOutOfBoundsException
2021-11-21 15:01:49.497 [main] ERROR eclipselink.logging.metadata - java.lang.IllegalArgumentException: Unsupported class file major version 61
2021-11-21 15:01:49.497 [main] ERROR eclipselink.logging.metadata - java.lang.ArrayIndexOutOfBoundsException
2021-11-21 15:01:49.497 [main] ERROR eclipselink.logging.metadata - java.lang.IllegalArgumentException: Unsupported class file major version 61
2021-11-21 15:01:49.497 [main] ERROR eclipselink.logging.metadata - java.lang.ArrayIndexOutOfBoundsException
2021-11-21 15:01:49.513 [main] INFO  eclipselink.logging.all - EclipseLink, version: Eclipse Persistence Services - 2.7.7.v20200504-69f2c2b80d
2021-11-21 15:01:49.617 [main] INFO  c.q.t.r.r.ResendBatchPublisherFactory - Loaded factory com.quorum.tessera.p2p.recovery.RestResendBatchPublisherFactory@50841932
2021-11-21 15:01:49.633 [main] WARN  c.q.t.c.util.EncryptedStringResolver - Some sensitive values are being given as unencrypted plain text in config. Please note this is NOT recommended for production environment.
2021-11-21 15:01:49.633 [main] INFO  com.zaxxer.hikari.HikariDataSource - HikariPool-10 - Starting...
2021-11-21 15:01:49.641 [main] INFO  com.zaxxer.hikari.HikariDataSource - HikariPool-10 - Start completed.
2021-11-21 15:01:49.644 [main] ERROR eclipselink.logging.metadata - java.lang.IllegalArgumentException: Unsupported class file major version 61
2021-11-21 15:01:49.644 [main] ERROR eclipselink.logging.metadata - java.lang.ArrayIndexOutOfBoundsException
2021-11-21 15:01:49.645 [main] ERROR eclipselink.logging.metadata - java.lang.IllegalArgumentException: Unsupported class file major version 61
2021-11-21 15:01:49.645 [main] ERROR eclipselink.logging.metadata - java.lang.ArrayIndexOutOfBoundsException
2021-11-21 15:01:49.669 [main] INFO  eclipselink.logging.all - EclipseLink, version: Eclipse Persistence Services - 2.7.7.v20200504-69f2c2b80d
2021-11-21 15:01:49.693 [main] ERROR eclipselink.logging.metadata - java.lang.IllegalArgumentException: Unsupported class file major version 61
2021-11-21 15:01:49.694 [main] ERROR eclipselink.logging.metadata - java.lang.ArrayIndexOutOfBoundsException
2021-11-21 15:01:49.694 [main] ERROR eclipselink.logging.metadata - java.lang.IllegalArgumentException: Unsupported class file major version 61
2021-11-21 15:01:49.694 [main] ERROR eclipselink.logging.metadata - java.lang.ArrayIndexOutOfBoundsException
2021-11-21 15:01:49.694 [main] ERROR eclipselink.logging.metadata - java.lang.IllegalArgumentException: Unsupported class file major version 61
2021-11-21 15:01:49.694 [main] ERROR eclipselink.logging.metadata - java.lang.ArrayIndexOutOfBoundsException
2021-11-21 15:01:49.697 [main] ERROR eclipselink.logging.metadata - java.lang.IllegalArgumentException: Unsupported class file major version 61
2021-11-21 15:01:49.697 [main] ERROR eclipselink.logging.metadata - java.lang.ArrayIndexOutOfBoundsException
2021-11-21 15:01:49.698 [main] ERROR eclipselink.logging.metadata - java.lang.IllegalArgumentException: Unsupported class file major version 61
2021-11-21 15:01:49.698 [main] ERROR eclipselink.logging.metadata - java.lang.ArrayIndexOutOfBoundsException
2021-11-21 15:01:49.698 [main] ERROR eclipselink.logging.metadata - java.lang.IllegalArgumentException: Unsupported class file major version 61
2021-11-21 15:01:49.698 [main] ERROR eclipselink.logging.metadata - java.lang.ArrayIndexOutOfBoundsException
2021-11-21 15:01:49.698 [main] ERROR eclipselink.logging.metadata - java.lang.IllegalArgumentException: Unsupported class file major version 61
2021-11-21 15:01:49.698 [main] ERROR eclipselink.logging.metadata - java.lang.ArrayIndexOutOfBoundsException
2021-11-21 15:01:49.699 [main] ERROR eclipselink.logging.metadata - java.lang.IllegalArgumentException: Unsupported class file major version 61
2021-11-21 15:01:49.699 [main] ERROR eclipselink.logging.metadata - java.lang.ArrayIndexOutOfBoundsException
2021-11-21 15:01:49.699 [main] ERROR eclipselink.logging.metadata - java.lang.IllegalArgumentException: Unsupported class file major version 61
2021-11-21 15:01:49.699 [main] ERROR eclipselink.logging.metadata - java.lang.ArrayIndexOutOfBoundsException
2021-11-21 15:01:49.699 [main] ERROR eclipselink.logging.metadata - java.lang.IllegalArgumentException: Unsupported class file major version 61
2021-11-21 15:01:49.699 [main] ERROR eclipselink.logging.metadata - java.lang.ArrayIndexOutOfBoundsException
2021-11-21 15:01:49.699 [main] ERROR eclipselink.logging.metadata - java.lang.IllegalArgumentException: Unsupported class file major version 61
2021-11-21 15:01:49.699 [main] ERROR eclipselink.logging.metadata - java.lang.ArrayIndexOutOfBoundsException
2021-11-21 15:01:49.721 [main] INFO  eclipselink.logging.all - EclipseLink, version: Eclipse Persistence Services - 2.7.7.v20200504-69f2c2b80d
2021-11-21 15:01:49.768 [main] WARN  c.q.t.c.util.EncryptedStringResolver - Some sensitive values are being given as unencrypted plain text in config. Please note this is NOT recommended for production environment.
2021-11-21 15:01:49.778 [main] INFO  com.zaxxer.hikari.HikariDataSource - HikariPool-11 - Starting...
2021-11-21 15:01:49.807 [main] INFO  com.zaxxer.hikari.HikariDataSource - HikariPool-11 - Start completed.
2021-11-21 15:01:49.810 [main] ERROR eclipselink.logging.metadata - java.lang.IllegalArgumentException: Unsupported class file major version 61
2021-11-21 15:01:49.811 [main] ERROR eclipselink.logging.metadata - java.lang.ArrayIndexOutOfBoundsException
2021-11-21 15:01:49.820 [main] ERROR eclipselink.logging.metadata - java.lang.IllegalArgumentException: Unsupported class file major version 61
2021-11-21 15:01:49.820 [main] ERROR eclipselink.logging.metadata - java.lang.ArrayIndexOutOfBoundsException
2021-11-21 15:01:49.845 [main] INFO  eclipselink.logging.all - EclipseLink, version: Eclipse Persistence Services - 2.7.7.v20200504-69f2c2b80d
2021-11-21 15:01:49.867 [main] ERROR eclipselink.logging.metadata - java.lang.IllegalArgumentException: Unsupported class file major version 61
2021-11-21 15:01:49.867 [main] ERROR eclipselink.logging.metadata - java.lang.ArrayIndexOutOfBoundsException
2021-11-21 15:01:49.868 [main] ERROR eclipselink.logging.metadata - java.lang.IllegalArgumentException: Unsupported class file major version 61
2021-11-21 15:01:49.868 [main] ERROR eclipselink.logging.metadata - java.lang.ArrayIndexOutOfBoundsException
2021-11-21 15:01:49.869 [main] ERROR eclipselink.logging.metadata - java.lang.IllegalArgumentException: Unsupported class file major version 61
2021-11-21 15:01:49.869 [main] ERROR eclipselink.logging.metadata - java.lang.ArrayIndexOutOfBoundsException
2021-11-21 15:01:49.869 [main] ERROR eclipselink.logging.metadata - java.lang.IllegalArgumentException: Unsupported class file major version 61
2021-11-21 15:01:49.869 [main] ERROR eclipselink.logging.metadata - java.lang.ArrayIndexOutOfBoundsException
2021-11-21 15:01:49.870 [main] ERROR eclipselink.logging.metadata - java.lang.IllegalArgumentException: Unsupported class file major version 61
2021-11-21 15:01:49.870 [main] ERROR eclipselink.logging.metadata - java.lang.ArrayIndexOutOfBoundsException
2021-11-21 15:01:49.870 [main] ERROR eclipselink.logging.metadata - java.lang.IllegalArgumentException: Unsupported class file major version 61
2021-11-21 15:01:49.870 [main] ERROR eclipselink.logging.metadata - java.lang.ArrayIndexOutOfBoundsException
2021-11-21 15:01:49.870 [main] ERROR eclipselink.logging.metadata - java.lang.IllegalArgumentException: Unsupported class file major version 61
2021-11-21 15:01:49.870 [main] ERROR eclipselink.logging.metadata - java.lang.ArrayIndexOutOfBoundsException
2021-11-21 15:01:49.871 [main] ERROR eclipselink.logging.metadata - java.lang.IllegalArgumentException: Unsupported class file major version 61
2021-11-21 15:01:49.871 [main] ERROR eclipselink.logging.metadata - java.lang.ArrayIndexOutOfBoundsException
2021-11-21 15:01:49.871 [main] ERROR eclipselink.logging.metadata - java.lang.IllegalArgumentException: Unsupported class file major version 61
2021-11-21 15:01:49.871 [main] ERROR eclipselink.logging.metadata - java.lang.ArrayIndexOutOfBoundsException
2021-11-21 15:01:49.871 [main] ERROR eclipselink.logging.metadata - java.lang.IllegalArgumentException: Unsupported class file major version 61
2021-11-21 15:01:49.871 [main] ERROR eclipselink.logging.metadata - java.lang.ArrayIndexOutOfBoundsException
2021-11-21 15:01:49.871 [main] ERROR eclipselink.logging.metadata - java.lang.IllegalArgumentException: Unsupported class file major version 61
2021-11-21 15:01:49.872 [main] ERROR eclipselink.logging.metadata - java.lang.ArrayIndexOutOfBoundsException
2021-11-21 15:01:49.875 [main] INFO  eclipselink.logging.all - EclipseLink, version: Eclipse Persistence Services - 2.7.7.v20200504-69f2c2b80d
2021-11-21 15:01:50.091 [main] WARN  o.g.jersey.internal.inject.Providers - A provider com.quorum.tessera.p2p.PrivacyGroupResource registered in SERVER runtime does not implement any provider interfaces applicable in the SERVER runtime. Due to constraint configuration problems the provider com.quorum.tessera.p2p.PrivacyGroupResource will be ignored. 
2021-11-21 15:01:50.091 [main] WARN  o.g.jersey.internal.inject.Providers - A provider com.quorum.tessera.p2p.PartyInfoResource registered in SERVER runtime does not implement any provider interfaces applicable in the SERVER runtime. Due to constraint configuration problems the provider com.quorum.tessera.p2p.PartyInfoResource will be ignored. 
2021-11-21 15:01:50.092 [main] WARN  o.g.jersey.internal.inject.Providers - A provider com.quorum.tessera.api.common.UpCheckResource registered in SERVER runtime does not implement any provider interfaces applicable in the SERVER runtime. Due to constraint configuration problems the provider com.quorum.tessera.api.common.UpCheckResource will be ignored. 
2021-11-21 15:01:50.092 [main] WARN  o.g.jersey.internal.inject.Providers - A provider com.quorum.tessera.p2p.TransactionResource registered in SERVER runtime does not implement any provider interfaces applicable in the SERVER runtime. Due to constraint configuration problems the provider com.quorum.tessera.p2p.TransactionResource will be ignored. 
2021-11-21 15:01:50.340 [main] INFO  o.e.j.server.handler.ContextHandler - Started o.e.j.s.ServletContextHandler@3891b430{/,null,AVAILABLE}
2021-11-21 15:01:50.349 [main] INFO  o.e.jetty.server.AbstractConnector - Started ServerConnector@152d2a58{HTTP/1.1, (http/1.1)}{0.0.0.0:9004}
2021-11-21 15:01:50.349 [main] INFO  org.eclipse.jetty.server.Server - Started @16197ms
2021-11-21 15:01:50.349 [main] INFO  c.quorum.tessera.server.JerseyServer - Started http://127.0.0.1:9004
2021-11-21 15:01:50.349 [main] INFO  c.quorum.tessera.server.JerseyServer - WADL http://127.0.0.1:9004/application.wadl
2021-11-21 15:01:51.423 [pool-2-thread-1] INFO  c.q.t.p.p.PartyInfoBroadcaster - Started PartyInfo polling round
2021-11-21 15:01:51.427 [pool-2-thread-1] INFO  c.q.t.p.p.PartyInfoBroadcaster - Finished PartyInfo polling round
2021-11-21 15:01:53.944 [qtp1968209512-53] INFO  c.q.t.api.common.UpCheckResource - Enter Request : GET : /upcheck
2021-11-21 15:01:53.945 [qtp1968209512-53] INFO  c.q.t.api.common.UpCheckResource - GET upcheck
2021-11-21 15:01:53.967 [qtp1968209512-53] INFO  c.q.t.api.common.UpCheckResource - Exit Request : GET : /upcheck
2021-11-21 15:01:53.967 [qtp1968209512-53] INFO  c.q.t.api.common.UpCheckResource - Response for upcheck : 200 OK
2021-11-21 15:01:56.429 [pool-2-thread-1] INFO  c.q.t.p.p.PartyInfoBroadcaster - Started PartyInfo polling round
2021-11-21 15:01:56.431 [pool-2-thread-1] INFO  c.q.t.p.p.PartyInfoBroadcaster - Finished PartyInfo polling round
2021-11-21 15:01:59.174 [qtp1118400595-34] INFO  c.q.t.api.common.UpCheckResource - Enter Request : GET : /upcheck
2021-11-21 15:01:59.178 [qtp1118400595-34] INFO  c.q.t.api.common.UpCheckResource - GET upcheck
2021-11-21 15:01:59.179 [qtp1118400595-34] INFO  c.q.t.api.common.UpCheckResource - Exit Request : GET : /upcheck
2021-11-21 15:01:59.179 [qtp1118400595-34] INFO  c.q.t.api.common.UpCheckResource - Response for upcheck : 200 OK
2021-11-21 15:01:59.186 [qtp1118400595-31] INFO  c.q.t.api.common.VersionResource - Enter Request : GET : /version
2021-11-21 15:01:59.193 [qtp1118400595-31] INFO  c.q.t.api.common.VersionResource - Exit Request : GET : /version
2021-11-21 15:01:59.193 [qtp1118400595-31] INFO  c.q.t.api.common.VersionResource - Response for version : 200 OK
2021-11-21 15:01:59.210 [qtp1118400595-31] INFO  c.q.t.api.common.VersionResource - Enter Request : GET : /version/api
2021-11-21 15:01:59.219 [qtp1118400595-31] INFO  c.q.t.api.common.VersionResource - Exit Request : GET : /version/api
2021-11-21 15:01:59.222 [qtp1118400595-31] INFO  c.q.t.api.common.VersionResource - Response for version/api : 200 OK
2021-11-21 15:02:01.432 [pool-2-thread-1] INFO  c.q.t.p.p.PartyInfoBroadcaster - Started PartyInfo polling round
2021-11-21 15:02:01.434 [pool-2-thread-1] INFO  c.q.t.p.p.PartyInfoBroadcaster - Finished PartyInfo polling round
2021-11-21 15:02:06.436 [pool-2-thread-1] INFO  c.q.t.p.p.PartyInfoBroadcaster - Started PartyInfo polling round
2021-11-21 15:02:06.438 [pool-2-thread-1] INFO  c.q.t.p.p.PartyInfoBroadcaster - Finished PartyInfo polling round
2021-11-21 15:02:11.439 [pool-2-thread-1] INFO  c.q.t.p.p.PartyInfoBroadcaster - Started PartyInfo polling round
2021-11-21 15:02:11.440 [pool-2-thread-1] INFO  c.q.t.p.p.PartyInfoBroadcaster - Finished PartyInfo polling round
2021-11-21 15:02:16.440 [pool-2-thread-1] INFO  c.q.t.p.p.PartyInfoBroadcaster - Started PartyInfo polling round
2021-11-21 15:02:16.442 [pool-2-thread-1] INFO  c.q.t.p.p.PartyInfoBroadcaster - Finished PartyInfo polling round
2021-11-21 15:02:21.442 [pool-2-thread-1] INFO  c.q.t.p.p.PartyInfoBroadcaster - Started PartyInfo polling round
2021-11-21 15:02:21.444 [pool-2-thread-1] INFO  c.q.t.p.p.PartyInfoBroadcaster - Finished PartyInfo polling round
2021-11-21 15:02:26.445 [pool-2-thread-1] INFO  c.q.t.p.p.PartyInfoBroadcaster - Started PartyInfo polling round
2021-11-21 15:02:26.447 [pool-2-thread-1] INFO  c.q.t.p.p.PartyInfoBroadcaster - Finished PartyInfo polling round
2021-11-21 15:02:31.447 [pool-2-thread-1] INFO  c.q.t.p.p.PartyInfoBroadcaster - Started PartyInfo polling round
2021-11-21 15:02:31.450 [pool-2-thread-1] INFO  c.q.t.p.p.PartyInfoBroadcaster - Finished PartyInfo polling round
2021-11-21 15:02:36.450 [pool-2-thread-1] INFO  c.q.t.p.p.PartyInfoBroadcaster - Started PartyInfo polling round
2021-11-21 15:02:36.452 [pool-2-thread-1] INFO  c.q.t.p.p.PartyInfoBroadcaster - Finished PartyInfo polling round
2021-11-21 15:02:41.452 [pool-2-thread-1] INFO  c.q.t.p.p.PartyInfoBroadcaster - Started PartyInfo polling round
2021-11-21 15:02:41.454 [pool-2-thread-1] INFO  c.q.t.p.p.PartyInfoBroadcaster - Finished PartyInfo polling round
2021-11-21 15:02:46.455 [pool-2-thread-1] INFO  c.q.t.p.p.PartyInfoBroadcaster - Started PartyInfo polling round
2021-11-21 15:02:46.457 [pool-2-thread-1] INFO  c.q.t.p.p.PartyInfoBroadcaster - Finished PartyInfo polling round
2021-11-21 15:02:51.457 [pool-2-thread-1] INFO  c.q.t.p.p.PartyInfoBroadcaster - Started PartyInfo polling round
2021-11-21 15:02:51.458 [pool-2-thread-1] INFO  c.q.t.p.p.PartyInfoBroadcaster - Finished PartyInfo polling round
2021-11-21 15:02:56.459 [pool-2-thread-1] INFO  c.q.t.p.p.PartyInfoBroadcaster - Started PartyInfo polling round
2021-11-21 15:02:56.464 [pool-2-thread-1] INFO  c.q.t.p.p.PartyInfoBroadcaster - Finished PartyInfo polling round
2021-11-21 15:03:01.465 [pool-2-thread-1] INFO  c.q.t.p.p.PartyInfoBroadcaster - Started PartyInfo polling round
2021-11-21 15:03:01.468 [pool-2-thread-1] INFO  c.q.t.p.p.PartyInfoBroadcaster - Finished PartyInfo polling round
2021-11-21 15:03:06.469 [pool-2-thread-1] INFO  c.q.t.p.p.PartyInfoBroadcaster - Started PartyInfo polling round
2021-11-21 15:03:06.471 [pool-2-thread-1] INFO  c.q.t.p.p.PartyInfoBroadcaster - Finished PartyInfo polling round
2021-11-21 15:03:11.471 [pool-2-thread-1] INFO  c.q.t.p.p.PartyInfoBroadcaster - Started PartyInfo polling round
2021-11-21 15:03:11.473 [pool-2-thread-1] INFO  c.q.t.p.p.PartyInfoBroadcaster - Finished PartyInfo polling round
2021-11-21 15:03:16.474 [pool-2-thread-1] INFO  c.q.t.p.p.PartyInfoBroadcaster - Started PartyInfo polling round
2021-11-21 15:03:16.475 [pool-2-thread-1] INFO  c.q.t.p.p.PartyInfoBroadcaster - Finished PartyInfo polling round
2021-11-21 15:03:21.475 [pool-2-thread-1] INFO  c.q.t.p.p.PartyInfoBroadcaster - Started PartyInfo polling round
2021-11-21 15:03:21.478 [pool-2-thread-1] INFO  c.q.t.p.p.PartyInfoBroadcaster - Finished PartyInfo polling round
2021-11-21 15:03:26.480 [pool-2-thread-1] INFO  c.q.t.p.p.PartyInfoBroadcaster - Started PartyInfo polling round
2021-11-21 15:03:26.483 [pool-2-thread-1] INFO  c.q.t.p.p.PartyInfoBroadcaster - Finished PartyInfo polling round
2021-11-21 15:03:31.483 [pool-2-thread-1] INFO  c.q.t.p.p.PartyInfoBroadcaster - Started PartyInfo polling round
2021-11-21 15:03:31.484 [pool-2-thread-1] INFO  c.q.t.p.p.PartyInfoBroadcaster - Finished PartyInfo polling round
2021-11-21 15:03:36.485 [pool-2-thread-1] INFO  c.q.t.p.p.PartyInfoBroadcaster - Started PartyInfo polling round
2021-11-21 15:03:36.486 [pool-2-thread-1] INFO  c.q.t.p.p.PartyInfoBroadcaster - Finished PartyInfo polling round
2021-11-21 15:03:41.488 [pool-2-thread-1] INFO  c.q.t.p.p.PartyInfoBroadcaster - Started PartyInfo polling round
2021-11-21 15:03:41.490 [pool-2-thread-1] INFO  c.q.t.p.p.PartyInfoBroadcaster - Finished PartyInfo polling round
2021-11-21 15:03:46.490 [pool-2-thread-1] INFO  c.q.t.p.p.PartyInfoBroadcaster - Started PartyInfo polling round
2021-11-21 15:03:46.492 [pool-2-thread-1] INFO  c.q.t.p.p.PartyInfoBroadcaster - Finished PartyInfo polling round
2021-11-21 15:03:51.492 [pool-2-thread-1] INFO  c.q.t.p.p.PartyInfoBroadcaster - Started PartyInfo polling round
2021-11-21 15:03:51.494 [pool-2-thread-1] INFO  c.q.t.p.p.PartyInfoBroadcaster - Finished PartyInfo polling round
2021-11-21 15:03:56.494 [pool-2-thread-1] INFO  c.q.t.p.p.PartyInfoBroadcaster - Started PartyInfo polling round
2021-11-21 15:03:56.501 [pool-2-thread-1] INFO  c.q.t.p.p.PartyInfoBroadcaster - Finished PartyInfo polling round
2021-11-21 15:04:01.502 [pool-2-thread-1] INFO  c.q.t.p.p.PartyInfoBroadcaster - Started PartyInfo polling round
2021-11-21 15:04:01.505 [pool-2-thread-1] INFO  c.q.t.p.p.PartyInfoBroadcaster - Finished PartyInfo polling round
2021-11-21 15:04:06.505 [pool-2-thread-1] INFO  c.q.t.p.p.PartyInfoBroadcaster - Started PartyInfo polling round
2021-11-21 15:04:06.507 [pool-2-thread-1] INFO  c.q.t.p.p.PartyInfoBroadcaster - Finished PartyInfo polling round
2021-11-21 15:04:11.517 [pool-2-thread-1] INFO  c.q.t.p.p.PartyInfoBroadcaster - Started PartyInfo polling round
2021-11-21 15:04:11.519 [pool-2-thread-1] INFO  c.q.t.p.p.PartyInfoBroadcaster - Finished PartyInfo polling round
2021-11-21 15:04:16.519 [pool-2-thread-1] INFO  c.q.t.p.p.PartyInfoBroadcaster - Started PartyInfo polling round
2021-11-21 15:04:16.520 [pool-2-thread-1] INFO  c.q.t.p.p.PartyInfoBroadcaster - Finished PartyInfo polling round
2021-11-21 15:04:21.522 [pool-2-thread-1] INFO  c.q.t.p.p.PartyInfoBroadcaster - Started PartyInfo polling round
2021-11-21 15:04:21.526 [pool-2-thread-1] INFO  c.q.t.p.p.PartyInfoBroadcaster - Finished PartyInfo polling round
2021-11-21 15:04:26.527 [pool-2-thread-1] INFO  c.q.t.p.p.PartyInfoBroadcaster - Started PartyInfo polling round
2021-11-21 15:04:26.532 [pool-2-thread-1] INFO  c.q.t.p.p.PartyInfoBroadcaster - Finished PartyInfo polling round
2021-11-21 15:04:31.533 [pool-2-thread-1] INFO  c.q.t.p.p.PartyInfoBroadcaster - Started PartyInfo polling round
2021-11-21 15:04:31.535 [pool-2-thread-1] INFO  c.q.t.p.p.PartyInfoBroadcaster - Finished PartyInfo polling round
2021-11-21 15:04:36.535 [pool-2-thread-1] INFO  c.q.t.p.p.PartyInfoBroadcaster - Started PartyInfo polling round
2021-11-21 15:04:36.536 [pool-2-thread-1] INFO  c.q.t.p.p.PartyInfoBroadcaster - Finished PartyInfo polling round
2021-11-21 15:04:41.537 [pool-2-thread-1] INFO  c.q.t.p.p.PartyInfoBroadcaster - Started PartyInfo polling round
2021-11-21 15:04:41.538 [pool-2-thread-1] INFO  c.q.t.p.p.PartyInfoBroadcaster - Finished PartyInfo polling round
2021-11-21 15:04:46.539 [pool-2-thread-1] INFO  c.q.t.p.p.PartyInfoBroadcaster - Started PartyInfo polling round
2021-11-21 15:04:46.540 [pool-2-thread-1] INFO  c.q.t.p.p.PartyInfoBroadcaster - Finished PartyInfo polling round
2021-11-21 15:04:51.541 [pool-2-thread-1] INFO  c.q.t.p.p.PartyInfoBroadcaster - Started PartyInfo polling round
2021-11-21 15:04:51.542 [pool-2-thread-1] INFO  c.q.t.p.p.PartyInfoBroadcaster - Finished PartyInfo polling round
2021-11-21 15:04:56.543 [pool-2-thread-1] INFO  c.q.t.p.p.PartyInfoBroadcaster - Started PartyInfo polling round
2021-11-21 15:04:56.544 [pool-2-thread-1] INFO  c.q.t.p.p.PartyInfoBroadcaster - Finished PartyInfo polling round
2021-11-21 15:05:01.545 [pool-2-thread-1] INFO  c.q.t.p.p.PartyInfoBroadcaster - Started PartyInfo polling round
2021-11-21 15:05:01.546 [pool-2-thread-1] INFO  c.q.t.p.p.PartyInfoBroadcaster - Finished PartyInfo polling round
2021-11-21 15:05:06.546 [pool-2-thread-1] INFO  c.q.t.p.p.PartyInfoBroadcaster - Started PartyInfo polling round
2021-11-21 15:05:06.548 [pool-2-thread-1] INFO  c.q.t.p.p.PartyInfoBroadcaster - Finished PartyInfo polling round
2021-11-21 15:05:11.549 [pool-2-thread-1] INFO  c.q.t.p.p.PartyInfoBroadcaster - Started PartyInfo polling round
2021-11-21 15:05:11.550 [pool-2-thread-1] INFO  c.q.t.p.p.PartyInfoBroadcaster - Finished PartyInfo polling round
2021-11-21 15:05:16.551 [pool-2-thread-1] INFO  c.q.t.p.p.PartyInfoBroadcaster - Started PartyInfo polling round
2021-11-21 15:05:16.552 [pool-2-thread-1] INFO  c.q.t.p.p.PartyInfoBroadcaster - Finished PartyInfo polling round
2021-11-21 15:05:21.554 [pool-2-thread-1] INFO  c.q.t.p.p.PartyInfoBroadcaster - Started PartyInfo polling round
2021-11-21 15:05:21.555 [pool-2-thread-1] INFO  c.q.t.p.p.PartyInfoBroadcaster - Finished PartyInfo polling round
2021-11-21 15:05:26.556 [pool-2-thread-1] INFO  c.q.t.p.p.PartyInfoBroadcaster - Started PartyInfo polling round
2021-11-21 15:05:26.557 [pool-2-thread-1] INFO  c.q.t.p.p.PartyInfoBroadcaster - Finished PartyInfo polling round
2021-11-21 15:05:31.558 [pool-2-thread-1] INFO  c.q.t.p.p.PartyInfoBroadcaster - Started PartyInfo polling round
2021-11-21 15:05:31.559 [pool-2-thread-1] INFO  c.q.t.p.p.PartyInfoBroadcaster - Finished PartyInfo polling round
2021-11-21 15:05:36.560 [pool-2-thread-1] INFO  c.q.t.p.p.PartyInfoBroadcaster - Started PartyInfo polling round
2021-11-21 15:05:36.562 [pool-2-thread-1] INFO  c.q.t.p.p.PartyInfoBroadcaster - Finished PartyInfo polling round
2021-11-21 15:05:41.564 [pool-2-thread-1] INFO  c.q.t.p.p.PartyInfoBroadcaster - Started PartyInfo polling round
2021-11-21 15:05:41.565 [pool-2-thread-1] INFO  c.q.t.p.p.PartyInfoBroadcaster - Finished PartyInfo polling round
2021-11-21 15:05:46.566 [pool-2-thread-1] INFO  c.q.t.p.p.PartyInfoBroadcaster - Started PartyInfo polling round
2021-11-21 15:05:46.568 [pool-2-thread-1] INFO  c.q.t.p.p.PartyInfoBroadcaster - Finished PartyInfo polling round
2021-11-21 15:05:51.569 [pool-2-thread-1] INFO  c.q.t.p.p.PartyInfoBroadcaster - Started PartyInfo polling round
2021-11-21 15:05:51.570 [pool-2-thread-1] INFO  c.q.t.p.p.PartyInfoBroadcaster - Finished PartyInfo polling round
2021-11-21 15:05:56.571 [pool-2-thread-1] INFO  c.q.t.p.p.PartyInfoBroadcaster - Started PartyInfo polling round
2021-11-21 15:05:56.572 [pool-2-thread-1] INFO  c.q.t.p.p.PartyInfoBroadcaster - Finished PartyInfo polling round
2021-11-21 15:06:01.573 [pool-2-thread-1] INFO  c.q.t.p.p.PartyInfoBroadcaster - Started PartyInfo polling round
2021-11-21 15:06:01.574 [pool-2-thread-1] INFO  c.q.t.p.p.PartyInfoBroadcaster - Finished PartyInfo polling round
2021-11-21 15:06:06.575 [pool-2-thread-1] INFO  c.q.t.p.p.PartyInfoBroadcaster - Started PartyInfo polling round
2021-11-21 15:06:06.576 [pool-2-thread-1] INFO  c.q.t.p.p.PartyInfoBroadcaster - Finished PartyInfo polling round
2021-11-21 15:06:11.589 [pool-2-thread-1] INFO  c.q.t.p.p.PartyInfoBroadcaster - Started PartyInfo polling round
2021-11-21 15:06:11.603 [pool-2-thread-1] INFO  c.q.t.p.p.PartyInfoBroadcaster - Finished PartyInfo polling round
2021-11-21 15:06:16.603 [pool-2-thread-1] INFO  c.q.t.p.p.PartyInfoBroadcaster - Started PartyInfo polling round
2021-11-21 15:06:16.647 [pool-2-thread-1] INFO  c.q.t.p.p.PartyInfoBroadcaster - Finished PartyInfo polling round
2021-11-21 15:06:21.648 [pool-2-thread-1] INFO  c.q.t.p.p.PartyInfoBroadcaster - Started PartyInfo polling round
2021-11-21 15:06:21.650 [pool-2-thread-1] INFO  c.q.t.p.p.PartyInfoBroadcaster - Finished PartyInfo polling round
2021-11-21 15:06:26.651 [pool-2-thread-1] INFO  c.q.t.p.p.PartyInfoBroadcaster - Started PartyInfo polling round
2021-11-21 15:06:26.653 [pool-2-thread-1] INFO  c.q.t.p.p.PartyInfoBroadcaster - Finished PartyInfo polling round
2021-11-21 15:06:31.653 [pool-2-thread-1] INFO  c.q.t.p.p.PartyInfoBroadcaster - Started PartyInfo polling round
2021-11-21 15:06:31.654 [pool-2-thread-1] INFO  c.q.t.p.p.PartyInfoBroadcaster - Finished PartyInfo polling round
2021-11-21 15:06:36.655 [pool-2-thread-1] INFO  c.q.t.p.p.PartyInfoBroadcaster - Started PartyInfo polling round
2021-11-21 15:06:36.660 [pool-2-thread-1] INFO  c.q.t.p.p.PartyInfoBroadcaster - Finished PartyInfo polling round
2021-11-21 15:06:41.661 [pool-2-thread-1] INFO  c.q.t.p.p.PartyInfoBroadcaster - Started PartyInfo polling round
2021-11-21 15:06:41.663 [pool-2-thread-1] INFO  c.q.t.p.p.PartyInfoBroadcaster - Finished PartyInfo polling round
2021-11-21 15:06:46.666 [pool-2-thread-1] INFO  c.q.t.p.p.PartyInfoBroadcaster - Started PartyInfo polling round
2021-11-21 15:06:46.667 [pool-2-thread-1] INFO  c.q.t.p.p.PartyInfoBroadcaster - Finished PartyInfo polling round
2021-11-21 15:06:51.669 [pool-2-thread-1] INFO  c.q.t.p.p.PartyInfoBroadcaster - Started PartyInfo polling round
2021-11-21 15:06:51.673 [pool-2-thread-1] INFO  c.q.t.p.p.PartyInfoBroadcaster - Finished PartyInfo polling round
2021-11-21 15:06:56.673 [pool-2-thread-1] INFO  c.q.t.p.p.PartyInfoBroadcaster - Started PartyInfo polling round
2021-11-21 15:06:56.675 [pool-2-thread-1] INFO  c.q.t.p.p.PartyInfoBroadcaster - Finished PartyInfo polling round
2021-11-21 15:07:01.679 [pool-2-thread-1] INFO  c.q.t.p.p.PartyInfoBroadcaster - Started PartyInfo polling round
2021-11-21 15:07:01.685 [pool-2-thread-1] INFO  c.q.t.p.p.PartyInfoBroadcaster - Finished PartyInfo polling round
2021-11-21 15:07:06.686 [pool-2-thread-1] INFO  c.q.t.p.p.PartyInfoBroadcaster - Started PartyInfo polling round
2021-11-21 15:07:06.687 [pool-2-thread-1] INFO  c.q.t.p.p.PartyInfoBroadcaster - Finished PartyInfo polling round
2021-11-21 15:07:11.688 [pool-2-thread-1] INFO  c.q.t.p.p.PartyInfoBroadcaster - Started PartyInfo polling round
2021-11-21 15:07:11.690 [pool-2-thread-1] INFO  c.q.t.p.p.PartyInfoBroadcaster - Finished PartyInfo polling round
2021-11-21 15:07:16.691 [pool-2-thread-1] INFO  c.q.t.p.p.PartyInfoBroadcaster - Started PartyInfo polling round
2021-11-21 15:07:16.692 [pool-2-thread-1] INFO  c.q.t.p.p.PartyInfoBroadcaster - Finished PartyInfo polling round
2021-11-21 15:07:21.693 [pool-2-thread-1] INFO  c.q.t.p.p.PartyInfoBroadcaster - Started PartyInfo polling round
2021-11-21 15:07:21.694 [pool-2-thread-1] INFO  c.q.t.p.p.PartyInfoBroadcaster - Finished PartyInfo polling round
2021-11-21 15:07:26.694 [pool-2-thread-1] INFO  c.q.t.p.p.PartyInfoBroadcaster - Started PartyInfo polling round
2021-11-21 15:07:26.695 [pool-2-thread-1] INFO  c.q.t.p.p.PartyInfoBroadcaster - Finished PartyInfo polling round
2021-11-21 15:07:31.696 [pool-2-thread-1] INFO  c.q.t.p.p.PartyInfoBroadcaster - Started PartyInfo polling round
2021-11-21 15:07:31.698 [pool-2-thread-1] INFO  c.q.t.p.p.PartyInfoBroadcaster - Finished PartyInfo polling round
2021-11-21 15:07:36.698 [pool-2-thread-1] INFO  c.q.t.p.p.PartyInfoBroadcaster - Started PartyInfo polling round
2021-11-21 15:07:36.700 [pool-2-thread-1] INFO  c.q.t.p.p.PartyInfoBroadcaster - Finished PartyInfo polling round
2021-11-21 15:07:41.700 [pool-2-thread-1] INFO  c.q.t.p.p.PartyInfoBroadcaster - Started PartyInfo polling round
2021-11-21 15:07:41.705 [pool-2-thread-1] INFO  c.q.t.p.p.PartyInfoBroadcaster - Finished PartyInfo polling round
2021-11-21 15:07:46.705 [pool-2-thread-1] INFO  c.q.t.p.p.PartyInfoBroadcaster - Started PartyInfo polling round
2021-11-21 15:07:46.706 [pool-2-thread-1] INFO  c.q.t.p.p.PartyInfoBroadcaster - Finished PartyInfo polling round
2021-11-21 15:07:51.707 [pool-2-thread-1] INFO  c.q.t.p.p.PartyInfoBroadcaster - Started PartyInfo polling round
2021-11-21 15:07:51.708 [pool-2-thread-1] INFO  c.q.t.p.p.PartyInfoBroadcaster - Finished PartyInfo polling round
2021-11-21 15:07:56.708 [pool-2-thread-1] INFO  c.q.t.p.p.PartyInfoBroadcaster - Started PartyInfo polling round
2021-11-21 15:07:56.710 [pool-2-thread-1] INFO  c.q.t.p.p.PartyInfoBroadcaster - Finished PartyInfo polling round
2021-11-21 15:08:01.711 [pool-2-thread-1] INFO  c.q.t.p.p.PartyInfoBroadcaster - Started PartyInfo polling round
2021-11-21 15:08:01.712 [pool-2-thread-1] INFO  c.q.t.p.p.PartyInfoBroadcaster - Finished PartyInfo polling round
2021-11-21 15:08:06.713 [pool-2-thread-1] INFO  c.q.t.p.p.PartyInfoBroadcaster - Started PartyInfo polling round
2021-11-21 15:08:06.714 [pool-2-thread-1] INFO  c.q.t.p.p.PartyInfoBroadcaster - Finished PartyInfo polling round
2021-11-21 15:08:11.715 [pool-2-thread-1] INFO  c.q.t.p.p.PartyInfoBroadcaster - Started PartyInfo polling round
2021-11-21 15:08:11.716 [pool-2-thread-1] INFO  c.q.t.p.p.PartyInfoBroadcaster - Finished PartyInfo polling round
2021-11-21 15:08:16.716 [pool-2-thread-1] INFO  c.q.t.p.p.PartyInfoBroadcaster - Started PartyInfo polling round
2021-11-21 15:08:16.717 [pool-2-thread-1] INFO  c.q.t.p.p.PartyInfoBroadcaster - Finished PartyInfo polling round
2021-11-21 15:08:21.718 [pool-2-thread-1] INFO  c.q.t.p.p.PartyInfoBroadcaster - Started PartyInfo polling round
2021-11-21 15:08:21.723 [pool-2-thread-1] INFO  c.q.t.p.p.PartyInfoBroadcaster - Finished PartyInfo polling round
2021-11-21 15:08:26.723 [pool-2-thread-1] INFO  c.q.t.p.p.PartyInfoBroadcaster - Started PartyInfo polling round
2021-11-21 15:08:26.725 [pool-2-thread-1] INFO  c.q.t.p.p.PartyInfoBroadcaster - Finished PartyInfo polling round
2021-11-21 15:08:31.725 [pool-2-thread-1] INFO  c.q.t.p.p.PartyInfoBroadcaster - Started PartyInfo polling round
2021-11-21 15:08:31.727 [pool-2-thread-1] INFO  c.q.t.p.p.PartyInfoBroadcaster - Finished PartyInfo polling round
2021-11-21 15:08:36.730 [pool-2-thread-1] INFO  c.q.t.p.p.PartyInfoBroadcaster - Started PartyInfo polling round
2021-11-21 15:08:36.733 [pool-2-thread-1] INFO  c.q.t.p.p.PartyInfoBroadcaster - Finished PartyInfo polling round
2021-11-21 15:08:41.734 [pool-2-thread-1] INFO  c.q.t.p.p.PartyInfoBroadcaster - Started PartyInfo polling round
2021-11-21 15:08:41.736 [pool-2-thread-1] INFO  c.q.t.p.p.PartyInfoBroadcaster - Finished PartyInfo polling round
2021-11-21 15:08:46.738 [pool-2-thread-1] INFO  c.q.t.p.p.PartyInfoBroadcaster - Started PartyInfo polling round
2021-11-21 15:08:46.739 [pool-2-thread-1] INFO  c.q.t.p.p.PartyInfoBroadcaster - Finished PartyInfo polling round
2021-11-21 15:08:51.739 [pool-2-thread-1] INFO  c.q.t.p.p.PartyInfoBroadcaster - Started PartyInfo polling round
2021-11-21 15:08:51.741 [pool-2-thread-1] INFO  c.q.t.p.p.PartyInfoBroadcaster - Finished PartyInfo polling round
2021-11-21 15:08:56.741 [pool-2-thread-1] INFO  c.q.t.p.p.PartyInfoBroadcaster - Started PartyInfo polling round
2021-11-21 15:08:56.743 [pool-2-thread-1] INFO  c.q.t.p.p.PartyInfoBroadcaster - Finished PartyInfo polling round
2021-11-21 15:09:01.748 [pool-2-thread-1] INFO  c.q.t.p.p.PartyInfoBroadcaster - Started PartyInfo polling round
2021-11-21 15:09:01.751 [pool-2-thread-1] INFO  c.q.t.p.p.PartyInfoBroadcaster - Finished PartyInfo polling round
2021-11-21 15:09:06.754 [pool-2-thread-1] INFO  c.q.t.p.p.PartyInfoBroadcaster - Started PartyInfo polling round
2021-11-21 15:09:06.755 [pool-2-thread-1] INFO  c.q.t.p.p.PartyInfoBroadcaster - Finished PartyInfo polling round
2021-11-21 15:09:11.758 [pool-2-thread-1] INFO  c.q.t.p.p.PartyInfoBroadcaster - Started PartyInfo polling round
2021-11-21 15:09:11.762 [pool-2-thread-1] INFO  c.q.t.p.p.PartyInfoBroadcaster - Finished PartyInfo polling round
2021-11-21 15:09:16.762 [pool-2-thread-1] INFO  c.q.t.p.p.PartyInfoBroadcaster - Started PartyInfo polling round
2021-11-21 15:09:16.763 [pool-2-thread-1] INFO  c.q.t.p.p.PartyInfoBroadcaster - Finished PartyInfo polling round
2021-11-21 15:09:21.765 [pool-2-thread-1] INFO  c.q.t.p.p.PartyInfoBroadcaster - Started PartyInfo polling round
2021-11-21 15:09:21.767 [pool-2-thread-1] INFO  c.q.t.p.p.PartyInfoBroadcaster - Finished PartyInfo polling round
2021-11-21 15:09:26.768 [pool-2-thread-1] INFO  c.q.t.p.p.PartyInfoBroadcaster - Started PartyInfo polling round
2021-11-21 15:09:26.769 [pool-2-thread-1] INFO  c.q.t.p.p.PartyInfoBroadcaster - Finished PartyInfo polling round
2021-11-21 15:09:31.770 [pool-2-thread-1] INFO  c.q.t.p.p.PartyInfoBroadcaster - Started PartyInfo polling round
2021-11-21 15:09:31.771 [pool-2-thread-1] INFO  c.q.t.p.p.PartyInfoBroadcaster - Finished PartyInfo polling round
2021-11-21 15:09:36.772 [pool-2-thread-1] INFO  c.q.t.p.p.PartyInfoBroadcaster - Started PartyInfo polling round
2021-11-21 15:09:36.775 [pool-2-thread-1] INFO  c.q.t.p.p.PartyInfoBroadcaster - Finished PartyInfo polling round
2021-11-21 15:09:41.777 [pool-2-thread-1] INFO  c.q.t.p.p.PartyInfoBroadcaster - Started PartyInfo polling round
2021-11-21 15:09:41.778 [pool-2-thread-1] INFO  c.q.t.p.p.PartyInfoBroadcaster - Finished PartyInfo polling round
2021-11-21 15:09:46.778 [pool-2-thread-1] INFO  c.q.t.p.p.PartyInfoBroadcaster - Started PartyInfo polling round
2021-11-21 15:09:46.780 [pool-2-thread-1] INFO  c.q.t.p.p.PartyInfoBroadcaster - Finished PartyInfo polling round
2021-11-21 15:09:51.780 [pool-2-thread-1] INFO  c.q.t.p.p.PartyInfoBroadcaster - Started PartyInfo polling round
2021-11-21 15:09:51.781 [pool-2-thread-1] INFO  c.q.t.p.p.PartyInfoBroadcaster - Finished PartyInfo polling round
2021-11-21 15:09:56.782 [pool-2-thread-1] INFO  c.q.t.p.p.PartyInfoBroadcaster - Started PartyInfo polling round
2021-11-21 15:09:56.783 [pool-2-thread-1] INFO  c.q.t.p.p.PartyInfoBroadcaster - Finished PartyInfo polling round
2021-11-21 15:10:01.783 [pool-2-thread-1] INFO  c.q.t.p.p.PartyInfoBroadcaster - Started PartyInfo polling round
2021-11-21 15:10:01.784 [pool-2-thread-1] INFO  c.q.t.p.p.PartyInfoBroadcaster - Finished PartyInfo polling round
2021-11-21 15:10:06.785 [pool-2-thread-1] INFO  c.q.t.p.p.PartyInfoBroadcaster - Started PartyInfo polling round
2021-11-21 15:10:06.786 [pool-2-thread-1] INFO  c.q.t.p.p.PartyInfoBroadcaster - Finished PartyInfo polling round
2021-11-21 15:10:11.786 [pool-2-thread-1] INFO  c.q.t.p.p.PartyInfoBroadcaster - Started PartyInfo polling round
2021-11-21 15:10:11.787 [pool-2-thread-1] INFO  c.q.t.p.p.PartyInfoBroadcaster - Finished PartyInfo polling round
2021-11-21 15:10:16.788 [pool-2-thread-1] INFO  c.q.t.p.p.PartyInfoBroadcaster - Started PartyInfo polling round
2021-11-21 15:10:16.789 [pool-2-thread-1] INFO  c.q.t.p.p.PartyInfoBroadcaster - Finished PartyInfo polling round
2021-11-21 15:10:21.791 [pool-2-thread-1] INFO  c.q.t.p.p.PartyInfoBroadcaster - Started PartyInfo polling round
2021-11-21 15:10:21.793 [pool-2-thread-1] INFO  c.q.t.p.p.PartyInfoBroadcaster - Finished PartyInfo polling round
2021-11-21 15:10:26.793 [pool-2-thread-1] INFO  c.q.t.p.p.PartyInfoBroadcaster - Started PartyInfo polling round
2021-11-21 15:10:26.796 [pool-2-thread-1] INFO  c.q.t.p.p.PartyInfoBroadcaster - Finished PartyInfo polling round
2021-11-21 15:10:31.799 [pool-2-thread-1] INFO  c.q.t.p.p.PartyInfoBroadcaster - Started PartyInfo polling round
2021-11-21 15:10:31.803 [pool-2-thread-1] INFO  c.q.t.p.p.PartyInfoBroadcaster - Finished PartyInfo polling round
2021-11-21 15:10:36.804 [pool-2-thread-1] INFO  c.q.t.p.p.PartyInfoBroadcaster - Started PartyInfo polling round
2021-11-21 15:10:36.806 [pool-2-thread-1] INFO  c.q.t.p.p.PartyInfoBroadcaster - Finished PartyInfo polling round
2021-11-21 15:10:41.806 [pool-2-thread-1] INFO  c.q.t.p.p.PartyInfoBroadcaster - Started PartyInfo polling round
2021-11-21 15:10:41.808 [pool-2-thread-1] INFO  c.q.t.p.p.PartyInfoBroadcaster - Finished PartyInfo polling round
2021-11-21 15:10:46.808 [pool-2-thread-1] INFO  c.q.t.p.p.PartyInfoBroadcaster - Started PartyInfo polling round
2021-11-21 15:10:46.809 [pool-2-thread-1] INFO  c.q.t.p.p.PartyInfoBroadcaster - Finished PartyInfo polling round
2021-11-21 15:10:51.810 [pool-2-thread-1] INFO  c.q.t.p.p.PartyInfoBroadcaster - Started PartyInfo polling round
2021-11-21 15:10:51.811 [pool-2-thread-1] INFO  c.q.t.p.p.PartyInfoBroadcaster - Finished PartyInfo polling round
2021-11-21 15:10:56.814 [pool-2-thread-1] INFO  c.q.t.p.p.PartyInfoBroadcaster - Started PartyInfo polling round
2021-11-21 15:10:56.815 [pool-2-thread-1] INFO  c.q.t.p.p.PartyInfoBroadcaster - Finished PartyInfo polling round
2021-11-21 15:11:01.815 [pool-2-thread-1] INFO  c.q.t.p.p.PartyInfoBroadcaster - Started PartyInfo polling round
2021-11-21 15:11:01.816 [pool-2-thread-1] INFO  c.q.t.p.p.PartyInfoBroadcaster - Finished PartyInfo polling round
2021-11-21 15:11:06.817 [pool-2-thread-1] INFO  c.q.t.p.p.PartyInfoBroadcaster - Started PartyInfo polling round
2021-11-21 15:11:06.819 [pool-2-thread-1] INFO  c.q.t.p.p.PartyInfoBroadcaster - Finished PartyInfo polling round
2021-11-21 15:11:11.819 [pool-2-thread-1] INFO  c.q.t.p.p.PartyInfoBroadcaster - Started PartyInfo polling round
2021-11-21 15:11:11.820 [pool-2-thread-1] INFO  c.q.t.p.p.PartyInfoBroadcaster - Finished PartyInfo polling round
2021-11-21 15:11:16.821 [pool-2-thread-1] INFO  c.q.t.p.p.PartyInfoBroadcaster - Started PartyInfo polling round
2021-11-21 15:11:16.823 [pool-2-thread-1] INFO  c.q.t.p.p.PartyInfoBroadcaster - Finished PartyInfo polling round
2021-11-21 15:11:21.824 [pool-2-thread-1] INFO  c.q.t.p.p.PartyInfoBroadcaster - Started PartyInfo polling round
2021-11-21 15:11:21.827 [pool-2-thread-1] INFO  c.q.t.p.p.PartyInfoBroadcaster - Finished PartyInfo polling round
2021-11-21 15:11:26.828 [pool-2-thread-1] INFO  c.q.t.p.p.PartyInfoBroadcaster - Started PartyInfo polling round
2021-11-21 15:11:26.830 [pool-2-thread-1] INFO  c.q.t.p.p.PartyInfoBroadcaster - Finished PartyInfo polling round
2021-11-21 15:11:31.830 [pool-2-thread-1] INFO  c.q.t.p.p.PartyInfoBroadcaster - Started PartyInfo polling round
2021-11-21 15:11:31.833 [pool-2-thread-1] INFO  c.q.t.p.p.PartyInfoBroadcaster - Finished PartyInfo polling round
2021-11-21 15:11:36.834 [pool-2-thread-1] INFO  c.q.t.p.p.PartyInfoBroadcaster - Started PartyInfo polling round
2021-11-21 15:11:36.835 [pool-2-thread-1] INFO  c.q.t.p.p.PartyInfoBroadcaster - Finished PartyInfo polling round
2021-11-21 15:11:41.835 [pool-2-thread-1] INFO  c.q.t.p.p.PartyInfoBroadcaster - Started PartyInfo polling round
2021-11-21 15:11:41.837 [pool-2-thread-1] INFO  c.q.t.p.p.PartyInfoBroadcaster - Finished PartyInfo polling round
2021-11-21 15:11:46.385 [Thread-1] INFO  c.quorum.tessera.server.JerseyServer - Stopping Jersey server at http://127.0.0.1:9084
2021-11-21 15:11:46.420 [Thread-1] INFO  o.e.jetty.server.AbstractConnector - Stopped ServerConnector@4d065e1a{HTTP/1.1, (http/1.1)}{0.0.0.0:9084}
2021-11-21 15:11:46.442 [Thread-1] INFO  o.e.j.server.handler.ContextHandler - Stopped o.e.j.s.ServletContextHandler@333a2df2{/,null,STOPPED}
2021-11-21 15:11:46.444 [Thread-1] INFO  c.quorum.tessera.server.JerseyServer - Stopped Jersey server at http://127.0.0.1:9084
2021-11-21 15:11:46.444 [Thread-1] INFO  c.quorum.tessera.server.JerseyServer - Stopping Jersey server at unix:/home/swcyb/Ticket4U/network/Ticket4U-net/qdata/c4/tm.ipc
2021-11-21 15:11:46.446 [Thread-1] INFO  o.e.jetty.server.AbstractConnector - Stopped UnixSocketConnector@239d9cb7{HTTP/1.1, (http/1.1)}{/home/swcyb/Ticket4U/network/Ticket4U-net/qdata/c4/tm.ipc}
2021-11-21 15:11:46.496 [Thread-1] INFO  o.e.j.server.handler.ContextHandler - Stopped o.e.j.s.ServletContextHandler@73ff7a54{/,null,STOPPED}
2021-11-21 15:11:46.501 [Thread-1] INFO  c.quorum.tessera.server.JerseyServer - Stopped Jersey server at unix:/home/swcyb/Ticket4U/network/Ticket4U-net/qdata/c4/tm.ipc
2021-11-21 15:11:46.501 [Thread-1] INFO  c.quorum.tessera.server.JerseyServer - Stopping Jersey server at http://127.0.0.1:9004
2021-11-21 15:11:46.504 [Thread-1] INFO  o.e.jetty.server.AbstractConnector - Stopped ServerConnector@152d2a58{HTTP/1.1, (http/1.1)}{0.0.0.0:9004}
2021-11-21 15:11:46.511 [Thread-1] INFO  o.e.j.server.handler.ContextHandler - Stopped o.e.j.s.ServletContextHandler@3891b430{/,null,STOPPED}
2021-11-21 15:11:46.516 [Thread-1] INFO  c.quorum.tessera.server.JerseyServer - Stopped Jersey server at http://127.0.0.1:9004
