2021-11-21 15:01:37.842 [main] INFO  c.q.tessera.enclave.EnclaveFactory - Creating enclave
2021-11-21 15:01:37.848 [main] INFO  c.q.tessera.enclave.EnclaveFactory - Creating enclave server
2021-11-21 15:01:40.385 [main] INFO  c.q.t.t.TesseraScheduledExecutor - Starting PartyInfoBroadcaster
2021-11-21 15:01:40.396 [main] INFO  c.q.t.t.TesseraScheduledExecutor - Started PartyInfoBroadcaster
2021-11-21 15:01:40.400 [main] INFO  c.q.t.t.TesseraScheduledExecutor - Starting EnclaveKeySynchroniserFactory
2021-11-21 15:01:40.408 [main] INFO  c.q.t.t.TesseraScheduledExecutor - Started EnclaveKeySynchroniserFactory
2021-11-21 15:01:40.517 [main] INFO  c.q.t.config.apps.TesseraAppFactory - Loaded app com.quorum.tessera.p2p.P2PRestApp@21a46ff1
2021-11-21 15:01:40.530 [main] INFO  c.q.t.config.apps.TesseraAppFactory - Loaded app com.quorum.tessera.q2t.Q2TRestApp@27a6fef2
2021-11-21 15:01:40.604 [main] WARN  c.q.t.c.util.EncryptedStringResolver - Some sensitive values are being given as unencrypted plain text in config. Please note this is NOT recommended for production environment.
2021-11-21 15:01:40.608 [main] INFO  com.zaxxer.hikari.HikariDataSource - HikariPool-1 - Starting...
2021-11-21 15:01:41.237 [main] INFO  com.zaxxer.hikari.HikariDataSource - HikariPool-1 - Start completed.
2021-11-21 15:01:41.586 [main] ERROR eclipselink.logging.metadata - java.lang.IllegalArgumentException: Unsupported class file major version 61
2021-11-21 15:01:41.594 [main] ERROR eclipselink.logging.metadata - java.lang.ArrayIndexOutOfBoundsException: Index 8 out of bounds for length 0
2021-11-21 15:01:41.648 [main] ERROR eclipselink.logging.metadata - java.lang.IllegalArgumentException: Unsupported class file major version 61
2021-11-21 15:01:41.649 [main] ERROR eclipselink.logging.metadata - java.lang.ArrayIndexOutOfBoundsException: Index 8 out of bounds for length 0
2021-11-21 15:01:42.012 [main] INFO  eclipselink.logging.all - EclipseLink, version: Eclipse Persistence Services - 2.7.7.v20200504-69f2c2b80d
2021-11-21 15:01:42.358 [main] WARN  eclipselink.logging.ddl - Removing UNIQUE constraint definition from [ENCRYPTED_TRANSACTION.HASH] because it is also a primary key.
2021-11-21 15:01:42.390 [main] WARN  eclipselink.logging.ddl - Removing UNIQUE constraint definition from [ENCRYPTED_RAW_TRANSACTION.HASH] because it is also a primary key.
2021-11-21 15:01:42.445 [main] ERROR eclipselink.logging.metadata - java.lang.IllegalArgumentException: Unsupported class file major version 61
2021-11-21 15:01:42.445 [main] ERROR eclipselink.logging.metadata - java.lang.ArrayIndexOutOfBoundsException: Index 8 out of bounds for length 0
2021-11-21 15:01:42.465 [main] ERROR eclipselink.logging.metadata - java.lang.IllegalArgumentException: Unsupported class file major version 61
2021-11-21 15:01:42.465 [main] ERROR eclipselink.logging.metadata - java.lang.ArrayIndexOutOfBoundsException: Index 8 out of bounds for length 0
2021-11-21 15:01:42.466 [main] ERROR eclipselink.logging.metadata - java.lang.IllegalArgumentException: Unsupported class file major version 61
2021-11-21 15:01:42.466 [main] ERROR eclipselink.logging.metadata - java.lang.ArrayIndexOutOfBoundsException: Index 8 out of bounds for length 0
2021-11-21 15:01:42.467 [main] ERROR eclipselink.logging.metadata - java.lang.IllegalArgumentException: Unsupported class file major version 61
2021-11-21 15:01:42.468 [main] ERROR eclipselink.logging.metadata - java.lang.ArrayIndexOutOfBoundsException: Index 8 out of bounds for length 0
2021-11-21 15:01:42.479 [main] ERROR eclipselink.logging.metadata - java.lang.IllegalArgumentException: Unsupported class file major version 61
2021-11-21 15:01:42.479 [main] ERROR eclipselink.logging.metadata - java.lang.ArrayIndexOutOfBoundsException: Index 8 out of bounds for length 0
2021-11-21 15:01:42.480 [main] ERROR eclipselink.logging.metadata - java.lang.IllegalArgumentException: Unsupported class file major version 61
2021-11-21 15:01:42.480 [main] ERROR eclipselink.logging.metadata - java.lang.ArrayIndexOutOfBoundsException: Index 8 out of bounds for length 0
2021-11-21 15:01:42.481 [main] ERROR eclipselink.logging.metadata - java.lang.IllegalArgumentException: Unsupported class file major version 61
2021-11-21 15:01:42.482 [main] ERROR eclipselink.logging.metadata - java.lang.ArrayIndexOutOfBoundsException: Index 8 out of bounds for length 0
2021-11-21 15:01:42.484 [main] ERROR eclipselink.logging.metadata - java.lang.IllegalArgumentException: Unsupported class file major version 61
2021-11-21 15:01:42.484 [main] ERROR eclipselink.logging.metadata - java.lang.ArrayIndexOutOfBoundsException: Index 8 out of bounds for length 0
2021-11-21 15:01:42.485 [main] ERROR eclipselink.logging.metadata - java.lang.IllegalArgumentException: Unsupported class file major version 61
2021-11-21 15:01:42.487 [main] ERROR eclipselink.logging.metadata - java.lang.ArrayIndexOutOfBoundsException: Index 8 out of bounds for length 0
2021-11-21 15:01:42.497 [main] ERROR eclipselink.logging.metadata - java.lang.IllegalArgumentException: Unsupported class file major version 61
2021-11-21 15:01:42.498 [main] ERROR eclipselink.logging.metadata - java.lang.ArrayIndexOutOfBoundsException: Index 8 out of bounds for length 0
2021-11-21 15:01:42.498 [main] ERROR eclipselink.logging.metadata - java.lang.IllegalArgumentException: Unsupported class file major version 61
2021-11-21 15:01:42.498 [main] ERROR eclipselink.logging.metadata - java.lang.ArrayIndexOutOfBoundsException: Index 8 out of bounds for length 0
2021-11-21 15:01:42.569 [main] INFO  eclipselink.logging.all - EclipseLink, version: Eclipse Persistence Services - 2.7.7.v20200504-69f2c2b80d
2021-11-21 15:01:42.644 [main] WARN  eclipselink.logging.all - Exception [EclipseLink-4002] (Eclipse Persistence Services - 2.7.7.v20200504-69f2c2b80d): org.eclipse.persistence.exceptions.DatabaseExceptionInternal Exception: org.h2.jdbc.JdbcSQLSyntaxErrorException: Table "ST_AFFECTED_TRANSACTION" not found; SQL statement:ALTER TABLE ST_AFFECTED_TRANSACTION DROP CONSTRAINT FK_ST_AFFECTED_TRANSACTION_TXN_ID [42102-200]Error Code: 42102Call: ALTER TABLE ST_AFFECTED_TRANSACTION DROP CONSTRAINT FK_ST_AFFECTED_TRANSACTION_TXN_IDQuery: DataModifyQuery(sql="ALTER TABLE ST_AFFECTED_TRANSACTION DROP CONSTRAINT FK_ST_AFFECTED_TRANSACTION_TXN_ID")
2021-11-21 15:01:42.684 [main] WARN  eclipselink.logging.all - Exception [EclipseLink-4002] (Eclipse Persistence Services - 2.7.7.v20200504-69f2c2b80d): org.eclipse.persistence.exceptions.DatabaseExceptionInternal Exception: org.h2.jdbc.JdbcSQLSyntaxErrorException: Index "ST_TRANSACTION_VALSTG" not found; SQL statement:DROP INDEX ST_TRANSACTION_VALSTG [42112-200]Error Code: 42112Call: DROP INDEX ST_TRANSACTION_VALSTGQuery: DataModifyQuery(sql="DROP INDEX ST_TRANSACTION_VALSTG")
2021-11-21 15:01:42.696 [main] WARN  eclipselink.logging.all - Exception [EclipseLink-4002] (Eclipse Persistence Services - 2.7.7.v20200504-69f2c2b80d): org.eclipse.persistence.exceptions.DatabaseExceptionInternal Exception: org.h2.jdbc.JdbcSQLSyntaxErrorException: Index "ST_TRANSACTION_HASH" not found; SQL statement:DROP INDEX ST_TRANSACTION_HASH [42112-200]Error Code: 42112Call: DROP INDEX ST_TRANSACTION_HASHQuery: DataModifyQuery(sql="DROP INDEX ST_TRANSACTION_HASH")
2021-11-21 15:01:42.721 [main] WARN  eclipselink.logging.all - Exception [EclipseLink-4002] (Eclipse Persistence Services - 2.7.7.v20200504-69f2c2b80d): org.eclipse.persistence.exceptions.DatabaseExceptionInternal Exception: org.h2.jdbc.JdbcSQLSyntaxErrorException: Table "ST_TRANSACTION" not found; SQL statement:DROP TABLE ST_TRANSACTION [42102-200]Error Code: 42102Call: DROP TABLE ST_TRANSACTIONQuery: DataModifyQuery(sql="DROP TABLE ST_TRANSACTION")
2021-11-21 15:01:42.741 [main] WARN  eclipselink.logging.all - Exception [EclipseLink-4002] (Eclipse Persistence Services - 2.7.7.v20200504-69f2c2b80d): org.eclipse.persistence.exceptions.DatabaseExceptionInternal Exception: org.h2.jdbc.JdbcSQLSyntaxErrorException: Table "ST_AFFECTED_TRANSACTION" not found; SQL statement:DROP TABLE ST_AFFECTED_TRANSACTION [42102-200]Error Code: 42102Call: DROP TABLE ST_AFFECTED_TRANSACTIONQuery: DataModifyQuery(sql="DROP TABLE ST_AFFECTED_TRANSACTION")
2021-11-21 15:01:42.755 [main] WARN  eclipselink.logging.all - Exception [EclipseLink-4002] (Eclipse Persistence Services - 2.7.7.v20200504-69f2c2b80d): org.eclipse.persistence.exceptions.DatabaseExceptionInternal Exception: org.h2.jdbc.JdbcSQLSyntaxErrorException: Index "ST_TRANSACTION_VALSTG" not found; SQL statement:DROP INDEX ST_TRANSACTION_VALSTG [42112-200]Error Code: 42112Call: DROP INDEX ST_TRANSACTION_VALSTGQuery: DataModifyQuery(sql="DROP INDEX ST_TRANSACTION_VALSTG")
2021-11-21 15:01:42.776 [main] WARN  eclipselink.logging.all - Exception [EclipseLink-4002] (Eclipse Persistence Services - 2.7.7.v20200504-69f2c2b80d): org.eclipse.persistence.exceptions.DatabaseExceptionInternal Exception: org.h2.jdbc.JdbcSQLSyntaxErrorException: Index "ST_TRANSACTION_HASH" not found; SQL statement:DROP INDEX ST_TRANSACTION_HASH [42112-200]Error Code: 42112Call: DROP INDEX ST_TRANSACTION_HASHQuery: DataModifyQuery(sql="DROP INDEX ST_TRANSACTION_HASH")
2021-11-21 15:01:42.777 [main] WARN  eclipselink.logging.all - Exception [EclipseLink-4002] (Eclipse Persistence Services - 2.7.7.v20200504-69f2c2b80d): org.eclipse.persistence.exceptions.DatabaseExceptionInternal Exception: org.h2.jdbc.JdbcSQLSyntaxErrorException: Table "ST_TRANSACTION" not found; SQL statement:DROP TABLE ST_TRANSACTION [42102-200]Error Code: 42102Call: DROP TABLE ST_TRANSACTIONQuery: DataModifyQuery(sql="DROP TABLE ST_TRANSACTION")
2021-11-21 15:01:42.778 [main] WARN  eclipselink.logging.all - Exception [EclipseLink-4002] (Eclipse Persistence Services - 2.7.7.v20200504-69f2c2b80d): org.eclipse.persistence.exceptions.DatabaseExceptionInternal Exception: org.h2.jdbc.JdbcSQLSyntaxErrorException: Table "ST_AFFECTED_TRANSACTION" not found; SQL statement:DROP TABLE ST_AFFECTED_TRANSACTION [42102-200]Error Code: 42102Call: DROP TABLE ST_AFFECTED_TRANSACTIONQuery: DataModifyQuery(sql="DROP TABLE ST_AFFECTED_TRANSACTION")
2021-11-21 15:01:42.781 [main] WARN  eclipselink.logging.all - Exception [EclipseLink-4002] (Eclipse Persistence Services - 2.7.7.v20200504-69f2c2b80d): org.eclipse.persistence.exceptions.DatabaseExceptionInternal Exception: org.h2.jdbc.JdbcSQLSyntaxErrorException: Index "ST_TRANSACTION_VALSTG" not found; SQL statement:DROP INDEX ST_TRANSACTION_VALSTG [42112-200]Error Code: 42112Call: DROP INDEX ST_TRANSACTION_VALSTGQuery: DataModifyQuery(sql="DROP INDEX ST_TRANSACTION_VALSTG")
2021-11-21 15:01:42.811 [main] WARN  eclipselink.logging.all - Exception [EclipseLink-4002] (Eclipse Persistence Services - 2.7.7.v20200504-69f2c2b80d): org.eclipse.persistence.exceptions.DatabaseExceptionInternal Exception: org.h2.jdbc.JdbcSQLSyntaxErrorException: Index "ST_TRANSACTION_HASH" not found; SQL statement:DROP INDEX ST_TRANSACTION_HASH [42112-200]Error Code: 42112Call: DROP INDEX ST_TRANSACTION_HASHQuery: DataModifyQuery(sql="DROP INDEX ST_TRANSACTION_HASH")
2021-11-21 15:01:42.843 [main] WARN  eclipselink.logging.all - Exception [EclipseLink-4002] (Eclipse Persistence Services - 2.7.7.v20200504-69f2c2b80d): org.eclipse.persistence.exceptions.DatabaseExceptionInternal Exception: org.h2.jdbc.JdbcSQLSyntaxErrorException: Table "ST_TRANSACTION" not found; SQL statement:DROP TABLE ST_TRANSACTION [42102-200]Error Code: 42102Call: DROP TABLE ST_TRANSACTIONQuery: DataModifyQuery(sql="DROP TABLE ST_TRANSACTION")
2021-11-21 15:01:42.844 [main] WARN  eclipselink.logging.all - Exception [EclipseLink-4002] (Eclipse Persistence Services - 2.7.7.v20200504-69f2c2b80d): org.eclipse.persistence.exceptions.DatabaseExceptionInternal Exception: org.h2.jdbc.JdbcSQLSyntaxErrorException: Table "ST_AFFECTED_TRANSACTION" not found; SQL statement:DROP TABLE ST_AFFECTED_TRANSACTION [42102-200]Error Code: 42102Call: DROP TABLE ST_AFFECTED_TRANSACTIONQuery: DataModifyQuery(sql="DROP TABLE ST_AFFECTED_TRANSACTION")
2021-11-21 15:01:42.846 [main] WARN  eclipselink.logging.all - Exception [EclipseLink-4002] (Eclipse Persistence Services - 2.7.7.v20200504-69f2c2b80d): org.eclipse.persistence.exceptions.DatabaseExceptionInternal Exception: org.h2.jdbc.JdbcSQLSyntaxErrorException: Index "ST_TRANSACTION_VALSTG" not found; SQL statement:DROP INDEX ST_TRANSACTION_VALSTG [42112-200]Error Code: 42112Call: DROP INDEX ST_TRANSACTION_VALSTGQuery: DataModifyQuery(sql="DROP INDEX ST_TRANSACTION_VALSTG")
2021-11-21 15:01:42.859 [main] WARN  eclipselink.logging.all - Exception [EclipseLink-4002] (Eclipse Persistence Services - 2.7.7.v20200504-69f2c2b80d): org.eclipse.persistence.exceptions.DatabaseExceptionInternal Exception: org.h2.jdbc.JdbcSQLSyntaxErrorException: Index "ST_TRANSACTION_HASH" not found; SQL statement:DROP INDEX ST_TRANSACTION_HASH [42112-200]Error Code: 42112Call: DROP INDEX ST_TRANSACTION_HASHQuery: DataModifyQuery(sql="DROP INDEX ST_TRANSACTION_HASH")
2021-11-21 15:01:42.860 [main] WARN  eclipselink.logging.all - Exception [EclipseLink-4002] (Eclipse Persistence Services - 2.7.7.v20200504-69f2c2b80d): org.eclipse.persistence.exceptions.DatabaseExceptionInternal Exception: org.h2.jdbc.JdbcSQLSyntaxErrorException: Table "ST_TRANSACTION" not found; SQL statement:DROP TABLE ST_TRANSACTION [42102-200]Error Code: 42102Call: DROP TABLE ST_TRANSACTIONQuery: DataModifyQuery(sql="DROP TABLE ST_TRANSACTION")
2021-11-21 15:01:42.861 [main] WARN  eclipselink.logging.all - Exception [EclipseLink-4002] (Eclipse Persistence Services - 2.7.7.v20200504-69f2c2b80d): org.eclipse.persistence.exceptions.DatabaseExceptionInternal Exception: org.h2.jdbc.JdbcSQLSyntaxErrorException: Table "ST_AFFECTED_TRANSACTION" not found; SQL statement:DROP TABLE ST_AFFECTED_TRANSACTION [42102-200]Error Code: 42102Call: DROP TABLE ST_AFFECTED_TRANSACTIONQuery: DataModifyQuery(sql="DROP TABLE ST_AFFECTED_TRANSACTION")
2021-11-21 15:01:42.873 [main] WARN  eclipselink.logging.all - Exception [EclipseLink-4002] (Eclipse Persistence Services - 2.7.7.v20200504-69f2c2b80d): org.eclipse.persistence.exceptions.DatabaseExceptionInternal Exception: org.h2.jdbc.JdbcSQLSyntaxErrorException: Index "ST_TRANSACTION_VALSTG" not found; SQL statement:DROP INDEX ST_TRANSACTION_VALSTG [42112-200]Error Code: 42112Call: DROP INDEX ST_TRANSACTION_VALSTGQuery: DataModifyQuery(sql="DROP INDEX ST_TRANSACTION_VALSTG")
2021-11-21 15:01:42.875 [main] WARN  eclipselink.logging.all - Exception [EclipseLink-4002] (Eclipse Persistence Services - 2.7.7.v20200504-69f2c2b80d): org.eclipse.persistence.exceptions.DatabaseExceptionInternal Exception: org.h2.jdbc.JdbcSQLSyntaxErrorException: Index "ST_TRANSACTION_HASH" not found; SQL statement:DROP INDEX ST_TRANSACTION_HASH [42112-200]Error Code: 42112Call: DROP INDEX ST_TRANSACTION_HASHQuery: DataModifyQuery(sql="DROP INDEX ST_TRANSACTION_HASH")
2021-11-21 15:01:42.876 [main] WARN  eclipselink.logging.all - Exception [EclipseLink-4002] (Eclipse Persistence Services - 2.7.7.v20200504-69f2c2b80d): org.eclipse.persistence.exceptions.DatabaseExceptionInternal Exception: org.h2.jdbc.JdbcSQLSyntaxErrorException: Table "ST_TRANSACTION" not found; SQL statement:DROP TABLE ST_TRANSACTION [42102-200]Error Code: 42102Call: DROP TABLE ST_TRANSACTIONQuery: DataModifyQuery(sql="DROP TABLE ST_TRANSACTION")
2021-11-21 15:01:42.882 [main] WARN  eclipselink.logging.all - Exception [EclipseLink-4002] (Eclipse Persistence Services - 2.7.7.v20200504-69f2c2b80d): org.eclipse.persistence.exceptions.DatabaseExceptionInternal Exception: org.h2.jdbc.JdbcSQLSyntaxErrorException: Table "ST_AFFECTED_TRANSACTION" not found; SQL statement:DROP TABLE ST_AFFECTED_TRANSACTION [42102-200]Error Code: 42102Call: DROP TABLE ST_AFFECTED_TRANSACTIONQuery: DataModifyQuery(sql="DROP TABLE ST_AFFECTED_TRANSACTION")
2021-11-21 15:01:42.992 [main] INFO  c.q.t.config.apps.TesseraAppFactory - Loaded app com.quorum.tessera.thirdparty.ThirdPartyRestApp@6dc2279c
2021-11-21 15:01:42.993 [main] INFO  c.q.t.config.apps.TesseraAppFactory - Create from REST THIRD_PARTY
2021-11-21 15:01:42.994 [main] INFO  c.q.t.config.apps.TesseraAppFactory - Creating application type THIRD_PARTY for REST
2021-11-21 15:01:43.011 [main] INFO  c.q.t.config.apps.TesseraAppFactory - Create from REST Q2T
2021-11-21 15:01:43.011 [main] INFO  c.q.t.config.apps.TesseraAppFactory - Creating application type Q2T for REST
2021-11-21 15:01:43.016 [main] INFO  c.q.t.config.apps.TesseraAppFactory - Create from REST P2P
2021-11-21 15:01:43.016 [main] INFO  c.q.t.config.apps.TesseraAppFactory - Creating application type P2P for REST
2021-11-21 15:01:43.093 [main] INFO  org.eclipse.jetty.util.log - Logging initialized @8942ms to org.eclipse.jetty.util.log.Slf4jLog
2021-11-21 15:01:43.324 [main] INFO  c.quorum.tessera.server.JerseyServer - Starting http://127.0.0.1:9085
2021-11-21 15:01:43.334 [main] INFO  org.eclipse.jetty.server.Server - jetty-9.4.39.v20210325; built: 2021-03-25T14:42:11.471Z; git: 9fc7ca5a922f2a37b84ec9dbc26a5168cee7e667; jvm 17+35-Ubuntu-120.04
2021-11-21 15:01:45.118 [main] WARN  o.g.jersey.internal.inject.Providers - A provider com.quorum.tessera.thirdparty.KeyResource registered in SERVER runtime does not implement any provider interfaces applicable in the SERVER runtime. Due to constraint configuration problems the provider com.quorum.tessera.thirdparty.KeyResource will be ignored. 
2021-11-21 15:01:45.119 [main] WARN  o.g.jersey.internal.inject.Providers - A provider com.quorum.tessera.api.common.UpCheckResource registered in SERVER runtime does not implement any provider interfaces applicable in the SERVER runtime. Due to constraint configuration problems the provider com.quorum.tessera.api.common.UpCheckResource will be ignored. 
2021-11-21 15:01:45.124 [main] WARN  o.g.jersey.internal.inject.Providers - A provider com.quorum.tessera.api.common.RawTransactionResource registered in SERVER runtime does not implement any provider interfaces applicable in the SERVER runtime. Due to constraint configuration problems the provider com.quorum.tessera.api.common.RawTransactionResource will be ignored. 
2021-11-21 15:01:45.134 [main] WARN  o.g.jersey.internal.inject.Providers - A provider com.quorum.tessera.thirdparty.PartyInfoResource registered in SERVER runtime does not implement any provider interfaces applicable in the SERVER runtime. Due to constraint configuration problems the provider com.quorum.tessera.thirdparty.PartyInfoResource will be ignored. 
2021-11-21 15:01:45.391 [pool-2-thread-1] INFO  c.q.t.p.p.PartyInfoBroadcaster - Started PartyInfo polling round
2021-11-21 15:01:45.467 [pool-2-thread-1] INFO  c.q.t.p.p.PartyInfoBroadcaster - Finished PartyInfo polling round
2021-11-21 15:01:45.877 [pool-3-thread-1] WARN  c.q.t.p.p.PartyInfoBroadcaster - Failed to connect to node http://127.0.0.1:9002/, due to java.net.ConnectException: Connection refused
2021-11-21 15:01:45.877 [pool-3-thread-2] WARN  c.q.t.p.p.PartyInfoBroadcaster - Failed to connect to node http://127.0.0.1:9004/, due to java.net.ConnectException: Connection refused
2021-11-21 15:01:45.877 [pool-3-thread-4] WARN  c.q.t.p.p.PartyInfoBroadcaster - Failed to connect to node http://127.0.0.1:9003/, due to java.net.ConnectException: Connection refused
2021-11-21 15:01:45.877 [pool-3-thread-3] WARN  c.q.t.p.p.PartyInfoBroadcaster - Failed to connect to node http://127.0.0.1:9001/, due to java.net.ConnectException: Connection refused
2021-11-21 15:01:46.201 [main] INFO  o.e.j.server.handler.ContextHandler - Started o.e.j.s.ServletContextHandler@33837bd4{/,null,AVAILABLE}
2021-11-21 15:01:46.245 [main] INFO  o.e.jetty.server.AbstractConnector - Started ServerConnector@7aa15a80{HTTP/1.1, (http/1.1)}{0.0.0.0:9085}
2021-11-21 15:01:46.246 [main] INFO  org.eclipse.jetty.server.Server - Started @12100ms
2021-11-21 15:01:46.246 [main] INFO  c.quorum.tessera.server.JerseyServer - Started http://127.0.0.1:9085
2021-11-21 15:01:46.246 [main] INFO  c.quorum.tessera.server.JerseyServer - WADL http://127.0.0.1:9085/application.wadl
2021-11-21 15:01:46.294 [main] INFO  c.quorum.tessera.server.JerseyServer - Starting unix:/home/swcyb/Ticket4U/network/Ticket4U-net/qdata/c5/tm.ipc
2021-11-21 15:01:46.295 [main] INFO  org.eclipse.jetty.server.Server - jetty-9.4.39.v20210325; built: 2021-03-25T14:42:11.471Z; git: 9fc7ca5a922f2a37b84ec9dbc26a5168cee7e667; jvm 17+35-Ubuntu-120.04
2021-11-21 15:01:46.533 [main] WARN  c.q.t.c.util.EncryptedStringResolver - Some sensitive values are being given as unencrypted plain text in config. Please note this is NOT recommended for production environment.
2021-11-21 15:01:46.533 [main] INFO  com.zaxxer.hikari.HikariDataSource - HikariPool-2 - Starting...
2021-11-21 15:01:46.557 [main] INFO  com.zaxxer.hikari.HikariDataSource - HikariPool-2 - Start completed.
2021-11-21 15:01:46.589 [main] ERROR eclipselink.logging.metadata - java.lang.IllegalArgumentException: Unsupported class file major version 61
2021-11-21 15:01:46.590 [main] ERROR eclipselink.logging.metadata - java.lang.ArrayIndexOutOfBoundsException: Index 8 out of bounds for length 0
2021-11-21 15:01:46.618 [main] ERROR eclipselink.logging.metadata - java.lang.IllegalArgumentException: Unsupported class file major version 61
2021-11-21 15:01:46.621 [main] ERROR eclipselink.logging.metadata - java.lang.ArrayIndexOutOfBoundsException: Index 8 out of bounds for length 0
2021-11-21 15:01:46.666 [main] INFO  eclipselink.logging.all - EclipseLink, version: Eclipse Persistence Services - 2.7.7.v20200504-69f2c2b80d
2021-11-21 15:01:46.751 [main] ERROR eclipselink.logging.metadata - java.lang.IllegalArgumentException: Unsupported class file major version 61
2021-11-21 15:01:46.751 [main] ERROR eclipselink.logging.metadata - java.lang.ArrayIndexOutOfBoundsException
2021-11-21 15:01:46.752 [main] ERROR eclipselink.logging.metadata - java.lang.IllegalArgumentException: Unsupported class file major version 61
2021-11-21 15:01:46.752 [main] ERROR eclipselink.logging.metadata - java.lang.ArrayIndexOutOfBoundsException
2021-11-21 15:01:46.753 [main] ERROR eclipselink.logging.metadata - java.lang.IllegalArgumentException: Unsupported class file major version 61
2021-11-21 15:01:46.753 [main] ERROR eclipselink.logging.metadata - java.lang.ArrayIndexOutOfBoundsException
2021-11-21 15:01:46.754 [main] ERROR eclipselink.logging.metadata - java.lang.IllegalArgumentException: Unsupported class file major version 61
2021-11-21 15:01:46.754 [main] ERROR eclipselink.logging.metadata - java.lang.ArrayIndexOutOfBoundsException
2021-11-21 15:01:46.754 [main] ERROR eclipselink.logging.metadata - java.lang.IllegalArgumentException: Unsupported class file major version 61
2021-11-21 15:01:46.754 [main] ERROR eclipselink.logging.metadata - java.lang.ArrayIndexOutOfBoundsException
2021-11-21 15:01:46.754 [main] ERROR eclipselink.logging.metadata - java.lang.IllegalArgumentException: Unsupported class file major version 61
2021-11-21 15:01:46.754 [main] ERROR eclipselink.logging.metadata - java.lang.ArrayIndexOutOfBoundsException
2021-11-21 15:01:46.755 [main] ERROR eclipselink.logging.metadata - java.lang.IllegalArgumentException: Unsupported class file major version 61
2021-11-21 15:01:46.755 [main] ERROR eclipselink.logging.metadata - java.lang.ArrayIndexOutOfBoundsException
2021-11-21 15:01:46.781 [main] ERROR eclipselink.logging.metadata - java.lang.IllegalArgumentException: Unsupported class file major version 61
2021-11-21 15:01:46.782 [main] ERROR eclipselink.logging.metadata - java.lang.ArrayIndexOutOfBoundsException
2021-11-21 15:01:46.782 [main] ERROR eclipselink.logging.metadata - java.lang.IllegalArgumentException: Unsupported class file major version 61
2021-11-21 15:01:46.798 [main] ERROR eclipselink.logging.metadata - java.lang.ArrayIndexOutOfBoundsException
2021-11-21 15:01:46.799 [main] ERROR eclipselink.logging.metadata - java.lang.IllegalArgumentException: Unsupported class file major version 61
2021-11-21 15:01:46.799 [main] ERROR eclipselink.logging.metadata - java.lang.ArrayIndexOutOfBoundsException
2021-11-21 15:01:46.799 [main] ERROR eclipselink.logging.metadata - java.lang.IllegalArgumentException: Unsupported class file major version 61
2021-11-21 15:01:46.799 [main] ERROR eclipselink.logging.metadata - java.lang.ArrayIndexOutOfBoundsException
2021-11-21 15:01:46.832 [main] INFO  eclipselink.logging.all - EclipseLink, version: Eclipse Persistence Services - 2.7.7.v20200504-69f2c2b80d
2021-11-21 15:01:46.922 [main] WARN  c.q.t.c.util.EncryptedStringResolver - Some sensitive values are being given as unencrypted plain text in config. Please note this is NOT recommended for production environment.
2021-11-21 15:01:46.923 [main] INFO  com.zaxxer.hikari.HikariDataSource - HikariPool-3 - Starting...
2021-11-21 15:01:46.943 [main] INFO  com.zaxxer.hikari.HikariDataSource - HikariPool-3 - Start completed.
2021-11-21 15:01:46.962 [main] ERROR eclipselink.logging.metadata - java.lang.IllegalArgumentException: Unsupported class file major version 61
2021-11-21 15:01:46.962 [main] ERROR eclipselink.logging.metadata - java.lang.ArrayIndexOutOfBoundsException
2021-11-21 15:01:46.964 [main] ERROR eclipselink.logging.metadata - java.lang.IllegalArgumentException: Unsupported class file major version 61
2021-11-21 15:01:46.965 [main] ERROR eclipselink.logging.metadata - java.lang.ArrayIndexOutOfBoundsException
2021-11-21 15:01:47.002 [main] INFO  eclipselink.logging.all - EclipseLink, version: Eclipse Persistence Services - 2.7.7.v20200504-69f2c2b80d
2021-11-21 15:01:47.064 [main] ERROR eclipselink.logging.metadata - java.lang.IllegalArgumentException: Unsupported class file major version 61
2021-11-21 15:01:47.064 [main] ERROR eclipselink.logging.metadata - java.lang.ArrayIndexOutOfBoundsException
2021-11-21 15:01:47.065 [main] ERROR eclipselink.logging.metadata - java.lang.IllegalArgumentException: Unsupported class file major version 61
2021-11-21 15:01:47.065 [main] ERROR eclipselink.logging.metadata - java.lang.ArrayIndexOutOfBoundsException
2021-11-21 15:01:47.066 [main] ERROR eclipselink.logging.metadata - java.lang.IllegalArgumentException: Unsupported class file major version 61
2021-11-21 15:01:47.066 [main] ERROR eclipselink.logging.metadata - java.lang.ArrayIndexOutOfBoundsException
2021-11-21 15:01:47.067 [main] ERROR eclipselink.logging.metadata - java.lang.IllegalArgumentException: Unsupported class file major version 61
2021-11-21 15:01:47.067 [main] ERROR eclipselink.logging.metadata - java.lang.ArrayIndexOutOfBoundsException
2021-11-21 15:01:47.067 [main] ERROR eclipselink.logging.metadata - java.lang.IllegalArgumentException: Unsupported class file major version 61
2021-11-21 15:01:47.067 [main] ERROR eclipselink.logging.metadata - java.lang.ArrayIndexOutOfBoundsException
2021-11-21 15:01:47.078 [main] ERROR eclipselink.logging.metadata - java.lang.IllegalArgumentException: Unsupported class file major version 61
2021-11-21 15:01:47.082 [main] ERROR eclipselink.logging.metadata - java.lang.ArrayIndexOutOfBoundsException
2021-11-21 15:01:47.083 [main] ERROR eclipselink.logging.metadata - java.lang.IllegalArgumentException: Unsupported class file major version 61
2021-11-21 15:01:47.083 [main] ERROR eclipselink.logging.metadata - java.lang.ArrayIndexOutOfBoundsException
2021-11-21 15:01:47.084 [main] ERROR eclipselink.logging.metadata - java.lang.IllegalArgumentException: Unsupported class file major version 61
2021-11-21 15:01:47.084 [main] ERROR eclipselink.logging.metadata - java.lang.ArrayIndexOutOfBoundsException
2021-11-21 15:01:47.084 [main] ERROR eclipselink.logging.metadata - java.lang.IllegalArgumentException: Unsupported class file major version 61
2021-11-21 15:01:47.084 [main] ERROR eclipselink.logging.metadata - java.lang.ArrayIndexOutOfBoundsException
2021-11-21 15:01:47.085 [main] ERROR eclipselink.logging.metadata - java.lang.IllegalArgumentException: Unsupported class file major version 61
2021-11-21 15:01:47.085 [main] ERROR eclipselink.logging.metadata - java.lang.ArrayIndexOutOfBoundsException
2021-11-21 15:01:47.085 [main] ERROR eclipselink.logging.metadata - java.lang.IllegalArgumentException: Unsupported class file major version 61
2021-11-21 15:01:47.085 [main] ERROR eclipselink.logging.metadata - java.lang.ArrayIndexOutOfBoundsException
2021-11-21 15:01:47.133 [main] INFO  eclipselink.logging.all - EclipseLink, version: Eclipse Persistence Services - 2.7.7.v20200504-69f2c2b80d
2021-11-21 15:01:47.227 [main] WARN  c.q.t.c.util.EncryptedStringResolver - Some sensitive values are being given as unencrypted plain text in config. Please note this is NOT recommended for production environment.
2021-11-21 15:01:47.228 [main] INFO  com.zaxxer.hikari.HikariDataSource - HikariPool-4 - Starting...
2021-11-21 15:01:47.260 [main] INFO  com.zaxxer.hikari.HikariDataSource - HikariPool-4 - Start completed.
2021-11-21 15:01:47.264 [main] ERROR eclipselink.logging.metadata - java.lang.IllegalArgumentException: Unsupported class file major version 61
2021-11-21 15:01:47.264 [main] ERROR eclipselink.logging.metadata - java.lang.ArrayIndexOutOfBoundsException
2021-11-21 15:01:47.267 [main] ERROR eclipselink.logging.metadata - java.lang.IllegalArgumentException: Unsupported class file major version 61
2021-11-21 15:01:47.267 [main] ERROR eclipselink.logging.metadata - java.lang.ArrayIndexOutOfBoundsException
2021-11-21 15:01:47.304 [main] INFO  eclipselink.logging.all - EclipseLink, version: Eclipse Persistence Services - 2.7.7.v20200504-69f2c2b80d
2021-11-21 15:01:47.362 [main] ERROR eclipselink.logging.metadata - java.lang.IllegalArgumentException: Unsupported class file major version 61
2021-11-21 15:01:47.362 [main] ERROR eclipselink.logging.metadata - java.lang.ArrayIndexOutOfBoundsException
2021-11-21 15:01:47.363 [main] ERROR eclipselink.logging.metadata - java.lang.IllegalArgumentException: Unsupported class file major version 61
2021-11-21 15:01:47.363 [main] ERROR eclipselink.logging.metadata - java.lang.ArrayIndexOutOfBoundsException
2021-11-21 15:01:47.363 [main] ERROR eclipselink.logging.metadata - java.lang.IllegalArgumentException: Unsupported class file major version 61
2021-11-21 15:01:47.363 [main] ERROR eclipselink.logging.metadata - java.lang.ArrayIndexOutOfBoundsException
2021-11-21 15:01:47.364 [main] ERROR eclipselink.logging.metadata - java.lang.IllegalArgumentException: Unsupported class file major version 61
2021-11-21 15:01:47.364 [main] ERROR eclipselink.logging.metadata - java.lang.ArrayIndexOutOfBoundsException
2021-11-21 15:01:47.364 [main] ERROR eclipselink.logging.metadata - java.lang.IllegalArgumentException: Unsupported class file major version 61
2021-11-21 15:01:47.365 [main] ERROR eclipselink.logging.metadata - java.lang.ArrayIndexOutOfBoundsException
2021-11-21 15:01:47.365 [main] ERROR eclipselink.logging.metadata - java.lang.IllegalArgumentException: Unsupported class file major version 61
2021-11-21 15:01:47.365 [main] ERROR eclipselink.logging.metadata - java.lang.ArrayIndexOutOfBoundsException
2021-11-21 15:01:47.365 [main] ERROR eclipselink.logging.metadata - java.lang.IllegalArgumentException: Unsupported class file major version 61
2021-11-21 15:01:47.365 [main] ERROR eclipselink.logging.metadata - java.lang.ArrayIndexOutOfBoundsException
2021-11-21 15:01:47.366 [main] ERROR eclipselink.logging.metadata - java.lang.IllegalArgumentException: Unsupported class file major version 61
2021-11-21 15:01:47.366 [main] ERROR eclipselink.logging.metadata - java.lang.ArrayIndexOutOfBoundsException
2021-11-21 15:01:47.366 [main] ERROR eclipselink.logging.metadata - java.lang.IllegalArgumentException: Unsupported class file major version 61
2021-11-21 15:01:47.366 [main] ERROR eclipselink.logging.metadata - java.lang.ArrayIndexOutOfBoundsException
2021-11-21 15:01:47.366 [main] ERROR eclipselink.logging.metadata - java.lang.IllegalArgumentException: Unsupported class file major version 61
2021-11-21 15:01:47.366 [main] ERROR eclipselink.logging.metadata - java.lang.ArrayIndexOutOfBoundsException
2021-11-21 15:01:47.367 [main] ERROR eclipselink.logging.metadata - java.lang.IllegalArgumentException: Unsupported class file major version 61
2021-11-21 15:01:47.367 [main] ERROR eclipselink.logging.metadata - java.lang.ArrayIndexOutOfBoundsException
2021-11-21 15:01:47.391 [main] INFO  eclipselink.logging.all - EclipseLink, version: Eclipse Persistence Services - 2.7.7.v20200504-69f2c2b80d
2021-11-21 15:01:47.457 [main] WARN  c.q.t.c.util.EncryptedStringResolver - Some sensitive values are being given as unencrypted plain text in config. Please note this is NOT recommended for production environment.
2021-11-21 15:01:47.457 [main] INFO  com.zaxxer.hikari.HikariDataSource - HikariPool-5 - Starting...
2021-11-21 15:01:47.480 [main] INFO  com.zaxxer.hikari.HikariDataSource - HikariPool-5 - Start completed.
2021-11-21 15:01:47.484 [main] ERROR eclipselink.logging.metadata - java.lang.IllegalArgumentException: Unsupported class file major version 61
2021-11-21 15:01:47.485 [main] ERROR eclipselink.logging.metadata - java.lang.ArrayIndexOutOfBoundsException
2021-11-21 15:01:47.489 [main] ERROR eclipselink.logging.metadata - java.lang.IllegalArgumentException: Unsupported class file major version 61
2021-11-21 15:01:47.490 [main] ERROR eclipselink.logging.metadata - java.lang.ArrayIndexOutOfBoundsException
2021-11-21 15:01:47.525 [main] INFO  eclipselink.logging.all - EclipseLink, version: Eclipse Persistence Services - 2.7.7.v20200504-69f2c2b80d
2021-11-21 15:01:47.584 [main] ERROR eclipselink.logging.metadata - java.lang.IllegalArgumentException: Unsupported class file major version 61
2021-11-21 15:01:47.584 [main] ERROR eclipselink.logging.metadata - java.lang.ArrayIndexOutOfBoundsException
2021-11-21 15:01:47.596 [main] ERROR eclipselink.logging.metadata - java.lang.IllegalArgumentException: Unsupported class file major version 61
2021-11-21 15:01:47.596 [main] ERROR eclipselink.logging.metadata - java.lang.ArrayIndexOutOfBoundsException
2021-11-21 15:01:47.596 [main] ERROR eclipselink.logging.metadata - java.lang.IllegalArgumentException: Unsupported class file major version 61
2021-11-21 15:01:47.596 [main] ERROR eclipselink.logging.metadata - java.lang.ArrayIndexOutOfBoundsException
2021-11-21 15:01:47.597 [main] ERROR eclipselink.logging.metadata - java.lang.IllegalArgumentException: Unsupported class file major version 61
2021-11-21 15:01:47.598 [main] ERROR eclipselink.logging.metadata - java.lang.ArrayIndexOutOfBoundsException
2021-11-21 15:01:47.598 [main] ERROR eclipselink.logging.metadata - java.lang.IllegalArgumentException: Unsupported class file major version 61
2021-11-21 15:01:47.598 [main] ERROR eclipselink.logging.metadata - java.lang.ArrayIndexOutOfBoundsException
2021-11-21 15:01:47.598 [main] ERROR eclipselink.logging.metadata - java.lang.IllegalArgumentException: Unsupported class file major version 61
2021-11-21 15:01:47.598 [main] ERROR eclipselink.logging.metadata - java.lang.ArrayIndexOutOfBoundsException
2021-11-21 15:01:47.599 [main] ERROR eclipselink.logging.metadata - java.lang.IllegalArgumentException: Unsupported class file major version 61
2021-11-21 15:01:47.599 [main] ERROR eclipselink.logging.metadata - java.lang.ArrayIndexOutOfBoundsException
2021-11-21 15:01:47.599 [main] ERROR eclipselink.logging.metadata - java.lang.IllegalArgumentException: Unsupported class file major version 61
2021-11-21 15:01:47.599 [main] ERROR eclipselink.logging.metadata - java.lang.ArrayIndexOutOfBoundsException
2021-11-21 15:01:47.600 [main] ERROR eclipselink.logging.metadata - java.lang.IllegalArgumentException: Unsupported class file major version 61
2021-11-21 15:01:47.600 [main] ERROR eclipselink.logging.metadata - java.lang.ArrayIndexOutOfBoundsException
2021-11-21 15:01:47.600 [main] ERROR eclipselink.logging.metadata - java.lang.IllegalArgumentException: Unsupported class file major version 61
2021-11-21 15:01:47.600 [main] ERROR eclipselink.logging.metadata - java.lang.ArrayIndexOutOfBoundsException
2021-11-21 15:01:47.600 [main] ERROR eclipselink.logging.metadata - java.lang.IllegalArgumentException: Unsupported class file major version 61
2021-11-21 15:01:47.600 [main] ERROR eclipselink.logging.metadata - java.lang.ArrayIndexOutOfBoundsException
2021-11-21 15:01:47.638 [main] INFO  eclipselink.logging.all - EclipseLink, version: Eclipse Persistence Services - 2.7.7.v20200504-69f2c2b80d
2021-11-21 15:01:47.976 [main] WARN  o.g.jersey.internal.inject.Providers - A provider com.quorum.tessera.q2t.EncodedPayloadResource registered in SERVER runtime does not implement any provider interfaces applicable in the SERVER runtime. Due to constraint configuration problems the provider com.quorum.tessera.q2t.EncodedPayloadResource will be ignored. 
2021-11-21 15:01:47.977 [main] WARN  o.g.jersey.internal.inject.Providers - A provider com.quorum.tessera.q2t.TransactionResource registered in SERVER runtime does not implement any provider interfaces applicable in the SERVER runtime. Due to constraint configuration problems the provider com.quorum.tessera.q2t.TransactionResource will be ignored. 
2021-11-21 15:01:47.977 [main] WARN  o.g.jersey.internal.inject.Providers - A provider com.quorum.tessera.q2t.TransactionResource3 registered in SERVER runtime does not implement any provider interfaces applicable in the SERVER runtime. Due to constraint configuration problems the provider com.quorum.tessera.q2t.TransactionResource3 will be ignored. 
2021-11-21 15:01:47.977 [main] WARN  o.g.jersey.internal.inject.Providers - A provider com.quorum.tessera.api.common.UpCheckResource registered in SERVER runtime does not implement any provider interfaces applicable in the SERVER runtime. Due to constraint configuration problems the provider com.quorum.tessera.api.common.UpCheckResource will be ignored. 
2021-11-21 15:01:47.977 [main] WARN  o.g.jersey.internal.inject.Providers - A provider com.quorum.tessera.api.common.RawTransactionResource registered in SERVER runtime does not implement any provider interfaces applicable in the SERVER runtime. Due to constraint configuration problems the provider com.quorum.tessera.api.common.RawTransactionResource will be ignored. 
2021-11-21 15:01:47.977 [main] WARN  o.g.jersey.internal.inject.Providers - A provider com.quorum.tessera.q2t.PrivacyGroupResource registered in SERVER runtime does not implement any provider interfaces applicable in the SERVER runtime. Due to constraint configuration problems the provider com.quorum.tessera.q2t.PrivacyGroupResource will be ignored. 
2021-11-21 15:01:48.345 [main] INFO  o.e.j.server.handler.ContextHandler - Started o.e.j.s.ServletContextHandler@7c39193f{/,null,AVAILABLE}
2021-11-21 15:01:48.956 [main] INFO  o.e.jetty.server.AbstractConnector - Started UnixSocketConnector@2e057637{HTTP/1.1, (http/1.1)}{/home/swcyb/Ticket4U/network/Ticket4U-net/qdata/c5/tm.ipc}
2021-11-21 15:01:48.964 [main] INFO  org.eclipse.jetty.server.Server - Started @14818ms
2021-11-21 15:01:48.964 [main] INFO  c.quorum.tessera.server.JerseyServer - Started unix:/home/swcyb/Ticket4U/network/Ticket4U-net/qdata/c5/tm.ipc
2021-11-21 15:01:48.964 [main] INFO  c.quorum.tessera.server.JerseyServer - WADL unix:/home/swcyb/Ticket4U/network/Ticket4U-net/qdata/c5/tm.ipc/application.wadl
2021-11-21 15:01:48.965 [main] INFO  c.quorum.tessera.server.JerseyServer - Starting http://127.0.0.1:9005
2021-11-21 15:01:48.965 [main] INFO  org.eclipse.jetty.server.Server - jetty-9.4.39.v20210325; built: 2021-03-25T14:42:11.471Z; git: 9fc7ca5a922f2a37b84ec9dbc26a5168cee7e667; jvm 17+35-Ubuntu-120.04
2021-11-21 15:01:49.084 [main] WARN  c.q.t.c.util.EncryptedStringResolver - Some sensitive values are being given as unencrypted plain text in config. Please note this is NOT recommended for production environment.
2021-11-21 15:01:49.085 [main] INFO  com.zaxxer.hikari.HikariDataSource - HikariPool-6 - Starting...
2021-11-21 15:01:49.099 [main] INFO  com.zaxxer.hikari.HikariDataSource - HikariPool-6 - Start completed.
2021-11-21 15:01:49.102 [main] ERROR eclipselink.logging.metadata - java.lang.IllegalArgumentException: Unsupported class file major version 61
2021-11-21 15:01:49.102 [main] ERROR eclipselink.logging.metadata - java.lang.ArrayIndexOutOfBoundsException
2021-11-21 15:01:49.104 [main] ERROR eclipselink.logging.metadata - java.lang.IllegalArgumentException: Unsupported class file major version 61
2021-11-21 15:01:49.104 [main] ERROR eclipselink.logging.metadata - java.lang.ArrayIndexOutOfBoundsException
2021-11-21 15:01:49.133 [main] INFO  eclipselink.logging.all - EclipseLink, version: Eclipse Persistence Services - 2.7.7.v20200504-69f2c2b80d
2021-11-21 15:01:49.167 [main] ERROR eclipselink.logging.metadata - java.lang.IllegalArgumentException: Unsupported class file major version 61
2021-11-21 15:01:49.167 [main] ERROR eclipselink.logging.metadata - java.lang.ArrayIndexOutOfBoundsException
2021-11-21 15:01:49.168 [main] ERROR eclipselink.logging.metadata - java.lang.IllegalArgumentException: Unsupported class file major version 61
2021-11-21 15:01:49.168 [main] ERROR eclipselink.logging.metadata - java.lang.ArrayIndexOutOfBoundsException
2021-11-21 15:01:49.168 [main] ERROR eclipselink.logging.metadata - java.lang.IllegalArgumentException: Unsupported class file major version 61
2021-11-21 15:01:49.169 [main] ERROR eclipselink.logging.metadata - java.lang.ArrayIndexOutOfBoundsException
2021-11-21 15:01:49.170 [main] ERROR eclipselink.logging.metadata - java.lang.IllegalArgumentException: Unsupported class file major version 61
2021-11-21 15:01:49.170 [main] ERROR eclipselink.logging.metadata - java.lang.ArrayIndexOutOfBoundsException
2021-11-21 15:01:49.170 [main] ERROR eclipselink.logging.metadata - java.lang.IllegalArgumentException: Unsupported class file major version 61
2021-11-21 15:01:49.170 [main] ERROR eclipselink.logging.metadata - java.lang.ArrayIndexOutOfBoundsException
2021-11-21 15:01:49.170 [main] ERROR eclipselink.logging.metadata - java.lang.IllegalArgumentException: Unsupported class file major version 61
2021-11-21 15:01:49.170 [main] ERROR eclipselink.logging.metadata - java.lang.ArrayIndexOutOfBoundsException
2021-11-21 15:01:49.171 [main] ERROR eclipselink.logging.metadata - java.lang.IllegalArgumentException: Unsupported class file major version 61
2021-11-21 15:01:49.171 [main] ERROR eclipselink.logging.metadata - java.lang.ArrayIndexOutOfBoundsException
2021-11-21 15:01:49.190 [main] ERROR eclipselink.logging.metadata - java.lang.IllegalArgumentException: Unsupported class file major version 61
2021-11-21 15:01:49.190 [main] ERROR eclipselink.logging.metadata - java.lang.ArrayIndexOutOfBoundsException
2021-11-21 15:01:49.190 [main] ERROR eclipselink.logging.metadata - java.lang.IllegalArgumentException: Unsupported class file major version 61
2021-11-21 15:01:49.190 [main] ERROR eclipselink.logging.metadata - java.lang.ArrayIndexOutOfBoundsException
2021-11-21 15:01:49.191 [main] ERROR eclipselink.logging.metadata - java.lang.IllegalArgumentException: Unsupported class file major version 61
2021-11-21 15:01:49.191 [main] ERROR eclipselink.logging.metadata - java.lang.ArrayIndexOutOfBoundsException
2021-11-21 15:01:49.191 [main] ERROR eclipselink.logging.metadata - java.lang.IllegalArgumentException: Unsupported class file major version 61
2021-11-21 15:01:49.192 [main] ERROR eclipselink.logging.metadata - java.lang.ArrayIndexOutOfBoundsException
2021-11-21 15:01:49.235 [main] INFO  eclipselink.logging.all - EclipseLink, version: Eclipse Persistence Services - 2.7.7.v20200504-69f2c2b80d
2021-11-21 15:01:49.300 [main] INFO  c.q.t.r.r.ResendBatchPublisherFactory - Loaded factory com.quorum.tessera.p2p.recovery.RestResendBatchPublisherFactory@2059c3ff
2021-11-21 15:01:49.326 [main] WARN  c.q.t.c.util.EncryptedStringResolver - Some sensitive values are being given as unencrypted plain text in config. Please note this is NOT recommended for production environment.
2021-11-21 15:01:49.327 [main] INFO  com.zaxxer.hikari.HikariDataSource - HikariPool-7 - Starting...
2021-11-21 15:01:49.337 [main] INFO  com.zaxxer.hikari.HikariDataSource - HikariPool-7 - Start completed.
2021-11-21 15:01:49.341 [main] ERROR eclipselink.logging.metadata - java.lang.IllegalArgumentException: Unsupported class file major version 61
2021-11-21 15:01:49.349 [main] ERROR eclipselink.logging.metadata - java.lang.ArrayIndexOutOfBoundsException
2021-11-21 15:01:49.352 [main] ERROR eclipselink.logging.metadata - java.lang.IllegalArgumentException: Unsupported class file major version 61
2021-11-21 15:01:49.352 [main] ERROR eclipselink.logging.metadata - java.lang.ArrayIndexOutOfBoundsException
2021-11-21 15:01:49.359 [main] INFO  eclipselink.logging.all - EclipseLink, version: Eclipse Persistence Services - 2.7.7.v20200504-69f2c2b80d
2021-11-21 15:01:49.396 [main] ERROR eclipselink.logging.metadata - java.lang.IllegalArgumentException: Unsupported class file major version 61
2021-11-21 15:01:49.397 [main] ERROR eclipselink.logging.metadata - java.lang.ArrayIndexOutOfBoundsException
2021-11-21 15:01:49.397 [main] ERROR eclipselink.logging.metadata - java.lang.IllegalArgumentException: Unsupported class file major version 61
2021-11-21 15:01:49.398 [main] ERROR eclipselink.logging.metadata - java.lang.ArrayIndexOutOfBoundsException
2021-11-21 15:01:49.425 [main] ERROR eclipselink.logging.metadata - java.lang.IllegalArgumentException: Unsupported class file major version 61
2021-11-21 15:01:49.425 [main] ERROR eclipselink.logging.metadata - java.lang.ArrayIndexOutOfBoundsException
2021-11-21 15:01:49.428 [main] ERROR eclipselink.logging.metadata - java.lang.IllegalArgumentException: Unsupported class file major version 61
2021-11-21 15:01:49.428 [main] ERROR eclipselink.logging.metadata - java.lang.ArrayIndexOutOfBoundsException
2021-11-21 15:01:49.429 [main] ERROR eclipselink.logging.metadata - java.lang.IllegalArgumentException: Unsupported class file major version 61
2021-11-21 15:01:49.429 [main] ERROR eclipselink.logging.metadata - java.lang.ArrayIndexOutOfBoundsException
2021-11-21 15:01:49.429 [main] ERROR eclipselink.logging.metadata - java.lang.IllegalArgumentException: Unsupported class file major version 61
2021-11-21 15:01:49.429 [main] ERROR eclipselink.logging.metadata - java.lang.ArrayIndexOutOfBoundsException
2021-11-21 15:01:49.430 [main] ERROR eclipselink.logging.metadata - java.lang.IllegalArgumentException: Unsupported class file major version 61
2021-11-21 15:01:49.430 [main] ERROR eclipselink.logging.metadata - java.lang.ArrayIndexOutOfBoundsException
2021-11-21 15:01:49.431 [main] ERROR eclipselink.logging.metadata - java.lang.IllegalArgumentException: Unsupported class file major version 61
2021-11-21 15:01:49.431 [main] ERROR eclipselink.logging.metadata - java.lang.ArrayIndexOutOfBoundsException
2021-11-21 15:01:49.435 [main] ERROR eclipselink.logging.metadata - java.lang.IllegalArgumentException: Unsupported class file major version 61
2021-11-21 15:01:49.436 [main] ERROR eclipselink.logging.metadata - java.lang.ArrayIndexOutOfBoundsException
2021-11-21 15:01:49.436 [main] ERROR eclipselink.logging.metadata - java.lang.IllegalArgumentException: Unsupported class file major version 61
2021-11-21 15:01:49.436 [main] ERROR eclipselink.logging.metadata - java.lang.ArrayIndexOutOfBoundsException
2021-11-21 15:01:49.437 [main] ERROR eclipselink.logging.metadata - java.lang.IllegalArgumentException: Unsupported class file major version 61
2021-11-21 15:01:49.437 [main] ERROR eclipselink.logging.metadata - java.lang.ArrayIndexOutOfBoundsException
2021-11-21 15:01:49.443 [main] INFO  eclipselink.logging.all - EclipseLink, version: Eclipse Persistence Services - 2.7.7.v20200504-69f2c2b80d
2021-11-21 15:01:49.502 [main] WARN  c.q.t.c.util.EncryptedStringResolver - Some sensitive values are being given as unencrypted plain text in config. Please note this is NOT recommended for production environment.
2021-11-21 15:01:49.503 [main] INFO  com.zaxxer.hikari.HikariDataSource - HikariPool-8 - Starting...
2021-11-21 15:01:49.517 [main] INFO  com.zaxxer.hikari.HikariDataSource - HikariPool-8 - Start completed.
2021-11-21 15:01:49.536 [main] ERROR eclipselink.logging.metadata - java.lang.IllegalArgumentException: Unsupported class file major version 61
2021-11-21 15:01:49.549 [main] ERROR eclipselink.logging.metadata - java.lang.ArrayIndexOutOfBoundsException
2021-11-21 15:01:49.551 [main] ERROR eclipselink.logging.metadata - java.lang.IllegalArgumentException: Unsupported class file major version 61
2021-11-21 15:01:49.552 [main] ERROR eclipselink.logging.metadata - java.lang.ArrayIndexOutOfBoundsException
2021-11-21 15:01:49.582 [main] INFO  eclipselink.logging.all - EclipseLink, version: Eclipse Persistence Services - 2.7.7.v20200504-69f2c2b80d
2021-11-21 15:01:49.619 [main] ERROR eclipselink.logging.metadata - java.lang.IllegalArgumentException: Unsupported class file major version 61
2021-11-21 15:01:49.620 [main] ERROR eclipselink.logging.metadata - java.lang.ArrayIndexOutOfBoundsException
2021-11-21 15:01:49.620 [main] ERROR eclipselink.logging.metadata - java.lang.IllegalArgumentException: Unsupported class file major version 61
2021-11-21 15:01:49.620 [main] ERROR eclipselink.logging.metadata - java.lang.ArrayIndexOutOfBoundsException
2021-11-21 15:01:49.621 [main] ERROR eclipselink.logging.metadata - java.lang.IllegalArgumentException: Unsupported class file major version 61
2021-11-21 15:01:49.621 [main] ERROR eclipselink.logging.metadata - java.lang.ArrayIndexOutOfBoundsException
2021-11-21 15:01:49.621 [main] ERROR eclipselink.logging.metadata - java.lang.IllegalArgumentException: Unsupported class file major version 61
2021-11-21 15:01:49.621 [main] ERROR eclipselink.logging.metadata - java.lang.ArrayIndexOutOfBoundsException
2021-11-21 15:01:49.622 [main] ERROR eclipselink.logging.metadata - java.lang.IllegalArgumentException: Unsupported class file major version 61
2021-11-21 15:01:49.622 [main] ERROR eclipselink.logging.metadata - java.lang.ArrayIndexOutOfBoundsException
2021-11-21 15:01:49.622 [main] ERROR eclipselink.logging.metadata - java.lang.IllegalArgumentException: Unsupported class file major version 61
2021-11-21 15:01:49.622 [main] ERROR eclipselink.logging.metadata - java.lang.ArrayIndexOutOfBoundsException
2021-11-21 15:01:49.622 [main] ERROR eclipselink.logging.metadata - java.lang.IllegalArgumentException: Unsupported class file major version 61
2021-11-21 15:01:49.623 [main] ERROR eclipselink.logging.metadata - java.lang.ArrayIndexOutOfBoundsException
2021-11-21 15:01:49.623 [main] ERROR eclipselink.logging.metadata - java.lang.IllegalArgumentException: Unsupported class file major version 61
2021-11-21 15:01:49.623 [main] ERROR eclipselink.logging.metadata - java.lang.ArrayIndexOutOfBoundsException
2021-11-21 15:01:49.623 [main] ERROR eclipselink.logging.metadata - java.lang.IllegalArgumentException: Unsupported class file major version 61
2021-11-21 15:01:49.623 [main] ERROR eclipselink.logging.metadata - java.lang.ArrayIndexOutOfBoundsException
2021-11-21 15:01:49.623 [main] ERROR eclipselink.logging.metadata - java.lang.IllegalArgumentException: Unsupported class file major version 61
2021-11-21 15:01:49.623 [main] ERROR eclipselink.logging.metadata - java.lang.ArrayIndexOutOfBoundsException
2021-11-21 15:01:49.630 [main] ERROR eclipselink.logging.metadata - java.lang.IllegalArgumentException: Unsupported class file major version 61
2021-11-21 15:01:49.630 [main] ERROR eclipselink.logging.metadata - java.lang.ArrayIndexOutOfBoundsException
2021-11-21 15:01:49.643 [main] INFO  eclipselink.logging.all - EclipseLink, version: Eclipse Persistence Services - 2.7.7.v20200504-69f2c2b80d
2021-11-21 15:01:49.700 [main] WARN  c.q.t.c.util.EncryptedStringResolver - Some sensitive values are being given as unencrypted plain text in config. Please note this is NOT recommended for production environment.
2021-11-21 15:01:49.700 [main] INFO  com.zaxxer.hikari.HikariDataSource - HikariPool-9 - Starting...
2021-11-21 15:01:49.715 [main] INFO  com.zaxxer.hikari.HikariDataSource - HikariPool-9 - Start completed.
2021-11-21 15:01:49.718 [main] ERROR eclipselink.logging.metadata - java.lang.IllegalArgumentException: Unsupported class file major version 61
2021-11-21 15:01:49.719 [main] ERROR eclipselink.logging.metadata - java.lang.ArrayIndexOutOfBoundsException
2021-11-21 15:01:49.720 [main] ERROR eclipselink.logging.metadata - java.lang.IllegalArgumentException: Unsupported class file major version 61
2021-11-21 15:01:49.720 [main] ERROR eclipselink.logging.metadata - java.lang.ArrayIndexOutOfBoundsException
2021-11-21 15:01:49.727 [main] INFO  eclipselink.logging.all - EclipseLink, version: Eclipse Persistence Services - 2.7.7.v20200504-69f2c2b80d
2021-11-21 15:01:49.763 [main] ERROR eclipselink.logging.metadata - java.lang.IllegalArgumentException: Unsupported class file major version 61
2021-11-21 15:01:49.764 [main] ERROR eclipselink.logging.metadata - java.lang.ArrayIndexOutOfBoundsException
2021-11-21 15:01:49.765 [main] ERROR eclipselink.logging.metadata - java.lang.IllegalArgumentException: Unsupported class file major version 61
2021-11-21 15:01:49.765 [main] ERROR eclipselink.logging.metadata - java.lang.ArrayIndexOutOfBoundsException
2021-11-21 15:01:49.765 [main] ERROR eclipselink.logging.metadata - java.lang.IllegalArgumentException: Unsupported class file major version 61
2021-11-21 15:01:49.765 [main] ERROR eclipselink.logging.metadata - java.lang.ArrayIndexOutOfBoundsException
2021-11-21 15:01:49.766 [main] ERROR eclipselink.logging.metadata - java.lang.IllegalArgumentException: Unsupported class file major version 61
2021-11-21 15:01:49.766 [main] ERROR eclipselink.logging.metadata - java.lang.ArrayIndexOutOfBoundsException
2021-11-21 15:01:49.766 [main] ERROR eclipselink.logging.metadata - java.lang.IllegalArgumentException: Unsupported class file major version 61
2021-11-21 15:01:49.766 [main] ERROR eclipselink.logging.metadata - java.lang.ArrayIndexOutOfBoundsException
2021-11-21 15:01:49.766 [main] ERROR eclipselink.logging.metadata - java.lang.IllegalArgumentException: Unsupported class file major version 61
2021-11-21 15:01:49.766 [main] ERROR eclipselink.logging.metadata - java.lang.ArrayIndexOutOfBoundsException
2021-11-21 15:01:49.767 [main] ERROR eclipselink.logging.metadata - java.lang.IllegalArgumentException: Unsupported class file major version 61
2021-11-21 15:01:49.767 [main] ERROR eclipselink.logging.metadata - java.lang.ArrayIndexOutOfBoundsException
2021-11-21 15:01:49.767 [main] ERROR eclipselink.logging.metadata - java.lang.IllegalArgumentException: Unsupported class file major version 61
2021-11-21 15:01:49.767 [main] ERROR eclipselink.logging.metadata - java.lang.ArrayIndexOutOfBoundsException
2021-11-21 15:01:49.767 [main] ERROR eclipselink.logging.metadata - java.lang.IllegalArgumentException: Unsupported class file major version 61
2021-11-21 15:01:49.768 [main] ERROR eclipselink.logging.metadata - java.lang.ArrayIndexOutOfBoundsException
2021-11-21 15:01:49.768 [main] ERROR eclipselink.logging.metadata - java.lang.IllegalArgumentException: Unsupported class file major version 61
2021-11-21 15:01:49.768 [main] ERROR eclipselink.logging.metadata - java.lang.ArrayIndexOutOfBoundsException
2021-11-21 15:01:49.768 [main] ERROR eclipselink.logging.metadata - java.lang.IllegalArgumentException: Unsupported class file major version 61
2021-11-21 15:01:49.768 [main] ERROR eclipselink.logging.metadata - java.lang.ArrayIndexOutOfBoundsException
2021-11-21 15:01:49.783 [main] INFO  eclipselink.logging.all - EclipseLink, version: Eclipse Persistence Services - 2.7.7.v20200504-69f2c2b80d
2021-11-21 15:01:49.822 [main] INFO  c.q.t.r.r.ResendBatchPublisherFactory - Loaded factory com.quorum.tessera.p2p.recovery.RestResendBatchPublisherFactory@63053b71
2021-11-21 15:01:49.824 [main] WARN  c.q.t.c.util.EncryptedStringResolver - Some sensitive values are being given as unencrypted plain text in config. Please note this is NOT recommended for production environment.
2021-11-21 15:01:49.824 [main] INFO  com.zaxxer.hikari.HikariDataSource - HikariPool-10 - Starting...
2021-11-21 15:01:49.833 [main] INFO  com.zaxxer.hikari.HikariDataSource - HikariPool-10 - Start completed.
2021-11-21 15:01:49.838 [main] ERROR eclipselink.logging.metadata - java.lang.IllegalArgumentException: Unsupported class file major version 61
2021-11-21 15:01:49.838 [main] ERROR eclipselink.logging.metadata - java.lang.ArrayIndexOutOfBoundsException
2021-11-21 15:01:49.846 [main] ERROR eclipselink.logging.metadata - java.lang.IllegalArgumentException: Unsupported class file major version 61
2021-11-21 15:01:49.846 [main] ERROR eclipselink.logging.metadata - java.lang.ArrayIndexOutOfBoundsException
2021-11-21 15:01:49.852 [main] INFO  eclipselink.logging.all - EclipseLink, version: Eclipse Persistence Services - 2.7.7.v20200504-69f2c2b80d
2021-11-21 15:01:49.862 [main] ERROR eclipselink.logging.metadata - java.lang.IllegalArgumentException: Unsupported class file major version 61
2021-11-21 15:01:49.862 [main] ERROR eclipselink.logging.metadata - java.lang.ArrayIndexOutOfBoundsException
2021-11-21 15:01:49.863 [main] ERROR eclipselink.logging.metadata - java.lang.IllegalArgumentException: Unsupported class file major version 61
2021-11-21 15:01:49.863 [main] ERROR eclipselink.logging.metadata - java.lang.ArrayIndexOutOfBoundsException
2021-11-21 15:01:49.863 [main] ERROR eclipselink.logging.metadata - java.lang.IllegalArgumentException: Unsupported class file major version 61
2021-11-21 15:01:49.863 [main] ERROR eclipselink.logging.metadata - java.lang.ArrayIndexOutOfBoundsException
2021-11-21 15:01:49.864 [main] ERROR eclipselink.logging.metadata - java.lang.IllegalArgumentException: Unsupported class file major version 61
2021-11-21 15:01:49.864 [main] ERROR eclipselink.logging.metadata - java.lang.ArrayIndexOutOfBoundsException
2021-11-21 15:01:49.864 [main] ERROR eclipselink.logging.metadata - java.lang.IllegalArgumentException: Unsupported class file major version 61
2021-11-21 15:01:49.864 [main] ERROR eclipselink.logging.metadata - java.lang.ArrayIndexOutOfBoundsException
2021-11-21 15:01:49.864 [main] ERROR eclipselink.logging.metadata - java.lang.IllegalArgumentException: Unsupported class file major version 61
2021-11-21 15:01:49.864 [main] ERROR eclipselink.logging.metadata - java.lang.ArrayIndexOutOfBoundsException
2021-11-21 15:01:49.865 [main] ERROR eclipselink.logging.metadata - java.lang.IllegalArgumentException: Unsupported class file major version 61
2021-11-21 15:01:49.865 [main] ERROR eclipselink.logging.metadata - java.lang.ArrayIndexOutOfBoundsException
2021-11-21 15:01:49.865 [main] ERROR eclipselink.logging.metadata - java.lang.IllegalArgumentException: Unsupported class file major version 61
2021-11-21 15:01:49.865 [main] ERROR eclipselink.logging.metadata - java.lang.ArrayIndexOutOfBoundsException
2021-11-21 15:01:49.866 [main] ERROR eclipselink.logging.metadata - java.lang.IllegalArgumentException: Unsupported class file major version 61
2021-11-21 15:01:49.866 [main] ERROR eclipselink.logging.metadata - java.lang.ArrayIndexOutOfBoundsException
2021-11-21 15:01:49.866 [main] ERROR eclipselink.logging.metadata - java.lang.IllegalArgumentException: Unsupported class file major version 61
2021-11-21 15:01:49.866 [main] ERROR eclipselink.logging.metadata - java.lang.ArrayIndexOutOfBoundsException
2021-11-21 15:01:49.866 [main] ERROR eclipselink.logging.metadata - java.lang.IllegalArgumentException: Unsupported class file major version 61
2021-11-21 15:01:49.866 [main] ERROR eclipselink.logging.metadata - java.lang.ArrayIndexOutOfBoundsException
2021-11-21 15:01:49.870 [main] INFO  eclipselink.logging.all - EclipseLink, version: Eclipse Persistence Services - 2.7.7.v20200504-69f2c2b80d
2021-11-21 15:01:49.884 [main] WARN  c.q.t.c.util.EncryptedStringResolver - Some sensitive values are being given as unencrypted plain text in config. Please note this is NOT recommended for production environment.
2021-11-21 15:01:49.884 [main] INFO  com.zaxxer.hikari.HikariDataSource - HikariPool-11 - Starting...
2021-11-21 15:01:49.893 [main] INFO  com.zaxxer.hikari.HikariDataSource - HikariPool-11 - Start completed.
2021-11-21 15:01:49.895 [main] ERROR eclipselink.logging.metadata - java.lang.IllegalArgumentException: Unsupported class file major version 61
2021-11-21 15:01:49.895 [main] ERROR eclipselink.logging.metadata - java.lang.ArrayIndexOutOfBoundsException
2021-11-21 15:01:49.897 [main] ERROR eclipselink.logging.metadata - java.lang.IllegalArgumentException: Unsupported class file major version 61
2021-11-21 15:01:49.897 [main] ERROR eclipselink.logging.metadata - java.lang.ArrayIndexOutOfBoundsException
2021-11-21 15:01:49.903 [main] INFO  eclipselink.logging.all - EclipseLink, version: Eclipse Persistence Services - 2.7.7.v20200504-69f2c2b80d
2021-11-21 15:01:49.912 [main] ERROR eclipselink.logging.metadata - java.lang.IllegalArgumentException: Unsupported class file major version 61
2021-11-21 15:01:49.912 [main] ERROR eclipselink.logging.metadata - java.lang.ArrayIndexOutOfBoundsException
2021-11-21 15:01:49.913 [main] ERROR eclipselink.logging.metadata - java.lang.IllegalArgumentException: Unsupported class file major version 61
2021-11-21 15:01:49.913 [main] ERROR eclipselink.logging.metadata - java.lang.ArrayIndexOutOfBoundsException
2021-11-21 15:01:49.913 [main] ERROR eclipselink.logging.metadata - java.lang.IllegalArgumentException: Unsupported class file major version 61
2021-11-21 15:01:49.913 [main] ERROR eclipselink.logging.metadata - java.lang.ArrayIndexOutOfBoundsException
2021-11-21 15:01:49.914 [main] ERROR eclipselink.logging.metadata - java.lang.IllegalArgumentException: Unsupported class file major version 61
2021-11-21 15:01:49.917 [main] ERROR eclipselink.logging.metadata - java.lang.ArrayIndexOutOfBoundsException
2021-11-21 15:01:49.918 [main] ERROR eclipselink.logging.metadata - java.lang.IllegalArgumentException: Unsupported class file major version 61
2021-11-21 15:01:49.918 [main] ERROR eclipselink.logging.metadata - java.lang.ArrayIndexOutOfBoundsException
2021-11-21 15:01:49.918 [main] ERROR eclipselink.logging.metadata - java.lang.IllegalArgumentException: Unsupported class file major version 61
2021-11-21 15:01:49.918 [main] ERROR eclipselink.logging.metadata - java.lang.ArrayIndexOutOfBoundsException
2021-11-21 15:01:49.919 [main] ERROR eclipselink.logging.metadata - java.lang.IllegalArgumentException: Unsupported class file major version 61
2021-11-21 15:01:49.919 [main] ERROR eclipselink.logging.metadata - java.lang.ArrayIndexOutOfBoundsException
2021-11-21 15:01:49.919 [main] ERROR eclipselink.logging.metadata - java.lang.IllegalArgumentException: Unsupported class file major version 61
2021-11-21 15:01:49.919 [main] ERROR eclipselink.logging.metadata - java.lang.ArrayIndexOutOfBoundsException
2021-11-21 15:01:49.919 [main] ERROR eclipselink.logging.metadata - java.lang.IllegalArgumentException: Unsupported class file major version 61
2021-11-21 15:01:49.919 [main] ERROR eclipselink.logging.metadata - java.lang.ArrayIndexOutOfBoundsException
2021-11-21 15:01:49.920 [main] ERROR eclipselink.logging.metadata - java.lang.IllegalArgumentException: Unsupported class file major version 61
2021-11-21 15:01:49.920 [main] ERROR eclipselink.logging.metadata - java.lang.ArrayIndexOutOfBoundsException
2021-11-21 15:01:49.920 [main] ERROR eclipselink.logging.metadata - java.lang.IllegalArgumentException: Unsupported class file major version 61
2021-11-21 15:01:49.920 [main] ERROR eclipselink.logging.metadata - java.lang.ArrayIndexOutOfBoundsException
2021-11-21 15:01:49.924 [main] INFO  eclipselink.logging.all - EclipseLink, version: Eclipse Persistence Services - 2.7.7.v20200504-69f2c2b80d
2021-11-21 15:01:50.041 [main] WARN  o.g.jersey.internal.inject.Providers - A provider com.quorum.tessera.p2p.TransactionResource registered in SERVER runtime does not implement any provider interfaces applicable in the SERVER runtime. Due to constraint configuration problems the provider com.quorum.tessera.p2p.TransactionResource will be ignored. 
2021-11-21 15:01:50.042 [main] WARN  o.g.jersey.internal.inject.Providers - A provider com.quorum.tessera.api.common.UpCheckResource registered in SERVER runtime does not implement any provider interfaces applicable in the SERVER runtime. Due to constraint configuration problems the provider com.quorum.tessera.api.common.UpCheckResource will be ignored. 
2021-11-21 15:01:50.042 [main] WARN  o.g.jersey.internal.inject.Providers - A provider com.quorum.tessera.p2p.PartyInfoResource registered in SERVER runtime does not implement any provider interfaces applicable in the SERVER runtime. Due to constraint configuration problems the provider com.quorum.tessera.p2p.PartyInfoResource will be ignored. 
2021-11-21 15:01:50.042 [main] WARN  o.g.jersey.internal.inject.Providers - A provider com.quorum.tessera.p2p.PrivacyGroupResource registered in SERVER runtime does not implement any provider interfaces applicable in the SERVER runtime. Due to constraint configuration problems the provider com.quorum.tessera.p2p.PrivacyGroupResource will be ignored. 
2021-11-21 15:01:50.131 [main] INFO  o.e.j.server.handler.ContextHandler - Started o.e.j.s.ServletContextHandler@4c5c0306{/,null,AVAILABLE}
2021-11-21 15:01:50.134 [main] INFO  o.e.jetty.server.AbstractConnector - Started ServerConnector@445f6f73{HTTP/1.1, (http/1.1)}{0.0.0.0:9005}
2021-11-21 15:01:50.134 [main] INFO  org.eclipse.jetty.server.Server - Started @15988ms
2021-11-21 15:01:50.134 [main] INFO  c.quorum.tessera.server.JerseyServer - Started http://127.0.0.1:9005
2021-11-21 15:01:50.134 [main] INFO  c.quorum.tessera.server.JerseyServer - WADL http://127.0.0.1:9005/application.wadl
2021-11-21 15:01:50.467 [pool-2-thread-1] INFO  c.q.t.p.p.PartyInfoBroadcaster - Started PartyInfo polling round
2021-11-21 15:01:50.476 [pool-2-thread-1] WARN  c.q.t.p.p.PartyInfoBroadcaster - Failed to connect to node http://127.0.0.1:9002/, due to java.net.ConnectException: Connection refused
2021-11-21 15:01:50.476 [pool-2-thread-1] INFO  c.q.t.p.p.PartyInfoBroadcaster - Finished PartyInfo polling round
2021-11-21 15:01:53.977 [qtp1447360100-53] INFO  c.q.t.api.common.UpCheckResource - Enter Request : GET : /upcheck
2021-11-21 15:01:53.978 [qtp1447360100-53] INFO  c.q.t.api.common.UpCheckResource - GET upcheck
2021-11-21 15:01:54.015 [qtp1447360100-53] INFO  c.q.t.api.common.UpCheckResource - Exit Request : GET : /upcheck
2021-11-21 15:01:54.015 [qtp1447360100-53] INFO  c.q.t.api.common.UpCheckResource - Response for upcheck : 200 OK
2021-11-21 15:01:55.477 [pool-2-thread-1] INFO  c.q.t.p.p.PartyInfoBroadcaster - Started PartyInfo polling round
2021-11-21 15:01:55.480 [pool-2-thread-1] INFO  c.q.t.p.p.PartyInfoBroadcaster - Finished PartyInfo polling round
2021-11-21 15:01:59.238 [qtp2101886654-38] INFO  c.q.t.api.common.UpCheckResource - Enter Request : GET : /upcheck
2021-11-21 15:01:59.239 [qtp2101886654-38] INFO  c.q.t.api.common.UpCheckResource - GET upcheck
2021-11-21 15:01:59.245 [qtp2101886654-38] INFO  c.q.t.api.common.UpCheckResource - Exit Request : GET : /upcheck
2021-11-21 15:01:59.246 [qtp2101886654-38] INFO  c.q.t.api.common.UpCheckResource - Response for upcheck : 200 OK
2021-11-21 15:01:59.256 [qtp2101886654-35] INFO  c.q.t.api.common.VersionResource - Enter Request : GET : /version
2021-11-21 15:01:59.268 [qtp2101886654-35] INFO  c.q.t.api.common.VersionResource - Exit Request : GET : /version
2021-11-21 15:01:59.268 [qtp2101886654-35] INFO  c.q.t.api.common.VersionResource - Response for version : 200 OK
2021-11-21 15:01:59.270 [qtp2101886654-35] INFO  c.q.t.api.common.VersionResource - Enter Request : GET : /version/api
2021-11-21 15:01:59.290 [qtp2101886654-35] INFO  c.q.t.api.common.VersionResource - Exit Request : GET : /version/api
2021-11-21 15:01:59.290 [qtp2101886654-35] INFO  c.q.t.api.common.VersionResource - Response for version/api : 200 OK
2021-11-21 15:02:00.482 [pool-2-thread-1] INFO  c.q.t.p.p.PartyInfoBroadcaster - Started PartyInfo polling round
2021-11-21 15:02:00.484 [pool-2-thread-1] INFO  c.q.t.p.p.PartyInfoBroadcaster - Finished PartyInfo polling round
2021-11-21 15:02:05.488 [pool-2-thread-1] INFO  c.q.t.p.p.PartyInfoBroadcaster - Started PartyInfo polling round
2021-11-21 15:02:05.490 [pool-2-thread-1] INFO  c.q.t.p.p.PartyInfoBroadcaster - Finished PartyInfo polling round
2021-11-21 15:02:10.491 [pool-2-thread-1] INFO  c.q.t.p.p.PartyInfoBroadcaster - Started PartyInfo polling round
2021-11-21 15:02:10.492 [pool-2-thread-1] INFO  c.q.t.p.p.PartyInfoBroadcaster - Finished PartyInfo polling round
2021-11-21 15:02:15.496 [pool-2-thread-1] INFO  c.q.t.p.p.PartyInfoBroadcaster - Started PartyInfo polling round
2021-11-21 15:02:15.498 [pool-2-thread-1] INFO  c.q.t.p.p.PartyInfoBroadcaster - Finished PartyInfo polling round
2021-11-21 15:02:20.498 [pool-2-thread-1] INFO  c.q.t.p.p.PartyInfoBroadcaster - Started PartyInfo polling round
2021-11-21 15:02:20.501 [pool-2-thread-1] INFO  c.q.t.p.p.PartyInfoBroadcaster - Finished PartyInfo polling round
2021-11-21 15:02:25.502 [pool-2-thread-1] INFO  c.q.t.p.p.PartyInfoBroadcaster - Started PartyInfo polling round
2021-11-21 15:02:25.503 [pool-2-thread-1] INFO  c.q.t.p.p.PartyInfoBroadcaster - Finished PartyInfo polling round
2021-11-21 15:02:30.504 [pool-2-thread-1] INFO  c.q.t.p.p.PartyInfoBroadcaster - Started PartyInfo polling round
2021-11-21 15:02:30.506 [pool-2-thread-1] INFO  c.q.t.p.p.PartyInfoBroadcaster - Finished PartyInfo polling round
2021-11-21 15:02:35.507 [pool-2-thread-1] INFO  c.q.t.p.p.PartyInfoBroadcaster - Started PartyInfo polling round
2021-11-21 15:02:35.516 [pool-2-thread-1] INFO  c.q.t.p.p.PartyInfoBroadcaster - Finished PartyInfo polling round
2021-11-21 15:02:40.517 [pool-2-thread-1] INFO  c.q.t.p.p.PartyInfoBroadcaster - Started PartyInfo polling round
2021-11-21 15:02:40.519 [pool-2-thread-1] INFO  c.q.t.p.p.PartyInfoBroadcaster - Finished PartyInfo polling round
2021-11-21 15:02:45.520 [pool-2-thread-1] INFO  c.q.t.p.p.PartyInfoBroadcaster - Started PartyInfo polling round
2021-11-21 15:02:45.522 [pool-2-thread-1] INFO  c.q.t.p.p.PartyInfoBroadcaster - Finished PartyInfo polling round
2021-11-21 15:02:50.522 [pool-2-thread-1] INFO  c.q.t.p.p.PartyInfoBroadcaster - Started PartyInfo polling round
2021-11-21 15:02:50.523 [pool-2-thread-1] INFO  c.q.t.p.p.PartyInfoBroadcaster - Finished PartyInfo polling round
2021-11-21 15:02:55.524 [pool-2-thread-1] INFO  c.q.t.p.p.PartyInfoBroadcaster - Started PartyInfo polling round
2021-11-21 15:02:55.525 [pool-2-thread-1] INFO  c.q.t.p.p.PartyInfoBroadcaster - Finished PartyInfo polling round
2021-11-21 15:03:00.526 [pool-2-thread-1] INFO  c.q.t.p.p.PartyInfoBroadcaster - Started PartyInfo polling round
2021-11-21 15:03:00.527 [pool-2-thread-1] INFO  c.q.t.p.p.PartyInfoBroadcaster - Finished PartyInfo polling round
2021-11-21 15:03:05.527 [pool-2-thread-1] INFO  c.q.t.p.p.PartyInfoBroadcaster - Started PartyInfo polling round
2021-11-21 15:03:05.529 [pool-2-thread-1] INFO  c.q.t.p.p.PartyInfoBroadcaster - Finished PartyInfo polling round
2021-11-21 15:03:10.530 [pool-2-thread-1] INFO  c.q.t.p.p.PartyInfoBroadcaster - Started PartyInfo polling round
2021-11-21 15:03:10.531 [pool-2-thread-1] INFO  c.q.t.p.p.PartyInfoBroadcaster - Finished PartyInfo polling round
2021-11-21 15:03:15.531 [pool-2-thread-1] INFO  c.q.t.p.p.PartyInfoBroadcaster - Started PartyInfo polling round
2021-11-21 15:03:15.536 [pool-2-thread-1] INFO  c.q.t.p.p.PartyInfoBroadcaster - Finished PartyInfo polling round
2021-11-21 15:03:20.537 [pool-2-thread-1] INFO  c.q.t.p.p.PartyInfoBroadcaster - Started PartyInfo polling round
2021-11-21 15:03:20.538 [pool-2-thread-1] INFO  c.q.t.p.p.PartyInfoBroadcaster - Finished PartyInfo polling round
2021-11-21 15:03:25.538 [pool-2-thread-1] INFO  c.q.t.p.p.PartyInfoBroadcaster - Started PartyInfo polling round
2021-11-21 15:03:25.540 [pool-2-thread-1] INFO  c.q.t.p.p.PartyInfoBroadcaster - Finished PartyInfo polling round
2021-11-21 15:03:30.541 [pool-2-thread-1] INFO  c.q.t.p.p.PartyInfoBroadcaster - Started PartyInfo polling round
2021-11-21 15:03:30.542 [pool-2-thread-1] INFO  c.q.t.p.p.PartyInfoBroadcaster - Finished PartyInfo polling round
2021-11-21 15:03:35.542 [pool-2-thread-1] INFO  c.q.t.p.p.PartyInfoBroadcaster - Started PartyInfo polling round
2021-11-21 15:03:35.544 [pool-2-thread-1] INFO  c.q.t.p.p.PartyInfoBroadcaster - Finished PartyInfo polling round
2021-11-21 15:03:40.545 [pool-2-thread-1] INFO  c.q.t.p.p.PartyInfoBroadcaster - Started PartyInfo polling round
2021-11-21 15:03:40.547 [pool-2-thread-1] INFO  c.q.t.p.p.PartyInfoBroadcaster - Finished PartyInfo polling round
2021-11-21 15:03:45.547 [pool-2-thread-1] INFO  c.q.t.p.p.PartyInfoBroadcaster - Started PartyInfo polling round
2021-11-21 15:03:45.549 [pool-2-thread-1] INFO  c.q.t.p.p.PartyInfoBroadcaster - Finished PartyInfo polling round
2021-11-21 15:03:50.550 [pool-2-thread-1] INFO  c.q.t.p.p.PartyInfoBroadcaster - Started PartyInfo polling round
2021-11-21 15:03:50.551 [pool-2-thread-1] INFO  c.q.t.p.p.PartyInfoBroadcaster - Finished PartyInfo polling round
2021-11-21 15:03:55.551 [pool-2-thread-1] INFO  c.q.t.p.p.PartyInfoBroadcaster - Started PartyInfo polling round
2021-11-21 15:03:55.553 [pool-2-thread-1] INFO  c.q.t.p.p.PartyInfoBroadcaster - Finished PartyInfo polling round
2021-11-21 15:04:00.553 [pool-2-thread-1] INFO  c.q.t.p.p.PartyInfoBroadcaster - Started PartyInfo polling round
2021-11-21 15:04:00.555 [pool-2-thread-1] INFO  c.q.t.p.p.PartyInfoBroadcaster - Finished PartyInfo polling round
2021-11-21 15:04:05.555 [pool-2-thread-1] INFO  c.q.t.p.p.PartyInfoBroadcaster - Started PartyInfo polling round
2021-11-21 15:04:05.556 [pool-2-thread-1] INFO  c.q.t.p.p.PartyInfoBroadcaster - Finished PartyInfo polling round
2021-11-21 15:04:10.557 [pool-2-thread-1] INFO  c.q.t.p.p.PartyInfoBroadcaster - Started PartyInfo polling round
2021-11-21 15:04:10.560 [pool-2-thread-1] INFO  c.q.t.p.p.PartyInfoBroadcaster - Finished PartyInfo polling round
2021-11-21 15:04:15.561 [pool-2-thread-1] INFO  c.q.t.p.p.PartyInfoBroadcaster - Started PartyInfo polling round
2021-11-21 15:04:15.563 [pool-2-thread-1] INFO  c.q.t.p.p.PartyInfoBroadcaster - Finished PartyInfo polling round
2021-11-21 15:04:20.563 [pool-2-thread-1] INFO  c.q.t.p.p.PartyInfoBroadcaster - Started PartyInfo polling round
2021-11-21 15:04:20.564 [pool-2-thread-1] INFO  c.q.t.p.p.PartyInfoBroadcaster - Finished PartyInfo polling round
2021-11-21 15:04:25.565 [pool-2-thread-1] INFO  c.q.t.p.p.PartyInfoBroadcaster - Started PartyInfo polling round
2021-11-21 15:04:25.566 [pool-2-thread-1] INFO  c.q.t.p.p.PartyInfoBroadcaster - Finished PartyInfo polling round
2021-11-21 15:04:30.566 [pool-2-thread-1] INFO  c.q.t.p.p.PartyInfoBroadcaster - Started PartyInfo polling round
2021-11-21 15:04:30.567 [pool-2-thread-1] INFO  c.q.t.p.p.PartyInfoBroadcaster - Finished PartyInfo polling round
2021-11-21 15:04:35.568 [pool-2-thread-1] INFO  c.q.t.p.p.PartyInfoBroadcaster - Started PartyInfo polling round
2021-11-21 15:04:35.574 [pool-2-thread-1] INFO  c.q.t.p.p.PartyInfoBroadcaster - Finished PartyInfo polling round
2021-11-21 15:04:40.580 [pool-2-thread-1] INFO  c.q.t.p.p.PartyInfoBroadcaster - Started PartyInfo polling round
2021-11-21 15:04:40.586 [pool-2-thread-1] INFO  c.q.t.p.p.PartyInfoBroadcaster - Finished PartyInfo polling round
2021-11-21 15:04:45.586 [pool-2-thread-1] INFO  c.q.t.p.p.PartyInfoBroadcaster - Started PartyInfo polling round
2021-11-21 15:04:45.588 [pool-2-thread-1] INFO  c.q.t.p.p.PartyInfoBroadcaster - Finished PartyInfo polling round
2021-11-21 15:04:50.590 [pool-2-thread-1] INFO  c.q.t.p.p.PartyInfoBroadcaster - Started PartyInfo polling round
2021-11-21 15:04:50.592 [pool-2-thread-1] INFO  c.q.t.p.p.PartyInfoBroadcaster - Finished PartyInfo polling round
2021-11-21 15:04:55.593 [pool-2-thread-1] INFO  c.q.t.p.p.PartyInfoBroadcaster - Started PartyInfo polling round
2021-11-21 15:04:55.595 [pool-2-thread-1] INFO  c.q.t.p.p.PartyInfoBroadcaster - Finished PartyInfo polling round
2021-11-21 15:05:00.596 [pool-2-thread-1] INFO  c.q.t.p.p.PartyInfoBroadcaster - Started PartyInfo polling round
2021-11-21 15:05:00.597 [pool-2-thread-1] INFO  c.q.t.p.p.PartyInfoBroadcaster - Finished PartyInfo polling round
2021-11-21 15:05:05.598 [pool-2-thread-1] INFO  c.q.t.p.p.PartyInfoBroadcaster - Started PartyInfo polling round
2021-11-21 15:05:05.600 [pool-2-thread-1] INFO  c.q.t.p.p.PartyInfoBroadcaster - Finished PartyInfo polling round
2021-11-21 15:05:10.601 [pool-2-thread-1] INFO  c.q.t.p.p.PartyInfoBroadcaster - Started PartyInfo polling round
2021-11-21 15:05:10.603 [pool-2-thread-1] INFO  c.q.t.p.p.PartyInfoBroadcaster - Finished PartyInfo polling round
2021-11-21 15:05:15.603 [pool-2-thread-1] INFO  c.q.t.p.p.PartyInfoBroadcaster - Started PartyInfo polling round
2021-11-21 15:05:15.609 [pool-2-thread-1] INFO  c.q.t.p.p.PartyInfoBroadcaster - Finished PartyInfo polling round
2021-11-21 15:05:20.611 [pool-2-thread-1] INFO  c.q.t.p.p.PartyInfoBroadcaster - Started PartyInfo polling round
2021-11-21 15:05:20.615 [pool-2-thread-1] INFO  c.q.t.p.p.PartyInfoBroadcaster - Finished PartyInfo polling round
2021-11-21 15:05:25.616 [pool-2-thread-1] INFO  c.q.t.p.p.PartyInfoBroadcaster - Started PartyInfo polling round
2021-11-21 15:05:25.618 [pool-2-thread-1] INFO  c.q.t.p.p.PartyInfoBroadcaster - Finished PartyInfo polling round
2021-11-21 15:05:30.618 [pool-2-thread-1] INFO  c.q.t.p.p.PartyInfoBroadcaster - Started PartyInfo polling round
2021-11-21 15:05:30.620 [pool-2-thread-1] INFO  c.q.t.p.p.PartyInfoBroadcaster - Finished PartyInfo polling round
2021-11-21 15:05:35.621 [pool-2-thread-1] INFO  c.q.t.p.p.PartyInfoBroadcaster - Started PartyInfo polling round
2021-11-21 15:05:35.623 [pool-2-thread-1] INFO  c.q.t.p.p.PartyInfoBroadcaster - Finished PartyInfo polling round
2021-11-21 15:05:40.625 [pool-2-thread-1] INFO  c.q.t.p.p.PartyInfoBroadcaster - Started PartyInfo polling round
2021-11-21 15:05:40.628 [pool-2-thread-1] INFO  c.q.t.p.p.PartyInfoBroadcaster - Finished PartyInfo polling round
2021-11-21 15:05:45.629 [pool-2-thread-1] INFO  c.q.t.p.p.PartyInfoBroadcaster - Started PartyInfo polling round
2021-11-21 15:05:45.636 [pool-2-thread-1] INFO  c.q.t.p.p.PartyInfoBroadcaster - Finished PartyInfo polling round
2021-11-21 15:05:50.640 [pool-2-thread-1] INFO  c.q.t.p.p.PartyInfoBroadcaster - Started PartyInfo polling round
2021-11-21 15:05:50.641 [pool-2-thread-1] INFO  c.q.t.p.p.PartyInfoBroadcaster - Finished PartyInfo polling round
2021-11-21 15:05:55.642 [pool-2-thread-1] INFO  c.q.t.p.p.PartyInfoBroadcaster - Started PartyInfo polling round
2021-11-21 15:05:55.643 [pool-2-thread-1] INFO  c.q.t.p.p.PartyInfoBroadcaster - Finished PartyInfo polling round
2021-11-21 15:06:00.643 [pool-2-thread-1] INFO  c.q.t.p.p.PartyInfoBroadcaster - Started PartyInfo polling round
2021-11-21 15:06:00.644 [pool-2-thread-1] INFO  c.q.t.p.p.PartyInfoBroadcaster - Finished PartyInfo polling round
2021-11-21 15:06:05.645 [pool-2-thread-1] INFO  c.q.t.p.p.PartyInfoBroadcaster - Started PartyInfo polling round
2021-11-21 15:06:05.647 [pool-2-thread-1] INFO  c.q.t.p.p.PartyInfoBroadcaster - Finished PartyInfo polling round
2021-11-21 15:06:10.647 [pool-2-thread-1] INFO  c.q.t.p.p.PartyInfoBroadcaster - Started PartyInfo polling round
2021-11-21 15:06:10.651 [pool-2-thread-1] INFO  c.q.t.p.p.PartyInfoBroadcaster - Finished PartyInfo polling round
2021-11-21 15:06:15.651 [pool-2-thread-1] INFO  c.q.t.p.p.PartyInfoBroadcaster - Started PartyInfo polling round
2021-11-21 15:06:15.654 [pool-2-thread-1] INFO  c.q.t.p.p.PartyInfoBroadcaster - Finished PartyInfo polling round
2021-11-21 15:06:20.656 [pool-2-thread-1] INFO  c.q.t.p.p.PartyInfoBroadcaster - Started PartyInfo polling round
2021-11-21 15:06:20.657 [pool-2-thread-1] INFO  c.q.t.p.p.PartyInfoBroadcaster - Finished PartyInfo polling round
2021-11-21 15:06:25.658 [pool-2-thread-1] INFO  c.q.t.p.p.PartyInfoBroadcaster - Started PartyInfo polling round
2021-11-21 15:06:25.660 [pool-2-thread-1] INFO  c.q.t.p.p.PartyInfoBroadcaster - Finished PartyInfo polling round
2021-11-21 15:06:30.660 [pool-2-thread-1] INFO  c.q.t.p.p.PartyInfoBroadcaster - Started PartyInfo polling round
2021-11-21 15:06:30.662 [pool-2-thread-1] INFO  c.q.t.p.p.PartyInfoBroadcaster - Finished PartyInfo polling round
2021-11-21 15:06:35.663 [pool-2-thread-1] INFO  c.q.t.p.p.PartyInfoBroadcaster - Started PartyInfo polling round
2021-11-21 15:06:35.665 [pool-2-thread-1] INFO  c.q.t.p.p.PartyInfoBroadcaster - Finished PartyInfo polling round
2021-11-21 15:06:40.666 [pool-2-thread-1] INFO  c.q.t.p.p.PartyInfoBroadcaster - Started PartyInfo polling round
2021-11-21 15:06:40.667 [pool-2-thread-1] INFO  c.q.t.p.p.PartyInfoBroadcaster - Finished PartyInfo polling round
2021-11-21 15:06:45.669 [pool-2-thread-1] INFO  c.q.t.p.p.PartyInfoBroadcaster - Started PartyInfo polling round
2021-11-21 15:06:45.671 [pool-2-thread-1] INFO  c.q.t.p.p.PartyInfoBroadcaster - Finished PartyInfo polling round
2021-11-21 15:06:50.672 [pool-2-thread-1] INFO  c.q.t.p.p.PartyInfoBroadcaster - Started PartyInfo polling round
2021-11-21 15:06:50.677 [pool-2-thread-1] INFO  c.q.t.p.p.PartyInfoBroadcaster - Finished PartyInfo polling round
2021-11-21 15:06:55.679 [pool-2-thread-1] INFO  c.q.t.p.p.PartyInfoBroadcaster - Started PartyInfo polling round
2021-11-21 15:06:55.680 [pool-2-thread-1] INFO  c.q.t.p.p.PartyInfoBroadcaster - Finished PartyInfo polling round
2021-11-21 15:07:00.681 [pool-2-thread-1] INFO  c.q.t.p.p.PartyInfoBroadcaster - Started PartyInfo polling round
2021-11-21 15:07:00.683 [pool-2-thread-1] INFO  c.q.t.p.p.PartyInfoBroadcaster - Finished PartyInfo polling round
2021-11-21 15:07:05.685 [pool-2-thread-1] INFO  c.q.t.p.p.PartyInfoBroadcaster - Started PartyInfo polling round
2021-11-21 15:07:05.691 [pool-2-thread-1] INFO  c.q.t.p.p.PartyInfoBroadcaster - Finished PartyInfo polling round
2021-11-21 15:07:10.692 [pool-2-thread-1] INFO  c.q.t.p.p.PartyInfoBroadcaster - Started PartyInfo polling round
2021-11-21 15:07:10.693 [pool-2-thread-1] INFO  c.q.t.p.p.PartyInfoBroadcaster - Finished PartyInfo polling round
2021-11-21 15:07:15.694 [pool-2-thread-1] INFO  c.q.t.p.p.PartyInfoBroadcaster - Started PartyInfo polling round
2021-11-21 15:07:15.696 [pool-2-thread-1] INFO  c.q.t.p.p.PartyInfoBroadcaster - Finished PartyInfo polling round
2021-11-21 15:07:20.697 [pool-2-thread-1] INFO  c.q.t.p.p.PartyInfoBroadcaster - Started PartyInfo polling round
2021-11-21 15:07:20.699 [pool-2-thread-1] INFO  c.q.t.p.p.PartyInfoBroadcaster - Finished PartyInfo polling round
2021-11-21 15:07:25.699 [pool-2-thread-1] INFO  c.q.t.p.p.PartyInfoBroadcaster - Started PartyInfo polling round
2021-11-21 15:07:25.702 [pool-2-thread-1] INFO  c.q.t.p.p.PartyInfoBroadcaster - Finished PartyInfo polling round
2021-11-21 15:07:30.703 [pool-2-thread-1] INFO  c.q.t.p.p.PartyInfoBroadcaster - Started PartyInfo polling round
2021-11-21 15:07:30.704 [pool-2-thread-1] INFO  c.q.t.p.p.PartyInfoBroadcaster - Finished PartyInfo polling round
2021-11-21 15:07:35.704 [pool-2-thread-1] INFO  c.q.t.p.p.PartyInfoBroadcaster - Started PartyInfo polling round
2021-11-21 15:07:35.705 [pool-2-thread-1] INFO  c.q.t.p.p.PartyInfoBroadcaster - Finished PartyInfo polling round
2021-11-21 15:07:40.706 [pool-2-thread-1] INFO  c.q.t.p.p.PartyInfoBroadcaster - Started PartyInfo polling round
2021-11-21 15:07:40.707 [pool-2-thread-1] INFO  c.q.t.p.p.PartyInfoBroadcaster - Finished PartyInfo polling round
2021-11-21 15:07:45.708 [pool-2-thread-1] INFO  c.q.t.p.p.PartyInfoBroadcaster - Started PartyInfo polling round
2021-11-21 15:07:45.710 [pool-2-thread-1] INFO  c.q.t.p.p.PartyInfoBroadcaster - Finished PartyInfo polling round
2021-11-21 15:07:50.711 [pool-2-thread-1] INFO  c.q.t.p.p.PartyInfoBroadcaster - Started PartyInfo polling round
2021-11-21 15:07:50.712 [pool-2-thread-1] INFO  c.q.t.p.p.PartyInfoBroadcaster - Finished PartyInfo polling round
2021-11-21 15:07:55.713 [pool-2-thread-1] INFO  c.q.t.p.p.PartyInfoBroadcaster - Started PartyInfo polling round
2021-11-21 15:07:55.714 [pool-2-thread-1] INFO  c.q.t.p.p.PartyInfoBroadcaster - Finished PartyInfo polling round
2021-11-21 15:08:00.715 [pool-2-thread-1] INFO  c.q.t.p.p.PartyInfoBroadcaster - Started PartyInfo polling round
2021-11-21 15:08:00.716 [pool-2-thread-1] INFO  c.q.t.p.p.PartyInfoBroadcaster - Finished PartyInfo polling round
2021-11-21 15:08:05.716 [pool-2-thread-1] INFO  c.q.t.p.p.PartyInfoBroadcaster - Started PartyInfo polling round
2021-11-21 15:08:05.718 [pool-2-thread-1] INFO  c.q.t.p.p.PartyInfoBroadcaster - Finished PartyInfo polling round
2021-11-21 15:08:10.718 [pool-2-thread-1] INFO  c.q.t.p.p.PartyInfoBroadcaster - Started PartyInfo polling round
2021-11-21 15:08:10.724 [pool-2-thread-1] INFO  c.q.t.p.p.PartyInfoBroadcaster - Finished PartyInfo polling round
2021-11-21 15:08:15.725 [pool-2-thread-1] INFO  c.q.t.p.p.PartyInfoBroadcaster - Started PartyInfo polling round
2021-11-21 15:08:15.727 [pool-2-thread-1] INFO  c.q.t.p.p.PartyInfoBroadcaster - Finished PartyInfo polling round
2021-11-21 15:08:20.728 [pool-2-thread-1] INFO  c.q.t.p.p.PartyInfoBroadcaster - Started PartyInfo polling round
2021-11-21 15:08:20.729 [pool-2-thread-1] INFO  c.q.t.p.p.PartyInfoBroadcaster - Finished PartyInfo polling round
2021-11-21 15:08:25.730 [pool-2-thread-1] INFO  c.q.t.p.p.PartyInfoBroadcaster - Started PartyInfo polling round
2021-11-21 15:08:25.730 [pool-2-thread-1] INFO  c.q.t.p.p.PartyInfoBroadcaster - Finished PartyInfo polling round
2021-11-21 15:08:30.731 [pool-2-thread-1] INFO  c.q.t.p.p.PartyInfoBroadcaster - Started PartyInfo polling round
2021-11-21 15:08:30.732 [pool-2-thread-1] INFO  c.q.t.p.p.PartyInfoBroadcaster - Finished PartyInfo polling round
2021-11-21 15:08:35.733 [pool-2-thread-1] INFO  c.q.t.p.p.PartyInfoBroadcaster - Started PartyInfo polling round
2021-11-21 15:08:35.734 [pool-2-thread-1] INFO  c.q.t.p.p.PartyInfoBroadcaster - Finished PartyInfo polling round
2021-11-21 15:08:40.734 [pool-2-thread-1] INFO  c.q.t.p.p.PartyInfoBroadcaster - Started PartyInfo polling round
2021-11-21 15:08:40.736 [pool-2-thread-1] INFO  c.q.t.p.p.PartyInfoBroadcaster - Finished PartyInfo polling round
2021-11-21 15:08:45.737 [pool-2-thread-1] INFO  c.q.t.p.p.PartyInfoBroadcaster - Started PartyInfo polling round
2021-11-21 15:08:45.749 [pool-2-thread-1] INFO  c.q.t.p.p.PartyInfoBroadcaster - Finished PartyInfo polling round
2021-11-21 15:08:50.755 [pool-2-thread-1] INFO  c.q.t.p.p.PartyInfoBroadcaster - Started PartyInfo polling round
2021-11-21 15:08:50.759 [pool-2-thread-1] INFO  c.q.t.p.p.PartyInfoBroadcaster - Finished PartyInfo polling round
2021-11-21 15:08:55.760 [pool-2-thread-1] INFO  c.q.t.p.p.PartyInfoBroadcaster - Started PartyInfo polling round
2021-11-21 15:08:55.761 [pool-2-thread-1] INFO  c.q.t.p.p.PartyInfoBroadcaster - Finished PartyInfo polling round
2021-11-21 15:09:00.761 [pool-2-thread-1] INFO  c.q.t.p.p.PartyInfoBroadcaster - Started PartyInfo polling round
2021-11-21 15:09:00.762 [pool-2-thread-1] INFO  c.q.t.p.p.PartyInfoBroadcaster - Finished PartyInfo polling round
2021-11-21 15:09:05.763 [pool-2-thread-1] INFO  c.q.t.p.p.PartyInfoBroadcaster - Started PartyInfo polling round
2021-11-21 15:09:05.764 [pool-2-thread-1] INFO  c.q.t.p.p.PartyInfoBroadcaster - Finished PartyInfo polling round
2021-11-21 15:09:10.766 [pool-2-thread-1] INFO  c.q.t.p.p.PartyInfoBroadcaster - Started PartyInfo polling round
2021-11-21 15:09:10.770 [pool-2-thread-1] INFO  c.q.t.p.p.PartyInfoBroadcaster - Finished PartyInfo polling round
2021-11-21 15:09:15.770 [pool-2-thread-1] INFO  c.q.t.p.p.PartyInfoBroadcaster - Started PartyInfo polling round
2021-11-21 15:09:15.771 [pool-2-thread-1] INFO  c.q.t.p.p.PartyInfoBroadcaster - Finished PartyInfo polling round
2021-11-21 15:09:20.771 [pool-2-thread-1] INFO  c.q.t.p.p.PartyInfoBroadcaster - Started PartyInfo polling round
2021-11-21 15:09:20.773 [pool-2-thread-1] INFO  c.q.t.p.p.PartyInfoBroadcaster - Finished PartyInfo polling round
2021-11-21 15:09:25.774 [pool-2-thread-1] INFO  c.q.t.p.p.PartyInfoBroadcaster - Started PartyInfo polling round
2021-11-21 15:09:25.775 [pool-2-thread-1] INFO  c.q.t.p.p.PartyInfoBroadcaster - Finished PartyInfo polling round
2021-11-21 15:09:30.775 [pool-2-thread-1] INFO  c.q.t.p.p.PartyInfoBroadcaster - Started PartyInfo polling round
2021-11-21 15:09:30.777 [pool-2-thread-1] INFO  c.q.t.p.p.PartyInfoBroadcaster - Finished PartyInfo polling round
2021-11-21 15:09:35.779 [pool-2-thread-1] INFO  c.q.t.p.p.PartyInfoBroadcaster - Started PartyInfo polling round
2021-11-21 15:09:35.779 [pool-2-thread-1] INFO  c.q.t.p.p.PartyInfoBroadcaster - Finished PartyInfo polling round
2021-11-21 15:09:40.780 [pool-2-thread-1] INFO  c.q.t.p.p.PartyInfoBroadcaster - Started PartyInfo polling round
2021-11-21 15:09:40.781 [pool-2-thread-1] INFO  c.q.t.p.p.PartyInfoBroadcaster - Finished PartyInfo polling round
2021-11-21 15:09:45.782 [pool-2-thread-1] INFO  c.q.t.p.p.PartyInfoBroadcaster - Started PartyInfo polling round
2021-11-21 15:09:45.784 [pool-2-thread-1] INFO  c.q.t.p.p.PartyInfoBroadcaster - Finished PartyInfo polling round
2021-11-21 15:09:50.784 [pool-2-thread-1] INFO  c.q.t.p.p.PartyInfoBroadcaster - Started PartyInfo polling round
2021-11-21 15:09:50.786 [pool-2-thread-1] INFO  c.q.t.p.p.PartyInfoBroadcaster - Finished PartyInfo polling round
2021-11-21 15:09:55.786 [pool-2-thread-1] INFO  c.q.t.p.p.PartyInfoBroadcaster - Started PartyInfo polling round
2021-11-21 15:09:55.788 [pool-2-thread-1] INFO  c.q.t.p.p.PartyInfoBroadcaster - Finished PartyInfo polling round
2021-11-21 15:10:00.790 [pool-2-thread-1] INFO  c.q.t.p.p.PartyInfoBroadcaster - Started PartyInfo polling round
2021-11-21 15:10:00.792 [pool-2-thread-1] INFO  c.q.t.p.p.PartyInfoBroadcaster - Finished PartyInfo polling round
2021-11-21 15:10:05.792 [pool-2-thread-1] INFO  c.q.t.p.p.PartyInfoBroadcaster - Started PartyInfo polling round
2021-11-21 15:10:05.793 [pool-2-thread-1] INFO  c.q.t.p.p.PartyInfoBroadcaster - Finished PartyInfo polling round
2021-11-21 15:10:10.795 [pool-2-thread-1] INFO  c.q.t.p.p.PartyInfoBroadcaster - Started PartyInfo polling round
2021-11-21 15:10:10.796 [pool-2-thread-1] INFO  c.q.t.p.p.PartyInfoBroadcaster - Finished PartyInfo polling round
2021-11-21 15:10:15.798 [pool-2-thread-1] INFO  c.q.t.p.p.PartyInfoBroadcaster - Started PartyInfo polling round
2021-11-21 15:10:15.799 [pool-2-thread-1] INFO  c.q.t.p.p.PartyInfoBroadcaster - Finished PartyInfo polling round
2021-11-21 15:10:20.800 [pool-2-thread-1] INFO  c.q.t.p.p.PartyInfoBroadcaster - Started PartyInfo polling round
2021-11-21 15:10:20.803 [pool-2-thread-1] INFO  c.q.t.p.p.PartyInfoBroadcaster - Finished PartyInfo polling round
2021-11-21 15:10:25.804 [pool-2-thread-1] INFO  c.q.t.p.p.PartyInfoBroadcaster - Started PartyInfo polling round
2021-11-21 15:10:25.806 [pool-2-thread-1] INFO  c.q.t.p.p.PartyInfoBroadcaster - Finished PartyInfo polling round
2021-11-21 15:10:30.806 [pool-2-thread-1] INFO  c.q.t.p.p.PartyInfoBroadcaster - Started PartyInfo polling round
2021-11-21 15:10:30.811 [pool-2-thread-1] INFO  c.q.t.p.p.PartyInfoBroadcaster - Finished PartyInfo polling round
2021-11-21 15:10:35.812 [pool-2-thread-1] INFO  c.q.t.p.p.PartyInfoBroadcaster - Started PartyInfo polling round
2021-11-21 15:10:35.813 [pool-2-thread-1] INFO  c.q.t.p.p.PartyInfoBroadcaster - Finished PartyInfo polling round
2021-11-21 15:10:40.814 [pool-2-thread-1] INFO  c.q.t.p.p.PartyInfoBroadcaster - Started PartyInfo polling round
2021-11-21 15:10:40.815 [pool-2-thread-1] INFO  c.q.t.p.p.PartyInfoBroadcaster - Finished PartyInfo polling round
2021-11-21 15:10:45.816 [pool-2-thread-1] INFO  c.q.t.p.p.PartyInfoBroadcaster - Started PartyInfo polling round
2021-11-21 15:10:45.818 [pool-2-thread-1] INFO  c.q.t.p.p.PartyInfoBroadcaster - Finished PartyInfo polling round
2021-11-21 15:10:50.818 [pool-2-thread-1] INFO  c.q.t.p.p.PartyInfoBroadcaster - Started PartyInfo polling round
2021-11-21 15:10:50.819 [pool-2-thread-1] INFO  c.q.t.p.p.PartyInfoBroadcaster - Finished PartyInfo polling round
2021-11-21 15:10:55.819 [pool-2-thread-1] INFO  c.q.t.p.p.PartyInfoBroadcaster - Started PartyInfo polling round
2021-11-21 15:10:55.820 [pool-2-thread-1] INFO  c.q.t.p.p.PartyInfoBroadcaster - Finished PartyInfo polling round
2021-11-21 15:11:00.821 [pool-2-thread-1] INFO  c.q.t.p.p.PartyInfoBroadcaster - Started PartyInfo polling round
2021-11-21 15:11:00.822 [pool-2-thread-1] INFO  c.q.t.p.p.PartyInfoBroadcaster - Finished PartyInfo polling round
2021-11-21 15:11:05.823 [pool-2-thread-1] INFO  c.q.t.p.p.PartyInfoBroadcaster - Started PartyInfo polling round
2021-11-21 15:11:05.825 [pool-2-thread-1] INFO  c.q.t.p.p.PartyInfoBroadcaster - Finished PartyInfo polling round
2021-11-21 15:11:10.825 [pool-2-thread-1] INFO  c.q.t.p.p.PartyInfoBroadcaster - Started PartyInfo polling round
2021-11-21 15:11:10.829 [pool-2-thread-1] INFO  c.q.t.p.p.PartyInfoBroadcaster - Finished PartyInfo polling round
2021-11-21 15:11:15.829 [pool-2-thread-1] INFO  c.q.t.p.p.PartyInfoBroadcaster - Started PartyInfo polling round
2021-11-21 15:11:15.830 [pool-2-thread-1] INFO  c.q.t.p.p.PartyInfoBroadcaster - Finished PartyInfo polling round
2021-11-21 15:11:20.831 [pool-2-thread-1] INFO  c.q.t.p.p.PartyInfoBroadcaster - Started PartyInfo polling round
2021-11-21 15:11:20.831 [pool-2-thread-1] INFO  c.q.t.p.p.PartyInfoBroadcaster - Finished PartyInfo polling round
2021-11-21 15:11:25.832 [pool-2-thread-1] INFO  c.q.t.p.p.PartyInfoBroadcaster - Started PartyInfo polling round
2021-11-21 15:11:25.833 [pool-2-thread-1] INFO  c.q.t.p.p.PartyInfoBroadcaster - Finished PartyInfo polling round
2021-11-21 15:11:30.834 [pool-2-thread-1] INFO  c.q.t.p.p.PartyInfoBroadcaster - Started PartyInfo polling round
2021-11-21 15:11:30.835 [pool-2-thread-1] INFO  c.q.t.p.p.PartyInfoBroadcaster - Finished PartyInfo polling round
2021-11-21 15:11:35.835 [pool-2-thread-1] INFO  c.q.t.p.p.PartyInfoBroadcaster - Started PartyInfo polling round
2021-11-21 15:11:35.836 [pool-2-thread-1] INFO  c.q.t.p.p.PartyInfoBroadcaster - Finished PartyInfo polling round
2021-11-21 15:11:40.839 [pool-2-thread-1] INFO  c.q.t.p.p.PartyInfoBroadcaster - Started PartyInfo polling round
2021-11-21 15:11:40.839 [pool-2-thread-1] INFO  c.q.t.p.p.PartyInfoBroadcaster - Finished PartyInfo polling round
2021-11-21 15:11:45.840 [pool-2-thread-1] INFO  c.q.t.p.p.PartyInfoBroadcaster - Started PartyInfo polling round
2021-11-21 15:11:45.842 [pool-2-thread-1] INFO  c.q.t.p.p.PartyInfoBroadcaster - Finished PartyInfo polling round
2021-11-21 15:11:46.344 [Thread-1] INFO  c.quorum.tessera.server.JerseyServer - Stopping Jersey server at http://127.0.0.1:9085
2021-11-21 15:11:46.368 [Thread-1] INFO  o.e.jetty.server.AbstractConnector - Stopped ServerConnector@7aa15a80{HTTP/1.1, (http/1.1)}{0.0.0.0:9085}
2021-11-21 15:11:46.416 [Thread-1] INFO  o.e.j.server.handler.ContextHandler - Stopped o.e.j.s.ServletContextHandler@33837bd4{/,null,STOPPED}
2021-11-21 15:11:46.425 [Thread-1] INFO  c.quorum.tessera.server.JerseyServer - Stopped Jersey server at http://127.0.0.1:9085
2021-11-21 15:11:46.425 [Thread-1] INFO  c.quorum.tessera.server.JerseyServer - Stopping Jersey server at unix:/home/swcyb/Ticket4U/network/Ticket4U-net/qdata/c5/tm.ipc
2021-11-21 15:11:46.427 [Thread-1] INFO  o.e.jetty.server.AbstractConnector - Stopped UnixSocketConnector@2e057637{HTTP/1.1, (http/1.1)}{/home/swcyb/Ticket4U/network/Ticket4U-net/qdata/c5/tm.ipc}
2021-11-21 15:11:46.450 [Thread-1] INFO  o.e.j.server.handler.ContextHandler - Stopped o.e.j.s.ServletContextHandler@7c39193f{/,null,STOPPED}
2021-11-21 15:11:46.456 [Thread-1] INFO  c.quorum.tessera.server.JerseyServer - Stopped Jersey server at unix:/home/swcyb/Ticket4U/network/Ticket4U-net/qdata/c5/tm.ipc
2021-11-21 15:11:46.456 [Thread-1] INFO  c.quorum.tessera.server.JerseyServer - Stopping Jersey server at http://127.0.0.1:9005
2021-11-21 15:11:46.462 [Thread-1] INFO  o.e.jetty.server.AbstractConnector - Stopped ServerConnector@445f6f73{HTTP/1.1, (http/1.1)}{0.0.0.0:9005}
2021-11-21 15:11:46.466 [Thread-1] INFO  o.e.j.server.handler.ContextHandler - Stopped o.e.j.s.ServletContextHandler@4c5c0306{/,null,STOPPED}
2021-11-21 15:11:46.468 [Thread-1] INFO  c.quorum.tessera.server.JerseyServer - Stopped Jersey server at http://127.0.0.1:9005
