{"level":"blockchain","message":"\t\tBLOCKCHAIN_EVENT: account_created \t\t| ACCOUNT: 0xa9B20BDC81C0F7C62709fCD5bA33414be7A7cd34 created on local node","timestamp":"21-11-2021 15:05:27"}
{"level":"blockchain","message":"\t\tBLOCKCHAIN_EVENT: account_created \t\t| ACCOUNT: 0x7715532606b097538C71eeaab981b1558d61B9c1 created on local node","timestamp":"21-11-2021 15:05:52"}
{"level":"blockchain","message":"\t\tBLOCKCHAIN_EVENT: account_created \t\t| ACCOUNT: 0x3831b32fcAEC1ea418f29C2Cd9905F9D27913fF6 created on local node","timestamp":"21-11-2021 15:06:23"}
{"level":"event_contract","message":"\tBLOCKCHAIN_EVENT: evento_creato \t\t| ADDRESS: 0x7715532606b097538C71eeaab981b1558d61B9c1 created EVENTID: 0 with EVENTNAME: Concerto In Piazza","timestamp":"21-11-2021 15:07:16"}
{"level":"event_contract","message":"\tBLOCKCHAIN_EVENT: evento_creato \t\t| ADDRESS: 0x7715532606b097538C71eeaab981b1558d61B9c1 created EVENTID: 1 with EVENTNAME: Spettacolo a Teatro","timestamp":"21-11-2021 15:07:56"}
{"level":"ticket_contract","message":"\tBLOCKCHAIN_EVENT: biglietto_acquistato \t| TICKETID: 0 purchased for EVENTID: 0","timestamp":"21-11-2021 15:08:11"}
{"level":"ticket_contract","message":"\tBLOCKCHAIN_EVENT: biglietto_acquistato \t| TICKETID: 1 purchased for EVENTID: 0","timestamp":"21-11-2021 15:08:11"}
{"level":"ticket_contract","message":"\tBLOCKCHAIN_EVENT: biglietto_acquistato \t| TICKETID: 2 purchased for EVENTID: 0","timestamp":"21-11-2021 15:08:11"}
{"level":"event_contract","message":"\tBLOCKCHAIN_EVENT: biglietto_acquistato \t| ADDRESS: 0xa9B20BDC81C0F7C62709fCD5bA33414be7A7cd34 purchased TICKETID: 0 for EVENTID: 0","timestamp":"21-11-2021 15:08:11"}
{"level":"event_contract","message":"\tBLOCKCHAIN_EVENT: biglietto_acquistato \t| ADDRESS: 0xa9B20BDC81C0F7C62709fCD5bA33414be7A7cd34 purchased TICKETID: 1 for EVENTID: 0","timestamp":"21-11-2021 15:08:11"}
{"level":"event_contract","message":"\tBLOCKCHAIN_EVENT: biglietto_acquistato \t| ADDRESS: 0xa9B20BDC81C0F7C62709fCD5bA33414be7A7cd34 purchased TICKETID: 2 for EVENTID: 0","timestamp":"21-11-2021 15:08:11"}
{"level":"ticket_contract","message":"\tBLOCKCHAIN_EVENT: biglietto_acquistato \t| TICKETID: 3 purchased for EVENTID: 1","timestamp":"21-11-2021 15:08:21"}
{"level":"ticket_contract","message":"\tBLOCKCHAIN_EVENT: biglietto_acquistato \t| TICKETID: 4 purchased for EVENTID: 1","timestamp":"21-11-2021 15:08:21"}
{"level":"event_contract","message":"\tBLOCKCHAIN_EVENT: biglietto_acquistato \t| ADDRESS: 0xa9B20BDC81C0F7C62709fCD5bA33414be7A7cd34 purchased TICKETID: 3 for EVENTID: 1","timestamp":"21-11-2021 15:08:21"}
{"level":"event_contract","message":"\tBLOCKCHAIN_EVENT: biglietto_acquistato \t| ADDRESS: 0xa9B20BDC81C0F7C62709fCD5bA33414be7A7cd34 purchased TICKETID: 4 for EVENTID: 1","timestamp":"21-11-2021 15:08:21"}
{"level":"event_contract","message":"\tBLOCKCHAIN_EVENT: biglietto_acquistato \t| ADDRESS: 0xa9B20BDC81C0F7C62709fCD5bA33414be7A7cd34 purchased TICKETID: 5 for EVENTID: 1","timestamp":"21-11-2021 15:08:21"}
{"level":"ticket_contract","message":"\tBLOCKCHAIN_EVENT: biglietto_acquistato \t| TICKETID: 5 purchased for EVENTID: 1","timestamp":"21-11-2021 15:08:21"}
{"level":"ticket_contract","message":"\tBLOCKCHAIN_EVENT: biglietto_sigillato \t| TICKETID: 0 sealed with SEAL: 0","timestamp":"21-11-2021 15:08:46"}
{"level":"event_contract","message":"\tBLOCKCHAIN_EVENT: biglietto_sigillato \t| ADDRESS: 0x3831b32fcAEC1ea418f29C2Cd9905F9D27913fF6 sealed TICKETID: 0 for EVENTID: 0","timestamp":"21-11-2021 15:08:46"}
{"level":"ticket_contract","message":"\tBLOCKCHAIN_EVENT: biglietto_sigillato \t| TICKETID: 1 sealed with SEAL: 111111111","timestamp":"21-11-2021 15:08:56"}
{"level":"event_contract","message":"\tBLOCKCHAIN_EVENT: biglietto_sigillato \t| ADDRESS: 0x3831b32fcAEC1ea418f29C2Cd9905F9D27913fF6 sealed TICKETID: 1 for EVENTID: 0","timestamp":"21-11-2021 15:08:56"}
{"level":"ticket_contract","message":"\tBLOCKCHAIN_EVENT: biglietto_sigillato \t| TICKETID: 3 sealed with SEAL: 22222222","timestamp":"21-11-2021 15:09:11"}
{"level":"event_contract","message":"\tBLOCKCHAIN_EVENT: biglietto_sigillato \t| ADDRESS: 0x3831b32fcAEC1ea418f29C2Cd9905F9D27913fF6 sealed TICKETID: 3 for EVENTID: 1","timestamp":"21-11-2021 15:09:11"}
{"level":"event_contract","message":"\tBLOCKCHAIN_EVENT: biglietto_sigillato \t| ADDRESS: 0x3831b32fcAEC1ea418f29C2Cd9905F9D27913fF6 sealed TICKETID: 4 for EVENTID: 1","timestamp":"21-11-2021 15:09:21"}
{"level":"ticket_contract","message":"\tBLOCKCHAIN_EVENT: biglietto_sigillato \t| TICKETID: 4 sealed with SEAL: 33333333","timestamp":"21-11-2021 15:09:21"}
{"level":"error","message":"\tError: \tTransaction has been reverted by the EVM:\n{\n  \"blockHash\": \"0xc8fca1bca3831958e034a56910b13beef6026b2246fa2c7702c7c6d9adb66c0d\",\n  \"blockNumber\": 87,\n  \"contractAddress\": null,\n  \"cumulativeGasUsed\": 38852,\n  \"from\": \"0x7715532606b097538c71eeaab981b1558d61b9c1\",\n  \"gasUsed\": 38852,\n  \"logsBloom\": \"0x00000000000000000000000000000000000000000000000000000000000000000000000000000000000000000000000000000000000000000000000000000000000000000000000000000000000000000000000000000000000000000000000000000000000000000000000000000000000000000000000000000000000000000000000000000000000000000000000000000000000000000000000000000000000000000000000000000000000000000000000000000000000000000000000000000000000000000000000000000000000000000000000000000000000000000000000000000000000000000000000000000000000000000000000000000000\",\n  \"status\": false,\n  \"to\": \"0x43bc08fb760ff949f339c7717102b06cd4db5361\",\n  \"transactionHash\": \"0xff76461365ea0fafcd2b65d178d7077dd5fdd29797d6099eab53b3da2b1d5ff3\",\n  \"transactionIndex\": 0,\n  \"events\": {}\n} With reason: Il biglietto deve essere prima sigillato da una biglietteria!","timestamp":"21-11-2021 15:09:41"}
{"level":"error","message":"\tError: \tTransaction has been reverted by the EVM:\n{\n  \"blockHash\": \"0xdda2e508982ca0d228bf14d8c45e6e8fcedcdeeb2bba9643cdd6782ac4d01f1c\",\n  \"blockNumber\": 89,\n  \"contractAddress\": null,\n  \"cumulativeGasUsed\": 38852,\n  \"from\": \"0x7715532606b097538c71eeaab981b1558d61b9c1\",\n  \"gasUsed\": 38852,\n  \"logsBloom\": \"0x00000000000000000000000000000000000000000000000000000000000000000000000000000000000000000000000000000000000000000000000000000000000000000000000000000000000000000000000000000000000000000000000000000000000000000000000000000000000000000000000000000000000000000000000000000000000000000000000000000000000000000000000000000000000000000000000000000000000000000000000000000000000000000000000000000000000000000000000000000000000000000000000000000000000000000000000000000000000000000000000000000000000000000000000000000000\",\n  \"status\": false,\n  \"to\": \"0x43bc08fb760ff949f339c7717102b06cd4db5361\",\n  \"transactionHash\": \"0x90980ca40212b71d16e493334f875e57bc54698ce56a8f613ec9abb8c2dc79a0\",\n  \"transactionIndex\": 0,\n  \"events\": {}\n} With reason: Il biglietto deve essere prima sigillato da una biglietteria!","timestamp":"21-11-2021 15:09:51"}
{"level":"ticket_contract","message":"\tBLOCKCHAIN_EVENT: biglietto_sigillato \t| TICKETID: 0 sealed with SEAL: 1","timestamp":"21-11-2021 15:11:06"}
{"level":"event_contract","message":"\tBLOCKCHAIN_EVENT: biglietto_sigillato \t| ADDRESS: 0x3831b32fcAEC1ea418f29C2Cd9905F9D27913fF6 sealed TICKETID: 0 for EVENTID: 0","timestamp":"21-11-2021 15:11:06"}
{"level":"event_contract","message":"\tBLOCKCHAIN_EVENT: biglietto_validato \t| ADDRESS: 0x7715532606b097538C71eeaab981b1558d61B9c1 validated TICKETID: 0 for EVENTID: 0","timestamp":"21-11-2021 15:11:26"}
{"level":"ticket_contract","message":"\tBLOCKCHAIN_EVENT: biglietto_validato \t| TICKETID: 0 validated for EVENTID: 0","timestamp":"21-11-2021 15:11:26"}
{"level":"event_contract","message":"\tBLOCKCHAIN_EVENT: biglietto_validato \t| ADDRESS: 0x7715532606b097538C71eeaab981b1558d61B9c1 validated TICKETID: 3 for EVENTID: 1","timestamp":"21-11-2021 15:11:36"}
{"level":"ticket_contract","message":"\tBLOCKCHAIN_EVENT: biglietto_validato \t| TICKETID: 3 validated for EVENTID: 1","timestamp":"21-11-2021 15:11:36"}
