[21-11-2021 15:03:58] [system]: 	Server Started
[21-11-2021 15:09:41] [error]: 	Transaction has been reverted by the EVM:
{
  "blockHash": "0xc8fca1bca3831958e034a56910b13beef6026b2246fa2c7702c7c6d9adb66c0d",
  "blockNumber": 87,
  "contractAddress": null,
  "cumulativeGasUsed": 38852,
  "from": "0x7715532606b097538c71eeaab981b1558d61b9c1",
  "gasUsed": 38852,
  "logsBloom": "0x00000000000000000000000000000000000000000000000000000000000000000000000000000000000000000000000000000000000000000000000000000000000000000000000000000000000000000000000000000000000000000000000000000000000000000000000000000000000000000000000000000000000000000000000000000000000000000000000000000000000000000000000000000000000000000000000000000000000000000000000000000000000000000000000000000000000000000000000000000000000000000000000000000000000000000000000000000000000000000000000000000000000000000000000000000000",
  "status": false,
  "to": "0x43bc08fb760ff949f339c7717102b06cd4db5361",
  "transactionHash": "0xff76461365ea0fafcd2b65d178d7077dd5fdd29797d6099eab53b3da2b1d5ff3",
  "transactionIndex": 0,
  "events": {}
}
[21-11-2021 15:09:51] [error]: 	Transaction has been reverted by the EVM:
{
  "blockHash": "0xdda2e508982ca0d228bf14d8c45e6e8fcedcdeeb2bba9643cdd6782ac4d01f1c",
  "blockNumber": 89,
  "contractAddress": null,
  "cumulativeGasUsed": 38852,
  "from": "0x7715532606b097538c71eeaab981b1558d61b9c1",
  "gasUsed": 38852,
  "logsBloom": "0x00000000000000000000000000000000000000000000000000000000000000000000000000000000000000000000000000000000000000000000000000000000000000000000000000000000000000000000000000000000000000000000000000000000000000000000000000000000000000000000000000000000000000000000000000000000000000000000000000000000000000000000000000000000000000000000000000000000000000000000000000000000000000000000000000000000000000000000000000000000000000000000000000000000000000000000000000000000000000000000000000000000000000000000000000000000",
  "status": false,
  "to": "0x43bc08fb760ff949f339c7717102b06cd4db5361",
  "transactionHash": "0x90980ca40212b71d16e493334f875e57bc54698ce56a8f613ec9abb8c2dc79a0",
  "transactionIndex": 0,
  "events": {}
}
