[21-11-2021 15:05:27] [blockchain]: 		BLOCKCHAIN_EVENT: account_created 		| ACCOUNT: 0xa9B20BDC81C0F7C62709fCD5bA33414be7A7cd34 created on local node
[21-11-2021 15:05:52] [blockchain]: 		BLOCKCHAIN_EVENT: account_created 		| ACCOUNT: 0x7715532606b097538C71eeaab981b1558d61B9c1 created on local node
[21-11-2021 15:06:23] [blockchain]: 		BLOCKCHAIN_EVENT: account_created 		| ACCOUNT: 0x3831b32fcAEC1ea418f29C2Cd9905F9D27913fF6 created on local node
[21-11-2021 15:07:16] [event_contract]: 	BLOCKCHAIN_EVENT: evento_creato 		| ADDRESS: 0x7715532606b097538C71eeaab981b1558d61B9c1 created EVENTID: 0 with EVENTNAME: Concerto In Piazza
[21-11-2021 15:07:56] [event_contract]: 	BLOCKCHAIN_EVENT: evento_creato 		| ADDRESS: 0x7715532606b097538C71eeaab981b1558d61B9c1 created EVENTID: 1 with EVENTNAME: Spettacolo a Teatro
[21-11-2021 15:08:11] [event_contract]: 	BLOCKCHAIN_EVENT: biglietto_acquistato 	| ADDRESS: 0xa9B20BDC81C0F7C62709fCD5bA33414be7A7cd34 purchased TICKETID: 0 for EVENTID: 0
[21-11-2021 15:08:11] [event_contract]: 	BLOCKCHAIN_EVENT: biglietto_acquistato 	| ADDRESS: 0xa9B20BDC81C0F7C62709fCD5bA33414be7A7cd34 purchased TICKETID: 1 for EVENTID: 0
[21-11-2021 15:08:11] [event_contract]: 	BLOCKCHAIN_EVENT: biglietto_acquistato 	| ADDRESS: 0xa9B20BDC81C0F7C62709fCD5bA33414be7A7cd34 purchased TICKETID: 2 for EVENTID: 0
[21-11-2021 15:08:21] [event_contract]: 	BLOCKCHAIN_EVENT: biglietto_acquistato 	| ADDRESS: 0xa9B20BDC81C0F7C62709fCD5bA33414be7A7cd34 purchased TICKETID: 3 for EVENTID: 1
[21-11-2021 15:08:21] [event_contract]: 	BLOCKCHAIN_EVENT: biglietto_acquistato 	| ADDRESS: 0xa9B20BDC81C0F7C62709fCD5bA33414be7A7cd34 purchased TICKETID: 4 for EVENTID: 1
[21-11-2021 15:08:21] [event_contract]: 	BLOCKCHAIN_EVENT: biglietto_acquistato 	| ADDRESS: 0xa9B20BDC81C0F7C62709fCD5bA33414be7A7cd34 purchased TICKETID: 5 for EVENTID: 1
[21-11-2021 15:08:46] [event_contract]: 	BLOCKCHAIN_EVENT: biglietto_sigillato 	| ADDRESS: 0x3831b32fcAEC1ea418f29C2Cd9905F9D27913fF6 sealed TICKETID: 0 for EVENTID: 0
[21-11-2021 15:08:56] [event_contract]: 	BLOCKCHAIN_EVENT: biglietto_sigillato 	| ADDRESS: 0x3831b32fcAEC1ea418f29C2Cd9905F9D27913fF6 sealed TICKETID: 1 for EVENTID: 0
[21-11-2021 15:09:11] [event_contract]: 	BLOCKCHAIN_EVENT: biglietto_sigillato 	| ADDRESS: 0x3831b32fcAEC1ea418f29C2Cd9905F9D27913fF6 sealed TICKETID: 3 for EVENTID: 1
[21-11-2021 15:09:21] [event_contract]: 	BLOCKCHAIN_EVENT: biglietto_sigillato 	| ADDRESS: 0x3831b32fcAEC1ea418f29C2Cd9905F9D27913fF6 sealed TICKETID: 4 for EVENTID: 1
[21-11-2021 15:09:41] [error]: 	Error: 	Transaction has been reverted by the EVM:
{
  "blockHash": "0xc8fca1bca3831958e034a56910b13beef6026b2246fa2c7702c7c6d9adb66c0d",
  "blockNumber": 87,
  "contractAddress": null,
  "cumulativeGasUsed": 38852,
  "from": "0x7715532606b097538c71eeaab981b1558d61b9c1",
  "gasUsed": 38852,
  "logsBloom": "0x00000000000000000000000000000000000000000000000000000000000000000000000000000000000000000000000000000000000000000000000000000000000000000000000000000000000000000000000000000000000000000000000000000000000000000000000000000000000000000000000000000000000000000000000000000000000000000000000000000000000000000000000000000000000000000000000000000000000000000000000000000000000000000000000000000000000000000000000000000000000000000000000000000000000000000000000000000000000000000000000000000000000000000000000000000000",
  "status": false,
  "to": "0x43bc08fb760ff949f339c7717102b06cd4db5361",
  "transactionHash": "0xff76461365ea0fafcd2b65d178d7077dd5fdd29797d6099eab53b3da2b1d5ff3",
  "transactionIndex": 0,
  "events": {}
} With reason: Il biglietto deve essere prima sigillato da una biglietteria!
[21-11-2021 15:09:51] [error]: 	Error: 	Transaction has been reverted by the EVM:
{
  "blockHash": "0xdda2e508982ca0d228bf14d8c45e6e8fcedcdeeb2bba9643cdd6782ac4d01f1c",
  "blockNumber": 89,
  "contractAddress": null,
  "cumulativeGasUsed": 38852,
  "from": "0x7715532606b097538c71eeaab981b1558d61b9c1",
  "gasUsed": 38852,
  "logsBloom": "0x00000000000000000000000000000000000000000000000000000000000000000000000000000000000000000000000000000000000000000000000000000000000000000000000000000000000000000000000000000000000000000000000000000000000000000000000000000000000000000000000000000000000000000000000000000000000000000000000000000000000000000000000000000000000000000000000000000000000000000000000000000000000000000000000000000000000000000000000000000000000000000000000000000000000000000000000000000000000000000000000000000000000000000000000000000000",
  "status": false,
  "to": "0x43bc08fb760ff949f339c7717102b06cd4db5361",
  "transactionHash": "0x90980ca40212b71d16e493334f875e57bc54698ce56a8f613ec9abb8c2dc79a0",
  "transactionIndex": 0,
  "events": {}
} With reason: Il biglietto deve essere prima sigillato da una biglietteria!
[21-11-2021 15:11:06] [event_contract]: 	BLOCKCHAIN_EVENT: biglietto_sigillato 	| ADDRESS: 0x3831b32fcAEC1ea418f29C2Cd9905F9D27913fF6 sealed TICKETID: 0 for EVENTID: 0
[21-11-2021 15:11:26] [event_contract]: 	BLOCKCHAIN_EVENT: biglietto_validato 	| ADDRESS: 0x7715532606b097538C71eeaab981b1558d61B9c1 validated TICKETID: 0 for EVENTID: 0
[21-11-2021 15:11:36] [event_contract]: 	BLOCKCHAIN_EVENT: biglietto_validato 	| ADDRESS: 0x7715532606b097538C71eeaab981b1558d61B9c1 validated TICKETID: 3 for EVENTID: 1
